<?xml version="1.0" encoding="UTF-8"?>
<testsuites name="ECR" time="313" tests="0" failures="0" errors="1">
   <testsuite name="ECR" tests="0" failures="0" errors="1" time="313" timestamp="2018-06-26 15:57:18" hostname="nipin - L22622WUS.rpega.com" id="Test Suites/ECR">
      <properties>
         <property name="deviceName" value=""/>
         <property name="devicePlatform" value=""/>
         <property name="logFolder" value="C:\\DAUIAutomation\\Reports\\ECR\\20180626_155714"/>
         <property name="logFiles" value="C:\\DAUIAutomation\\Reports\\ECR\\20180626_155714\\execution0.log"/>
         <property name="attachments" value="C:\\DAUIAutomation\\Reports\\ECR\\20180626_155714\\1530043123132.png, C:\\DAUIAutomation\\Reports\\ECR\\20180626_155714\\1530043253500.png"/>
         <property name="hostName" value="nipin - L22622WUS.rpega.com"/>
         <property name="os" value="Windows 7 64bit"/>
         <property name="katalonVersion" value="5.4.1.1"/>
         <property name="browser" value="Chrome 67.0.3396.87"/>
         <property name="hostAddress" value="10.2.176.65"/>
         <property name="sessionId" value="f3e3760b6d7d77942f3a3fa19292c12d"/>
         <property name="seleniumVersion" value="3.7.1"/>
         <property name="proxyInformation" value="ProxyInformation{proxyOption=NO_PROXY, proxyServerType=HTTP, password=, proxyServerAddress=, proxyServerPort=0}"/>
         <property name="platform" value="Windows 7"/>
      </properties>
      <testcase name="Test Cases/ECR/TestCases/ECR__Approve_DataDriven" classname="Test Cases/ECR/TestCases/ECR__Approve_DataDriven" status="ERROR">
         <error type="ERROR" message="Test Cases/ECR/TestCases/ECR__Approve_DataDriven FAILED because (of) org.openqa.selenium.NoSuchSessionException: Session ID is null. Using WebDriver after calling quit()?
Build info: version: '3.7.1', revision: '8a0099a', time: '2017-11-06T21:07:36.161Z'
System info: host: 'L22622WUS', ip: '10.2.176.65', os.name: 'Windows 7', os.arch: 'amd64', os.version: '6.1', java.version: '1.8.0_102'
Driver info: driver.version: CChromeDriver"/>
         <system-out><![CDATA[2018-06-26 15:57:18 - [TEST_CASE][ERROR] - Test Cases/ECR/TestCases/ECR__Approve_DataDriven: Test Cases/ECR/TestCases/ECR__Approve_DataDriven FAILED because (of) org.openqa.selenium.NoSuchSessionException: Session ID is null. Using WebDriver after calling quit()?
Build info: version: '3.7.1', revision: '8a0099a', time: '2017-11-06T21:07:36.161Z'
System info: host: 'L22622WUS', ip: '10.2.176.65', os.name: 'Windows 7', os.arch: 'amd64', os.version: '6.1', java.version: '1.8.0_102'
Driver info: driver.version: CChromeDriver

2018-06-26 15:57:20 - [TEST_STEP][PASSED] - com.helper.commonfunct.commonutilities.login: com.helper.commonfunct.commonutilities.login is PASSED

2018-06-26 15:57:32 - [MESSAGE][PASSED] - Browser is opened with url: ''

2018-06-26 15:57:36 - [MESSAGE][PASSED] - Navigate to 'https://vdaqa.rpega.com:9030/daqa/PRServlet' successfully

2018-06-26 15:57:48 - [MESSAGE][PASSED] - Text 'hendj@pegasystems.com' is set on object 'Object Repository/Generic/input_UserIdentifier'

2018-06-26 15:58:00 - [MESSAGE][PASSED] - Text 'install' is set on object 'Object Repository/Generic/input_Password'

2018-06-26 15:58:08 - [MESSAGE][PASSED] - Keys 'ENTER + ' sent to object: 'Object Repository/Generic/input_Password'

2018-06-26 15:58:08 - [MESSAGE][PASSED] - com.helper.commonfunct.commonutilities.login is PASSED

2018-06-26 15:58:08 - [TEST_STEP][PASSED] - Statement - WOID = WOID: null

2018-06-26 15:58:08 - [TEST_STEP][PASSED] - com.helper.commonfunct.commonutilities.search: com.helper.commonfunct.commonutilities.search is PASSED

2018-06-26 15:58:12 - [MESSAGE][PASSED] - Current window maximized

2018-06-26 15:58:18 - [MESSAGE][PASSED] - Delayed 5 second(s)

2018-06-26 15:58:30 - [MESSAGE][PASSED] - Text 'ECR-01May2018-1' is set on object 'Object Repository/EngInfo/search'

2018-06-26 15:58:33 - [MESSAGE][PASSED] - Delayed 3 second(s)

2018-06-26 15:58:39 - [MESSAGE][PASSED] - Keys 'ENTER + ' sent to object: 'Object Repository/EngInfo/search'

2018-06-26 15:58:46 - [MESSAGE][WARNING] - No alert found after 3 second(s).
[[ATTACHMENT|C:\\DAUIAutomation\\Reports\\ECR\\20180626_155714\\1530043123132.png]]

2018-06-26 15:58:49 - [MESSAGE][PASSED] - Wait for page load successfully

2018-06-26 15:58:49 - [MESSAGE][PASSED] - com.helper.commonfunct.commonutilities.search is PASSED

2018-06-26 15:58:49 - [TEST_STEP][PASSED] - switchToFrame: Switched to iframe: 'Object Repository/Generic/FRAME1'

2018-06-26 15:58:55 - [TEST_STEP][PASSED] - com.helper.commonfunct.commonutilities.searchStatus: com.helper.commonfunct.commonutilities.searchStatus is PASSED

2018-06-26 15:58:58 - [MESSAGE][PASSED] - Wait for page load successfully

2018-06-26 15:59:03 - [MESSAGE][PASSED] - Delayed 2 second(s)

2018-06-26 15:59:12 - [MESSAGE][PASSED] - Delayed 5 second(s)

2018-06-26 15:59:27 - [MESSAGE][PASSED] - com.helper.commonfunct.commonutilities.searchStatus is PASSED

2018-06-26 15:59:27 - [TEST_STEP][PASSED] - Statement - While (WOSTATUS.contains("PENDING") && AssignmentList.size() > 0): null

2018-06-26 15:59:27 - [TEST_STEP][PASSED] - Statement - Status = text: null

2018-06-26 15:59:30 - [TEST_STEP][PASSED] - Statement - println(Status): null

2018-06-26 15:59:30 - [TEST_STEP][PASSED] - Statement - If (Status == "Pending-RDApproval"): com.helper.commonfunct.commonutilities.pendingClinic is PASSED

2018-06-26 15:59:30 - [TEST_STEP][PASSED] - com.helper.commonfunct.commonutilities.login: com.helper.commonfunct.commonutilities.login is PASSED

2018-06-26 15:59:30 - [MESSAGE][WARNING] - A browser is already opened. Closing browser and opening a new one

2018-06-26 15:59:43 - [MESSAGE][PASSED] - Browser is opened with url: ''

2018-06-26 15:59:46 - [MESSAGE][PASSED] - Navigate to 'https://vdaqa.rpega.com:9030/daqa/PRServlet' successfully

2018-06-26 15:59:58 - [MESSAGE][PASSED] - Text 'martw@pegasystems.com' is set on object 'Object Repository/Generic/input_UserIdentifier'

2018-06-26 16:00:11 - [MESSAGE][PASSED] - Text 'install' is set on object 'Object Repository/Generic/input_Password'

2018-06-26 16:00:19 - [MESSAGE][PASSED] - Keys 'ENTER + ' sent to object: 'Object Repository/Generic/input_Password'

2018-06-26 16:00:19 - [MESSAGE][PASSED] - com.helper.commonfunct.commonutilities.login is PASSED

2018-06-26 16:00:19 - [TEST_STEP][PASSED] - com.helper.commonfunct.commonutilities.search: com.helper.commonfunct.commonutilities.search is PASSED

2018-06-26 16:00:23 - [MESSAGE][PASSED] - Current window maximized

2018-06-26 16:00:28 - [MESSAGE][PASSED] - Delayed 5 second(s)

2018-06-26 16:00:40 - [MESSAGE][PASSED] - Text 'ECR-01May2018-1' is set on object 'Object Repository/EngInfo/search'

2018-06-26 16:00:43 - [MESSAGE][PASSED] - Delayed 3 second(s)

2018-06-26 16:00:49 - [MESSAGE][PASSED] - Keys 'ENTER + ' sent to object: 'Object Repository/EngInfo/search'

2018-06-26 16:00:56 - [MESSAGE][WARNING] - No alert found after 3 second(s).
[[ATTACHMENT|C:\\DAUIAutomation\\Reports\\ECR\\20180626_155714\\1530043253500.png]]

2018-06-26 16:01:00 - [MESSAGE][PASSED] - Wait for page load successfully

2018-06-26 16:01:00 - [MESSAGE][PASSED] - com.helper.commonfunct.commonutilities.search is PASSED

2018-06-26 16:01:00 - [TEST_STEP][PASSED] - com.helper.commonfunct.commonutilities.pendingClinic: com.helper.commonfunct.commonutilities.pendingClinic is PASSED

2018-06-26 16:01:16 - [MESSAGE][PASSED] - Delayed 7 second(s)

2018-06-26 16:01:24 - [MESSAGE][PASSED] - Delayed 5 second(s)

2018-06-26 16:01:30 - [MESSAGE][PASSED] - Wait for page load successfully

2018-06-26 16:01:33 - [MESSAGE][PASSED] - Wait for page load successfully

2018-06-26 16:01:46 - [MESSAGE][PASSED] - Object: 'Object Repository/ECR/Meeting/CLINIC_OUTCOME' is clicked on

2018-06-26 16:01:51 - [MESSAGE][PASSED] - Delayed 5 second(s)

2018-06-26 16:02:03 - [MESSAGE][PASSED] - Text 'Software Testing' is set on object 'Object Repository/ECR/Meeting/OUTCOME_NOTES'

2018-06-26 16:02:08 - [MESSAGE][PASSED] - Delayed 5 second(s)

2018-06-26 16:02:14 - [MESSAGE][PASSED] - Scroll to object 'Object Repository/Generic/SUBMIT' successfully

2018-06-26 16:02:23 - [MESSAGE][PASSED] - Wait for page load successfully

2018-06-26 16:02:23 - [MESSAGE][PASSED] - com.helper.commonfunct.commonutilities.pendingClinic is PASSED

2018-06-26 16:02:23 - [TEST_STEP][PASSED] - Statement - Status = text: null]]></system-out>
         <system-err><![CDATA[2018-06-26 15:57:18 - [TEST_CASE][ERROR] - Test Cases/ECR/TestCases/ECR__Approve_DataDriven: Test Cases/ECR/TestCases/ECR__Approve_DataDriven FAILED because (of) org.openqa.selenium.NoSuchSessionException: Session ID is null. Using WebDriver after calling quit()?
Build info: version: '3.7.1', revision: '8a0099a', time: '2017-11-06T21:07:36.161Z'
System info: host: 'L22622WUS', ip: '10.2.176.65', os.name: 'Windows 7', os.arch: 'amd64', os.version: '6.1', java.version: '1.8.0_102'
Driver info: driver.version: CChromeDriver]]></system-err>
      </testcase>
      <system-out><![CDATA[2018-06-26 15:57:18 - [TEST_SUITE][ERROR] - ECR: Test Cases/ECR/TestCases/ECR__Approve_DataDriven FAILED because (of) org.openqa.selenium.NoSuchSessionException: Session ID is null. Using WebDriver after calling quit()?
Build info: version: '3.7.1', revision: '8a0099a', time: '2017-11-06T21:07:36.161Z'
System info: host: 'L22622WUS', ip: '10.2.176.65', os.name: 'Windows 7', os.arch: 'amd64', os.version: '6.1', java.version: '1.8.0_102'
Driver info: driver.version: CChromeDriver]]></system-out>
      <system-err><![CDATA[2018-06-26 15:57:18 - [TEST_SUITE][ERROR] - ECR: Test Cases/ECR/TestCases/ECR__Approve_DataDriven FAILED because (of) org.openqa.selenium.NoSuchSessionException: Session ID is null. Using WebDriver after calling quit()?
Build info: version: '3.7.1', revision: '8a0099a', time: '2017-11-06T21:07:36.161Z'
System info: host: 'L22622WUS', ip: '10.2.176.65', os.name: 'Windows 7', os.arch: 'amd64', os.version: '6.1', java.version: '1.8.0_102'
Driver info: driver.version: CChromeDriver]]></system-err>
   </testsuite>
</testsuites>
