<?xml version="1.0" encoding="UTF-8"?>
<testsuites name="Investment_Test_Suite" time="27" tests="0" failures="1" errors="0">
   <testsuite name="Investment_Test_Suite" tests="0" failures="1" errors="0" time="27" timestamp="2018-03-23 15:27:33" hostname="ranjs1 - L23967WIN.rpega.com" id="Test Suites/Investment_Test_Suite">
      <properties>
         <property name="deviceName" value=""/>
         <property name="devicePlatform" value=""/>
         <property name="logFolder" value="C:\\Users\\ranjs1\\git\\DAUIAutomation\\Reports\\Investment_Test_Suite\\20180323_152731"/>
         <property name="logFiles" value="C:\\Users\\ranjs1\\git\\DAUIAutomation\\Reports\\Investment_Test_Suite\\20180323_152731\\execution0.log"/>
         <property name="attachments" value=""/>
         <property name="hostName" value="ranjs1 - L23967WIN.rpega.com"/>
         <property name="os" value="Windows 10 64bit"/>
         <property name="katalonVersion" value="4.8.0.2"/>
         <property name="browser" value="Chrome 65.0.3325.181"/>
         <property name="hostAddress" value="10.150.105.89"/>
         <property name="sessionId" value="5c114cf3e61f745cfc5ed03b2488a80e"/>
         <property name="seleniumVersion" value="2.53.0"/>
         <property name="proxyInformation" value="ProxyInformation{proxyOption=NO_PROXY, proxyServerType=HTTP, password=, proxyServerAddress=, proxyServerPort=0}"/>
         <property name="platform" value="Windows 10"/>
      </properties>
      <testcase name="Test Cases/Priage/Create Priage" classname="Test Cases/Priage/Create Priage" status="FAILED">
         <failure type="FAILED" message="Unable to click on object 'Object Repository/CommonDAObjectRepository/Page_Pega 7/New' (Root cause: org.openqa.selenium.NoSuchWindowException: no such window: target window already closed
from unknown error: web view not found
  (Session info: chrome=65.0.3325.181)
  (Driver info: chromedriver=2.37.543627 (63642262d9fb93fb4ab52398be4286d844092a5e),platform=Windows NT 10.0.16299 x86_64) (WARNING: The server did not provide any stacktrace information)
Command duration or timeout: 4 milliseconds
Build info: version: '2.53.0', revision: '35ae25b', time: '2016-03-15 17:00:58'
System info: host: 'L23967WIN', ip: '10.150.105.89', os.name: 'Windows 10', os.arch: 'amd64', os.version: '10.0', java.version: '1.8.0_102'
Driver info: com.kms.katalon.selenium.driver.CChromeDriver
Capabilities [{applicationCacheEnabled=false, rotatable=false, mobileEmulationEnabled=false, networkConnectionEnabled=false, chrome={chromedriverVersion=2.37.543627 (63642262d9fb93fb4ab52398be4286d844092a5e), userDataDir=C:\Users\ranjs1\AppData\Local\Temp\scoped_dir11992_32734}, takesHeapSnapshot=true, pageLoadStrategy=normal, databaseEnabled=false, handlesAlerts=true, hasTouchScreen=false, version=65.0.3325.181, platform=XP, browserConnectionEnabled=false, nativeEvents=true, acceptSslCerts=false, acceptInsecureCerts=false, locationContextEnabled=true, webStorageEnabled=true, browserName=chrome, takesScreenshot=true, javascriptEnabled=true, cssSelectorsEnabled=true, setWindowRect=true, unexpectedAlertBehaviour=}]
Session ID: 5c114cf3e61f745cfc5ed03b2488a80e
*** Element info: {Using=xpath, value=//a[@class='menu-item-anchor menu-item-expand']})"/>
         <system-out><![CDATA[2018-03-23 15:27:34 - [TEST_CASE][FAILED] - Test Cases/Priage/Create Priage: Test Cases/Priage/Create Priage FAILED because (of) Unable to click on object 'Object Repository/CommonDAObjectRepository/Page_Pega 7/New' (Root cause: org.openqa.selenium.NoSuchWindowException: no such window: target window already closed
from unknown error: web view not found
  (Session info: chrome=65.0.3325.181)
  (Driver info: chromedriver=2.37.543627 (63642262d9fb93fb4ab52398be4286d844092a5e),platform=Windows NT 10.0.16299 x86_64) (WARNING: The server did not provide any stacktrace information)
Command duration or timeout: 4 milliseconds
Build info: version: '2.53.0', revision: '35ae25b', time: '2016-03-15 17:00:58'
System info: host: 'L23967WIN', ip: '10.150.105.89', os.name: 'Windows 10', os.arch: 'amd64', os.version: '10.0', java.version: '1.8.0_102'
Driver info: com.kms.katalon.selenium.driver.CChromeDriver
Capabilities [{applicationCacheEnabled=false, rotatable=false, mobileEmulationEnabled=false, networkConnectionEnabled=false, chrome={chromedriverVersion=2.37.543627 (63642262d9fb93fb4ab52398be4286d844092a5e), userDataDir=C:\Users\ranjs1\AppData\Local\Temp\scoped_dir11992_32734}, takesHeapSnapshot=true, pageLoadStrategy=normal, databaseEnabled=false, handlesAlerts=true, hasTouchScreen=false, version=65.0.3325.181, platform=XP, browserConnectionEnabled=false, nativeEvents=true, acceptSslCerts=false, acceptInsecureCerts=false, locationContextEnabled=true, webStorageEnabled=true, browserName=chrome, takesScreenshot=true, javascriptEnabled=true, cssSelectorsEnabled=true, setWindowRect=true, unexpectedAlertBehaviour=}]
Session ID: 5c114cf3e61f745cfc5ed03b2488a80e
*** Element info: {Using=xpath, value=//a[@class='menu-item-anchor menu-item-expand']})

2018-03-23 15:27:35 - [TEST_STEP][PASSED] - openBrowser: Browser is opened with url: 'https://vtcpfusionqa.rpega.com:9030/tcpfusionqa/PRServlet/'

2018-03-23 15:27:42 - [MESSAGE][PASSED] - Browser is opened with url: 'https://vtcpfusionqa.rpega.com:9030/tcpfusionqa/PRServlet/'

2018-03-23 15:27:42 - [TEST_STEP][PASSED] - maximizeWindow: Current window maximized

2018-03-23 15:27:43 - [MESSAGE][PASSED] - Current window maximized

2018-03-23 15:27:43 - [TEST_STEP][PASSED] - da.common.methods.CommonActionsInDA.loginDA: da.common.methods.CommonActionsInDA.loginDA is PASSED

2018-03-23 15:27:44 - [MESSAGE][PASSED] - Text 'fay_r@pegasystems.com' is set on object 'Object Repository/CommonDAObjectRepository/Page_Pega 7/input_UserIdentifier'

2018-03-23 15:27:44 - [MESSAGE][PASSED] - Text 'install' is set on object 'Object Repository/CommonDAObjectRepository/Page_Pega 7/input_Password'

2018-03-23 15:27:45 - [MESSAGE][PASSED] - Object: 'Object Repository/CommonDAObjectRepository/Page_Pega 7/button_pyActivityCode-Security' is clicked on

2018-03-23 15:27:55 - [MESSAGE][PASSED] - Delayed 10 second(s)

2018-03-23 15:27:55 - [MESSAGE][PASSED] - da.common.methods.CommonActionsInDA.loginDA is PASSED

2018-03-23 15:27:55 - [TEST_STEP][PASSED] - delay: Delayed 2 second(s)

2018-03-23 15:27:58 - [MESSAGE][PASSED] - Delayed 2 second(s)

2018-03-23 15:27:58 - [TEST_STEP][FAILED] - da.common.methods.CommonActionsInDA.createPriage: Unable to click on object 'Object Repository/CommonDAObjectRepository/Page_Pega 7/New' (Root cause: org.openqa.selenium.NoSuchWindowException: no such window: target window already closed
from unknown error: web view not found
  (Session info: chrome=65.0.3325.181)
  (Driver info: chromedriver=2.37.543627 (63642262d9fb93fb4ab52398be4286d844092a5e),platform=Windows NT 10.0.16299 x86_64) (WARNING: The server did not provide any stacktrace information)
Command duration or timeout: 4 milliseconds
Build info: version: '2.53.0', revision: '35ae25b', time: '2016-03-15 17:00:58'
System info: host: 'L23967WIN', ip: '10.150.105.89', os.name: 'Windows 10', os.arch: 'amd64', os.version: '10.0', java.version: '1.8.0_102'
Driver info: com.kms.katalon.selenium.driver.CChromeDriver
Capabilities [{applicationCacheEnabled=false, rotatable=false, mobileEmulationEnabled=false, networkConnectionEnabled=false, chrome={chromedriverVersion=2.37.543627 (63642262d9fb93fb4ab52398be4286d844092a5e), userDataDir=C:\Users\ranjs1\AppData\Local\Temp\scoped_dir11992_32734}, takesHeapSnapshot=true, pageLoadStrategy=normal, databaseEnabled=false, handlesAlerts=true, hasTouchScreen=false, version=65.0.3325.181, platform=XP, browserConnectionEnabled=false, nativeEvents=true, acceptSslCerts=false, acceptInsecureCerts=false, locationContextEnabled=true, webStorageEnabled=true, browserName=chrome, takesScreenshot=true, javascriptEnabled=true, cssSelectorsEnabled=true, setWindowRect=true, unexpectedAlertBehaviour=}]
Session ID: 5c114cf3e61f745cfc5ed03b2488a80e
*** Element info: {Using=xpath, value=//a[@class='menu-item-anchor menu-item-expand']})

2018-03-23 15:28:00 - [MESSAGE][PASSED] - Delayed 2 second(s)

2018-03-23 15:28:00 - [MESSAGE][WARNING] - Cannot take screenshot

2018-03-23 15:28:00 - [MESSAGE][FAILED] - Unable to click on object 'Object Repository/CommonDAObjectRepository/Page_Pega 7/New' (Root cause: org.openqa.selenium.NoSuchWindowException: no such window: target window already closed
from unknown error: web view not found
  (Session info: chrome=65.0.3325.181)
  (Driver info: chromedriver=2.37.543627 (63642262d9fb93fb4ab52398be4286d844092a5e),platform=Windows NT 10.0.16299 x86_64) (WARNING: The server did not provide any stacktrace information)
Command duration or timeout: 4 milliseconds
Build info: version: '2.53.0', revision: '35ae25b', time: '2016-03-15 17:00:58'
System info: host: 'L23967WIN', ip: '10.150.105.89', os.name: 'Windows 10', os.arch: 'amd64', os.version: '10.0', java.version: '1.8.0_102'
Driver info: com.kms.katalon.selenium.driver.CChromeDriver
Capabilities [{applicationCacheEnabled=false, rotatable=false, mobileEmulationEnabled=false, networkConnectionEnabled=false, chrome={chromedriverVersion=2.37.543627 (63642262d9fb93fb4ab52398be4286d844092a5e), userDataDir=C:\Users\ranjs1\AppData\Local\Temp\scoped_dir11992_32734}, takesHeapSnapshot=true, pageLoadStrategy=normal, databaseEnabled=false, handlesAlerts=true, hasTouchScreen=false, version=65.0.3325.181, platform=XP, browserConnectionEnabled=false, nativeEvents=true, acceptSslCerts=false, acceptInsecureCerts=false, locationContextEnabled=true, webStorageEnabled=true, browserName=chrome, takesScreenshot=true, javascriptEnabled=true, cssSelectorsEnabled=true, setWindowRect=true, unexpectedAlertBehaviour=}]
Session ID: 5c114cf3e61f745cfc5ed03b2488a80e
*** Element info: {Using=xpath, value=//a[@class='menu-item-anchor menu-item-expand']})

2018-03-23 15:28:00 - [MESSAGE][FAILED] - Unable to click on object 'Object Repository/CommonDAObjectRepository/Page_Pega 7/New' (Root cause: org.openqa.selenium.NoSuchWindowException: no such window: target window already closed
from unknown error: web view not found
  (Session info: chrome=65.0.3325.181)
  (Driver info: chromedriver=2.37.543627 (63642262d9fb93fb4ab52398be4286d844092a5e),platform=Windows NT 10.0.16299 x86_64) (WARNING: The server did not provide any stacktrace information)
Command duration or timeout: 4 milliseconds
Build info: version: '2.53.0', revision: '35ae25b', time: '2016-03-15 17:00:58'
System info: host: 'L23967WIN', ip: '10.150.105.89', os.name: 'Windows 10', os.arch: 'amd64', os.version: '10.0', java.version: '1.8.0_102'
Driver info: com.kms.katalon.selenium.driver.CChromeDriver
Capabilities [{applicationCacheEnabled=false, rotatable=false, mobileEmulationEnabled=false, networkConnectionEnabled=false, chrome={chromedriverVersion=2.37.543627 (63642262d9fb93fb4ab52398be4286d844092a5e), userDataDir=C:\Users\ranjs1\AppData\Local\Temp\scoped_dir11992_32734}, takesHeapSnapshot=true, pageLoadStrategy=normal, databaseEnabled=false, handlesAlerts=true, hasTouchScreen=false, version=65.0.3325.181, platform=XP, browserConnectionEnabled=false, nativeEvents=true, acceptSslCerts=false, acceptInsecureCerts=false, locationContextEnabled=true, webStorageEnabled=true, browserName=chrome, takesScreenshot=true, javascriptEnabled=true, cssSelectorsEnabled=true, setWindowRect=true, unexpectedAlertBehaviour=}]
Session ID: 5c114cf3e61f745cfc5ed03b2488a80e
*** Element info: {Using=xpath, value=//a[@class='menu-item-anchor menu-item-expand']})]]></system-out>
         <system-err><![CDATA[2018-03-23 15:27:34 - [TEST_CASE][FAILED] - Test Cases/Priage/Create Priage: Test Cases/Priage/Create Priage FAILED because (of) Unable to click on object 'Object Repository/CommonDAObjectRepository/Page_Pega 7/New' (Root cause: org.openqa.selenium.NoSuchWindowException: no such window: target window already closed
from unknown error: web view not found
  (Session info: chrome=65.0.3325.181)
  (Driver info: chromedriver=2.37.543627 (63642262d9fb93fb4ab52398be4286d844092a5e),platform=Windows NT 10.0.16299 x86_64) (WARNING: The server did not provide any stacktrace information)
Command duration or timeout: 4 milliseconds
Build info: version: '2.53.0', revision: '35ae25b', time: '2016-03-15 17:00:58'
System info: host: 'L23967WIN', ip: '10.150.105.89', os.name: 'Windows 10', os.arch: 'amd64', os.version: '10.0', java.version: '1.8.0_102'
Driver info: com.kms.katalon.selenium.driver.CChromeDriver
Capabilities [{applicationCacheEnabled=false, rotatable=false, mobileEmulationEnabled=false, networkConnectionEnabled=false, chrome={chromedriverVersion=2.37.543627 (63642262d9fb93fb4ab52398be4286d844092a5e), userDataDir=C:\Users\ranjs1\AppData\Local\Temp\scoped_dir11992_32734}, takesHeapSnapshot=true, pageLoadStrategy=normal, databaseEnabled=false, handlesAlerts=true, hasTouchScreen=false, version=65.0.3325.181, platform=XP, browserConnectionEnabled=false, nativeEvents=true, acceptSslCerts=false, acceptInsecureCerts=false, locationContextEnabled=true, webStorageEnabled=true, browserName=chrome, takesScreenshot=true, javascriptEnabled=true, cssSelectorsEnabled=true, setWindowRect=true, unexpectedAlertBehaviour=}]
Session ID: 5c114cf3e61f745cfc5ed03b2488a80e
*** Element info: {Using=xpath, value=//a[@class='menu-item-anchor menu-item-expand']})]]></system-err>
      </testcase>
      <system-out><![CDATA[2018-03-23 15:27:33 - [TEST_SUITE][FAILED] - Investment_Test_Suite: Test Cases/Priage/Create Priage FAILED because (of) Unable to click on object 'Object Repository/CommonDAObjectRepository/Page_Pega 7/New' (Root cause: org.openqa.selenium.NoSuchWindowException: no such window: target window already closed
from unknown error: web view not found
  (Session info: chrome=65.0.3325.181)
  (Driver info: chromedriver=2.37.543627 (63642262d9fb93fb4ab52398be4286d844092a5e),platform=Windows NT 10.0.16299 x86_64) (WARNING: The server did not provide any stacktrace information)
Command duration or timeout: 4 milliseconds
Build info: version: '2.53.0', revision: '35ae25b', time: '2016-03-15 17:00:58'
System info: host: 'L23967WIN', ip: '10.150.105.89', os.name: 'Windows 10', os.arch: 'amd64', os.version: '10.0', java.version: '1.8.0_102'
Driver info: com.kms.katalon.selenium.driver.CChromeDriver
Capabilities [{applicationCacheEnabled=false, rotatable=false, mobileEmulationEnabled=false, networkConnectionEnabled=false, chrome={chromedriverVersion=2.37.543627 (63642262d9fb93fb4ab52398be4286d844092a5e), userDataDir=C:\Users\ranjs1\AppData\Local\Temp\scoped_dir11992_32734}, takesHeapSnapshot=true, pageLoadStrategy=normal, databaseEnabled=false, handlesAlerts=true, hasTouchScreen=false, version=65.0.3325.181, platform=XP, browserConnectionEnabled=false, nativeEvents=true, acceptSslCerts=false, acceptInsecureCerts=false, locationContextEnabled=true, webStorageEnabled=true, browserName=chrome, takesScreenshot=true, javascriptEnabled=true, cssSelectorsEnabled=true, setWindowRect=true, unexpectedAlertBehaviour=}]
Session ID: 5c114cf3e61f745cfc5ed03b2488a80e
*** Element info: {Using=xpath, value=//a[@class='menu-item-anchor menu-item-expand']})]]></system-out>
      <system-err><![CDATA[2018-03-23 15:27:33 - [TEST_SUITE][FAILED] - Investment_Test_Suite: Test Cases/Priage/Create Priage FAILED because (of) Unable to click on object 'Object Repository/CommonDAObjectRepository/Page_Pega 7/New' (Root cause: org.openqa.selenium.NoSuchWindowException: no such window: target window already closed
from unknown error: web view not found
  (Session info: chrome=65.0.3325.181)
  (Driver info: chromedriver=2.37.543627 (63642262d9fb93fb4ab52398be4286d844092a5e),platform=Windows NT 10.0.16299 x86_64) (WARNING: The server did not provide any stacktrace information)
Command duration or timeout: 4 milliseconds
Build info: version: '2.53.0', revision: '35ae25b', time: '2016-03-15 17:00:58'
System info: host: 'L23967WIN', ip: '10.150.105.89', os.name: 'Windows 10', os.arch: 'amd64', os.version: '10.0', java.version: '1.8.0_102'
Driver info: com.kms.katalon.selenium.driver.CChromeDriver
Capabilities [{applicationCacheEnabled=false, rotatable=false, mobileEmulationEnabled=false, networkConnectionEnabled=false, chrome={chromedriverVersion=2.37.543627 (63642262d9fb93fb4ab52398be4286d844092a5e), userDataDir=C:\Users\ranjs1\AppData\Local\Temp\scoped_dir11992_32734}, takesHeapSnapshot=true, pageLoadStrategy=normal, databaseEnabled=false, handlesAlerts=true, hasTouchScreen=false, version=65.0.3325.181, platform=XP, browserConnectionEnabled=false, nativeEvents=true, acceptSslCerts=false, acceptInsecureCerts=false, locationContextEnabled=true, webStorageEnabled=true, browserName=chrome, takesScreenshot=true, javascriptEnabled=true, cssSelectorsEnabled=true, setWindowRect=true, unexpectedAlertBehaviour=}]
Session ID: 5c114cf3e61f745cfc5ed03b2488a80e
*** Element info: {Using=xpath, value=//a[@class='menu-item-anchor menu-item-expand']})]]></system-err>
   </testsuite>
</testsuites>
