<?xml version="1.0" encoding="UTF-8"?>
<testsuites name="ECR" time="1687" tests="0" failures="1" errors="0">
   <testsuite name="ECR" tests="0" failures="1" errors="0" time="1687" timestamp="2018-07-06 13:43:57" hostname="nipin - L22622WUS.rpega.com" id="Test Suites/ECR">
      <properties>
         <property name="deviceName" value=""/>
         <property name="devicePlatform" value=""/>
         <property name="logFolder" value="C:\\DAUIAutomation\\Reports\\ECR\\20180706_134352"/>
         <property name="logFiles" value="C:\\DAUIAutomation\\Reports\\ECR\\20180706_134352\\execution0.log"/>
         <property name="attachments" value="C:\\DAUIAutomation\\Reports\\ECR\\20180706_134352\\1530899771345.png, C:\\DAUIAutomation\\Reports\\ECR\\20180706_134352\\1530900003078.png, C:\\DAUIAutomation\\Reports\\ECR\\20180706_134352\\1530900235910.png, C:\\DAUIAutomation\\Reports\\ECR\\20180706_134352\\1530900448118.png, C:\\DAUIAutomation\\Reports\\ECR\\20180706_134352\\1530900681560.png, C:\\DAUIAutomation\\Reports\\ECR\\20180706_134352\\1530900717131.png"/>
         <property name="hostName" value="nipin - L22622WUS.rpega.com"/>
         <property name="os" value="Windows 7 64bit"/>
         <property name="katalonVersion" value="5.4.2.1"/>
         <property name="browser" value="Chrome 67.0.3396.87"/>
         <property name="hostAddress" value="10.2.176.69"/>
         <property name="sessionId" value="ce6ac8d3953903944c80c679003d3533"/>
         <property name="seleniumVersion" value="3.7.1"/>
         <property name="proxyInformation" value="ProxyInformation{proxyOption=NO_PROXY, proxyServerType=HTTP, password=, proxyServerAddress=, proxyServerPort=0}"/>
         <property name="platform" value="Windows 7"/>
      </properties>
      <testcase name="Test Cases/ECR/TestCases/ECR_Create_Approve_DataDriven" classname="Test Cases/ECR/TestCases/ECR_Create_Approve_DataDriven" status="FAILED">
         <failure type="FAILED" message="Unable to verify image 'Object Repository/Generic/FRAME1' present (Root cause: com.kms.katalon.core.webui.exception.WebElementNotFoundException: Web element with id: 'Object Repository/Generic/FRAME1' located by 'By.xpath: //*[@id = 'PegaGadget1Ifr']' not found)"/>
         <system-out><![CDATA[2018-07-06 13:43:58 - [TEST_CASE][FAILED] - Test Cases/ECR/TestCases/ECR_Create_Approve_DataDriven: Test Cases/ECR/TestCases/ECR_Create_Approve_DataDriven FAILED because (of) Unable to verify image 'Object Repository/Generic/FRAME1' present (Root cause: com.kms.katalon.core.webui.exception.WebElementNotFoundException: Web element with id: 'Object Repository/Generic/FRAME1' located by 'By.xpath: //*[@id = 'PegaGadget1Ifr']' not found)

2018-07-06 13:44:00 - [TEST_STEP][PASSED] - com.helper.commonfunct.commonutilities.login: com.helper.commonfunct.commonutilities.login is PASSED

2018-07-06 13:44:14 - [MESSAGE][PASSED] - Browser is opened with url: ''

2018-07-06 13:44:18 - [MESSAGE][PASSED] - Navigate to 'https://vdaqa.rpega.com:9030/daqa/PRServlet' successfully

2018-07-06 13:44:30 - [MESSAGE][PASSED] - Text 'pogoa@pegasystems.com' is set on object 'Object Repository/Generic/input_UserIdentifier'

2018-07-06 13:44:42 - [MESSAGE][PASSED] - Text 'install' is set on object 'Object Repository/Generic/input_Password'

2018-07-06 13:44:50 - [MESSAGE][PASSED] - Keys 'ENTER + ' sent to object: 'Object Repository/Generic/input_Password'

2018-07-06 13:44:50 - [MESSAGE][PASSED] - com.helper.commonfunct.commonutilities.login is PASSED

2018-07-06 13:44:50 - [TEST_STEP][PASSED] - com.helper.commonfunct.commonutilities.CreateECR: com.helper.commonfunct.commonutilities.CreateECR is PASSED

2018-07-06 13:44:54 - [MESSAGE][PASSED] - Current window maximized

2018-07-06 13:44:56 - [MESSAGE][PASSED] - Delayed 2 second(s)

2018-07-06 13:45:02 - [MESSAGE][PASSED] - Object: 'Object Repository/Generic/New' is clicked on

2018-07-06 13:45:06 - [MESSAGE][PASSED] - Delayed 4 second(s)

2018-07-06 13:45:13 - [MESSAGE][PASSED] - Object: 'Object Repository/Generic/span_Bid Process' is clicked on

2018-07-06 13:45:17 - [MESSAGE][PASSED] - Delayed 4 second(s)

2018-07-06 13:45:23 - [MESSAGE][PASSED] - Object: 'Object Repository/ECR/Generic/WOTAB' is clicked on

2018-07-06 13:45:25 - [MESSAGE][PASSED] - Delayed 2 second(s)

2018-07-06 13:45:35 - [MESSAGE][PASSED] - Delayed 4 second(s)

2018-07-06 13:45:41 - [MESSAGE][PASSED] - Object: 'Object Repository/ECR/Generic/BID_TYPE' is clicked on

2018-07-06 13:45:44 - [MESSAGE][PASSED] - Object 'Object Repository/Generic/button_Import' is present

2018-07-06 13:45:49 - [MESSAGE][PASSED] - Delayed 5 second(s)

2018-07-06 13:45:56 - [MESSAGE][PASSED] - Object: 'Object Repository/Generic/button_Import' is clicked on

2018-07-06 13:46:02 - [MESSAGE][PASSED] - File 'C:\DAUIAutomation\Data Files\ECR\PCR_2.xlsm' sent to object: 'Object Repository/Generic/FilePath'

2018-07-06 13:46:07 - [MESSAGE][PASSED] - Delayed 5 second(s)

2018-07-06 13:46:13 - [MESSAGE][PASSED] - Scroll to object 'Object Repository/Generic/button_Submit' successfully

2018-07-06 13:46:19 - [MESSAGE][PASSED] - Object: 'Object Repository/Generic/button_Submit' is clicked on

2018-07-06 13:46:24 - [MESSAGE][PASSED] - Delayed 5 second(s)

2018-07-06 13:46:26 - [MESSAGE][PASSED] - Delayed 2 second(s)

2018-07-06 13:46:39 - [MESSAGE][PASSED] - Text 'FFTHRDBANK' is set on object 'Object Repository/Generic/ORG'

2018-07-06 13:46:44 - [MESSAGE][PASSED] - Delayed 5 second(s)

2018-07-06 13:46:50 - [MESSAGE][PASSED] - Keys 'TAB + ' sent to object: 'Object Repository/Generic/ORG'

2018-07-06 13:46:55 - [MESSAGE][PASSED] - Delayed 5 second(s)

2018-07-06 13:47:07 - [MESSAGE][PASSED] - Text 'CHFTB' is set on object 'Object Repository/Generic/ACC'

2018-07-06 13:47:12 - [MESSAGE][PASSED] - Delayed 5 second(s)

2018-07-06 13:47:18 - [MESSAGE][PASSED] - Keys 'TAB + ' sent to object: 'Object Repository/Generic/ACC'

2018-07-06 13:47:25 - [MESSAGE][PASSED] - Delayed 7 second(s)

2018-07-06 13:47:28 - [MESSAGE][PASSED] - Wait for page load successfully

2018-07-06 13:47:35 - [MESSAGE][WARNING] - Text 'The engagement you entered doesn't match' is not present on page 

2018-07-06 13:47:40 - [MESSAGE][PASSED] - Delayed 5 second(s)

2018-07-06 13:47:48 - [MESSAGE][PASSED] - Delayed 2 second(s)

2018-07-06 13:47:54 - [MESSAGE][PASSED] - Text of object 'Object Repository/ECR/Generic/LedBy' is: 'Pega Led'

2018-07-06 13:47:56 - [MESSAGE][PASSED] - Delayed 2 second(s)

2018-07-06 13:48:02 - [MESSAGE][PASSED] - Text of object 'Object Repository/ECR/Generic/ProjectType' is: 'Full Implementation'

2018-07-06 13:48:04 - [MESSAGE][PASSED] - Delayed 2 second(s)

2018-07-06 13:48:10 - [MESSAGE][PASSED] - Text of object 'Object Repository/ECR/Generic/LicenceNew' is: 'No'

2018-07-06 13:48:22 - [MESSAGE][PASSED] - Text 'CO-12' is set on object 'Object Repository/EngInfo/COID'

2018-07-06 13:48:24 - [MESSAGE][PASSED] - Delayed 2 second(s)

2018-07-06 13:48:33 - [MESSAGE][PASSED] - Delayed 2 second(s)

2018-07-06 13:48:41 - [MESSAGE][PASSED] - Delayed 2 second(s)

2018-07-06 13:48:49 - [MESSAGE][PASSED] - Delayed 2 second(s)

2018-07-06 13:48:55 - [MESSAGE][PASSED] - Keys 'Cambridge' sent to object: 'Object Repository/ECR/Generic/Location'

2018-07-06 13:49:00 - [MESSAGE][PASSED] - Delayed 5 second(s)

2018-07-06 13:49:05 - [MESSAGE][PASSED] - Delayed 5 second(s)

2018-07-06 13:49:11 - [MESSAGE][PASSED] - Text of object 'Object Repository/Generic/WOID' is: 'ECR-06Jul2018-1'

2018-07-06 13:49:18 - [MESSAGE][PASSED] - Delayed 5 second(s)

2018-07-06 13:49:24 - [MESSAGE][PASSED] - Scroll to object 'Object Repository/Generic/NEXT_BUTTON' successfully

2018-07-06 13:49:30 - [MESSAGE][PASSED] - Object: 'Object Repository/Generic/NEXT_BUTTON' is clicked on

2018-07-06 13:49:37 - [MESSAGE][PASSED] - Wait for page load successfully

2018-07-06 13:49:40 - [MESSAGE][PASSED] - Object 'Object Repository/ECR/Meeting/ClinicMeeting' is present

2018-07-06 13:49:52 - [MESSAGE][PASSED] - Text '07/08/2018' is set on object 'Object Repository/EngInfo/MeetingDate'

2018-07-06 13:49:57 - [MESSAGE][PASSED] - Delayed 5 second(s)

2018-07-06 13:50:09 - [MESSAGE][PASSED] - Text 'Software Testing' is set on object 'Object Repository/EngInfo/instruction'

2018-07-06 13:50:14 - [MESSAGE][PASSED] - Delayed 5 second(s)

2018-07-06 13:50:27 - [MESSAGE][PASSED] - Text '' is set on object 'Object Repository/EngInfo/AE'

2018-07-06 13:50:39 - [MESSAGE][PASSED] - Text 'Nagaveni Nipinale' is set on object 'Object Repository/EngInfo/AE'

2018-07-06 13:50:45 - [MESSAGE][PASSED] - Keys 'DOWN + ' sent to object: 'Object Repository/EngInfo/AE'

2018-07-06 13:50:47 - [MESSAGE][PASSED] - Delayed 2 second(s)

2018-07-06 13:50:53 - [MESSAGE][PASSED] - Object: 'Object Repository/ECR/Meeting/SelectHighlighted' is clicked on

2018-07-06 13:50:58 - [MESSAGE][PASSED] - Delayed 5 second(s)

2018-07-06 13:51:04 - [MESSAGE][PASSED] - Object: 'Object Repository/EngInfo/IsPegaMarketingYes' is clicked on

2018-07-06 13:51:09 - [MESSAGE][PASSED] - Delayed 5 second(s)

2018-07-06 13:51:16 - [MESSAGE][PASSED] - Object: 'Object Repository/EngInfo/IsPegaMobileYes' is clicked on

2018-07-06 13:51:21 - [MESSAGE][PASSED] - Delayed 5 second(s)

2018-07-06 13:51:26 - [MESSAGE][PASSED] - Delayed 5 second(s)

2018-07-06 13:51:32 - [MESSAGE][PASSED] - Scroll to object 'Object Repository/Generic/NEXT_BUTTON' successfully

2018-07-06 13:51:38 - [MESSAGE][PASSED] - Object: 'Object Repository/Generic/NEXT_BUTTON' is clicked on

2018-07-06 13:51:43 - [MESSAGE][PASSED] - Delayed 5 second(s)

2018-07-06 13:51:49 - [MESSAGE][PASSED] - Scroll to object 'Object Repository/Generic/NEXT_BUTTON' successfully

2018-07-06 13:51:55 - [MESSAGE][PASSED] - Object: 'Object Repository/Generic/NEXT_BUTTON' is clicked on

2018-07-06 13:52:00 - [MESSAGE][PASSED] - Delayed 5 second(s)

2018-07-06 13:52:06 - [MESSAGE][PASSED] - Scroll to object 'Object Repository/Generic/FINISH_BUTTON' successfully

2018-07-06 13:52:12 - [MESSAGE][PASSED] - Object: 'Object Repository/Generic/FINISH_BUTTON' is clicked on

2018-07-06 13:52:17 - [MESSAGE][PASSED] - Delayed 5 second(s)

2018-07-06 13:52:24 - [MESSAGE][PASSED] - Object: 'Object Repository/EngInfo/Continue' is clicked on

2018-07-06 13:52:29 - [MESSAGE][PASSED] - Delayed 5 second(s)

2018-07-06 13:52:34 - [MESSAGE][PASSED] - Delayed 5 second(s)

2018-07-06 13:52:44 - [MESSAGE][PASSED] - Delayed 7 second(s)

2018-07-06 13:52:52 - [MESSAGE][PASSED] - Delayed 5 second(s)

2018-07-06 13:52:58 - [MESSAGE][PASSED] - Wait for page load successfully

2018-07-06 13:53:01 - [MESSAGE][PASSED] - Wait for page load successfully

2018-07-06 13:53:14 - [MESSAGE][PASSED] - Keys 'Software Testing' sent to object: 'Object Repository/ECR/Meeting/BSW_TEXT'

2018-07-06 13:53:19 - [MESSAGE][PASSED] - Delayed 5 second(s)

2018-07-06 13:53:42 - [MESSAGE][PASSED] - Keys 'Software Testing' sent to object: 'Object Repository/Approve-Reject/APPROVE_REJECT_NOTES'

2018-07-06 13:53:47 - [MESSAGE][PASSED] - Delayed 5 second(s)

2018-07-06 13:53:53 - [MESSAGE][PASSED] - Scroll to object 'Object Repository/Generic/SUBMIT' successfully

2018-07-06 13:54:04 - [MESSAGE][PASSED] - Delayed 5 second(s)

2018-07-06 13:54:04 - [MESSAGE][PASSED] - com.helper.commonfunct.commonutilities.CreateECR is PASSED

2018-07-06 13:54:04 - [TEST_STEP][PASSED] - com.helper.commonfunct.commonutilities.searchStatus: com.helper.commonfunct.commonutilities.searchStatus is PASSED

2018-07-06 13:54:07 - [MESSAGE][PASSED] - Wait for page load successfully

2018-07-06 13:54:27 - [MESSAGE][PASSED] - Delayed 2 second(s)

2018-07-06 13:54:35 - [MESSAGE][PASSED] - Delayed 2 second(s)

2018-07-06 13:54:44 - [MESSAGE][PASSED] - com.helper.commonfunct.commonutilities.searchStatus is PASSED

2018-07-06 13:54:44 - [TEST_STEP][FAILED] - Statement - While (WOSTATUS.contains("PENDING") && AssignmentList.size() > 0): Unable to verify image 'Object Repository/Generic/FRAME1' present (Root cause: com.kms.katalon.core.webui.exception.WebElementNotFoundException: Web element with id: 'Object Repository/Generic/FRAME1' located by 'By.xpath: //*[@id = 'PegaGadget1Ifr']' not found)

2018-07-06 13:54:44 - [TEST_STEP][PASSED] - Statement - Status = text: null

2018-07-06 13:54:47 - [TEST_STEP][PASSED] - Statement - println(Status): null

2018-07-06 13:54:47 - [TEST_STEP][PASSED] - Statement - If (Status == "Pending-RDApproval"): com.helper.commonfunct.commonutilities.approve is PASSED

2018-07-06 13:54:47 - [TEST_STEP][PASSED] - Statement - If (RDReject == false): com.helper.commonfunct.commonutilities.approve is PASSED

2018-07-06 13:54:47 - [TEST_STEP][PASSED] - Statement - If (Meeting == true): null

2018-07-06 13:54:47 - [TEST_STEP][PASSED] - Statement - Else: com.helper.commonfunct.commonutilities.approve is PASSED

2018-07-06 13:54:47 - [TEST_STEP][PASSED] - com.helper.commonfunct.commonutilities.login: com.helper.commonfunct.commonutilities.login is PASSED

2018-07-06 13:54:47 - [MESSAGE][WARNING] - A browser is already opened. Closing browser and opening a new one

2018-07-06 13:55:01 - [MESSAGE][PASSED] - Browser is opened with url: ''

2018-07-06 13:55:04 - [MESSAGE][PASSED] - Navigate to 'https://vdaqa.rpega.com:9030/daqa/PRServlet' successfully

2018-07-06 13:55:16 - [MESSAGE][PASSED] - Text 'martw@pegasystems.com' is set on object 'Object Repository/Generic/input_UserIdentifier'

2018-07-06 13:55:29 - [MESSAGE][PASSED] - Text 'install' is set on object 'Object Repository/Generic/input_Password'

2018-07-06 13:55:37 - [MESSAGE][PASSED] - Keys 'ENTER + ' sent to object: 'Object Repository/Generic/input_Password'

2018-07-06 13:55:37 - [MESSAGE][PASSED] - com.helper.commonfunct.commonutilities.login is PASSED

2018-07-06 13:55:37 - [TEST_STEP][PASSED] - com.helper.commonfunct.commonutilities.search: com.helper.commonfunct.commonutilities.search is PASSED

2018-07-06 13:55:41 - [MESSAGE][PASSED] - Current window maximized

2018-07-06 13:55:46 - [MESSAGE][PASSED] - Delayed 5 second(s)

2018-07-06 13:55:58 - [MESSAGE][PASSED] - Text 'ECR-06Jul2018-1' is set on object 'Object Repository/EngInfo/search'

2018-07-06 13:56:01 - [MESSAGE][PASSED] - Delayed 3 second(s)

2018-07-06 13:56:07 - [MESSAGE][PASSED] - Keys 'ENTER + ' sent to object: 'Object Repository/EngInfo/search'

2018-07-06 13:56:14 - [MESSAGE][WARNING] - No alert found after 3 second(s).
[[ATTACHMENT|C:\\DAUIAutomation\\Reports\\ECR\\20180706_134352\\1530899771345.png]]

2018-07-06 13:56:17 - [MESSAGE][PASSED] - Wait for page load successfully

2018-07-06 13:56:17 - [MESSAGE][PASSED] - com.helper.commonfunct.commonutilities.search is PASSED

2018-07-06 13:56:17 - [TEST_STEP][PASSED] - com.helper.commonfunct.commonutilities.approve: com.helper.commonfunct.commonutilities.approve is PASSED

2018-07-06 13:56:22 - [MESSAGE][PASSED] - Delayed 5 second(s)

2018-07-06 13:56:38 - [MESSAGE][PASSED] - Delayed 7 second(s)

2018-07-06 13:56:46 - [MESSAGE][PASSED] - Delayed 5 second(s)

2018-07-06 13:56:53 - [MESSAGE][PASSED] - Wait for page load successfully

2018-07-06 13:56:56 - [MESSAGE][PASSED] - Wait for page load successfully

2018-07-06 13:57:01 - [MESSAGE][PASSED] - Delayed 5 second(s)

2018-07-06 13:57:12 - [MESSAGE][PASSED] - Delayed 5 second(s)

2018-07-06 13:57:18 - [MESSAGE][PASSED] - Scroll to object 'Object Repository/Approve-Reject/APPROVE_BUTTON' successfully

2018-07-06 13:57:29 - [MESSAGE][PASSED] - Delayed 5 second(s)

2018-07-06 13:57:35 - [MESSAGE][PASSED] - Keys 'Software Testing' sent to object: 'Object Repository/Approve-Reject/APPROVE_REJECT_NOTES'

2018-07-06 13:57:40 - [MESSAGE][PASSED] - Delayed 5 second(s)

2018-07-06 13:57:46 - [MESSAGE][PASSED] - Scroll to object 'Object Repository/Generic/SUBMIT' successfully

2018-07-06 13:57:53 - [MESSAGE][PASSED] - Object: 'Object Repository/Generic/SUBMIT' is clicked on

2018-07-06 13:57:56 - [MESSAGE][PASSED] - Wait for page load successfully

2018-07-06 13:57:56 - [MESSAGE][PASSED] - com.helper.commonfunct.commonutilities.approve is PASSED

2018-07-06 13:57:56 - [TEST_STEP][PASSED] - com.helper.commonfunct.commonutilities.searchStatus: com.helper.commonfunct.commonutilities.searchStatus is PASSED

2018-07-06 13:57:59 - [MESSAGE][PASSED] - Wait for page load successfully

2018-07-06 13:58:19 - [MESSAGE][PASSED] - Delayed 2 second(s)

2018-07-06 13:58:27 - [MESSAGE][PASSED] - Delayed 2 second(s)

2018-07-06 13:58:36 - [MESSAGE][PASSED] - com.helper.commonfunct.commonutilities.searchStatus is PASSED

2018-07-06 13:58:36 - [TEST_STEP][PASSED] - Statement - Status = text: null

2018-07-06 13:58:39 - [TEST_STEP][PASSED] - Statement - println(Status): null

2018-07-06 13:58:39 - [TEST_STEP][PASSED] - Statement - If (Status == "Pending-RDApproval"): null

2018-07-06 13:58:39 - [TEST_STEP][PASSED] - Statement - Else If (Status == "Pending-RLApproval"): null

2018-07-06 13:58:39 - [TEST_STEP][PASSED] - Statement - Else If (Status == "Pending-RDDApproval"): com.helper.commonfunct.commonutilities.approve is PASSED

2018-07-06 13:58:39 - [TEST_STEP][PASSED] - Statement - If (RDD_Reject == false): com.helper.commonfunct.commonutilities.approve is PASSED

2018-07-06 13:58:39 - [TEST_STEP][PASSED] - com.helper.commonfunct.commonutilities.login: com.helper.commonfunct.commonutilities.login is PASSED

2018-07-06 13:58:39 - [MESSAGE][WARNING] - A browser is already opened. Closing browser and opening a new one

2018-07-06 13:58:52 - [MESSAGE][PASSED] - Browser is opened with url: ''

2018-07-06 13:58:55 - [MESSAGE][PASSED] - Navigate to 'https://vdaqa.rpega.com:9030/daqa/PRServlet' successfully

2018-07-06 13:59:08 - [MESSAGE][PASSED] - Text 'lachd@pegasystems.com' is set on object 'Object Repository/Generic/input_UserIdentifier'

2018-07-06 13:59:20 - [MESSAGE][PASSED] - Text 'install' is set on object 'Object Repository/Generic/input_Password'

2018-07-06 13:59:28 - [MESSAGE][PASSED] - Keys 'ENTER + ' sent to object: 'Object Repository/Generic/input_Password'

2018-07-06 13:59:28 - [MESSAGE][PASSED] - com.helper.commonfunct.commonutilities.login is PASSED

2018-07-06 13:59:28 - [TEST_STEP][PASSED] - com.helper.commonfunct.commonutilities.search: com.helper.commonfunct.commonutilities.search is PASSED

2018-07-06 13:59:32 - [MESSAGE][PASSED] - Current window maximized

2018-07-06 13:59:37 - [MESSAGE][PASSED] - Delayed 5 second(s)

2018-07-06 13:59:50 - [MESSAGE][PASSED] - Text 'ECR-06Jul2018-1' is set on object 'Object Repository/EngInfo/search'

2018-07-06 13:59:53 - [MESSAGE][PASSED] - Delayed 3 second(s)

2018-07-06 13:59:59 - [MESSAGE][PASSED] - Keys 'ENTER + ' sent to object: 'Object Repository/EngInfo/search'

2018-07-06 14:00:06 - [MESSAGE][WARNING] - No alert found after 3 second(s).
[[ATTACHMENT|C:\\DAUIAutomation\\Reports\\ECR\\20180706_134352\\1530900003078.png]]

2018-07-06 14:00:09 - [MESSAGE][PASSED] - Wait for page load successfully

2018-07-06 14:00:09 - [MESSAGE][PASSED] - com.helper.commonfunct.commonutilities.search is PASSED

2018-07-06 14:00:09 - [TEST_STEP][PASSED] - com.helper.commonfunct.commonutilities.approve: com.helper.commonfunct.commonutilities.approve is PASSED

2018-07-06 14:00:14 - [MESSAGE][PASSED] - Delayed 5 second(s)

2018-07-06 14:00:30 - [MESSAGE][PASSED] - Delayed 7 second(s)

2018-07-06 14:00:38 - [MESSAGE][PASSED] - Delayed 5 second(s)

2018-07-06 14:00:45 - [MESSAGE][PASSED] - Wait for page load successfully

2018-07-06 14:00:48 - [MESSAGE][PASSED] - Wait for page load successfully

2018-07-06 14:00:53 - [MESSAGE][PASSED] - Delayed 5 second(s)

2018-07-06 14:01:04 - [MESSAGE][PASSED] - Delayed 5 second(s)

2018-07-06 14:01:10 - [MESSAGE][PASSED] - Scroll to object 'Object Repository/Approve-Reject/APPROVE_BUTTON' successfully

2018-07-06 14:01:21 - [MESSAGE][PASSED] - Delayed 5 second(s)

2018-07-06 14:01:27 - [MESSAGE][PASSED] - Keys 'Software Testing' sent to object: 'Object Repository/Approve-Reject/APPROVE_REJECT_NOTES'

2018-07-06 14:01:32 - [MESSAGE][PASSED] - Delayed 5 second(s)

2018-07-06 14:01:38 - [MESSAGE][PASSED] - Scroll to object 'Object Repository/Generic/SUBMIT' successfully

2018-07-06 14:01:45 - [MESSAGE][PASSED] - Object: 'Object Repository/Generic/SUBMIT' is clicked on

2018-07-06 14:01:48 - [MESSAGE][PASSED] - Wait for page load successfully

2018-07-06 14:01:48 - [MESSAGE][PASSED] - com.helper.commonfunct.commonutilities.approve is PASSED

2018-07-06 14:01:48 - [TEST_STEP][PASSED] - com.helper.commonfunct.commonutilities.searchStatus: com.helper.commonfunct.commonutilities.searchStatus is PASSED

2018-07-06 14:01:51 - [MESSAGE][PASSED] - Wait for page load successfully

2018-07-06 14:02:11 - [MESSAGE][PASSED] - Delayed 2 second(s)

2018-07-06 14:02:19 - [MESSAGE][PASSED] - Delayed 2 second(s)

2018-07-06 14:02:28 - [MESSAGE][PASSED] - com.helper.commonfunct.commonutilities.searchStatus is PASSED

2018-07-06 14:02:28 - [TEST_STEP][PASSED] - Statement - Status = text: null

2018-07-06 14:02:31 - [TEST_STEP][PASSED] - Statement - println(Status): null

2018-07-06 14:02:31 - [TEST_STEP][PASSED] - Statement - If (Status == "Pending-RDApproval"): null

2018-07-06 14:02:31 - [TEST_STEP][PASSED] - Statement - Else If (Status == "Pending-RLApproval"): null

2018-07-06 14:02:31 - [TEST_STEP][PASSED] - Statement - Else If (Status == "Pending-RDDApproval"): null

2018-07-06 14:02:31 - [TEST_STEP][PASSED] - Statement - Else If (Status == "Pending-OPSApproval"): null

2018-07-06 14:02:31 - [TEST_STEP][PASSED] - Statement - Else If (Status == "Pending-ExpSvcApproval"): null

2018-07-06 14:02:31 - [TEST_STEP][PASSED] - Statement - Else If (Status == "Pending-DocUpdate"): null

2018-07-06 14:02:31 - [TEST_STEP][PASSED] - Statement - Else If (Status == "Pending-Contract"): null

2018-07-06 14:02:31 - [TEST_STEP][PASSED] - Statement - Else If (Status == "Pending-MeetingSchedule"): com.helper.commonfunct.commonutilities.scheduleMeeting is PASSED

2018-07-06 14:02:31 - [TEST_STEP][PASSED] - com.helper.commonfunct.commonutilities.login: com.helper.commonfunct.commonutilities.login is PASSED

2018-07-06 14:02:31 - [MESSAGE][WARNING] - A browser is already opened. Closing browser and opening a new one

2018-07-06 14:02:45 - [MESSAGE][PASSED] - Browser is opened with url: ''

2018-07-06 14:02:48 - [MESSAGE][PASSED] - Navigate to 'https://vdaqa.rpega.com:9030/daqa/PRServlet' successfully

2018-07-06 14:03:01 - [MESSAGE][PASSED] - Text 'diazz@pegasystems.com' is set on object 'Object Repository/Generic/input_UserIdentifier'

2018-07-06 14:03:13 - [MESSAGE][PASSED] - Text 'install' is set on object 'Object Repository/Generic/input_Password'

2018-07-06 14:03:21 - [MESSAGE][PASSED] - Keys 'ENTER + ' sent to object: 'Object Repository/Generic/input_Password'

2018-07-06 14:03:21 - [MESSAGE][PASSED] - com.helper.commonfunct.commonutilities.login is PASSED

2018-07-06 14:03:21 - [TEST_STEP][PASSED] - com.helper.commonfunct.commonutilities.search: com.helper.commonfunct.commonutilities.search is PASSED

2018-07-06 14:03:25 - [MESSAGE][PASSED] - Current window maximized

2018-07-06 14:03:30 - [MESSAGE][PASSED] - Delayed 5 second(s)

2018-07-06 14:03:42 - [MESSAGE][PASSED] - Text 'ECR-06Jul2018-1' is set on object 'Object Repository/EngInfo/search'

2018-07-06 14:03:45 - [MESSAGE][PASSED] - Delayed 3 second(s)

2018-07-06 14:03:51 - [MESSAGE][PASSED] - Keys 'ENTER + ' sent to object: 'Object Repository/EngInfo/search'

2018-07-06 14:03:59 - [MESSAGE][WARNING] - No alert found after 3 second(s).
[[ATTACHMENT|C:\\DAUIAutomation\\Reports\\ECR\\20180706_134352\\1530900235910.png]]

2018-07-06 14:04:02 - [MESSAGE][PASSED] - Wait for page load successfully

2018-07-06 14:04:02 - [MESSAGE][PASSED] - com.helper.commonfunct.commonutilities.search is PASSED

2018-07-06 14:04:02 - [TEST_STEP][PASSED] - com.helper.commonfunct.commonutilities.scheduleMeeting: com.helper.commonfunct.commonutilities.scheduleMeeting is PASSED

2018-07-06 14:04:18 - [MESSAGE][PASSED] - Delayed 7 second(s)

2018-07-06 14:04:26 - [MESSAGE][PASSED] - Delayed 5 second(s)

2018-07-06 14:04:33 - [MESSAGE][PASSED] - Wait for page load successfully

2018-07-06 14:04:37 - [MESSAGE][PASSED] - Wait for page load successfully

2018-07-06 14:04:56 - [MESSAGE][PASSED] - Text 'Cambridge' is set on object 'Object Repository/ECR/Meeting/location'

2018-07-06 14:04:58 - [MESSAGE][PASSED] - Delayed 2 second(s)

2018-07-06 14:05:04 - [MESSAGE][PASSED] - Scroll to object 'Object Repository/Generic/SUBMIT' successfully

2018-07-06 14:05:18 - [MESSAGE][PASSED] - Wait for page load successfully

2018-07-06 14:05:18 - [MESSAGE][PASSED] - com.helper.commonfunct.commonutilities.scheduleMeeting is PASSED

2018-07-06 14:05:18 - [TEST_STEP][PASSED] - com.helper.commonfunct.commonutilities.searchStatus: com.helper.commonfunct.commonutilities.searchStatus is PASSED

2018-07-06 14:05:21 - [MESSAGE][PASSED] - Wait for page load successfully

2018-07-06 14:05:41 - [MESSAGE][PASSED] - Delayed 2 second(s)

2018-07-06 14:05:50 - [MESSAGE][PASSED] - Delayed 2 second(s)

2018-07-06 14:05:59 - [MESSAGE][PASSED] - com.helper.commonfunct.commonutilities.searchStatus is PASSED

2018-07-06 14:05:59 - [TEST_STEP][PASSED] - Statement - Status = text: null

2018-07-06 14:06:02 - [TEST_STEP][PASSED] - Statement - println(Status): null

2018-07-06 14:06:02 - [TEST_STEP][PASSED] - Statement - If (Status == "Pending-RDApproval"): null

2018-07-06 14:06:02 - [TEST_STEP][PASSED] - Statement - Else If (Status == "Pending-RLApproval"): null

2018-07-06 14:06:02 - [TEST_STEP][PASSED] - Statement - Else If (Status == "Pending-RDDApproval"): null

2018-07-06 14:06:02 - [TEST_STEP][PASSED] - Statement - Else If (Status == "Pending-OPSApproval"): com.helper.commonfunct.commonutilities.gsopsApprove is PASSED

2018-07-06 14:06:02 - [TEST_STEP][PASSED] - Statement - If (OpsReject == false): com.helper.commonfunct.commonutilities.gsopsApprove is PASSED

2018-07-06 14:06:02 - [TEST_STEP][PASSED] - com.helper.commonfunct.commonutilities.login: com.helper.commonfunct.commonutilities.login is PASSED

2018-07-06 14:06:02 - [MESSAGE][WARNING] - A browser is already opened. Closing browser and opening a new one

2018-07-06 14:06:16 - [MESSAGE][PASSED] - Browser is opened with url: ''

2018-07-06 14:06:20 - [MESSAGE][PASSED] - Navigate to 'https://vdaqa.rpega.com:9030/daqa/PRServlet' successfully

2018-07-06 14:06:32 - [MESSAGE][PASSED] - Text 'pogoa@pegasystems.com' is set on object 'Object Repository/Generic/input_UserIdentifier'

2018-07-06 14:06:44 - [MESSAGE][PASSED] - Text 'install' is set on object 'Object Repository/Generic/input_Password'

2018-07-06 14:06:53 - [MESSAGE][PASSED] - Keys 'ENTER + ' sent to object: 'Object Repository/Generic/input_Password'

2018-07-06 14:06:53 - [MESSAGE][PASSED] - com.helper.commonfunct.commonutilities.login is PASSED

2018-07-06 14:06:53 - [TEST_STEP][PASSED] - com.helper.commonfunct.commonutilities.search: com.helper.commonfunct.commonutilities.search is PASSED

2018-07-06 14:06:57 - [MESSAGE][PASSED] - Current window maximized

2018-07-06 14:07:02 - [MESSAGE][PASSED] - Delayed 5 second(s)

2018-07-06 14:07:14 - [MESSAGE][PASSED] - Text 'ECR-06Jul2018-1' is set on object 'Object Repository/EngInfo/search'

2018-07-06 14:07:17 - [MESSAGE][PASSED] - Delayed 3 second(s)

2018-07-06 14:07:24 - [MESSAGE][PASSED] - Keys 'ENTER + ' sent to object: 'Object Repository/EngInfo/search'

2018-07-06 14:07:31 - [MESSAGE][WARNING] - No alert found after 3 second(s).
[[ATTACHMENT|C:\\DAUIAutomation\\Reports\\ECR\\20180706_134352\\1530900448118.png]]

2018-07-06 14:07:34 - [MESSAGE][PASSED] - Wait for page load successfully

2018-07-06 14:07:34 - [MESSAGE][PASSED] - com.helper.commonfunct.commonutilities.search is PASSED

2018-07-06 14:07:34 - [TEST_STEP][PASSED] - com.helper.commonfunct.commonutilities.gsopsApprove: com.helper.commonfunct.commonutilities.gsopsApprove is PASSED

2018-07-06 14:07:39 - [MESSAGE][PASSED] - Delayed 5 second(s)

2018-07-06 14:07:54 - [MESSAGE][PASSED] - Delayed 3 second(s)

2018-07-06 14:07:56 - [MESSAGE][PASSED] - Delayed 2 second(s)

2018-07-06 14:08:16 - [MESSAGE][PASSED] - Delayed 5 second(s)

2018-07-06 14:08:23 - [MESSAGE][PASSED] - Wait for page load successfully

2018-07-06 14:08:26 - [MESSAGE][PASSED] - Wait for page load successfully

2018-07-06 14:08:39 - [MESSAGE][PASSED] - Scroll to object 'Object Repository/Approve-Reject/APPROVE_BUTTON' successfully

2018-07-06 14:08:50 - [MESSAGE][PASSED] - Delayed 5 second(s)

2018-07-06 14:08:56 - [MESSAGE][PASSED] - Keys 'Software Testing' sent to object: 'Object Repository/Approve-Reject/APPROVE_REJECT_NOTES'

2018-07-06 14:09:01 - [MESSAGE][PASSED] - Delayed 5 second(s)

2018-07-06 14:09:11 - [MESSAGE][PASSED] - Wait for page load successfully

2018-07-06 14:09:11 - [MESSAGE][PASSED] - com.helper.commonfunct.commonutilities.gsopsApprove is PASSED

2018-07-06 14:09:11 - [TEST_STEP][PASSED] - com.helper.commonfunct.commonutilities.searchStatus: com.helper.commonfunct.commonutilities.searchStatus is PASSED

2018-07-06 14:09:14 - [MESSAGE][PASSED] - Wait for page load successfully

2018-07-06 14:09:34 - [MESSAGE][PASSED] - Delayed 2 second(s)

2018-07-06 14:09:42 - [MESSAGE][PASSED] - Delayed 2 second(s)

2018-07-06 14:09:54 - [MESSAGE][PASSED] - com.helper.commonfunct.commonutilities.searchStatus is PASSED

2018-07-06 14:09:54 - [TEST_STEP][PASSED] - Statement - Status = text: null

2018-07-06 14:09:57 - [TEST_STEP][PASSED] - Statement - println(Status): null

2018-07-06 14:09:57 - [TEST_STEP][PASSED] - Statement - If (Status == "Pending-RDApproval"): null

2018-07-06 14:09:57 - [TEST_STEP][PASSED] - Statement - Else If (Status == "Pending-RLApproval"): null

2018-07-06 14:09:57 - [TEST_STEP][PASSED] - Statement - Else If (Status == "Pending-RDDApproval"): null

2018-07-06 14:09:57 - [TEST_STEP][PASSED] - Statement - Else If (Status == "Pending-OPSApproval"): null

2018-07-06 14:09:57 - [TEST_STEP][PASSED] - Statement - Else If (Status == "Pending-ExpSvcApproval"): null

2018-07-06 14:09:57 - [TEST_STEP][PASSED] - Statement - Else If (Status == "Pending-DocUpdate"): null

2018-07-06 14:09:57 - [TEST_STEP][PASSED] - Statement - Else If (Status == "Pending-Contract"): null

2018-07-06 14:09:57 - [TEST_STEP][PASSED] - Statement - Else If (Status == "Pending-MeetingSchedule"): null

2018-07-06 14:09:57 - [TEST_STEP][PASSED] - Statement - Else If (Status == "Pending-RDDReview"): null

2018-07-06 14:09:57 - [TEST_STEP][PASSED] - Statement - Else If (Status == "Pending-OPSReview"): null

2018-07-06 14:09:57 - [TEST_STEP][PASSED] - Statement - Else If (Status == "Pending-ExpSvcReview"): null

2018-07-06 14:09:57 - [TEST_STEP][FAILED] - Statement - Else: Unable to verify image 'Object Repository/Generic/FRAME1' present (Root cause: com.kms.katalon.core.webui.exception.WebElementNotFoundException: Web element with id: 'Object Repository/Generic/FRAME1' located by 'By.xpath: //*[@id = 'PegaGadget1Ifr']' not found)

2018-07-06 14:09:57 - [TEST_STEP][PASSED] - com.helper.commonfunct.commonutilities.login: com.helper.commonfunct.commonutilities.login is PASSED

2018-07-06 14:09:57 - [MESSAGE][WARNING] - A browser is already opened. Closing browser and opening a new one

2018-07-06 14:10:11 - [MESSAGE][PASSED] - Browser is opened with url: ''

2018-07-06 14:10:15 - [MESSAGE][PASSED] - Navigate to 'https://vdaqa.rpega.com:9030/daqa/PRServlet' successfully

2018-07-06 14:10:27 - [MESSAGE][PASSED] - Text 'martw@pegasystems.com' is set on object 'Object Repository/Generic/input_UserIdentifier'

2018-07-06 14:10:39 - [MESSAGE][PASSED] - Text 'install' is set on object 'Object Repository/Generic/input_Password'

2018-07-06 14:10:47 - [MESSAGE][PASSED] - Keys 'ENTER + ' sent to object: 'Object Repository/Generic/input_Password'

2018-07-06 14:10:47 - [MESSAGE][PASSED] - com.helper.commonfunct.commonutilities.login is PASSED

2018-07-06 14:10:47 - [TEST_STEP][PASSED] - com.helper.commonfunct.commonutilities.search: com.helper.commonfunct.commonutilities.search is PASSED

2018-07-06 14:10:51 - [MESSAGE][PASSED] - Current window maximized

2018-07-06 14:10:56 - [MESSAGE][PASSED] - Delayed 5 second(s)

2018-07-06 14:11:08 - [MESSAGE][PASSED] - Text 'ECR-06Jul2018-1' is set on object 'Object Repository/EngInfo/search'

2018-07-06 14:11:11 - [MESSAGE][PASSED] - Delayed 3 second(s)

2018-07-06 14:11:18 - [MESSAGE][PASSED] - Keys 'ENTER + ' sent to object: 'Object Repository/EngInfo/search'

2018-07-06 14:11:24 - [MESSAGE][WARNING] - No alert found after 3 second(s).
[[ATTACHMENT|C:\\DAUIAutomation\\Reports\\ECR\\20180706_134352\\1530900681560.png]]

2018-07-06 14:11:27 - [MESSAGE][PASSED] - Wait for page load successfully

2018-07-06 14:11:27 - [MESSAGE][PASSED] - com.helper.commonfunct.commonutilities.search is PASSED

2018-07-06 14:11:27 - [TEST_STEP][FAILED] - com.helper.commonfunct.commonutilities.pendingClinic: Unable to verify image 'Object Repository/Generic/FRAME1' present (Root cause: com.kms.katalon.core.webui.exception.WebElementNotFoundException: Web element with id: 'Object Repository/Generic/FRAME1' located by 'By.xpath: //*[@id = 'PegaGadget1Ifr']' not found)

2018-07-06 14:11:44 - [MESSAGE][PASSED] - Delayed 7 second(s)

2018-07-06 14:11:50 - [MESSAGE][PASSED] - Wait for page load successfully

2018-07-06 14:12:00 - [MESSAGE][FAILED] - Unable to verify image 'Object Repository/Generic/FRAME1' present (Root cause: com.kms.katalon.core.webui.exception.WebElementNotFoundException: Web element with id: 'Object Repository/Generic/FRAME1' located by 'By.xpath: //*[@id = 'PegaGadget1Ifr']' not found)
[[ATTACHMENT|C:\\DAUIAutomation\\Reports\\ECR\\20180706_134352\\1530900717131.png]]

2018-07-06 14:12:00 - [MESSAGE][FAILED] - Unable to verify image 'Object Repository/Generic/FRAME1' present (Root cause: com.kms.katalon.core.webui.exception.WebElementNotFoundException: Web element with id: 'Object Repository/Generic/FRAME1' located by 'By.xpath: //*[@id = 'PegaGadget1Ifr']' not found)]]></system-out>
         <system-err><![CDATA[2018-07-06 13:43:58 - [TEST_CASE][FAILED] - Test Cases/ECR/TestCases/ECR_Create_Approve_DataDriven: Test Cases/ECR/TestCases/ECR_Create_Approve_DataDriven FAILED because (of) Unable to verify image 'Object Repository/Generic/FRAME1' present (Root cause: com.kms.katalon.core.webui.exception.WebElementNotFoundException: Web element with id: 'Object Repository/Generic/FRAME1' located by 'By.xpath: //*[@id = 'PegaGadget1Ifr']' not found)]]></system-err>
      </testcase>
      <system-out><![CDATA[2018-07-06 13:43:57 - [TEST_SUITE][FAILED] - ECR: Test Cases/ECR/TestCases/ECR_Create_Approve_DataDriven FAILED because (of) Unable to verify image 'Object Repository/Generic/FRAME1' present (Root cause: com.kms.katalon.core.webui.exception.WebElementNotFoundException: Web element with id: 'Object Repository/Generic/FRAME1' located by 'By.xpath: //*[@id = 'PegaGadget1Ifr']' not found)]]></system-out>
      <system-err><![CDATA[2018-07-06 13:43:57 - [TEST_SUITE][FAILED] - ECR: Test Cases/ECR/TestCases/ECR_Create_Approve_DataDriven FAILED because (of) Unable to verify image 'Object Repository/Generic/FRAME1' present (Root cause: com.kms.katalon.core.webui.exception.WebElementNotFoundException: Web element with id: 'Object Repository/Generic/FRAME1' located by 'By.xpath: //*[@id = 'PegaGadget1Ifr']' not found)]]></system-err>
   </testsuite>
</testsuites>
