<?xml version="1.0" encoding="UTF-8"?>
<testsuites name="Priage_Test_Suite" time="66" tests="0" failures="1" errors="0">
   <testsuite name="Priage_Test_Suite" tests="0" failures="1" errors="0" time="66" timestamp="2018-04-24 12:34:52" hostname="ranjs1 - L23967WIN.rpega.com" id="Test Suites/Priage_Test_Suite">
      <properties>
         <property name="deviceName" value=""/>
         <property name="devicePlatform" value=""/>
         <property name="logFolder" value="C:\\Users\\ranjs1\\git\\DAUIAutomation\\Reports\\Priage_Test_Suite\\20180424_123448"/>
         <property name="logFiles" value="C:\\Users\\ranjs1\\git\\DAUIAutomation\\Reports\\Priage_Test_Suite\\20180424_123448\\execution0.log"/>
         <property name="attachments" value=""/>
         <property name="hostName" value="ranjs1 - L23967WIN.rpega.com"/>
         <property name="os" value="Windows 10 64bit"/>
         <property name="katalonVersion" value="4.8.0.2"/>
         <property name="browser" value="Chrome 65.0.3325.181"/>
         <property name="hostAddress" value="10.224.202.225"/>
         <property name="sessionId" value="498ed7d01878b4615f2bcc8eedd80752"/>
         <property name="seleniumVersion" value="2.53.0"/>
         <property name="proxyInformation" value="ProxyInformation{proxyOption=NO_PROXY, proxyServerType=HTTP, password=, proxyServerAddress=, proxyServerPort=0}"/>
         <property name="platform" value="Windows 10"/>
      </properties>
      <testcase name="Test Cases/Priage/Create Priage" classname="Test Cases/Priage/Create Priage" status="FAILED">
         <failure type="FAILED" message="Unable to send keys '' to object 'Object Repository/PriageObjectRepository/Acc_Name' (Root cause: org.openqa.selenium.WebDriverException: chrome not reachable
  (Session info: chrome=65.0.3325.181)
  (Driver info: chromedriver=2.37.543627 (63642262d9fb93fb4ab52398be4286d844092a5e),platform=Windows NT 10.0.16299 x86_64) (WARNING: The server did not provide any stacktrace information)
Command duration or timeout: 4.02 seconds
Build info: version: '2.53.0', revision: '35ae25b', time: '2016-03-15 17:00:58'
System info: host: 'L23967WIN', ip: '10.224.202.225', os.name: 'Windows 10', os.arch: 'amd64', os.version: '10.0', java.version: '1.8.0_102'
Driver info: com.kms.katalon.selenium.driver.CChromeDriver
Capabilities [{applicationCacheEnabled=false, rotatable=false, mobileEmulationEnabled=false, networkConnectionEnabled=false, chrome={chromedriverVersion=2.37.543627 (63642262d9fb93fb4ab52398be4286d844092a5e), userDataDir=C:\Users\ranjs1\AppData\Local\Temp\scoped_dir16048_17254}, takesHeapSnapshot=true, pageLoadStrategy=normal, databaseEnabled=false, handlesAlerts=true, hasTouchScreen=false, version=65.0.3325.181, platform=XP, browserConnectionEnabled=false, nativeEvents=true, acceptSslCerts=false, acceptInsecureCerts=false, locationContextEnabled=true, webStorageEnabled=true, browserName=chrome, takesScreenshot=true, javascriptEnabled=true, cssSelectorsEnabled=true, setWindowRect=true, unexpectedAlertBehaviour=}]
Session ID: 498ed7d01878b4615f2bcc8eedd80752
*** Element info: {Using=xpath, value=//*[@id = 'PegaGadget1Ifr']})"/>
         <system-out><![CDATA[2018-04-24 12:34:52 - [TEST_CASE][FAILED] - Test Cases/Priage/Create Priage: Test Cases/Priage/Create Priage FAILED because (of) Unable to send keys '' to object 'Object Repository/PriageObjectRepository/Acc_Name' (Root cause: org.openqa.selenium.WebDriverException: chrome not reachable
  (Session info: chrome=65.0.3325.181)
  (Driver info: chromedriver=2.37.543627 (63642262d9fb93fb4ab52398be4286d844092a5e),platform=Windows NT 10.0.16299 x86_64) (WARNING: The server did not provide any stacktrace information)
Command duration or timeout: 4.02 seconds
Build info: version: '2.53.0', revision: '35ae25b', time: '2016-03-15 17:00:58'
System info: host: 'L23967WIN', ip: '10.224.202.225', os.name: 'Windows 10', os.arch: 'amd64', os.version: '10.0', java.version: '1.8.0_102'
Driver info: com.kms.katalon.selenium.driver.CChromeDriver
Capabilities [{applicationCacheEnabled=false, rotatable=false, mobileEmulationEnabled=false, networkConnectionEnabled=false, chrome={chromedriverVersion=2.37.543627 (63642262d9fb93fb4ab52398be4286d844092a5e), userDataDir=C:\Users\ranjs1\AppData\Local\Temp\scoped_dir16048_17254}, takesHeapSnapshot=true, pageLoadStrategy=normal, databaseEnabled=false, handlesAlerts=true, hasTouchScreen=false, version=65.0.3325.181, platform=XP, browserConnectionEnabled=false, nativeEvents=true, acceptSslCerts=false, acceptInsecureCerts=false, locationContextEnabled=true, webStorageEnabled=true, browserName=chrome, takesScreenshot=true, javascriptEnabled=true, cssSelectorsEnabled=true, setWindowRect=true, unexpectedAlertBehaviour=}]
Session ID: 498ed7d01878b4615f2bcc8eedd80752
*** Element info: {Using=xpath, value=//*[@id = 'PegaGadget1Ifr']})

2018-04-24 12:34:53 - [TEST_STEP][PASSED] - openBrowser: Browser is opened with url: 'https://vtcpfusionqa.rpega.com:9030/tcpfusionqa/PRServlet/'

2018-04-24 12:35:03 - [MESSAGE][PASSED] - Browser is opened with url: 'https://vtcpfusionqa.rpega.com:9030/tcpfusionqa/PRServlet/'

2018-04-24 12:35:03 - [TEST_STEP][PASSED] - maximizeWindow: Current window maximized

2018-04-24 12:35:04 - [MESSAGE][PASSED] - Current window maximized

2018-04-24 12:35:04 - [TEST_STEP][PASSED] - da.common.methods.CommonActionsInDA.loginDA: da.common.methods.CommonActionsInDA.loginDA is PASSED

2018-04-24 12:35:05 - [MESSAGE][PASSED] - Text 'fay_r@pegasystems.com' is set on object 'Object Repository/CommonDAObjectRepository/Page_Pega 7/input_UserIdentifier'

2018-04-24 12:35:05 - [MESSAGE][PASSED] - Text 'install' is set on object 'Object Repository/CommonDAObjectRepository/Page_Pega 7/input_Password'

2018-04-24 12:35:11 - [MESSAGE][PASSED] - Object: 'Object Repository/CommonDAObjectRepository/Page_Pega 7/button_pyActivityCode-Security' is clicked on

2018-04-24 12:35:21 - [MESSAGE][PASSED] - Delayed 10 second(s)

2018-04-24 12:35:21 - [MESSAGE][PASSED] - da.common.methods.CommonActionsInDA.loginDA is PASSED

2018-04-24 12:35:21 - [TEST_STEP][PASSED] - delay: Delayed 2 second(s)

2018-04-24 12:35:23 - [MESSAGE][PASSED] - Delayed 2 second(s)

2018-04-24 12:35:23 - [TEST_STEP][PASSED] - da.common.methods.CommonActionsInDA.createPriage: da.common.methods.CommonActionsInDA.createPriage is PASSED

2018-04-24 12:35:25 - [MESSAGE][PASSED] - Delayed 2 second(s)

2018-04-24 12:35:26 - [MESSAGE][PASSED] - Object: 'Object Repository/CommonDAObjectRepository/Page_Pega 7/New' is clicked on

2018-04-24 12:35:28 - [MESSAGE][PASSED] - Delayed 2 second(s)

2018-04-24 12:35:32 - [MESSAGE][PASSED] - Object: 'Object Repository/CommonDAObjectRepository/Page_Pega 7/PriageLink' is clicked on

2018-04-24 12:35:34 - [MESSAGE][PASSED] - Delayed 2 second(s)

2018-04-24 12:35:34 - [MESSAGE][PASSED] - da.common.methods.CommonActionsInDA.createPriage is PASSED

2018-04-24 12:35:34 - [TEST_STEP][PASSED] - Statement - x = com.kms.katalon.core.webui.keyword.WebUiBuiltInKeywords.getText(com.kms.katalon.core.testobject.ObjectRepository.findTestObject(CommonDAObjectRepository/Page_Pega 7/WOID)): Text of object 'Object Repository/CommonDAObjectRepository/Page_Pega 7/WOID' is: 'PRG-24Apr2018-1'

2018-04-24 12:35:35 - [MESSAGE][PASSED] - Text of object 'Object Repository/CommonDAObjectRepository/Page_Pega 7/WOID' is: 'PRG-24Apr2018-1'

2018-04-24 12:35:35 - [TEST_STEP][PASSED] - comment: PRG-24Apr2018-1

2018-04-24 12:35:35 - [TEST_STEP][PASSED] - delay: Delayed 2 second(s)

2018-04-24 12:35:37 - [MESSAGE][PASSED] - Delayed 2 second(s)

2018-04-24 12:35:37 - [TEST_STEP][FAILED] - da.priage.priageCommonActions.enterPriageEngagamentDetails: Unable to send keys '' to object 'Object Repository/PriageObjectRepository/Acc_Name' (Root cause: org.openqa.selenium.WebDriverException: chrome not reachable
  (Session info: chrome=65.0.3325.181)
  (Driver info: chromedriver=2.37.543627 (63642262d9fb93fb4ab52398be4286d844092a5e),platform=Windows NT 10.0.16299 x86_64) (WARNING: The server did not provide any stacktrace information)
Command duration or timeout: 4.02 seconds
Build info: version: '2.53.0', revision: '35ae25b', time: '2016-03-15 17:00:58'
System info: host: 'L23967WIN', ip: '10.224.202.225', os.name: 'Windows 10', os.arch: 'amd64', os.version: '10.0', java.version: '1.8.0_102'
Driver info: com.kms.katalon.selenium.driver.CChromeDriver
Capabilities [{applicationCacheEnabled=false, rotatable=false, mobileEmulationEnabled=false, networkConnectionEnabled=false, chrome={chromedriverVersion=2.37.543627 (63642262d9fb93fb4ab52398be4286d844092a5e), userDataDir=C:\Users\ranjs1\AppData\Local\Temp\scoped_dir16048_17254}, takesHeapSnapshot=true, pageLoadStrategy=normal, databaseEnabled=false, handlesAlerts=true, hasTouchScreen=false, version=65.0.3325.181, platform=XP, browserConnectionEnabled=false, nativeEvents=true, acceptSslCerts=false, acceptInsecureCerts=false, locationContextEnabled=true, webStorageEnabled=true, browserName=chrome, takesScreenshot=true, javascriptEnabled=true, cssSelectorsEnabled=true, setWindowRect=true, unexpectedAlertBehaviour=}]
Session ID: 498ed7d01878b4615f2bcc8eedd80752
*** Element info: {Using=xpath, value=//*[@id = 'PegaGadget1Ifr']})

2018-04-24 12:35:38 - [MESSAGE][PASSED] - Text 'BOFA' is set on object 'Object Repository/PriageObjectRepository/Org_Name'

2018-04-24 12:35:40 - [MESSAGE][PASSED] - Delayed 2 second(s)

2018-04-24 12:35:40 - [MESSAGE][PASSED] - Keys '' sent to object: 'Object Repository/PriageObjectRepository/Org_Name'

2018-04-24 12:35:44 - [MESSAGE][PASSED] - Delayed 4 second(s)

2018-04-24 12:35:44 - [MESSAGE][PASSED] - Text 'BOFA' is set on object 'Object Repository/PriageObjectRepository/Acc_Name'

2018-04-24 12:35:48 - [MESSAGE][PASSED] - Delayed 4 second(s)

2018-04-24 12:35:57 - [MESSAGE][WARNING] - Cannot take screenshot

2018-04-24 12:35:57 - [MESSAGE][FAILED] - Unable to send keys '' to object 'Object Repository/PriageObjectRepository/Acc_Name' (Root cause: org.openqa.selenium.WebDriverException: chrome not reachable
  (Session info: chrome=65.0.3325.181)
  (Driver info: chromedriver=2.37.543627 (63642262d9fb93fb4ab52398be4286d844092a5e),platform=Windows NT 10.0.16299 x86_64) (WARNING: The server did not provide any stacktrace information)
Command duration or timeout: 4.02 seconds
Build info: version: '2.53.0', revision: '35ae25b', time: '2016-03-15 17:00:58'
System info: host: 'L23967WIN', ip: '10.224.202.225', os.name: 'Windows 10', os.arch: 'amd64', os.version: '10.0', java.version: '1.8.0_102'
Driver info: com.kms.katalon.selenium.driver.CChromeDriver
Capabilities [{applicationCacheEnabled=false, rotatable=false, mobileEmulationEnabled=false, networkConnectionEnabled=false, chrome={chromedriverVersion=2.37.543627 (63642262d9fb93fb4ab52398be4286d844092a5e), userDataDir=C:\Users\ranjs1\AppData\Local\Temp\scoped_dir16048_17254}, takesHeapSnapshot=true, pageLoadStrategy=normal, databaseEnabled=false, handlesAlerts=true, hasTouchScreen=false, version=65.0.3325.181, platform=XP, browserConnectionEnabled=false, nativeEvents=true, acceptSslCerts=false, acceptInsecureCerts=false, locationContextEnabled=true, webStorageEnabled=true, browserName=chrome, takesScreenshot=true, javascriptEnabled=true, cssSelectorsEnabled=true, setWindowRect=true, unexpectedAlertBehaviour=}]
Session ID: 498ed7d01878b4615f2bcc8eedd80752
*** Element info: {Using=xpath, value=//*[@id = 'PegaGadget1Ifr']})

2018-04-24 12:35:57 - [MESSAGE][FAILED] - Unable to send keys '' to object 'Object Repository/PriageObjectRepository/Acc_Name' (Root cause: org.openqa.selenium.WebDriverException: chrome not reachable
  (Session info: chrome=65.0.3325.181)
  (Driver info: chromedriver=2.37.543627 (63642262d9fb93fb4ab52398be4286d844092a5e),platform=Windows NT 10.0.16299 x86_64) (WARNING: The server did not provide any stacktrace information)
Command duration or timeout: 4.02 seconds
Build info: version: '2.53.0', revision: '35ae25b', time: '2016-03-15 17:00:58'
System info: host: 'L23967WIN', ip: '10.224.202.225', os.name: 'Windows 10', os.arch: 'amd64', os.version: '10.0', java.version: '1.8.0_102'
Driver info: com.kms.katalon.selenium.driver.CChromeDriver
Capabilities [{applicationCacheEnabled=false, rotatable=false, mobileEmulationEnabled=false, networkConnectionEnabled=false, chrome={chromedriverVersion=2.37.543627 (63642262d9fb93fb4ab52398be4286d844092a5e), userDataDir=C:\Users\ranjs1\AppData\Local\Temp\scoped_dir16048_17254}, takesHeapSnapshot=true, pageLoadStrategy=normal, databaseEnabled=false, handlesAlerts=true, hasTouchScreen=false, version=65.0.3325.181, platform=XP, browserConnectionEnabled=false, nativeEvents=true, acceptSslCerts=false, acceptInsecureCerts=false, locationContextEnabled=true, webStorageEnabled=true, browserName=chrome, takesScreenshot=true, javascriptEnabled=true, cssSelectorsEnabled=true, setWindowRect=true, unexpectedAlertBehaviour=}]
Session ID: 498ed7d01878b4615f2bcc8eedd80752
*** Element info: {Using=xpath, value=//*[@id = 'PegaGadget1Ifr']})]]></system-out>
         <system-err><![CDATA[2018-04-24 12:34:52 - [TEST_CASE][FAILED] - Test Cases/Priage/Create Priage: Test Cases/Priage/Create Priage FAILED because (of) Unable to send keys '' to object 'Object Repository/PriageObjectRepository/Acc_Name' (Root cause: org.openqa.selenium.WebDriverException: chrome not reachable
  (Session info: chrome=65.0.3325.181)
  (Driver info: chromedriver=2.37.543627 (63642262d9fb93fb4ab52398be4286d844092a5e),platform=Windows NT 10.0.16299 x86_64) (WARNING: The server did not provide any stacktrace information)
Command duration or timeout: 4.02 seconds
Build info: version: '2.53.0', revision: '35ae25b', time: '2016-03-15 17:00:58'
System info: host: 'L23967WIN', ip: '10.224.202.225', os.name: 'Windows 10', os.arch: 'amd64', os.version: '10.0', java.version: '1.8.0_102'
Driver info: com.kms.katalon.selenium.driver.CChromeDriver
Capabilities [{applicationCacheEnabled=false, rotatable=false, mobileEmulationEnabled=false, networkConnectionEnabled=false, chrome={chromedriverVersion=2.37.543627 (63642262d9fb93fb4ab52398be4286d844092a5e), userDataDir=C:\Users\ranjs1\AppData\Local\Temp\scoped_dir16048_17254}, takesHeapSnapshot=true, pageLoadStrategy=normal, databaseEnabled=false, handlesAlerts=true, hasTouchScreen=false, version=65.0.3325.181, platform=XP, browserConnectionEnabled=false, nativeEvents=true, acceptSslCerts=false, acceptInsecureCerts=false, locationContextEnabled=true, webStorageEnabled=true, browserName=chrome, takesScreenshot=true, javascriptEnabled=true, cssSelectorsEnabled=true, setWindowRect=true, unexpectedAlertBehaviour=}]
Session ID: 498ed7d01878b4615f2bcc8eedd80752
*** Element info: {Using=xpath, value=//*[@id = 'PegaGadget1Ifr']})]]></system-err>
      </testcase>
      <system-out><![CDATA[2018-04-24 12:34:52 - [TEST_SUITE][FAILED] - Priage_Test_Suite: Test Cases/Priage/Create Priage FAILED because (of) Unable to send keys '' to object 'Object Repository/PriageObjectRepository/Acc_Name' (Root cause: org.openqa.selenium.WebDriverException: chrome not reachable
  (Session info: chrome=65.0.3325.181)
  (Driver info: chromedriver=2.37.543627 (63642262d9fb93fb4ab52398be4286d844092a5e),platform=Windows NT 10.0.16299 x86_64) (WARNING: The server did not provide any stacktrace information)
Command duration or timeout: 4.02 seconds
Build info: version: '2.53.0', revision: '35ae25b', time: '2016-03-15 17:00:58'
System info: host: 'L23967WIN', ip: '10.224.202.225', os.name: 'Windows 10', os.arch: 'amd64', os.version: '10.0', java.version: '1.8.0_102'
Driver info: com.kms.katalon.selenium.driver.CChromeDriver
Capabilities [{applicationCacheEnabled=false, rotatable=false, mobileEmulationEnabled=false, networkConnectionEnabled=false, chrome={chromedriverVersion=2.37.543627 (63642262d9fb93fb4ab52398be4286d844092a5e), userDataDir=C:\Users\ranjs1\AppData\Local\Temp\scoped_dir16048_17254}, takesHeapSnapshot=true, pageLoadStrategy=normal, databaseEnabled=false, handlesAlerts=true, hasTouchScreen=false, version=65.0.3325.181, platform=XP, browserConnectionEnabled=false, nativeEvents=true, acceptSslCerts=false, acceptInsecureCerts=false, locationContextEnabled=true, webStorageEnabled=true, browserName=chrome, takesScreenshot=true, javascriptEnabled=true, cssSelectorsEnabled=true, setWindowRect=true, unexpectedAlertBehaviour=}]
Session ID: 498ed7d01878b4615f2bcc8eedd80752
*** Element info: {Using=xpath, value=//*[@id = 'PegaGadget1Ifr']})]]></system-out>
      <system-err><![CDATA[2018-04-24 12:34:52 - [TEST_SUITE][FAILED] - Priage_Test_Suite: Test Cases/Priage/Create Priage FAILED because (of) Unable to send keys '' to object 'Object Repository/PriageObjectRepository/Acc_Name' (Root cause: org.openqa.selenium.WebDriverException: chrome not reachable
  (Session info: chrome=65.0.3325.181)
  (Driver info: chromedriver=2.37.543627 (63642262d9fb93fb4ab52398be4286d844092a5e),platform=Windows NT 10.0.16299 x86_64) (WARNING: The server did not provide any stacktrace information)
Command duration or timeout: 4.02 seconds
Build info: version: '2.53.0', revision: '35ae25b', time: '2016-03-15 17:00:58'
System info: host: 'L23967WIN', ip: '10.224.202.225', os.name: 'Windows 10', os.arch: 'amd64', os.version: '10.0', java.version: '1.8.0_102'
Driver info: com.kms.katalon.selenium.driver.CChromeDriver
Capabilities [{applicationCacheEnabled=false, rotatable=false, mobileEmulationEnabled=false, networkConnectionEnabled=false, chrome={chromedriverVersion=2.37.543627 (63642262d9fb93fb4ab52398be4286d844092a5e), userDataDir=C:\Users\ranjs1\AppData\Local\Temp\scoped_dir16048_17254}, takesHeapSnapshot=true, pageLoadStrategy=normal, databaseEnabled=false, handlesAlerts=true, hasTouchScreen=false, version=65.0.3325.181, platform=XP, browserConnectionEnabled=false, nativeEvents=true, acceptSslCerts=false, acceptInsecureCerts=false, locationContextEnabled=true, webStorageEnabled=true, browserName=chrome, takesScreenshot=true, javascriptEnabled=true, cssSelectorsEnabled=true, setWindowRect=true, unexpectedAlertBehaviour=}]
Session ID: 498ed7d01878b4615f2bcc8eedd80752
*** Element info: {Using=xpath, value=//*[@id = 'PegaGadget1Ifr']})]]></system-err>
   </testsuite>
</testsuites>
