<?xml version="1.0" encoding="UTF-8"?>
<testsuites name="ECR" time="1538" tests="1" failures="3" errors="1">
   <testsuite name="ECR" tests="1" failures="3" errors="1" time="1538" timestamp="2018-05-03 23:25:43" hostname="nipin - L22622WUS.rpega.com" id="Test Suites/ECR">
      <properties>
         <property name="deviceName" value=""/>
         <property name="devicePlatform" value=""/>
         <property name="logFolder" value="C:\\DAUIAutomation\\Reports\\ECR\\20180503_232538"/>
         <property name="logFiles" value="C:\\DAUIAutomation\\Reports\\ECR\\20180503_232538\\execution0.log"/>
         <property name="attachments" value="C:\\DAUIAutomation\\Reports\\ECR\\20180503_232538\\1525404555903.png, C:\\DAUIAutomation\\Reports\\ECR\\20180503_232538\\1525404752707.png, C:\\DAUIAutomation\\Reports\\ECR\\20180503_232538\\1525404878593.png, C:\\DAUIAutomation\\Reports\\ECR\\20180503_232538\\1525405002022.png, C:\\DAUIAutomation\\Reports\\ECR\\20180503_232538\\1525405103097.png, C:\\DAUIAutomation\\Reports\\ECR\\20180503_232538\\1525405220165.png, C:\\DAUIAutomation\\Reports\\ECR\\20180503_232538\\1525405335324.png, C:\\DAUIAutomation\\Reports\\ECR\\20180503_232538\\1525405598191.png, C:\\DAUIAutomation\\Reports\\ECR\\20180503_232538\\1525405653832.png, C:\\DAUIAutomation\\Reports\\ECR\\20180503_232538\\1525405708765.png, C:\\DAUIAutomation\\Reports\\ECR\\20180503_232538\\1525405752201.png, C:\\DAUIAutomation\\Reports\\ECR\\20180503_232538\\1525405815972.png"/>
         <property name="hostName" value="nipin - L22622WUS.rpega.com"/>
         <property name="os" value="Windows 7 64bit"/>
         <property name="katalonVersion" value="5.4.1.1"/>
         <property name="browser" value="Chrome 66.0.3359.117"/>
         <property name="hostAddress" value="10.2.203.36"/>
         <property name="sessionId" value="ac2efaf4dc8150663df2fd2980e12801"/>
         <property name="seleniumVersion" value="3.7.1"/>
         <property name="proxyInformation" value="ProxyInformation{proxyOption=NO_PROXY, proxyServerType=HTTP, password=, proxyServerAddress=, proxyServerPort=0}"/>
         <property name="platform" value="Windows 7"/>
      </properties>
      <testcase name="Test Cases/ECR/TestCases/ECR_Create_Approve_DataDriven" classname="Test Cases/ECR/TestCases/ECR_Create_Approve_DataDriven" status="PASSED">
         <system-out><![CDATA[2018-05-03 23:25:43 - [TEST_CASE][PASSED] - Test Cases/ECR/TestCases/ECR_Create_Approve_DataDriven: Test Cases/ECR/TestCases/ECR_Create_Approve_DataDriven

2018-05-03 23:25:46 - [TEST_STEP][PASSED] - com.helper.commonfunct.commonutilities.login: com.helper.commonfunct.commonutilities.login is PASSED

2018-05-03 23:25:55 - [MESSAGE][PASSED] - Browser is opened with url: ''

2018-05-03 23:25:57 - [MESSAGE][PASSED] - Navigate to 'https://vdaqa.rpega.com:9030/daqa/PRServlet' successfully

2018-05-03 23:26:01 - [MESSAGE][PASSED] - Text 'pogoa@pegasystems.com' is set on object 'Object Repository/Generic/input_UserIdentifier'

2018-05-03 23:26:06 - [MESSAGE][PASSED] - Text 'install' is set on object 'Object Repository/Generic/input_Password'

2018-05-03 23:26:12 - [MESSAGE][PASSED] - Keys 'ENTER + ' sent to object: 'Object Repository/Generic/input_Password'

2018-05-03 23:26:12 - [MESSAGE][PASSED] - com.helper.commonfunct.commonutilities.login is PASSED

2018-05-03 23:26:12 - [TEST_STEP][PASSED] - com.helper.commonfunct.commonutilities.CreateECR: com.helper.commonfunct.commonutilities.CreateECR is PASSED

2018-05-03 23:26:14 - [MESSAGE][PASSED] - Current window maximized

2018-05-03 23:26:16 - [MESSAGE][PASSED] - Delayed 2 second(s)

2018-05-03 23:26:18 - [MESSAGE][PASSED] - Object: 'Object Repository/Generic/New' is clicked on

2018-05-03 23:26:22 - [MESSAGE][PASSED] - Delayed 4 second(s)

2018-05-03 23:26:24 - [MESSAGE][PASSED] - Object: 'Object Repository/Generic/span_Bid Process' is clicked on

2018-05-03 23:26:28 - [MESSAGE][PASSED] - Delayed 4 second(s)

2018-05-03 23:26:31 - [MESSAGE][PASSED] - Object: 'Object Repository/ECR/Generic/WOTAB' is clicked on

2018-05-03 23:26:33 - [MESSAGE][PASSED] - Delayed 2 second(s)

2018-05-03 23:26:39 - [MESSAGE][PASSED] - Delayed 4 second(s)

2018-05-03 23:26:41 - [MESSAGE][PASSED] - Object: 'Object Repository/ECR/Generic/BID_TYPE' is clicked on

2018-05-03 23:26:42 - [MESSAGE][PASSED] - Object 'Object Repository/Generic/button_Import' is present

2018-05-03 23:26:47 - [MESSAGE][PASSED] - Delayed 5 second(s)

2018-05-03 23:26:50 - [MESSAGE][PASSED] - Object: 'Object Repository/Generic/button_Import' is clicked on

2018-05-03 23:26:52 - [MESSAGE][PASSED] - File 'C:\DAUIAutomation\Data Files\ECR\PCR_2.xlsm' sent to object: 'Object Repository/Generic/FilePath'

2018-05-03 23:26:57 - [MESSAGE][PASSED] - Delayed 5 second(s)

2018-05-03 23:26:59 - [MESSAGE][PASSED] - Scroll to object 'Object Repository/Generic/button_Submit' successfully

2018-05-03 23:27:02 - [MESSAGE][PASSED] - Object: 'Object Repository/Generic/button_Submit' is clicked on

2018-05-03 23:27:07 - [MESSAGE][PASSED] - Delayed 5 second(s)

2018-05-03 23:27:09 - [MESSAGE][PASSED] - Delayed 2 second(s)

2018-05-03 23:27:13 - [MESSAGE][PASSED] - Text 'FFTHRDBANK' is set on object 'Object Repository/Generic/ORG'

2018-05-03 23:27:18 - [MESSAGE][PASSED] - Delayed 5 second(s)

2018-05-03 23:27:20 - [MESSAGE][PASSED] - Keys 'TAB + ' sent to object: 'Object Repository/Generic/ORG'

2018-05-03 23:27:25 - [MESSAGE][PASSED] - Delayed 5 second(s)

2018-05-03 23:27:30 - [MESSAGE][PASSED] - Text 'CHFTB' is set on object 'Object Repository/Generic/ACC'

2018-05-03 23:27:35 - [MESSAGE][PASSED] - Delayed 5 second(s)

2018-05-03 23:27:37 - [MESSAGE][PASSED] - Keys 'TAB + ' sent to object: 'Object Repository/Generic/ACC'

2018-05-03 23:27:44 - [MESSAGE][PASSED] - Delayed 7 second(s)

2018-05-03 23:27:45 - [MESSAGE][PASSED] - Wait for page load successfully

2018-05-03 23:27:48 - [MESSAGE][WARNING] - Text 'The engagement you entered doesn't match' is not present on page 

2018-05-03 23:27:53 - [MESSAGE][PASSED] - Delayed 5 second(s)

2018-05-03 23:27:57 - [MESSAGE][PASSED] - Delayed 2 second(s)

2018-05-03 23:28:00 - [MESSAGE][PASSED] - Text of object 'Object Repository/ECR/Generic/LedBy' is: 'Pega Led'

2018-05-03 23:28:02 - [MESSAGE][PASSED] - Delayed 2 second(s)

2018-05-03 23:28:04 - [MESSAGE][PASSED] - Text of object 'Object Repository/ECR/Generic/ProjectType' is: 'Full Implementation'

2018-05-03 23:28:06 - [MESSAGE][PASSED] - Delayed 2 second(s)

2018-05-03 23:28:08 - [MESSAGE][PASSED] - Text of object 'Object Repository/ECR/Generic/LicenceNew' is: 'No'

2018-05-03 23:28:13 - [MESSAGE][PASSED] - Text 'CO-12' is set on object 'Object Repository/EngInfo/COID'

2018-05-03 23:28:15 - [MESSAGE][PASSED] - Delayed 2 second(s)

2018-05-03 23:28:19 - [MESSAGE][PASSED] - Delayed 2 second(s)

2018-05-03 23:28:23 - [MESSAGE][PASSED] - Delayed 2 second(s)

2018-05-03 23:28:27 - [MESSAGE][PASSED] - Delayed 2 second(s)

2018-05-03 23:28:29 - [MESSAGE][PASSED] - Keys 'Cambridge' sent to object: 'Object Repository/ECR/Generic/Location'

2018-05-03 23:28:34 - [MESSAGE][PASSED] - Delayed 5 second(s)

2018-05-03 23:28:37 - [MESSAGE][PASSED] - Text of object 'Object Repository/Generic/WOID' is: 'ECR-03May2018-9'

2018-05-03 23:28:44 - [MESSAGE][PASSED] - Delayed 5 second(s)

2018-05-03 23:28:46 - [MESSAGE][PASSED] - Scroll to object 'Object Repository/Generic/NEXT_BUTTON' successfully

2018-05-03 23:28:48 - [MESSAGE][PASSED] - Object: 'Object Repository/Generic/NEXT_BUTTON' is clicked on

2018-05-03 23:28:51 - [MESSAGE][PASSED] - Wait for page load successfully

2018-05-03 23:28:52 - [MESSAGE][PASSED] - Object 'Object Repository/ECR/Meeting/ClinicMeeting' is present

2018-05-03 23:28:57 - [MESSAGE][PASSED] - Text '05/05/2018' is set on object 'Object Repository/EngInfo/MeetingDate'

2018-05-03 23:29:02 - [MESSAGE][PASSED] - Delayed 5 second(s)

2018-05-03 23:29:06 - [MESSAGE][PASSED] - Text 'Software Testing' is set on object 'Object Repository/EngInfo/instruction'

2018-05-03 23:29:11 - [MESSAGE][PASSED] - Delayed 5 second(s)

2018-05-03 23:29:17 - [MESSAGE][FAILED] - Unable to set text '' of object 'Object Repository/EngInfo/AE' (Root cause: org.openqa.selenium.StaleElementReferenceException: stale element reference: element is not attached to the page document
  (Session info: chrome=66.0.3359.117)
  (Driver info: chromedriver=2.35.528161 (5b82f2d2aae0ca24b877009200ced9065a772e73),platform=Windows NT 6.1.7601 SP1 x86_64) (WARNING: The server did not provide any stacktrace information)
Command duration or timeout: 0 milliseconds
For documentation on this error, please visit: http://seleniumhq.org/exceptions/stale_element_reference.html
Build info: version: '3.7.1', revision: '8a0099a', time: '2017-11-06T21:07:36.161Z'
System info: host: 'L22622WUS', ip: '10.2.203.36', os.name: 'Windows 7', os.arch: 'amd64', os.version: '6.1', java.version: '1.8.0_102'
Driver info: com.kms.katalon.selenium.driver.CChromeDriver
Capabilities {acceptInsecureCerts: false, acceptSslCerts: false, applicationCacheEnabled: false, browserConnectionEnabled: false, browserName: chrome, chrome: {chromedriverVersion: 2.35.528161 (5b82f2d2aae0ca..., userDataDir: C:\Users\nipin\AppData\Loca...}, cssSelectorsEnabled: true, databaseEnabled: false, handlesAlerts: true, hasTouchScreen: false, javascriptEnabled: true, locationContextEnabled: true, mobileEmulationEnabled: false, nativeEvents: true, networkConnectionEnabled: false, pageLoadStrategy: normal, platform: XP, platformName: XP, rotatable: false, setWindowRect: true, takesHeapSnapshot: true, takesScreenshot: true, unexpectedAlertBehaviour: , unhandledPromptBehavior: , version: 66.0.3359.117, webStorageEnabled: true}
Session ID: 48bef5cf9888bfced04acf20f23f8607)
[[ATTACHMENT|C:\\DAUIAutomation\\Reports\\ECR\\20180503_232538\\1525404555903.png]]

2018-05-03 23:29:21 - [MESSAGE][PASSED] - Text '' is set on object 'Object Repository/EngInfo/AE'

2018-05-03 23:29:25 - [MESSAGE][PASSED] - Text 'Nagaveni Nipinale' is set on object 'Object Repository/EngInfo/AE'

2018-05-03 23:29:27 - [MESSAGE][PASSED] - Keys 'DOWN + ' sent to object: 'Object Repository/EngInfo/AE'

2018-05-03 23:29:29 - [MESSAGE][PASSED] - Delayed 2 second(s)

2018-05-03 23:29:32 - [MESSAGE][PASSED] - Object: 'Object Repository/ECR/Meeting/SelectHighlighted' is clicked on

2018-05-03 23:29:37 - [MESSAGE][PASSED] - Delayed 5 second(s)

2018-05-03 23:29:39 - [MESSAGE][PASSED] - Object: 'Object Repository/EngInfo/IsPegaMarketingYes' is clicked on

2018-05-03 23:29:44 - [MESSAGE][PASSED] - Delayed 5 second(s)

2018-05-03 23:29:46 - [MESSAGE][PASSED] - Object: 'Object Repository/EngInfo/IsPegaMobileYes' is clicked on

2018-05-03 23:29:51 - [MESSAGE][PASSED] - Delayed 5 second(s)

2018-05-03 23:29:56 - [MESSAGE][PASSED] - Delayed 5 second(s)

2018-05-03 23:29:58 - [MESSAGE][PASSED] - Scroll to object 'Object Repository/Generic/NEXT_BUTTON' successfully

2018-05-03 23:30:01 - [MESSAGE][PASSED] - Object: 'Object Repository/Generic/NEXT_BUTTON' is clicked on

2018-05-03 23:30:06 - [MESSAGE][PASSED] - Delayed 5 second(s)

2018-05-03 23:30:08 - [MESSAGE][PASSED] - Object: 'Object Repository/EngInfo/isCloudInitiativeYes' is clicked on

2018-05-03 23:30:10 - [MESSAGE][PASSED] - Scroll to object 'Object Repository/Generic/NEXT_BUTTON' successfully

2018-05-03 23:30:13 - [MESSAGE][PASSED] - Object: 'Object Repository/Generic/NEXT_BUTTON' is clicked on

2018-05-03 23:30:18 - [MESSAGE][PASSED] - Delayed 5 second(s)

2018-05-03 23:30:20 - [MESSAGE][PASSED] - Scroll to object 'Object Repository/Generic/FINISH_BUTTON' successfully

2018-05-03 23:30:22 - [MESSAGE][PASSED] - Object: 'Object Repository/Generic/FINISH_BUTTON' is clicked on

2018-05-03 23:30:27 - [MESSAGE][PASSED] - Delayed 5 second(s)

2018-05-03 23:30:29 - [MESSAGE][PASSED] - Object: 'Object Repository/EngInfo/Continue' is clicked on

2018-05-03 23:30:34 - [MESSAGE][PASSED] - Delayed 5 second(s)

2018-05-03 23:30:39 - [MESSAGE][PASSED] - Delayed 5 second(s)

2018-05-03 23:30:48 - [MESSAGE][PASSED] - Delayed 7 second(s)

2018-05-03 23:30:54 - [MESSAGE][PASSED] - Delayed 5 second(s)

2018-05-03 23:30:56 - [MESSAGE][PASSED] - Wait for page load successfully

2018-05-03 23:30:57 - [MESSAGE][PASSED] - Wait for page load successfully

2018-05-03 23:31:02 - [MESSAGE][PASSED] - Keys 'Software Testing' sent to object: 'Object Repository/ECR/Meeting/BSW_TEXT'

2018-05-03 23:31:07 - [MESSAGE][PASSED] - Delayed 5 second(s)

2018-05-03 23:31:17 - [MESSAGE][PASSED] - Keys 'Software Testing' sent to object: 'Object Repository/Approve-Reject/APPROVE_REJECT_NOTES'

2018-05-03 23:31:22 - [MESSAGE][PASSED] - Delayed 5 second(s)

2018-05-03 23:31:24 - [MESSAGE][PASSED] - Scroll to object 'Object Repository/Generic/SUBMIT' successfully

2018-05-03 23:31:31 - [MESSAGE][PASSED] - Delayed 5 second(s)

2018-05-03 23:31:31 - [MESSAGE][PASSED] - com.helper.commonfunct.commonutilities.CreateECR is PASSED

2018-05-03 23:31:31 - [TEST_STEP][PASSED] - com.helper.commonfunct.commonutilities.searchStatus: com.helper.commonfunct.commonutilities.searchStatus is PASSED

2018-05-03 23:31:32 - [MESSAGE][PASSED] - Wait for page load successfully

2018-05-03 23:31:35 - [MESSAGE][PASSED] - Delayed 2 second(s)

2018-05-03 23:31:42 - [MESSAGE][PASSED] - Delayed 5 second(s)

2018-05-03 23:31:48 - [MESSAGE][PASSED] - com.helper.commonfunct.commonutilities.searchStatus is PASSED

2018-05-03 23:31:48 - [TEST_STEP][PASSED] - Statement - While (WOSTATUS.contains("PENDING") && AssignmentList.size() > 0): com.helper.commonfunct.commonutilities.searchStatus is PASSED

2018-05-03 23:31:48 - [TEST_STEP][PASSED] - Statement - Status = text: null

2018-05-03 23:31:49 - [TEST_STEP][PASSED] - Statement - println(Status): null

2018-05-03 23:31:49 - [TEST_STEP][PASSED] - Statement - If (Status == "Pending-RDApproval"): com.helper.commonfunct.commonutilities.approve is PASSED

2018-05-03 23:31:49 - [TEST_STEP][PASSED] - Statement - If (RDReject == false): com.helper.commonfunct.commonutilities.approve is PASSED

2018-05-03 23:31:49 - [TEST_STEP][PASSED] - Statement - If (Meeting == true): com.helper.commonfunct.commonutilities.approve is PASSED

2018-05-03 23:31:49 - [TEST_STEP][PASSED] - com.helper.commonfunct.commonutilities.login: com.helper.commonfunct.commonutilities.login is PASSED

2018-05-03 23:31:49 - [MESSAGE][WARNING] - A browser is already opened. Closing browser and opening a new one

2018-05-03 23:31:56 - [MESSAGE][PASSED] - Browser is opened with url: ''

2018-05-03 23:31:58 - [MESSAGE][PASSED] - Navigate to 'https://vdaqa.rpega.com:9030/daqa/PRServlet' successfully

2018-05-03 23:32:02 - [MESSAGE][PASSED] - Text 'martw@pegasystems.com' is set on object 'Object Repository/Generic/input_UserIdentifier'

2018-05-03 23:32:07 - [MESSAGE][PASSED] - Text 'install' is set on object 'Object Repository/Generic/input_Password'

2018-05-03 23:32:12 - [MESSAGE][PASSED] - Keys 'ENTER + ' sent to object: 'Object Repository/Generic/input_Password'

2018-05-03 23:32:12 - [MESSAGE][PASSED] - com.helper.commonfunct.commonutilities.login is PASSED

2018-05-03 23:32:12 - [TEST_STEP][PASSED] - com.helper.commonfunct.commonutilities.search: com.helper.commonfunct.commonutilities.search is PASSED

2018-05-03 23:32:14 - [MESSAGE][PASSED] - Current window maximized

2018-05-03 23:32:19 - [MESSAGE][PASSED] - Delayed 5 second(s)

2018-05-03 23:32:24 - [MESSAGE][PASSED] - Text 'ECR-03May2018-9' is set on object 'Object Repository/EngInfo/search'

2018-05-03 23:32:27 - [MESSAGE][PASSED] - Delayed 3 second(s)

2018-05-03 23:32:29 - [MESSAGE][PASSED] - Keys 'ENTER + ' sent to object: 'Object Repository/EngInfo/search'

2018-05-03 23:32:34 - [MESSAGE][WARNING] - No alert found after 3 second(s).
[[ATTACHMENT|C:\\DAUIAutomation\\Reports\\ECR\\20180503_232538\\1525404752707.png]]

2018-05-03 23:32:35 - [MESSAGE][PASSED] - Wait for page load successfully

2018-05-03 23:32:35 - [MESSAGE][PASSED] - com.helper.commonfunct.commonutilities.search is PASSED

2018-05-03 23:32:35 - [TEST_STEP][PASSED] - com.helper.commonfunct.commonutilities.approve: com.helper.commonfunct.commonutilities.approve is PASSED

2018-05-03 23:32:40 - [MESSAGE][PASSED] - Delayed 5 second(s)

2018-05-03 23:32:50 - [MESSAGE][PASSED] - Delayed 7 second(s)

2018-05-03 23:32:56 - [MESSAGE][PASSED] - Delayed 5 second(s)

2018-05-03 23:32:58 - [MESSAGE][PASSED] - Wait for page load successfully

2018-05-03 23:32:59 - [MESSAGE][PASSED] - Wait for page load successfully

2018-05-03 23:33:04 - [MESSAGE][PASSED] - Delayed 5 second(s)

2018-05-03 23:33:11 - [MESSAGE][PASSED] - Delayed 5 second(s)

2018-05-03 23:33:14 - [MESSAGE][PASSED] - Scroll to object 'Object Repository/Approve-Reject/APPROVE_BUTTON' successfully

2018-05-03 23:33:21 - [MESSAGE][PASSED] - Delayed 5 second(s)

2018-05-03 23:33:23 - [MESSAGE][PASSED] - Keys 'Software Testing' sent to object: 'Object Repository/Approve-Reject/APPROVE_REJECT_NOTES'

2018-05-03 23:33:28 - [MESSAGE][PASSED] - Delayed 5 second(s)

2018-05-03 23:33:30 - [MESSAGE][PASSED] - Scroll to object 'Object Repository/Generic/SUBMIT' successfully

2018-05-03 23:33:33 - [MESSAGE][PASSED] - Object: 'Object Repository/Generic/SUBMIT' is clicked on

2018-05-03 23:33:34 - [MESSAGE][PASSED] - Wait for page load successfully

2018-05-03 23:33:34 - [MESSAGE][PASSED] - com.helper.commonfunct.commonutilities.approve is PASSED

2018-05-03 23:33:34 - [TEST_STEP][PASSED] - com.helper.commonfunct.commonutilities.searchStatus: com.helper.commonfunct.commonutilities.searchStatus is PASSED

2018-05-03 23:33:35 - [MESSAGE][PASSED] - Wait for page load successfully

2018-05-03 23:33:41 - [MESSAGE][PASSED] - Delayed 2 second(s)

2018-05-03 23:33:49 - [MESSAGE][PASSED] - Delayed 5 second(s)

2018-05-03 23:33:54 - [MESSAGE][PASSED] - com.helper.commonfunct.commonutilities.searchStatus is PASSED

2018-05-03 23:33:54 - [TEST_STEP][PASSED] - Statement - Status = text: null

2018-05-03 23:33:55 - [TEST_STEP][PASSED] - Statement - println(Status): null

2018-05-03 23:33:55 - [TEST_STEP][PASSED] - Statement - If (Status == "Pending-RDApproval"): com.helper.commonfunct.commonutilities.approve is PASSED

2018-05-03 23:33:55 - [TEST_STEP][PASSED] - Statement - If (RDD_Reject == false): com.helper.commonfunct.commonutilities.approve is PASSED

2018-05-03 23:33:55 - [TEST_STEP][PASSED] - com.helper.commonfunct.commonutilities.login: com.helper.commonfunct.commonutilities.login is PASSED

2018-05-03 23:33:55 - [MESSAGE][WARNING] - A browser is already opened. Closing browser and opening a new one

2018-05-03 23:34:03 - [MESSAGE][PASSED] - Browser is opened with url: ''

2018-05-03 23:34:04 - [MESSAGE][PASSED] - Navigate to 'https://vdaqa.rpega.com:9030/daqa/PRServlet' successfully

2018-05-03 23:34:09 - [MESSAGE][PASSED] - Text 'lachd@pegasystems.com' is set on object 'Object Repository/Generic/input_UserIdentifier'

2018-05-03 23:34:13 - [MESSAGE][PASSED] - Text 'install' is set on object 'Object Repository/Generic/input_Password'

2018-05-03 23:34:18 - [MESSAGE][PASSED] - Keys 'ENTER + ' sent to object: 'Object Repository/Generic/input_Password'

2018-05-03 23:34:18 - [MESSAGE][PASSED] - com.helper.commonfunct.commonutilities.login is PASSED

2018-05-03 23:34:18 - [TEST_STEP][PASSED] - com.helper.commonfunct.commonutilities.search: com.helper.commonfunct.commonutilities.search is PASSED

2018-05-03 23:34:20 - [MESSAGE][PASSED] - Current window maximized

2018-05-03 23:34:25 - [MESSAGE][PASSED] - Delayed 5 second(s)

2018-05-03 23:34:30 - [MESSAGE][PASSED] - Text 'ECR-03May2018-9' is set on object 'Object Repository/EngInfo/search'

2018-05-03 23:34:33 - [MESSAGE][PASSED] - Delayed 3 second(s)

2018-05-03 23:34:35 - [MESSAGE][PASSED] - Keys 'ENTER + ' sent to object: 'Object Repository/EngInfo/search'

2018-05-03 23:34:40 - [MESSAGE][WARNING] - No alert found after 3 second(s).
[[ATTACHMENT|C:\\DAUIAutomation\\Reports\\ECR\\20180503_232538\\1525404878593.png]]

2018-05-03 23:34:41 - [MESSAGE][PASSED] - Wait for page load successfully

2018-05-03 23:34:41 - [MESSAGE][PASSED] - com.helper.commonfunct.commonutilities.search is PASSED

2018-05-03 23:34:41 - [TEST_STEP][PASSED] - com.helper.commonfunct.commonutilities.approve: com.helper.commonfunct.commonutilities.approve is PASSED

2018-05-03 23:34:46 - [MESSAGE][PASSED] - Delayed 5 second(s)

2018-05-03 23:34:56 - [MESSAGE][PASSED] - Delayed 7 second(s)

2018-05-03 23:35:02 - [MESSAGE][PASSED] - Delayed 5 second(s)

2018-05-03 23:35:04 - [MESSAGE][PASSED] - Wait for page load successfully

2018-05-03 23:35:05 - [MESSAGE][PASSED] - Wait for page load successfully

2018-05-03 23:35:10 - [MESSAGE][PASSED] - Delayed 5 second(s)

2018-05-03 23:35:17 - [MESSAGE][PASSED] - Delayed 5 second(s)

2018-05-03 23:35:19 - [MESSAGE][PASSED] - Scroll to object 'Object Repository/Approve-Reject/APPROVE_BUTTON' successfully

2018-05-03 23:35:26 - [MESSAGE][PASSED] - Delayed 5 second(s)

2018-05-03 23:35:29 - [MESSAGE][PASSED] - Keys 'Software Testing' sent to object: 'Object Repository/Approve-Reject/APPROVE_REJECT_NOTES'

2018-05-03 23:35:34 - [MESSAGE][PASSED] - Delayed 5 second(s)

2018-05-03 23:35:36 - [MESSAGE][PASSED] - Scroll to object 'Object Repository/Generic/SUBMIT' successfully

2018-05-03 23:35:39 - [MESSAGE][PASSED] - Object: 'Object Repository/Generic/SUBMIT' is clicked on

2018-05-03 23:35:40 - [MESSAGE][PASSED] - Wait for page load successfully

2018-05-03 23:35:40 - [MESSAGE][PASSED] - com.helper.commonfunct.commonutilities.approve is PASSED

2018-05-03 23:35:40 - [TEST_STEP][PASSED] - com.helper.commonfunct.commonutilities.searchStatus: com.helper.commonfunct.commonutilities.searchStatus is PASSED

2018-05-03 23:35:41 - [MESSAGE][PASSED] - Wait for page load successfully

2018-05-03 23:35:44 - [MESSAGE][PASSED] - Delayed 2 second(s)

2018-05-03 23:35:52 - [MESSAGE][PASSED] - Delayed 5 second(s)

2018-05-03 23:35:57 - [MESSAGE][PASSED] - com.helper.commonfunct.commonutilities.searchStatus is PASSED

2018-05-03 23:35:57 - [TEST_STEP][PASSED] - Statement - Status = text: null

2018-05-03 23:35:58 - [TEST_STEP][PASSED] - Statement - println(Status): null

2018-05-03 23:35:58 - [TEST_STEP][PASSED] - Statement - If (Status == "Pending-RDApproval"): com.helper.commonfunct.commonutilities.scheduleMeeting is PASSED

2018-05-03 23:35:58 - [TEST_STEP][PASSED] - com.helper.commonfunct.commonutilities.login: com.helper.commonfunct.commonutilities.login is PASSED

2018-05-03 23:35:58 - [MESSAGE][WARNING] - A browser is already opened. Closing browser and opening a new one

2018-05-03 23:36:05 - [MESSAGE][PASSED] - Browser is opened with url: ''

2018-05-03 23:36:07 - [MESSAGE][PASSED] - Navigate to 'https://vdaqa.rpega.com:9030/daqa/PRServlet' successfully

2018-05-03 23:36:11 - [MESSAGE][PASSED] - Text 'diazz@pegasystems.com' is set on object 'Object Repository/Generic/input_UserIdentifier'

2018-05-03 23:36:16 - [MESSAGE][PASSED] - Text 'install' is set on object 'Object Repository/Generic/input_Password'

2018-05-03 23:36:21 - [MESSAGE][PASSED] - Keys 'ENTER + ' sent to object: 'Object Repository/Generic/input_Password'

2018-05-03 23:36:21 - [MESSAGE][PASSED] - com.helper.commonfunct.commonutilities.login is PASSED

2018-05-03 23:36:21 - [TEST_STEP][PASSED] - com.helper.commonfunct.commonutilities.search: com.helper.commonfunct.commonutilities.search is PASSED

2018-05-03 23:36:23 - [MESSAGE][PASSED] - Current window maximized

2018-05-03 23:36:28 - [MESSAGE][PASSED] - Delayed 5 second(s)

2018-05-03 23:36:32 - [MESSAGE][PASSED] - Text 'ECR-03May2018-9' is set on object 'Object Repository/EngInfo/search'

2018-05-03 23:36:35 - [MESSAGE][PASSED] - Delayed 3 second(s)

2018-05-03 23:36:38 - [MESSAGE][PASSED] - Keys 'ENTER + ' sent to object: 'Object Repository/EngInfo/search'

2018-05-03 23:36:43 - [MESSAGE][WARNING] - No alert found after 3 second(s).
[[ATTACHMENT|C:\\DAUIAutomation\\Reports\\ECR\\20180503_232538\\1525405002022.png]]

2018-05-03 23:36:44 - [MESSAGE][PASSED] - Wait for page load successfully

2018-05-03 23:36:44 - [MESSAGE][PASSED] - com.helper.commonfunct.commonutilities.search is PASSED

2018-05-03 23:36:44 - [TEST_STEP][PASSED] - com.helper.commonfunct.commonutilities.scheduleMeeting: com.helper.commonfunct.commonutilities.scheduleMeeting is PASSED

2018-05-03 23:36:54 - [MESSAGE][PASSED] - Delayed 7 second(s)

2018-05-03 23:37:00 - [MESSAGE][PASSED] - Delayed 5 second(s)

2018-05-03 23:37:03 - [MESSAGE][PASSED] - Wait for page load successfully

2018-05-03 23:37:04 - [MESSAGE][PASSED] - Wait for page load successfully

2018-05-03 23:37:13 - [MESSAGE][PASSED] - Text 'Cambridge' is set on object 'Object Repository/ECR/Meeting/location'

2018-05-03 23:37:15 - [MESSAGE][PASSED] - Delayed 2 second(s)

2018-05-03 23:37:17 - [MESSAGE][PASSED] - Scroll to object 'Object Repository/Generic/SUBMIT' successfully

2018-05-03 23:37:20 - [MESSAGE][PASSED] - Wait for page load successfully

2018-05-03 23:37:20 - [MESSAGE][PASSED] - com.helper.commonfunct.commonutilities.scheduleMeeting is PASSED

2018-05-03 23:37:20 - [TEST_STEP][PASSED] - com.helper.commonfunct.commonutilities.searchStatus: com.helper.commonfunct.commonutilities.searchStatus is PASSED

2018-05-03 23:37:21 - [MESSAGE][PASSED] - Wait for page load successfully

2018-05-03 23:37:27 - [MESSAGE][PASSED] - Delayed 2 second(s)

2018-05-03 23:37:33 - [MESSAGE][PASSED] - Delayed 5 second(s)

2018-05-03 23:37:38 - [MESSAGE][PASSED] - com.helper.commonfunct.commonutilities.searchStatus is PASSED

2018-05-03 23:37:38 - [TEST_STEP][PASSED] - Statement - Status = text: null

2018-05-03 23:37:39 - [TEST_STEP][PASSED] - Statement - println(Status): null

2018-05-03 23:37:39 - [TEST_STEP][PASSED] - Statement - If (Status == "Pending-RDApproval"): com.helper.commonfunct.commonutilities.gsopsApprove is PASSED

2018-05-03 23:37:39 - [TEST_STEP][PASSED] - Statement - If (OpsReject == false): com.helper.commonfunct.commonutilities.gsopsApprove is PASSED

2018-05-03 23:37:39 - [TEST_STEP][PASSED] - com.helper.commonfunct.commonutilities.login: com.helper.commonfunct.commonutilities.login is PASSED

2018-05-03 23:37:39 - [MESSAGE][WARNING] - A browser is already opened. Closing browser and opening a new one

2018-05-03 23:37:47 - [MESSAGE][PASSED] - Browser is opened with url: ''

2018-05-03 23:37:48 - [MESSAGE][PASSED] - Navigate to 'https://vdaqa.rpega.com:9030/daqa/PRServlet' successfully

2018-05-03 23:37:53 - [MESSAGE][PASSED] - Text 'pogoa@pegasystems.com' is set on object 'Object Repository/Generic/input_UserIdentifier'

2018-05-03 23:37:57 - [MESSAGE][PASSED] - Text 'install' is set on object 'Object Repository/Generic/input_Password'

2018-05-03 23:38:02 - [MESSAGE][PASSED] - Keys 'ENTER + ' sent to object: 'Object Repository/Generic/input_Password'

2018-05-03 23:38:02 - [MESSAGE][PASSED] - com.helper.commonfunct.commonutilities.login is PASSED

2018-05-03 23:38:02 - [TEST_STEP][PASSED] - com.helper.commonfunct.commonutilities.search: com.helper.commonfunct.commonutilities.search is PASSED

2018-05-03 23:38:04 - [MESSAGE][PASSED] - Current window maximized

2018-05-03 23:38:09 - [MESSAGE][PASSED] - Delayed 5 second(s)

2018-05-03 23:38:14 - [MESSAGE][PASSED] - Text 'ECR-03May2018-9' is set on object 'Object Repository/EngInfo/search'

2018-05-03 23:38:17 - [MESSAGE][PASSED] - Delayed 3 second(s)

2018-05-03 23:38:19 - [MESSAGE][PASSED] - Keys 'ENTER + ' sent to object: 'Object Repository/EngInfo/search'

2018-05-03 23:38:24 - [MESSAGE][WARNING] - No alert found after 3 second(s).
[[ATTACHMENT|C:\\DAUIAutomation\\Reports\\ECR\\20180503_232538\\1525405103097.png]]

2018-05-03 23:38:25 - [MESSAGE][PASSED] - Wait for page load successfully

2018-05-03 23:38:25 - [MESSAGE][PASSED] - com.helper.commonfunct.commonutilities.search is PASSED

2018-05-03 23:38:25 - [TEST_STEP][PASSED] - com.helper.commonfunct.commonutilities.gsopsApprove: com.helper.commonfunct.commonutilities.gsopsApprove is PASSED

2018-05-03 23:38:30 - [MESSAGE][PASSED] - Delayed 5 second(s)

2018-05-03 23:38:37 - [MESSAGE][PASSED] - Delayed 3 second(s)

2018-05-03 23:38:39 - [MESSAGE][PASSED] - Delayed 2 second(s)

2018-05-03 23:38:49 - [MESSAGE][PASSED] - Delayed 5 second(s)

2018-05-03 23:38:52 - [MESSAGE][PASSED] - Wait for page load successfully

2018-05-03 23:38:54 - [MESSAGE][PASSED] - Wait for page load successfully

2018-05-03 23:38:58 - [MESSAGE][PASSED] - Scroll to object 'Object Repository/Approve-Reject/APPROVE_BUTTON' successfully

2018-05-03 23:39:05 - [MESSAGE][PASSED] - Delayed 5 second(s)

2018-05-03 23:39:08 - [MESSAGE][PASSED] - Keys 'Software Testing' sent to object: 'Object Repository/Approve-Reject/APPROVE_REJECT_NOTES'

2018-05-03 23:39:13 - [MESSAGE][PASSED] - Delayed 5 second(s)

2018-05-03 23:39:16 - [MESSAGE][PASSED] - Wait for page load successfully

2018-05-03 23:39:16 - [MESSAGE][PASSED] - com.helper.commonfunct.commonutilities.gsopsApprove is PASSED

2018-05-03 23:39:16 - [TEST_STEP][PASSED] - com.helper.commonfunct.commonutilities.searchStatus: com.helper.commonfunct.commonutilities.searchStatus is PASSED

2018-05-03 23:39:17 - [MESSAGE][PASSED] - Wait for page load successfully

2018-05-03 23:39:25 - [MESSAGE][PASSED] - Delayed 2 second(s)

2018-05-03 23:39:31 - [MESSAGE][PASSED] - Delayed 5 second(s)

2018-05-03 23:39:36 - [MESSAGE][PASSED] - com.helper.commonfunct.commonutilities.searchStatus is PASSED

2018-05-03 23:39:36 - [TEST_STEP][PASSED] - Statement - Status = text: null

2018-05-03 23:39:37 - [TEST_STEP][PASSED] - Statement - println(Status): null

2018-05-03 23:39:37 - [TEST_STEP][PASSED] - Statement - If (Status == "Pending-RDApproval"): com.helper.commonfunct.commonutilities.pendingClinic is PASSED

2018-05-03 23:39:37 - [TEST_STEP][PASSED] - com.helper.commonfunct.commonutilities.login: com.helper.commonfunct.commonutilities.login is PASSED

2018-05-03 23:39:37 - [MESSAGE][WARNING] - A browser is already opened. Closing browser and opening a new one

2018-05-03 23:39:45 - [MESSAGE][PASSED] - Browser is opened with url: ''

2018-05-03 23:39:46 - [MESSAGE][PASSED] - Navigate to 'https://vdaqa.rpega.com:9030/daqa/PRServlet' successfully

2018-05-03 23:39:50 - [MESSAGE][PASSED] - Text 'martw@pegasystems.com' is set on object 'Object Repository/Generic/input_UserIdentifier'

2018-05-03 23:39:55 - [MESSAGE][PASSED] - Text 'install' is set on object 'Object Repository/Generic/input_Password'

2018-05-03 23:40:00 - [MESSAGE][PASSED] - Keys 'ENTER + ' sent to object: 'Object Repository/Generic/input_Password'

2018-05-03 23:40:00 - [MESSAGE][PASSED] - com.helper.commonfunct.commonutilities.login is PASSED

2018-05-03 23:40:00 - [TEST_STEP][PASSED] - com.helper.commonfunct.commonutilities.search: com.helper.commonfunct.commonutilities.search is PASSED

2018-05-03 23:40:02 - [MESSAGE][PASSED] - Current window maximized

2018-05-03 23:40:07 - [MESSAGE][PASSED] - Delayed 5 second(s)

2018-05-03 23:40:11 - [MESSAGE][PASSED] - Text 'ECR-03May2018-9' is set on object 'Object Repository/EngInfo/search'

2018-05-03 23:40:14 - [MESSAGE][PASSED] - Delayed 3 second(s)

2018-05-03 23:40:17 - [MESSAGE][PASSED] - Keys 'ENTER + ' sent to object: 'Object Repository/EngInfo/search'

2018-05-03 23:40:21 - [MESSAGE][WARNING] - No alert found after 3 second(s).
[[ATTACHMENT|C:\\DAUIAutomation\\Reports\\ECR\\20180503_232538\\1525405220165.png]]

2018-05-03 23:40:22 - [MESSAGE][PASSED] - Wait for page load successfully

2018-05-03 23:40:22 - [MESSAGE][PASSED] - com.helper.commonfunct.commonutilities.search is PASSED

2018-05-03 23:40:22 - [TEST_STEP][PASSED] - com.helper.commonfunct.commonutilities.pendingClinic: com.helper.commonfunct.commonutilities.pendingClinic is PASSED

2018-05-03 23:40:32 - [MESSAGE][PASSED] - Delayed 7 second(s)

2018-05-03 23:40:38 - [MESSAGE][PASSED] - Delayed 5 second(s)

2018-05-03 23:40:41 - [MESSAGE][PASSED] - Wait for page load successfully

2018-05-03 23:40:43 - [MESSAGE][PASSED] - Wait for page load successfully

2018-05-03 23:40:47 - [MESSAGE][PASSED] - Object: 'Object Repository/ECR/Meeting/CLINIC_OUTCOME' is clicked on

2018-05-03 23:40:52 - [MESSAGE][PASSED] - Delayed 5 second(s)

2018-05-03 23:40:57 - [MESSAGE][PASSED] - Text 'Software Testing' is set on object 'Object Repository/ECR/Meeting/OUTCOME_NOTES'

2018-05-03 23:41:02 - [MESSAGE][PASSED] - Delayed 5 second(s)

2018-05-03 23:41:04 - [MESSAGE][PASSED] - Scroll to object 'Object Repository/Generic/SUBMIT' successfully

2018-05-03 23:41:07 - [MESSAGE][PASSED] - Wait for page load successfully

2018-05-03 23:41:07 - [MESSAGE][PASSED] - com.helper.commonfunct.commonutilities.pendingClinic is PASSED

2018-05-03 23:41:07 - [TEST_STEP][PASSED] - com.helper.commonfunct.commonutilities.searchStatus: com.helper.commonfunct.commonutilities.searchStatus is PASSED

2018-05-03 23:41:08 - [MESSAGE][PASSED] - Wait for page load successfully

2018-05-03 23:41:20 - [MESSAGE][PASSED] - Delayed 2 second(s)

2018-05-03 23:41:26 - [MESSAGE][PASSED] - Delayed 5 second(s)

2018-05-03 23:41:32 - [MESSAGE][PASSED] - com.helper.commonfunct.commonutilities.searchStatus is PASSED

2018-05-03 23:41:32 - [TEST_STEP][PASSED] - Statement - Status = text: null

2018-05-03 23:41:33 - [TEST_STEP][PASSED] - Statement - println(Status): null

2018-05-03 23:41:33 - [TEST_STEP][PASSED] - Statement - If (Status == "Pending-RDApproval"): null

2018-05-03 23:41:33 - [TEST_STEP][PASSED] - com.helper.commonfunct.commonutilities.login: com.helper.commonfunct.commonutilities.login is PASSED

2018-05-03 23:41:33 - [MESSAGE][WARNING] - A browser is already opened. Closing browser and opening a new one

2018-05-03 23:41:40 - [MESSAGE][PASSED] - Browser is opened with url: ''

2018-05-03 23:41:42 - [MESSAGE][PASSED] - Navigate to 'https://vdaqa.rpega.com:9030/daqa/PRServlet' successfully

2018-05-03 23:41:46 - [MESSAGE][PASSED] - Text 'hendj@pegasystems.com' is set on object 'Object Repository/Generic/input_UserIdentifier'

2018-05-03 23:41:50 - [MESSAGE][PASSED] - Text 'install' is set on object 'Object Repository/Generic/input_Password'

2018-05-03 23:41:55 - [MESSAGE][PASSED] - Keys 'ENTER + ' sent to object: 'Object Repository/Generic/input_Password'

2018-05-03 23:41:55 - [MESSAGE][PASSED] - com.helper.commonfunct.commonutilities.login is PASSED

2018-05-03 23:41:55 - [TEST_STEP][PASSED] - com.helper.commonfunct.commonutilities.search: com.helper.commonfunct.commonutilities.search is PASSED

2018-05-03 23:41:57 - [MESSAGE][PASSED] - Current window maximized

2018-05-03 23:42:02 - [MESSAGE][PASSED] - Delayed 5 second(s)

2018-05-03 23:42:07 - [MESSAGE][PASSED] - Text 'ECR-03May2018-9' is set on object 'Object Repository/EngInfo/search'

2018-05-03 23:42:10 - [MESSAGE][PASSED] - Delayed 3 second(s)

2018-05-03 23:42:12 - [MESSAGE][PASSED] - Keys 'ENTER + ' sent to object: 'Object Repository/EngInfo/search'

2018-05-03 23:42:16 - [MESSAGE][WARNING] - No alert found after 3 second(s).
[[ATTACHMENT|C:\\DAUIAutomation\\Reports\\ECR\\20180503_232538\\1525405335324.png]]

2018-05-03 23:42:17 - [MESSAGE][PASSED] - Wait for page load successfully

2018-05-03 23:42:17 - [MESSAGE][PASSED] - com.helper.commonfunct.commonutilities.search is PASSED

2018-05-03 23:42:17 - [TEST_STEP][PASSED] - com.helper.commonfunct.commonutilities.ContractDisposition: com.helper.commonfunct.commonutilities.ContractDisposition is PASSED

2018-05-03 23:42:28 - [MESSAGE][PASSED] - Delayed 7 second(s)

2018-05-03 23:42:34 - [MESSAGE][PASSED] - Delayed 5 second(s)

2018-05-03 23:42:41 - [MESSAGE][PASSED] - Wait for page load successfully

2018-05-03 23:42:42 - [MESSAGE][PASSED] - Wait for page load successfully

2018-05-03 23:42:47 - [MESSAGE][PASSED] - Delayed 5 second(s)

2018-05-03 23:42:57 - [MESSAGE][PASSED] - Object: 'Object Repository/Approve-Reject/createContract' is clicked on

2018-05-03 23:42:59 - [MESSAGE][PASSED] - Delayed 2 second(s)

2018-05-03 23:43:06 - [MESSAGE][PASSED] - Object: 'Object Repository/Approve-Reject/createContract' is clicked on

2018-05-03 23:43:10 - [MESSAGE][PASSED] - Text 'Software Testing' is set on object 'Object Repository/Approve-Reject/contractNotes'

2018-05-03 23:43:15 - [MESSAGE][PASSED] - Delayed 5 second(s)

2018-05-03 23:43:17 - [MESSAGE][PASSED] - Scroll to object 'Object Repository/Generic/SUBMIT' successfully

2018-05-03 23:43:24 - [MESSAGE][PASSED] - Delayed 5 second(s)

2018-05-03 23:43:29 - [MESSAGE][PASSED] - Wait for page load successfully

2018-05-03 23:43:37 - [MESSAGE][PASSED] - Delayed 7 second(s)

2018-05-03 23:43:43 - [MESSAGE][PASSED] - Delayed 5 second(s)

2018-05-03 23:43:50 - [MESSAGE][PASSED] - Wait for page load successfully

2018-05-03 23:43:51 - [MESSAGE][PASSED] - Wait for page load successfully

2018-05-03 23:44:01 - [MESSAGE][PASSED] - Object: 'Object Repository/Approve-Reject/dispositionOption' is clicked on

2018-05-03 23:44:06 - [MESSAGE][PASSED] - Delayed 5 second(s)

2018-05-03 23:44:10 - [MESSAGE][PASSED] - Text 'Software Testing' is set on object 'Object Repository/Approve-Reject/disposition_comments'

2018-05-03 23:44:15 - [MESSAGE][PASSED] - Delayed 5 second(s)

2018-05-03 23:44:17 - [MESSAGE][PASSED] - Scroll to object 'Object Repository/Generic/SUBMIT' successfully

2018-05-03 23:44:24 - [MESSAGE][PASSED] - Delayed 5 second(s)

2018-05-03 23:44:24 - [MESSAGE][PASSED] - com.helper.commonfunct.commonutilities.ContractDisposition is PASSED

2018-05-03 23:44:24 - [TEST_STEP][PASSED] - com.helper.commonfunct.commonutilities.readWO: com.helper.commonfunct.commonutilities.readWO is PASSED

2018-05-03 23:44:26 - [MESSAGE][PASSED] - Delayed 2 second(s)

2018-05-03 23:44:34 - [MESSAGE][PASSED] - Object: 'Object Repository/ECR/Generic/WO/EngTab' is clicked on

2018-05-03 23:44:36 - [MESSAGE][PASSED] - Delayed 2 second(s)

2018-05-03 23:44:38 - [MESSAGE][PASSED] - Text of object 'Object Repository/ECR/Generic/WO/ENGID' is: 'P001933'

2018-05-03 23:44:40 - [MESSAGE][PASSED] - Delayed 2 second(s)

2018-05-03 23:44:42 - [MESSAGE][PASSED] - Text of object 'Object Repository/ECR/Generic/WO/PROJID' is: 'P001933-002'

2018-05-03 23:44:44 - [MESSAGE][PASSED] - Delayed 2 second(s)

2018-05-03 23:44:46 - [MESSAGE][PASSED] - Delayed 2 second(s)

2018-05-03 23:44:53 - [MESSAGE][PASSED] - Object: 'Object Repository/ECR/Generic/WO/CRTab' is clicked on

2018-05-03 23:44:55 - [MESSAGE][PASSED] - Delayed 2 second(s)

2018-05-03 23:44:57 - [MESSAGE][PASSED] - Text of object 'Object Repository/ECR/Generic/WO/CRID' is: 'CR-44773'

2018-05-03 23:44:59 - [MESSAGE][PASSED] - Delayed 2 second(s)

2018-05-03 23:44:59 - [MESSAGE][PASSED] - com.helper.commonfunct.commonutilities.readWO is PASSED

2018-05-03 23:44:59 - [TEST_STEP][PASSED] - Statement - WOSTATUS == "Resolved-won": null

2018-05-03 23:44:59 - [TEST_STEP][PASSED] - com.helper.commonfunct.commonutilities.searchStatus: com.helper.commonfunct.commonutilities.searchStatus is PASSED

2018-05-03 23:45:00 - [MESSAGE][PASSED] - Wait for page load successfully

2018-05-03 23:45:33 - [MESSAGE][PASSED] - Delayed 2 second(s)

2018-05-03 23:45:38 - [MESSAGE][PASSED] - Delayed 5 second(s)

2018-05-03 23:45:43 - [MESSAGE][PASSED] - com.helper.commonfunct.commonutilities.searchStatus is PASSED]]></system-out>
         <system-err><![CDATA[]]></system-err>
      </testcase>
      <testcase name="Test Cases/ECR/TestCases/TC_ECR_Create_Approve" classname="Test Cases/ECR/TestCases/TC_ECR_Create_Approve" status="FAILED">
         <failure type="FAILED" message="Unable to click on object 'Object Repository/Generic/New' (Root cause: com.kms.katalon.core.webui.exception.WebElementNotFoundException: Web element with id: 'Object Repository/Generic/New' located by 'By.xpath: //a[@class='menu-item-anchor menu-item-expand']' not found)"/>
         <system-out><![CDATA[2018-05-03 23:45:43 - [TEST_CASE][FAILED] - Test Cases/ECR/TestCases/TC_ECR_Create_Approve: Test Cases/ECR/TestCases/TC_ECR_Create_Approve FAILED because (of) Unable to click on object 'Object Repository/Generic/New' (Root cause: com.kms.katalon.core.webui.exception.WebElementNotFoundException: Web element with id: 'Object Repository/Generic/New' located by 'By.xpath: //a[@class='menu-item-anchor menu-item-expand']' not found)

2018-05-03 23:45:44 - [TEST_STEP][FAILED] - callTestCase: Unable to call Test Case with id 'Test Cases/ECR/Create_Approve_Reject/ECR_Create' (Root cause: Call Test Case 'Test Cases/ECR/Create_Approve_Reject/ECR_Create' failed)

2018-05-03 23:45:44 - [TEST_CASE][FAILED] - Test Cases/ECR/Create_Approve_Reject/ECR_Create: Test Cases/ECR/Create_Approve_Reject/ECR_Create FAILED because (of) Unable to click on object 'Object Repository/Generic/New' (Root cause: com.kms.katalon.core.webui.exception.WebElementNotFoundException: Web element with id: 'Object Repository/Generic/New' located by 'By.xpath: //a[@class='menu-item-anchor menu-item-expand']' not found)

2018-05-03 23:45:44 - [TEST_STEP][PASSED] - com.helper.commonfunct.commonutilities.login: com.helper.commonfunct.commonutilities.login is PASSED

2018-05-03 23:45:44 - [MESSAGE][WARNING] - A browser is already opened. Closing browser and opening a new one

2018-05-03 23:45:51 - [MESSAGE][PASSED] - Browser is opened with url: ''

2018-05-03 23:45:53 - [MESSAGE][PASSED] - Navigate to 'https://vdaqa.rpega.com:9030/daqa/PRServlet' successfully

2018-05-03 23:45:57 - [MESSAGE][PASSED] - Text '' is set on object 'Object Repository/Generic/input_UserIdentifier'

2018-05-03 23:46:01 - [MESSAGE][PASSED] - Text 'install' is set on object 'Object Repository/Generic/input_Password'

2018-05-03 23:46:03 - [MESSAGE][PASSED] - Keys 'ENTER + ' sent to object: 'Object Repository/Generic/input_Password'

2018-05-03 23:46:03 - [MESSAGE][PASSED] - com.helper.commonfunct.commonutilities.login is PASSED

2018-05-03 23:46:03 - [TEST_STEP][FAILED] - com.helper.commonfunct.commonutilities.CreateECR: Unable to click on object 'Object Repository/Generic/New' (Root cause: com.kms.katalon.core.webui.exception.WebElementNotFoundException: Web element with id: 'Object Repository/Generic/New' located by 'By.xpath: //a[@class='menu-item-anchor menu-item-expand']' not found)

2018-05-03 23:46:05 - [MESSAGE][PASSED] - Current window maximized

2018-05-03 23:46:07 - [MESSAGE][PASSED] - Delayed 2 second(s)

2018-05-03 23:46:39 - [MESSAGE][FAILED] - Unable to click on object 'Object Repository/Generic/New' (Root cause: com.kms.katalon.core.webui.exception.WebElementNotFoundException: Web element with id: 'Object Repository/Generic/New' located by 'By.xpath: //a[@class='menu-item-anchor menu-item-expand']' not found)
[[ATTACHMENT|C:\\DAUIAutomation\\Reports\\ECR\\20180503_232538\\1525405598191.png]]

2018-05-03 23:46:39 - [MESSAGE][FAILED] - Unable to click on object 'Object Repository/Generic/New' (Root cause: com.kms.katalon.core.webui.exception.WebElementNotFoundException: Web element with id: 'Object Repository/Generic/New' located by 'By.xpath: //a[@class='menu-item-anchor menu-item-expand']' not found)

2018-05-03 23:46:39 - [MESSAGE][FAILED] - Unable to call Test Case with id 'Test Cases/ECR/Create_Approve_Reject/ECR_Create' (Root cause: Call Test Case 'Test Cases/ECR/Create_Approve_Reject/ECR_Create' failed)]]></system-out>
         <system-err><![CDATA[2018-05-03 23:45:43 - [TEST_CASE][FAILED] - Test Cases/ECR/TestCases/TC_ECR_Create_Approve: Test Cases/ECR/TestCases/TC_ECR_Create_Approve FAILED because (of) Unable to click on object 'Object Repository/Generic/New' (Root cause: com.kms.katalon.core.webui.exception.WebElementNotFoundException: Web element with id: 'Object Repository/Generic/New' located by 'By.xpath: //a[@class='menu-item-anchor menu-item-expand']' not found)]]></system-err>
      </testcase>
      <testcase name="Test Cases/ECR/TestCases/TC_ECR_Create_Reject" classname="Test Cases/ECR/TestCases/TC_ECR_Create_Reject" status="FAILED">
         <failure type="FAILED" message="Unable to click on object 'Object Repository/Generic/New' (Root cause: com.kms.katalon.core.webui.exception.WebElementNotFoundException: Web element with id: 'Object Repository/Generic/New' located by 'By.xpath: //a[@class='menu-item-anchor menu-item-expand']' not found)"/>
         <system-out><![CDATA[2018-05-03 23:46:39 - [TEST_CASE][FAILED] - Test Cases/ECR/TestCases/TC_ECR_Create_Reject: Test Cases/ECR/TestCases/TC_ECR_Create_Reject FAILED because (of) Unable to click on object 'Object Repository/Generic/New' (Root cause: com.kms.katalon.core.webui.exception.WebElementNotFoundException: Web element with id: 'Object Repository/Generic/New' located by 'By.xpath: //a[@class='menu-item-anchor menu-item-expand']' not found)

2018-05-03 23:46:40 - [TEST_STEP][FAILED] - callTestCase: Unable to call Test Case with id 'Test Cases/ECR/Create_Approve_Reject/ECR_Create' (Root cause: Call Test Case 'Test Cases/ECR/Create_Approve_Reject/ECR_Create' failed)

2018-05-03 23:46:40 - [TEST_CASE][FAILED] - Test Cases/ECR/Create_Approve_Reject/ECR_Create: Test Cases/ECR/Create_Approve_Reject/ECR_Create FAILED because (of) Unable to click on object 'Object Repository/Generic/New' (Root cause: com.kms.katalon.core.webui.exception.WebElementNotFoundException: Web element with id: 'Object Repository/Generic/New' located by 'By.xpath: //a[@class='menu-item-anchor menu-item-expand']' not found)

2018-05-03 23:46:40 - [TEST_STEP][PASSED] - com.helper.commonfunct.commonutilities.login: com.helper.commonfunct.commonutilities.login is PASSED

2018-05-03 23:46:40 - [MESSAGE][WARNING] - A browser is already opened. Closing browser and opening a new one

2018-05-03 23:46:47 - [MESSAGE][PASSED] - Browser is opened with url: ''

2018-05-03 23:46:48 - [MESSAGE][PASSED] - Navigate to 'https://vdaqa.rpega.com:9030/daqa/PRServlet' successfully

2018-05-03 23:46:52 - [MESSAGE][PASSED] - Text '' is set on object 'Object Repository/Generic/input_UserIdentifier'

2018-05-03 23:46:57 - [MESSAGE][PASSED] - Text 'install' is set on object 'Object Repository/Generic/input_Password'

2018-05-03 23:46:59 - [MESSAGE][PASSED] - Keys 'ENTER + ' sent to object: 'Object Repository/Generic/input_Password'

2018-05-03 23:46:59 - [MESSAGE][PASSED] - com.helper.commonfunct.commonutilities.login is PASSED

2018-05-03 23:46:59 - [TEST_STEP][FAILED] - com.helper.commonfunct.commonutilities.CreateECR: Unable to click on object 'Object Repository/Generic/New' (Root cause: com.kms.katalon.core.webui.exception.WebElementNotFoundException: Web element with id: 'Object Repository/Generic/New' located by 'By.xpath: //a[@class='menu-item-anchor menu-item-expand']' not found)

2018-05-03 23:47:01 - [MESSAGE][PASSED] - Current window maximized

2018-05-03 23:47:03 - [MESSAGE][PASSED] - Delayed 2 second(s)

2018-05-03 23:47:35 - [MESSAGE][FAILED] - Unable to click on object 'Object Repository/Generic/New' (Root cause: com.kms.katalon.core.webui.exception.WebElementNotFoundException: Web element with id: 'Object Repository/Generic/New' located by 'By.xpath: //a[@class='menu-item-anchor menu-item-expand']' not found)
[[ATTACHMENT|C:\\DAUIAutomation\\Reports\\ECR\\20180503_232538\\1525405653832.png]]

2018-05-03 23:47:35 - [MESSAGE][FAILED] - Unable to click on object 'Object Repository/Generic/New' (Root cause: com.kms.katalon.core.webui.exception.WebElementNotFoundException: Web element with id: 'Object Repository/Generic/New' located by 'By.xpath: //a[@class='menu-item-anchor menu-item-expand']' not found)

2018-05-03 23:47:35 - [MESSAGE][FAILED] - Unable to call Test Case with id 'Test Cases/ECR/Create_Approve_Reject/ECR_Create' (Root cause: Call Test Case 'Test Cases/ECR/Create_Approve_Reject/ECR_Create' failed)]]></system-out>
         <system-err><![CDATA[2018-05-03 23:46:39 - [TEST_CASE][FAILED] - Test Cases/ECR/TestCases/TC_ECR_Create_Reject: Test Cases/ECR/TestCases/TC_ECR_Create_Reject FAILED because (of) Unable to click on object 'Object Repository/Generic/New' (Root cause: com.kms.katalon.core.webui.exception.WebElementNotFoundException: Web element with id: 'Object Repository/Generic/New' located by 'By.xpath: //a[@class='menu-item-anchor menu-item-expand']' not found)]]></system-err>
      </testcase>
      <testcase name="Test Cases/ECR/TestCases/TC_ECR_Meeting_Create_Reject" classname="Test Cases/ECR/TestCases/TC_ECR_Meeting_Create_Reject" status="FAILED">
         <failure type="FAILED" message="Unable to click on object 'Object Repository/Generic/New' (Root cause: com.kms.katalon.core.webui.exception.WebElementNotFoundException: Web element with id: 'Object Repository/Generic/New' located by 'By.xpath: //a[@class='menu-item-anchor menu-item-expand']' not found)"/>
         <system-out><![CDATA[2018-05-03 23:47:35 - [TEST_CASE][FAILED] - Test Cases/ECR/TestCases/TC_ECR_Meeting_Create_Reject: Test Cases/ECR/TestCases/TC_ECR_Meeting_Create_Reject FAILED because (of) Unable to click on object 'Object Repository/Generic/New' (Root cause: com.kms.katalon.core.webui.exception.WebElementNotFoundException: Web element with id: 'Object Repository/Generic/New' located by 'By.xpath: //a[@class='menu-item-anchor menu-item-expand']' not found)

2018-05-03 23:47:35 - [TEST_STEP][PASSED] - Statement - Filelocation = "//Data Files//ECR//BSWLatest.xlsm": null

2018-05-03 23:47:35 - [TEST_STEP][FAILED] - callTestCase: Unable to call Test Case with id 'Test Cases/ECR/Create_Approve_Reject/ECR_Create' (Root cause: Call Test Case 'Test Cases/ECR/Create_Approve_Reject/ECR_Create' failed)

2018-05-03 23:47:35 - [TEST_CASE][FAILED] - Test Cases/ECR/Create_Approve_Reject/ECR_Create: Test Cases/ECR/Create_Approve_Reject/ECR_Create FAILED because (of) Unable to click on object 'Object Repository/Generic/New' (Root cause: com.kms.katalon.core.webui.exception.WebElementNotFoundException: Web element with id: 'Object Repository/Generic/New' located by 'By.xpath: //a[@class='menu-item-anchor menu-item-expand']' not found)

2018-05-03 23:47:35 - [TEST_STEP][PASSED] - com.helper.commonfunct.commonutilities.login: com.helper.commonfunct.commonutilities.login is PASSED

2018-05-03 23:47:35 - [MESSAGE][WARNING] - A browser is already opened. Closing browser and opening a new one

2018-05-03 23:47:42 - [MESSAGE][PASSED] - Browser is opened with url: ''

2018-05-03 23:47:43 - [MESSAGE][PASSED] - Navigate to 'https://vdaqa.rpega.com:9030/daqa/PRServlet' successfully

2018-05-03 23:47:48 - [MESSAGE][PASSED] - Text '' is set on object 'Object Repository/Generic/input_UserIdentifier'

2018-05-03 23:47:52 - [MESSAGE][PASSED] - Text 'install' is set on object 'Object Repository/Generic/input_Password'

2018-05-03 23:47:54 - [MESSAGE][PASSED] - Keys 'ENTER + ' sent to object: 'Object Repository/Generic/input_Password'

2018-05-03 23:47:54 - [MESSAGE][PASSED] - com.helper.commonfunct.commonutilities.login is PASSED

2018-05-03 23:47:54 - [TEST_STEP][FAILED] - com.helper.commonfunct.commonutilities.CreateECR: Unable to click on object 'Object Repository/Generic/New' (Root cause: com.kms.katalon.core.webui.exception.WebElementNotFoundException: Web element with id: 'Object Repository/Generic/New' located by 'By.xpath: //a[@class='menu-item-anchor menu-item-expand']' not found)

2018-05-03 23:47:56 - [MESSAGE][PASSED] - Current window maximized

2018-05-03 23:47:58 - [MESSAGE][PASSED] - Delayed 2 second(s)

2018-05-03 23:48:30 - [MESSAGE][FAILED] - Unable to click on object 'Object Repository/Generic/New' (Root cause: com.kms.katalon.core.webui.exception.WebElementNotFoundException: Web element with id: 'Object Repository/Generic/New' located by 'By.xpath: //a[@class='menu-item-anchor menu-item-expand']' not found)
[[ATTACHMENT|C:\\DAUIAutomation\\Reports\\ECR\\20180503_232538\\1525405708765.png]]

2018-05-03 23:48:30 - [MESSAGE][FAILED] - Unable to click on object 'Object Repository/Generic/New' (Root cause: com.kms.katalon.core.webui.exception.WebElementNotFoundException: Web element with id: 'Object Repository/Generic/New' located by 'By.xpath: //a[@class='menu-item-anchor menu-item-expand']' not found)

2018-05-03 23:48:30 - [MESSAGE][FAILED] - Unable to call Test Case with id 'Test Cases/ECR/Create_Approve_Reject/ECR_Create' (Root cause: Call Test Case 'Test Cases/ECR/Create_Approve_Reject/ECR_Create' failed)]]></system-out>
         <system-err><![CDATA[2018-05-03 23:47:35 - [TEST_CASE][FAILED] - Test Cases/ECR/TestCases/TC_ECR_Meeting_Create_Reject: Test Cases/ECR/TestCases/TC_ECR_Meeting_Create_Reject FAILED because (of) Unable to click on object 'Object Repository/Generic/New' (Root cause: com.kms.katalon.core.webui.exception.WebElementNotFoundException: Web element with id: 'Object Repository/Generic/New' located by 'By.xpath: //a[@class='menu-item-anchor menu-item-expand']' not found)]]></system-err>
      </testcase>
      <testcase name="Test Cases/ECR/TestCases/ECR__Approve_DataDriven" classname="Test Cases/ECR/TestCases/ECR__Approve_DataDriven" status="ERROR">
         <error type="ERROR" message="Test Cases/ECR/TestCases/ECR__Approve_DataDriven FAILED because (of) org.openqa.selenium.NoSuchSessionException: Session ID is null. Using WebDriver after calling quit()?
Build info: version: '3.7.1', revision: '8a0099a', time: '2017-11-06T21:07:36.161Z'
System info: host: 'L22622WUS', ip: '10.2.203.36', os.name: 'Windows 7', os.arch: 'amd64', os.version: '6.1', java.version: '1.8.0_102'
Driver info: driver.version: CChromeDriver"/>
         <system-out><![CDATA[2018-05-03 23:48:30 - [TEST_CASE][ERROR] - Test Cases/ECR/TestCases/ECR__Approve_DataDriven: Test Cases/ECR/TestCases/ECR__Approve_DataDriven FAILED because (of) org.openqa.selenium.NoSuchSessionException: Session ID is null. Using WebDriver after calling quit()?
Build info: version: '3.7.1', revision: '8a0099a', time: '2017-11-06T21:07:36.161Z'
System info: host: 'L22622WUS', ip: '10.2.203.36', os.name: 'Windows 7', os.arch: 'amd64', os.version: '6.1', java.version: '1.8.0_102'
Driver info: driver.version: CChromeDriver

2018-05-03 23:48:31 - [TEST_STEP][PASSED] - com.helper.commonfunct.commonutilities.login: com.helper.commonfunct.commonutilities.login is PASSED

2018-05-03 23:48:31 - [MESSAGE][WARNING] - A browser is already opened. Closing browser and opening a new one

2018-05-03 23:48:37 - [MESSAGE][PASSED] - Browser is opened with url: ''

2018-05-03 23:48:39 - [MESSAGE][PASSED] - Navigate to 'https://vdaqa.rpega.com:9030/daqa/PRServlet' successfully

2018-05-03 23:48:43 - [MESSAGE][PASSED] - Text 'hendj@pegasystems.com' is set on object 'Object Repository/Generic/input_UserIdentifier'

2018-05-03 23:48:47 - [MESSAGE][PASSED] - Text 'install' is set on object 'Object Repository/Generic/input_Password'

2018-05-03 23:48:52 - [MESSAGE][PASSED] - Keys 'ENTER + ' sent to object: 'Object Repository/Generic/input_Password'

2018-05-03 23:48:52 - [MESSAGE][PASSED] - com.helper.commonfunct.commonutilities.login is PASSED

2018-05-03 23:48:52 - [TEST_STEP][PASSED] - Statement - WOID = WOID: null

2018-05-03 23:48:52 - [TEST_STEP][PASSED] - com.helper.commonfunct.commonutilities.search: com.helper.commonfunct.commonutilities.search is PASSED

2018-05-03 23:48:54 - [MESSAGE][PASSED] - Current window maximized

2018-05-03 23:48:59 - [MESSAGE][PASSED] - Delayed 5 second(s)

2018-05-03 23:49:03 - [MESSAGE][PASSED] - Text 'ECR-01May2018-1' is set on object 'Object Repository/EngInfo/search'

2018-05-03 23:49:06 - [MESSAGE][PASSED] - Delayed 3 second(s)

2018-05-03 23:49:09 - [MESSAGE][PASSED] - Keys 'ENTER + ' sent to object: 'Object Repository/EngInfo/search'

2018-05-03 23:49:13 - [MESSAGE][WARNING] - No alert found after 3 second(s).
[[ATTACHMENT|C:\\DAUIAutomation\\Reports\\ECR\\20180503_232538\\1525405752201.png]]

2018-05-03 23:49:14 - [MESSAGE][PASSED] - Wait for page load successfully

2018-05-03 23:49:14 - [MESSAGE][PASSED] - com.helper.commonfunct.commonutilities.search is PASSED

2018-05-03 23:49:14 - [TEST_STEP][PASSED] - switchToFrame: Switched to iframe: 'Object Repository/Generic/FRAME1'

2018-05-03 23:49:16 - [TEST_STEP][PASSED] - com.helper.commonfunct.commonutilities.searchStatus: com.helper.commonfunct.commonutilities.searchStatus is PASSED

2018-05-03 23:49:17 - [MESSAGE][PASSED] - Wait for page load successfully

2018-05-03 23:49:20 - [MESSAGE][PASSED] - Delayed 2 second(s)

2018-05-03 23:49:28 - [MESSAGE][PASSED] - Delayed 5 second(s)

2018-05-03 23:49:33 - [MESSAGE][PASSED] - com.helper.commonfunct.commonutilities.searchStatus is PASSED

2018-05-03 23:49:33 - [TEST_STEP][PASSED] - Statement - While (WOSTATUS.contains("PENDING") && AssignmentList.size() > 0): null

2018-05-03 23:49:33 - [TEST_STEP][PASSED] - Statement - Status = text: null

2018-05-03 23:49:35 - [TEST_STEP][PASSED] - Statement - println(Status): null

2018-05-03 23:49:35 - [TEST_STEP][PASSED] - Statement - If (Status == "Pending-RDApproval"): com.helper.commonfunct.commonutilities.approve is PASSED

2018-05-03 23:49:35 - [TEST_STEP][PASSED] - Statement - If (RDD_Reject == false): com.helper.commonfunct.commonutilities.approve is PASSED

2018-05-03 23:49:35 - [TEST_STEP][PASSED] - com.helper.commonfunct.commonutilities.login: com.helper.commonfunct.commonutilities.login is PASSED

2018-05-03 23:49:35 - [MESSAGE][WARNING] - A browser is already opened. Closing browser and opening a new one

2018-05-03 23:49:41 - [MESSAGE][PASSED] - Browser is opened with url: ''

2018-05-03 23:49:43 - [MESSAGE][PASSED] - Navigate to 'https://vdaqa.rpega.com:9030/daqa/PRServlet' successfully

2018-05-03 23:49:47 - [MESSAGE][PASSED] - Text 'lachd@pegasystems.com' is set on object 'Object Repository/Generic/input_UserIdentifier'

2018-05-03 23:49:51 - [MESSAGE][PASSED] - Text 'install' is set on object 'Object Repository/Generic/input_Password'

2018-05-03 23:49:56 - [MESSAGE][PASSED] - Keys 'ENTER + ' sent to object: 'Object Repository/Generic/input_Password'

2018-05-03 23:49:56 - [MESSAGE][PASSED] - com.helper.commonfunct.commonutilities.login is PASSED

2018-05-03 23:49:56 - [TEST_STEP][PASSED] - com.helper.commonfunct.commonutilities.search: com.helper.commonfunct.commonutilities.search is PASSED

2018-05-03 23:49:58 - [MESSAGE][PASSED] - Current window maximized

2018-05-03 23:50:03 - [MESSAGE][PASSED] - Delayed 5 second(s)

2018-05-03 23:50:07 - [MESSAGE][PASSED] - Text 'ECR-01May2018-1' is set on object 'Object Repository/EngInfo/search'

2018-05-03 23:50:10 - [MESSAGE][PASSED] - Delayed 3 second(s)

2018-05-03 23:50:12 - [MESSAGE][PASSED] - Keys 'ENTER + ' sent to object: 'Object Repository/EngInfo/search'

2018-05-03 23:50:17 - [MESSAGE][WARNING] - No alert found after 3 second(s).
[[ATTACHMENT|C:\\DAUIAutomation\\Reports\\ECR\\20180503_232538\\1525405815972.png]]

2018-05-03 23:50:18 - [MESSAGE][PASSED] - Wait for page load successfully

2018-05-03 23:50:18 - [MESSAGE][PASSED] - com.helper.commonfunct.commonutilities.search is PASSED

2018-05-03 23:50:18 - [TEST_STEP][PASSED] - com.helper.commonfunct.commonutilities.approve: com.helper.commonfunct.commonutilities.approve is PASSED

2018-05-03 23:50:23 - [MESSAGE][PASSED] - Delayed 5 second(s)

2018-05-03 23:50:33 - [MESSAGE][PASSED] - Delayed 7 second(s)

2018-05-03 23:50:39 - [MESSAGE][PASSED] - Delayed 5 second(s)

2018-05-03 23:50:41 - [MESSAGE][PASSED] - Wait for page load successfully

2018-05-03 23:50:43 - [MESSAGE][PASSED] - Wait for page load successfully

2018-05-03 23:50:48 - [MESSAGE][PASSED] - Delayed 5 second(s)

2018-05-03 23:50:55 - [MESSAGE][PASSED] - Delayed 5 second(s)

2018-05-03 23:50:57 - [MESSAGE][PASSED] - Scroll to object 'Object Repository/Approve-Reject/APPROVE_BUTTON' successfully

2018-05-03 23:51:04 - [MESSAGE][PASSED] - Delayed 5 second(s)

2018-05-03 23:51:07 - [MESSAGE][PASSED] - Keys 'Software Testing' sent to object: 'Object Repository/Approve-Reject/APPROVE_REJECT_NOTES'

2018-05-03 23:51:12 - [MESSAGE][PASSED] - Delayed 5 second(s)

2018-05-03 23:51:14 - [MESSAGE][PASSED] - Scroll to object 'Object Repository/Generic/SUBMIT' successfully

2018-05-03 23:51:17 - [MESSAGE][PASSED] - Object: 'Object Repository/Generic/SUBMIT' is clicked on

2018-05-03 23:51:18 - [MESSAGE][PASSED] - Wait for page load successfully

2018-05-03 23:51:18 - [MESSAGE][PASSED] - com.helper.commonfunct.commonutilities.approve is PASSED

2018-05-03 23:51:18 - [TEST_STEP][PASSED] - Statement - Status = text: null]]></system-out>
         <system-err><![CDATA[2018-05-03 23:48:30 - [TEST_CASE][ERROR] - Test Cases/ECR/TestCases/ECR__Approve_DataDriven: Test Cases/ECR/TestCases/ECR__Approve_DataDriven FAILED because (of) org.openqa.selenium.NoSuchSessionException: Session ID is null. Using WebDriver after calling quit()?
Build info: version: '3.7.1', revision: '8a0099a', time: '2017-11-06T21:07:36.161Z'
System info: host: 'L22622WUS', ip: '10.2.203.36', os.name: 'Windows 7', os.arch: 'amd64', os.version: '6.1', java.version: '1.8.0_102'
Driver info: driver.version: CChromeDriver]]></system-err>
      </testcase>
      <system-out><![CDATA[2018-05-03 23:25:43 - [TEST_SUITE][FAILED] - ECR: Test Cases/ECR/TestCases/TC_ECR_Create_Approve FAILED because (of) Unable to click on object 'Object Repository/Generic/New' (Root cause: com.kms.katalon.core.webui.exception.WebElementNotFoundException: Web element with id: 'Object Repository/Generic/New' located by 'By.xpath: //a[@class='menu-item-anchor menu-item-expand']' not found)]]></system-out>
      <system-err><![CDATA[2018-05-03 23:25:43 - [TEST_SUITE][FAILED] - ECR: Test Cases/ECR/TestCases/TC_ECR_Create_Approve FAILED because (of) Unable to click on object 'Object Repository/Generic/New' (Root cause: com.kms.katalon.core.webui.exception.WebElementNotFoundException: Web element with id: 'Object Repository/Generic/New' located by 'By.xpath: //a[@class='menu-item-anchor menu-item-expand']' not found)]]></system-err>
   </testsuite>
</testsuites>
