<?xml version="1.0" encoding="UTF-8"?>
<testsuites name="Estimate" time="2272" tests="0" failures="11" errors="3">
   <testsuite name="Estimate" tests="0" failures="11" errors="3" time="2272" timestamp="2018-04-17 17:52:06" hostname="ranjs1 - L23967WIN.rpega.com" id="Test Suites/Estimate">
      <properties>
         <property name="deviceName" value=""/>
         <property name="devicePlatform" value=""/>
         <property name="logFolder" value="C:\\Users\\ranjs1\\git\\DAUIAutomation\\Reports\\Estimate\\20180417_175157"/>
         <property name="logFiles" value="C:\\Users\\ranjs1\\git\\DAUIAutomation\\Reports\\Estimate\\20180417_175157\\execution0.log"/>
         <property name="attachments" value="C:\\Users\\ranjs1\\git\\DAUIAutomation\\Reports\\Estimate\\20180417_175157\\1523967854871.png, C:\\Users\\ranjs1\\git\\DAUIAutomation\\Reports\\Estimate\\20180417_175157\\1523968022301.png, C:\\Users\\ranjs1\\git\\DAUIAutomation\\Reports\\Estimate\\20180417_175157\\1523968340416.png, C:\\Users\\ranjs1\\git\\DAUIAutomation\\Reports\\Estimate\\20180417_175157\\1523968474591.png, C:\\Users\\ranjs1\\git\\DAUIAutomation\\Reports\\Estimate\\20180417_175157\\1523968595629.png, C:\\Users\\ranjs1\\git\\DAUIAutomation\\Reports\\Estimate\\20180417_175157\\1523968670803.png, C:\\Users\\ranjs1\\git\\DAUIAutomation\\Reports\\Estimate\\20180417_175157\\1523968852880.png, C:\\Users\\ranjs1\\git\\DAUIAutomation\\Reports\\Estimate\\20180417_175157\\1523969075208.png, C:\\Users\\ranjs1\\git\\DAUIAutomation\\Reports\\Estimate\\20180417_175157\\1523969631456.png, C:\\Users\\ranjs1\\git\\DAUIAutomation\\Reports\\Estimate\\20180417_175157\\1523969748674.png, C:\\Users\\ranjs1\\git\\DAUIAutomation\\Reports\\Estimate\\20180417_175157\\1523969996002.png"/>
         <property name="hostName" value="ranjs1 - L23967WIN.rpega.com"/>
         <property name="os" value="Windows 10 64bit"/>
         <property name="katalonVersion" value="4.8.0.2"/>
         <property name="browser" value="Chrome 65.0.3325.181"/>
         <property name="hostAddress" value="10.150.105.41"/>
         <property name="sessionId" value="ecaa1be0808e20370faa3bfebc8001c6"/>
         <property name="seleniumVersion" value="2.53.0"/>
         <property name="proxyInformation" value="ProxyInformation{proxyOption=NO_PROXY, proxyServerType=HTTP, password=, proxyServerAddress=, proxyServerPort=0}"/>
         <property name="platform" value="Windows 10"/>
      </properties>
      <testcase name="Test Cases/BEP/TestCases/TC_CreateBEP_All_Recall" classname="Test Cases/BEP/TestCases/TC_CreateBEP_All_Recall" status="FAILED">
         <failure type="FAILED" message="Unable to click on object 'Object Repository/BEP/Generic/BEPoutput' (Root cause: com.kms.katalon.core.webui.exception.WebElementNotFoundException: Web element with id: 'Object Repository/BEP/Generic/BEPoutput' located by 'By.xpath: //label[@for='BEPOutputNone']' not found)"/>
         <system-out><![CDATA[2018-04-17 17:52:07 - [TEST_CASE][FAILED] - Test Cases/BEP/TestCases/TC_CreateBEP_All_Recall: Test Cases/BEP/TestCases/TC_CreateBEP_All_Recall FAILED because (of) Unable to click on object 'Object Repository/BEP/Generic/BEPoutput' (Root cause: com.kms.katalon.core.webui.exception.WebElementNotFoundException: Web element with id: 'Object Repository/BEP/Generic/BEPoutput' located by 'By.xpath: //label[@for='BEPOutputNone']' not found)

2018-04-17 17:52:09 - [TEST_STEP][FAILED] - callTestCase: Unable to call Test Case with id 'Test Cases/BEP/Create_Approve_Reject/Create_BEP_NoOutput' (Root cause: Call Test Case 'Test Cases/BEP/Create_Approve_Reject/Create_BEP_NoOutput' failed)

2018-04-17 17:52:09 - [TEST_CASE][FAILED] - Test Cases/BEP/Create_Approve_Reject/Create_BEP_NoOutput: Test Cases/BEP/Create_Approve_Reject/Create_BEP_NoOutput FAILED because (of) Unable to click on object 'Object Repository/BEP/Generic/BEPoutput' (Root cause: com.kms.katalon.core.webui.exception.WebElementNotFoundException: Web element with id: 'Object Repository/BEP/Generic/BEPoutput' located by 'By.xpath: //label[@for='BEPOutputNone']' not found)

2018-04-17 17:52:10 - [TEST_STEP][PASSED] - com.helper.commonfunct.commonutilities.login: com.helper.commonfunct.commonutilities.login is PASSED

2018-04-17 17:52:17 - [MESSAGE][PASSED] - Browser is opened with url: ''

2018-04-17 17:52:21 - [MESSAGE][PASSED] - Navigate to 'https://vtcpdev.rpega.com:7688/tcpdev/PRServlet' successfully

2018-04-17 17:52:22 - [MESSAGE][PASSED] - Text 'hendj@pegasystems.com' is set on object 'Object Repository/Generic/input_UserIdentifier'

2018-04-17 17:52:23 - [MESSAGE][PASSED] - Text 'install' is set on object 'Object Repository/Generic/input_Password'

2018-04-17 17:52:28 - [MESSAGE][PASSED] - Keys '' sent to object: 'Object Repository/Generic/input_Password'

2018-04-17 17:52:28 - [MESSAGE][PASSED] - com.helper.commonfunct.commonutilities.login is PASSED

2018-04-17 17:52:28 - [TEST_STEP][FAILED] - com.helper.commonfunct.BEP_CommonMethod.Estimate: Unable to click on object 'Object Repository/BEP/Generic/BEPoutput' (Root cause: com.kms.katalon.core.webui.exception.WebElementNotFoundException: Web element with id: 'Object Repository/BEP/Generic/BEPoutput' located by 'By.xpath: //label[@for='BEPOutputNone']' not found)

2018-04-17 17:52:29 - [MESSAGE][PASSED] - Current window maximized

2018-04-17 17:52:31 - [MESSAGE][PASSED] - Delayed 2 second(s)

2018-04-17 17:52:33 - [MESSAGE][PASSED] - Object: 'Object Repository/Generic/New' is clicked on

2018-04-17 17:52:37 - [MESSAGE][PASSED] - Delayed 4 second(s)

2018-04-17 17:52:38 - [MESSAGE][PASSED] - Object: 'Object Repository/BEP/Generic/EstimateLink' is clicked on

2018-04-17 17:52:42 - [MESSAGE][PASSED] - Delayed 4 second(s)

2018-04-17 17:52:43 - [MESSAGE][PASSED] - Object: 'Object Repository/ECR/Generic/WOTAB' is clicked on

2018-04-17 17:52:43 - [MESSAGE][PASSED] - Wait for page load successfully

2018-04-17 17:52:49 - [MESSAGE][PASSED] - Delayed 5 second(s)

2018-04-17 17:52:49 - [MESSAGE][WARNING] - Timeout '0' is invalid. Using default page load timeout: '30'

2018-04-17 17:52:49 - [MESSAGE][PASSED] - Object 'Object Repository/BEP/Generic/import' is visible

2018-04-17 17:52:50 - [MESSAGE][PASSED] - Object: 'Object Repository/BEP/Generic/import' is clicked on

2018-04-17 17:52:55 - [MESSAGE][PASSED] - Delayed 5 second(s)

2018-04-17 17:52:55 - [MESSAGE][PASSED] - File 'C:\Users\ranjs1\git\DAUIAutomation\Data Files\BEP\Estimate.xlsm' sent to object: 'Object Repository/Generic/FilePath'

2018-04-17 17:53:00 - [MESSAGE][PASSED] - Delayed 5 second(s)

2018-04-17 17:53:01 - [MESSAGE][PASSED] - Object: 'Object Repository/Generic/button_Submit' is clicked on

2018-04-17 17:53:11 - [MESSAGE][PASSED] - Delayed 10 second(s)

2018-04-17 17:53:12 - [MESSAGE][PASSED] - Text 'BOFA' is set on object 'Object Repository/Generic/ORG'

2018-04-17 17:53:19 - [MESSAGE][PASSED] - Delayed 7 second(s)

2018-04-17 17:53:19 - [MESSAGE][PASSED] - Keys '' sent to object: 'Object Repository/Generic/ORG'

2018-04-17 17:53:26 - [MESSAGE][PASSED] - Delayed 7 second(s)

2018-04-17 17:53:27 - [MESSAGE][PASSED] - Text 'BOFA' is set on object 'Object Repository/Generic/ACC'

2018-04-17 17:53:34 - [MESSAGE][PASSED] - Delayed 7 second(s)

2018-04-17 17:53:34 - [MESSAGE][PASSED] - Keys '' sent to object: 'Object Repository/Generic/ACC'

2018-04-17 17:53:39 - [MESSAGE][PASSED] - Delayed 5 second(s)

2018-04-17 17:53:43 - [MESSAGE][WARNING] - Text 'The engagement you entered doesn't match' is not present on page 

2018-04-17 17:54:15 - [MESSAGE][FAILED] - Unable to click on object 'Object Repository/BEP/Generic/BEPoutput' (Root cause: com.kms.katalon.core.webui.exception.WebElementNotFoundException: Web element with id: 'Object Repository/BEP/Generic/BEPoutput' located by 'By.xpath: //label[@for='BEPOutputNone']' not found)
[[ATTACHMENT|C:\\Users\\ranjs1\\git\\DAUIAutomation\\Reports\\Estimate\\20180417_175157\\1523967854871.png]]

2018-04-17 17:54:15 - [MESSAGE][FAILED] - Unable to click on object 'Object Repository/BEP/Generic/BEPoutput' (Root cause: com.kms.katalon.core.webui.exception.WebElementNotFoundException: Web element with id: 'Object Repository/BEP/Generic/BEPoutput' located by 'By.xpath: //label[@for='BEPOutputNone']' not found)

2018-04-17 17:54:15 - [MESSAGE][FAILED] - Unable to call Test Case with id 'Test Cases/BEP/Create_Approve_Reject/Create_BEP_NoOutput' (Root cause: Call Test Case 'Test Cases/BEP/Create_Approve_Reject/Create_BEP_NoOutput' failed)]]></system-out>
         <system-err><![CDATA[2018-04-17 17:52:07 - [TEST_CASE][FAILED] - Test Cases/BEP/TestCases/TC_CreateBEP_All_Recall: Test Cases/BEP/TestCases/TC_CreateBEP_All_Recall FAILED because (of) Unable to click on object 'Object Repository/BEP/Generic/BEPoutput' (Root cause: com.kms.katalon.core.webui.exception.WebElementNotFoundException: Web element with id: 'Object Repository/BEP/Generic/BEPoutput' located by 'By.xpath: //label[@for='BEPOutputNone']' not found)]]></system-err>
      </testcase>
      <testcase name="Test Cases/BEP/TestCases/TC_CreateBEP_All_Reject" classname="Test Cases/BEP/TestCases/TC_CreateBEP_All_Reject" status="FAILED">
         <failure type="FAILED" message="Call Test Case 'Test Cases/BEP/Create_Approve_Reject/Create_BEP_NoOutput' successfully"/>
         <system-out><![CDATA[2018-04-17 17:54:15 - [TEST_CASE][FAILED] - Test Cases/BEP/TestCases/TC_CreateBEP_All_Reject: Call Test Case 'Test Cases/BEP/Create_Approve_Reject/Create_BEP_NoOutput' successfully

2018-04-17 17:54:16 - [TEST_STEP][FAILED] - callTestCase: Call Test Case 'Test Cases/BEP/Create_Approve_Reject/Create_BEP_NoOutput' successfully

2018-04-17 17:54:16 - [TEST_CASE][FAILED] - Test Cases/BEP/Create_Approve_Reject/Create_BEP_NoOutput: com.helper.commonfunct.BEP_CommonMethod.Estimate is PASSED

2018-04-17 17:54:16 - [TEST_STEP][PASSED] - com.helper.commonfunct.commonutilities.login: com.helper.commonfunct.commonutilities.login is PASSED

2018-04-17 17:54:16 - [MESSAGE][WARNING] - A browser is already opened. Closing browser and opening a new one

2018-04-17 17:54:22 - [MESSAGE][PASSED] - Browser is opened with url: ''

2018-04-17 17:54:26 - [MESSAGE][PASSED] - Navigate to 'https://vtcpdev.rpega.com:7688/tcpdev/PRServlet' successfully

2018-04-17 17:54:26 - [MESSAGE][PASSED] - Text 'hendj@pegasystems.com' is set on object 'Object Repository/Generic/input_UserIdentifier'

2018-04-17 17:54:27 - [MESSAGE][PASSED] - Text 'install' is set on object 'Object Repository/Generic/input_Password'

2018-04-17 17:54:32 - [MESSAGE][PASSED] - Keys '' sent to object: 'Object Repository/Generic/input_Password'

2018-04-17 17:54:32 - [MESSAGE][PASSED] - com.helper.commonfunct.commonutilities.login is PASSED

2018-04-17 17:54:32 - [TEST_STEP][FAILED] - com.helper.commonfunct.BEP_CommonMethod.Estimate: com.helper.commonfunct.BEP_CommonMethod.Estimate is PASSED

2018-04-17 17:54:33 - [MESSAGE][PASSED] - Current window maximized

2018-04-17 17:54:35 - [MESSAGE][PASSED] - Delayed 2 second(s)

2018-04-17 17:54:36 - [MESSAGE][PASSED] - Object: 'Object Repository/Generic/New' is clicked on

2018-04-17 17:54:40 - [MESSAGE][PASSED] - Delayed 4 second(s)

2018-04-17 17:54:40 - [MESSAGE][PASSED] - Object: 'Object Repository/BEP/Generic/EstimateLink' is clicked on

2018-04-17 17:54:44 - [MESSAGE][PASSED] - Delayed 4 second(s)

2018-04-17 17:54:45 - [MESSAGE][PASSED] - Object: 'Object Repository/ECR/Generic/WOTAB' is clicked on

2018-04-17 17:54:45 - [MESSAGE][PASSED] - Wait for page load successfully

2018-04-17 17:54:50 - [MESSAGE][PASSED] - Delayed 5 second(s)

2018-04-17 17:54:50 - [MESSAGE][WARNING] - Timeout '0' is invalid. Using default page load timeout: '30'

2018-04-17 17:54:50 - [MESSAGE][PASSED] - Object 'Object Repository/BEP/Generic/import' is visible

2018-04-17 17:54:50 - [MESSAGE][PASSED] - Object: 'Object Repository/BEP/Generic/import' is clicked on

2018-04-17 17:54:55 - [MESSAGE][PASSED] - Delayed 5 second(s)

2018-04-17 17:54:56 - [MESSAGE][PASSED] - File 'C:\Users\ranjs1\git\DAUIAutomation\Data Files\BEP\Estimate.xlsm' sent to object: 'Object Repository/Generic/FilePath'

2018-04-17 17:55:01 - [MESSAGE][PASSED] - Delayed 5 second(s)

2018-04-17 17:55:01 - [MESSAGE][PASSED] - Object: 'Object Repository/Generic/button_Submit' is clicked on

2018-04-17 17:55:11 - [MESSAGE][PASSED] - Delayed 10 second(s)

2018-04-17 17:55:12 - [MESSAGE][PASSED] - Text 'BOFA' is set on object 'Object Repository/Generic/ORG'

2018-04-17 17:55:19 - [MESSAGE][PASSED] - Delayed 7 second(s)

2018-04-17 17:55:19 - [MESSAGE][PASSED] - Keys '' sent to object: 'Object Repository/Generic/ORG'

2018-04-17 17:55:26 - [MESSAGE][PASSED] - Delayed 7 second(s)

2018-04-17 17:55:27 - [MESSAGE][PASSED] - Text 'BOFA' is set on object 'Object Repository/Generic/ACC'

2018-04-17 17:55:34 - [MESSAGE][PASSED] - Delayed 7 second(s)

2018-04-17 17:55:34 - [MESSAGE][PASSED] - Keys '' sent to object: 'Object Repository/Generic/ACC'

2018-04-17 17:55:39 - [MESSAGE][PASSED] - Delayed 5 second(s)

2018-04-17 17:55:42 - [MESSAGE][PASSED] - Text 'The engagement you entered doesn't match' is present on page 

2018-04-17 17:55:44 - [MESSAGE][PASSED] - Text 'AUTOTEST1' is set on object 'Object Repository/Generic/ENG_DESC'

2018-04-17 17:55:49 - [MESSAGE][PASSED] - Delayed 5 second(s)

2018-04-17 17:55:50 - [MESSAGE][PASSED] - Object: 'Object Repository/BEP/Generic/MorethanOneRLSNO' is clicked on

2018-04-17 17:55:55 - [MESSAGE][PASSED] - Delayed 5 second(s)

2018-04-17 17:55:55 - [MESSAGE][PASSED] - All options with value 'PRD-87' are selected in object 'Object Repository/Generic/PlatformID' 

2018-04-17 17:56:00 - [MESSAGE][PASSED] - Delayed 5 second(s)

2018-04-17 17:56:00 - [MESSAGE][PASSED] - All options with value 'RLS-2699' are selected in object 'Object Repository/Generic/PlatformVersion' 

2018-04-17 17:56:05 - [MESSAGE][PASSED] - Delayed 5 second(s)

2018-04-17 17:56:06 - [MESSAGE][PASSED] - Object: 'Object Repository/Generic/PlatformTrue' is clicked on

2018-04-17 17:56:11 - [MESSAGE][PASSED] - Delayed 5 second(s)

2018-04-17 17:56:11 - [MESSAGE][PASSED] - All options with value 'hendj@pegasystems.com' are selected in object 'Object Repository/EngInfo/PL' 

2018-04-17 17:56:16 - [MESSAGE][PASSED] - Delayed 5 second(s)

2018-04-17 17:56:19 - [MESSAGE][PASSED] - Text 'PL Team Leader' is present on page 

2018-04-17 17:56:19 - [MESSAGE][PASSED] - All options with value 'higgr@pegasystems.com' are selected in object 'Object Repository/EngInfo/PLTL' 

2018-04-17 17:56:24 - [MESSAGE][PASSED] - Delayed 5 second(s)

2018-04-17 17:56:25 - [MESSAGE][PASSED] - All options with value 'langr1@pegasystems.com' are selected in object 'Object Repository/EngInfo/RD' 

2018-04-17 17:56:30 - [MESSAGE][PASSED] - Delayed 5 second(s)

2018-04-17 17:56:30 - [MESSAGE][PASSED] - All options with value 'panee@pegasystems.com' are selected in object 'Object Repository/EngInfo/RL' 

2018-04-17 17:56:35 - [MESSAGE][PASSED] - Delayed 5 second(s)

2018-04-17 17:56:35 - [MESSAGE][PASSED] - Scroll to object 'Object Repository/Generic/NEXT_BUTTON' successfully

2018-04-17 17:56:35 - [MESSAGE][PASSED] - Object: 'Object Repository/Generic/NEXT_BUTTON' is clicked on

2018-04-17 17:56:40 - [MESSAGE][PASSED] - Delayed 5 second(s)

2018-04-17 17:56:41 - [MESSAGE][PASSED] - Wait for page load successfully

2018-04-17 17:56:41 - [MESSAGE][PASSED] - Text '12' is set on object 'Object Repository/BEP/Generic/DurationLow'

2018-04-17 17:56:48 - [MESSAGE][PASSED] - Delayed 7 second(s)

2018-04-17 17:56:48 - [MESSAGE][PASSED] - Text '12' is set on object 'Object Repository/BEP/Generic/DurationHigh'

2018-04-17 17:56:55 - [MESSAGE][PASSED] - Delayed 7 second(s)

2018-04-17 17:56:56 - [MESSAGE][PASSED] - Text '12' is set on object 'Object Repository/BEP/Generic/PartnerHoursLow'

2018-04-17 17:57:01 - [MESSAGE][PASSED] - Delayed 5 second(s)

2018-04-17 17:57:03 - [MESSAGE][FAILED] - Unable to set text '12' of object 'Object Repository/BEP/Generic/PartnerHoursHigh' (Root cause: org.openqa.selenium.StaleElementReferenceException: stale element reference: element is not attached to the page document
  (Session info: chrome=65.0.3325.181)
  (Driver info: chromedriver=2.37.543627 (63642262d9fb93fb4ab52398be4286d844092a5e),platform=Windows NT 10.0.16299 x86_64) (WARNING: The server did not provide any stacktrace information)
Command duration or timeout: 524 milliseconds
For documentation on this error, please visit: http://seleniumhq.org/exceptions/stale_element_reference.html
Build info: version: '2.53.0', revision: '35ae25b', time: '2016-03-15 17:00:58'
System info: host: 'L23967WIN', ip: '10.150.105.41', os.name: 'Windows 10', os.arch: 'amd64', os.version: '10.0', java.version: '1.8.0_102'
Driver info: com.kms.katalon.selenium.driver.CChromeDriver
Capabilities [{applicationCacheEnabled=false, rotatable=false, mobileEmulationEnabled=false, networkConnectionEnabled=false, chrome={chromedriverVersion=2.37.543627 (63642262d9fb93fb4ab52398be4286d844092a5e), userDataDir=C:\Users\ranjs1\AppData\Local\Temp\scoped_dir4728_6625}, takesHeapSnapshot=true, pageLoadStrategy=normal, databaseEnabled=false, handlesAlerts=true, hasTouchScreen=false, version=65.0.3325.181, platform=XP, browserConnectionEnabled=false, nativeEvents=true, acceptSslCerts=false, acceptInsecureCerts=false, locationContextEnabled=true, webStorageEnabled=true, browserName=chrome, takesScreenshot=true, javascriptEnabled=true, cssSelectorsEnabled=true, setWindowRect=true, unexpectedAlertBehaviour=}]
Session ID: 313c5dbf6ea46c87fbf673d9b4d7f785)
[[ATTACHMENT|C:\\Users\\ranjs1\\git\\DAUIAutomation\\Reports\\Estimate\\20180417_175157\\1523968022301.png]]

2018-04-17 17:57:03 - [MESSAGE][PASSED] - Text '12' is set on object 'Object Repository/BEP/Generic/PartnerHoursHigh'

2018-04-17 17:57:08 - [MESSAGE][PASSED] - Delayed 5 second(s)

2018-04-17 17:57:13 - [MESSAGE][PASSED] - Delayed 5 second(s)

2018-04-17 17:57:14 - [MESSAGE][PASSED] - Object: 'Object Repository/BEP/Generic/EstimationMethod' is clicked on

2018-04-17 17:57:19 - [MESSAGE][PASSED] - Delayed 5 second(s)

2018-04-17 17:57:20 - [MESSAGE][PASSED] - Keys 'BSW' sent to object: 'Object Repository/BEP/Generic/EstimationMethod'

2018-04-17 17:57:25 - [MESSAGE][PASSED] - Delayed 5 second(s)

2018-04-17 17:57:25 - [MESSAGE][PASSED] - Scroll to object 'Object Repository/Generic/NEXT_BUTTON' successfully

2018-04-17 17:57:26 - [MESSAGE][PASSED] - Object: 'Object Repository/Generic/NEXT_BUTTON' is clicked on

2018-04-17 17:57:31 - [MESSAGE][PASSED] - Delayed 5 second(s)

2018-04-17 17:57:31 - [MESSAGE][PASSED] - Object: 'Object Repository/BEP/Generic/BEPoutput' is clicked on

2018-04-17 17:57:36 - [MESSAGE][PASSED] - Delayed 5 second(s)

2018-04-17 17:57:36 - [MESSAGE][PASSED] - All options with value 'RFP in process' are selected in object 'Object Repository/BEP/Generic/ReasonCode' 

2018-04-17 17:57:36 - [MESSAGE][PASSED] - Scroll to object 'Object Repository/Generic/NEXT_BUTTON' successfully

2018-04-17 17:57:37 - [MESSAGE][PASSED] - Object: 'Object Repository/Generic/NEXT_BUTTON' is clicked on

2018-04-17 17:57:41 - [MESSAGE][PASSED] - Scroll to object 'Object Repository/Generic/FINISH_BUTTON' successfully

2018-04-17 17:57:42 - [MESSAGE][PASSED] - Object: 'Object Repository/Generic/FINISH_BUTTON' is clicked on

2018-04-17 17:57:42 - [MESSAGE][PASSED] - Wait for page load successfully

2018-04-17 17:57:42 - [MESSAGE][PASSED] - Text of object 'Object Repository/Generic/WOID' is: 'BEP-17Apr2018-7'

2018-04-17 17:57:42 - [MESSAGE][PASSED] - com.helper.commonfunct.BEP_CommonMethod.Estimate is PASSED

2018-04-17 17:57:42 - [TEST_STEP][PASSED] - com.helper.commonfunct.commonutilities.searchStatus: com.helper.commonfunct.commonutilities.searchStatus is PASSED

2018-04-17 17:57:47 - [MESSAGE][PASSED] - Delayed 5 second(s)

2018-04-17 17:57:52 - [MESSAGE][PASSED] - Delayed 5 second(s)

2018-04-17 17:58:24 - [MESSAGE][PASSED] - com.helper.commonfunct.commonutilities.searchStatus is PASSED

2018-04-17 17:58:24 - [MESSAGE][PASSED] - Call Test Case 'Test Cases/BEP/Create_Approve_Reject/Create_BEP_NoOutput' successfully

2018-04-17 17:58:24 - [TEST_STEP][PASSED] - com.helper.commonfunct.commonutilities.setprop: com.helper.commonfunct.commonutilities.setprop is PASSED

2018-04-17 17:58:24 - [MESSAGE][PASSED] - com.helper.commonfunct.commonutilities.setprop is PASSED

2018-04-17 17:58:24 - [TEST_STEP][PASSED] - callTestCase: Call Test Case 'Test Cases/BEP/Create_Approve_Reject/All_Approval_Reject' successfully

2018-04-17 17:58:24 - [TEST_CASE][PASSED] - Test Cases/BEP/Create_Approve_Reject/All_Approval_Reject: Test Cases/BEP/Create_Approve_Reject/All_Approval_Reject

2018-04-17 17:58:26 - [TEST_STEP][NOT_RUN] - com.helper.commonfunct.commonutilities.login: NOT_RUN: com.helper.commonfunct.commonutilities.login

2018-04-17 17:58:26 - [MESSAGE][NOT_RUN] - NOT_RUN: com.helper.commonfunct.commonutilities.login

2018-04-17 17:58:26 - [TEST_STEP][NOT_RUN] - com.helper.commonfunct.commonutilities.search: NOT_RUN: com.helper.commonfunct.commonutilities.search

2018-04-17 17:58:26 - [MESSAGE][NOT_RUN] - NOT_RUN: com.helper.commonfunct.commonutilities.search

2018-04-17 17:58:26 - [TEST_STEP][NOT_RUN] - switchToFrame: NOT_RUN: switchToFrame

2018-04-17 17:58:26 - [MESSAGE][NOT_RUN] - NOT_RUN: switchToFrame

2018-04-17 17:58:26 - [TEST_STEP][NOT_RUN] - com.helper.commonfunct.commonutilities.searchStatus: NOT_RUN: com.helper.commonfunct.commonutilities.searchStatus

2018-04-17 17:58:26 - [MESSAGE][NOT_RUN] - NOT_RUN: com.helper.commonfunct.commonutilities.searchStatus

2018-04-17 17:58:26 - [TEST_STEP][NOT_RUN] - com.helper.commonfunct.commonutilities.setprop: NOT_RUN: com.helper.commonfunct.commonutilities.setprop

2018-04-17 17:58:26 - [MESSAGE][NOT_RUN] - NOT_RUN: com.helper.commonfunct.commonutilities.setprop

2018-04-17 17:58:26 - [TEST_STEP][PASSED] - Statement - While (WOSTATUS.contains("PENDING")): null

2018-04-17 17:58:26 - [MESSAGE][PASSED] - Call Test Case 'Test Cases/BEP/Create_Approve_Reject/All_Approval_Reject' successfully]]></system-out>
         <system-err><![CDATA[2018-04-17 17:54:15 - [TEST_CASE][FAILED] - Test Cases/BEP/TestCases/TC_CreateBEP_All_Reject: Call Test Case 'Test Cases/BEP/Create_Approve_Reject/Create_BEP_NoOutput' successfully]]></system-err>
      </testcase>
      <testcase name="Test Cases/BEP/TestCases/TC_CreateBEP_EmailOutput_SendEmail_CreateECR" classname="Test Cases/BEP/TestCases/TC_CreateBEP_EmailOutput_SendEmail_CreateECR" status="FAILED">
         <failure type="FAILED" message="Unable to click on object 'Object Repository/BEP/Generic/BEPOutputEmail' (Root cause: com.kms.katalon.core.webui.exception.WebElementNotFoundException: Web element with id: 'Object Repository/BEP/Generic/BEPOutputEmail' located by 'By.xpath: //label[@for='BEPOutputEmail']' not found)"/>
         <system-out><![CDATA[2018-04-17 17:58:26 - [TEST_CASE][FAILED] - Test Cases/BEP/TestCases/TC_CreateBEP_EmailOutput_SendEmail_CreateECR: Test Cases/BEP/TestCases/TC_CreateBEP_EmailOutput_SendEmail_CreateECR FAILED because (of) Unable to click on object 'Object Repository/BEP/Generic/BEPOutputEmail' (Root cause: com.kms.katalon.core.webui.exception.WebElementNotFoundException: Web element with id: 'Object Repository/BEP/Generic/BEPOutputEmail' located by 'By.xpath: //label[@for='BEPOutputEmail']' not found)

2018-04-17 17:58:27 - [TEST_STEP][FAILED] - callTestCase: Unable to call Test Case with id 'Test Cases/BEP/Create_Approve_Reject/Create_BEP_EmailOutput' (Root cause: Call Test Case 'Test Cases/BEP/Create_Approve_Reject/Create_BEP_EmailOutput' failed)

2018-04-17 17:58:27 - [TEST_CASE][FAILED] - Test Cases/BEP/Create_Approve_Reject/Create_BEP_EmailOutput: Test Cases/BEP/Create_Approve_Reject/Create_BEP_EmailOutput FAILED because (of) Unable to click on object 'Object Repository/BEP/Generic/BEPOutputEmail' (Root cause: com.kms.katalon.core.webui.exception.WebElementNotFoundException: Web element with id: 'Object Repository/BEP/Generic/BEPOutputEmail' located by 'By.xpath: //label[@for='BEPOutputEmail']' not found)

2018-04-17 17:58:28 - [TEST_STEP][PASSED] - com.helper.commonfunct.commonutilities.login: com.helper.commonfunct.commonutilities.login is PASSED

2018-04-17 17:58:28 - [MESSAGE][WARNING] - A browser is already opened. Closing browser and opening a new one

2018-04-17 17:58:35 - [MESSAGE][PASSED] - Browser is opened with url: ''

2018-04-17 17:58:38 - [MESSAGE][PASSED] - Navigate to 'https://vtcpdev.rpega.com:7688/tcpdev/PRServlet' successfully

2018-04-17 17:58:40 - [MESSAGE][PASSED] - Text 'hendj@pegasystems.com' is set on object 'Object Repository/Generic/input_UserIdentifier'

2018-04-17 17:58:40 - [MESSAGE][PASSED] - Text 'install' is set on object 'Object Repository/Generic/input_Password'

2018-04-17 17:58:46 - [MESSAGE][PASSED] - Keys '' sent to object: 'Object Repository/Generic/input_Password'

2018-04-17 17:58:46 - [MESSAGE][PASSED] - com.helper.commonfunct.commonutilities.login is PASSED

2018-04-17 17:58:46 - [TEST_STEP][FAILED] - com.helper.commonfunct.BEP_CommonMethod.Estimate: Unable to click on object 'Object Repository/BEP/Generic/BEPOutputEmail' (Root cause: com.kms.katalon.core.webui.exception.WebElementNotFoundException: Web element with id: 'Object Repository/BEP/Generic/BEPOutputEmail' located by 'By.xpath: //label[@for='BEPOutputEmail']' not found)

2018-04-17 17:58:47 - [MESSAGE][PASSED] - Current window maximized

2018-04-17 17:58:49 - [MESSAGE][PASSED] - Delayed 2 second(s)

2018-04-17 17:58:51 - [MESSAGE][PASSED] - Object: 'Object Repository/Generic/New' is clicked on

2018-04-17 17:58:55 - [MESSAGE][PASSED] - Delayed 4 second(s)

2018-04-17 17:58:55 - [MESSAGE][PASSED] - Object: 'Object Repository/BEP/Generic/EstimateLink' is clicked on

2018-04-17 17:58:59 - [MESSAGE][PASSED] - Delayed 4 second(s)

2018-04-17 17:59:00 - [MESSAGE][PASSED] - Object: 'Object Repository/ECR/Generic/WOTAB' is clicked on

2018-04-17 17:59:00 - [MESSAGE][PASSED] - Wait for page load successfully

2018-04-17 17:59:05 - [MESSAGE][PASSED] - Delayed 5 second(s)

2018-04-17 17:59:05 - [MESSAGE][WARNING] - Timeout '0' is invalid. Using default page load timeout: '30'

2018-04-17 17:59:05 - [MESSAGE][PASSED] - Object 'Object Repository/BEP/Generic/import' is visible

2018-04-17 17:59:05 - [MESSAGE][PASSED] - Object: 'Object Repository/BEP/Generic/import' is clicked on

2018-04-17 17:59:10 - [MESSAGE][PASSED] - Delayed 5 second(s)

2018-04-17 17:59:11 - [MESSAGE][PASSED] - File 'C:\Users\ranjs1\git\DAUIAutomation\Data Files\BEP\Estimate.xlsm' sent to object: 'Object Repository/Generic/FilePath'

2018-04-17 17:59:16 - [MESSAGE][PASSED] - Delayed 5 second(s)

2018-04-17 17:59:17 - [MESSAGE][PASSED] - Object: 'Object Repository/Generic/button_Submit' is clicked on

2018-04-17 17:59:27 - [MESSAGE][PASSED] - Delayed 10 second(s)

2018-04-17 17:59:27 - [MESSAGE][PASSED] - Text 'BOFA' is set on object 'Object Repository/Generic/ORG'

2018-04-17 17:59:34 - [MESSAGE][PASSED] - Delayed 7 second(s)

2018-04-17 17:59:35 - [MESSAGE][PASSED] - Keys '' sent to object: 'Object Repository/Generic/ORG'

2018-04-17 17:59:42 - [MESSAGE][PASSED] - Delayed 7 second(s)

2018-04-17 17:59:43 - [MESSAGE][PASSED] - Text 'BOFA' is set on object 'Object Repository/Generic/ACC'

2018-04-17 17:59:50 - [MESSAGE][PASSED] - Delayed 7 second(s)

2018-04-17 17:59:50 - [MESSAGE][PASSED] - Keys '' sent to object: 'Object Repository/Generic/ACC'

2018-04-17 17:59:55 - [MESSAGE][PASSED] - Delayed 5 second(s)

2018-04-17 17:59:58 - [MESSAGE][PASSED] - Text 'The engagement you entered doesn't match' is present on page 

2018-04-17 18:00:00 - [MESSAGE][PASSED] - Text 'AUTOTEST1' is set on object 'Object Repository/Generic/ENG_DESC'

2018-04-17 18:00:05 - [MESSAGE][PASSED] - Delayed 5 second(s)

2018-04-17 18:00:06 - [MESSAGE][PASSED] - Object: 'Object Repository/BEP/Generic/MorethanOneRLSNO' is clicked on

2018-04-17 18:00:11 - [MESSAGE][PASSED] - Delayed 5 second(s)

2018-04-17 18:00:11 - [MESSAGE][PASSED] - All options with value 'PRD-87' are selected in object 'Object Repository/Generic/PlatformID' 

2018-04-17 18:00:16 - [MESSAGE][PASSED] - Delayed 5 second(s)

2018-04-17 18:00:16 - [MESSAGE][PASSED] - All options with value 'RLS-2699' are selected in object 'Object Repository/Generic/PlatformVersion' 

2018-04-17 18:00:21 - [MESSAGE][PASSED] - Delayed 5 second(s)

2018-04-17 18:00:21 - [MESSAGE][PASSED] - Object: 'Object Repository/Generic/PlatformTrue' is clicked on

2018-04-17 18:00:26 - [MESSAGE][PASSED] - Delayed 5 second(s)

2018-04-17 18:00:27 - [MESSAGE][PASSED] - All options with value 'hendj@pegasystems.com' are selected in object 'Object Repository/EngInfo/PL' 

2018-04-17 18:00:32 - [MESSAGE][PASSED] - Delayed 5 second(s)

2018-04-17 18:00:35 - [MESSAGE][PASSED] - Text 'PL Team Leader' is present on page 

2018-04-17 18:00:35 - [MESSAGE][PASSED] - All options with value 'higgr@pegasystems.com' are selected in object 'Object Repository/EngInfo/PLTL' 

2018-04-17 18:00:40 - [MESSAGE][PASSED] - Delayed 5 second(s)

2018-04-17 18:00:40 - [MESSAGE][PASSED] - All options with value 'langr1@pegasystems.com' are selected in object 'Object Repository/EngInfo/RD' 

2018-04-17 18:00:45 - [MESSAGE][PASSED] - Delayed 5 second(s)

2018-04-17 18:00:46 - [MESSAGE][PASSED] - All options with value 'panee@pegasystems.com' are selected in object 'Object Repository/EngInfo/RL' 

2018-04-17 18:00:51 - [MESSAGE][PASSED] - Delayed 5 second(s)

2018-04-17 18:00:51 - [MESSAGE][PASSED] - Scroll to object 'Object Repository/Generic/NEXT_BUTTON' successfully

2018-04-17 18:00:52 - [MESSAGE][PASSED] - Object: 'Object Repository/Generic/NEXT_BUTTON' is clicked on

2018-04-17 18:00:57 - [MESSAGE][PASSED] - Delayed 5 second(s)

2018-04-17 18:00:57 - [MESSAGE][PASSED] - Wait for page load successfully

2018-04-17 18:00:57 - [MESSAGE][PASSED] - Text '12' is set on object 'Object Repository/BEP/Generic/DurationLow'

2018-04-17 18:01:04 - [MESSAGE][PASSED] - Delayed 7 second(s)

2018-04-17 18:01:05 - [MESSAGE][PASSED] - Text '12' is set on object 'Object Repository/BEP/Generic/DurationHigh'

2018-04-17 18:01:12 - [MESSAGE][PASSED] - Delayed 7 second(s)

2018-04-17 18:01:13 - [MESSAGE][PASSED] - Text '12' is set on object 'Object Repository/BEP/Generic/PartnerHoursLow'

2018-04-17 18:01:18 - [MESSAGE][PASSED] - Delayed 5 second(s)

2018-04-17 18:01:19 - [MESSAGE][PASSED] - Text '12' is set on object 'Object Repository/BEP/Generic/PartnerHoursHigh'

2018-04-17 18:01:24 - [MESSAGE][PASSED] - Delayed 5 second(s)

2018-04-17 18:01:29 - [MESSAGE][PASSED] - Delayed 5 second(s)

2018-04-17 18:01:30 - [MESSAGE][PASSED] - Object: 'Object Repository/BEP/Generic/EstimationMethod' is clicked on

2018-04-17 18:01:35 - [MESSAGE][PASSED] - Delayed 5 second(s)

2018-04-17 18:01:35 - [MESSAGE][PASSED] - Keys 'BSW' sent to object: 'Object Repository/BEP/Generic/EstimationMethod'

2018-04-17 18:01:40 - [MESSAGE][PASSED] - Delayed 5 second(s)

2018-04-17 18:01:40 - [MESSAGE][PASSED] - Scroll to object 'Object Repository/Generic/NEXT_BUTTON' successfully

2018-04-17 18:01:41 - [MESSAGE][PASSED] - Object: 'Object Repository/Generic/NEXT_BUTTON' is clicked on

2018-04-17 18:01:46 - [MESSAGE][PASSED] - Delayed 5 second(s)

2018-04-17 18:02:21 - [MESSAGE][FAILED] - Unable to click on object 'Object Repository/BEP/Generic/BEPOutputEmail' (Root cause: com.kms.katalon.core.webui.exception.WebElementNotFoundException: Web element with id: 'Object Repository/BEP/Generic/BEPOutputEmail' located by 'By.xpath: //label[@for='BEPOutputEmail']' not found)
[[ATTACHMENT|C:\\Users\\ranjs1\\git\\DAUIAutomation\\Reports\\Estimate\\20180417_175157\\1523968340416.png]]

2018-04-17 18:02:21 - [MESSAGE][FAILED] - Unable to click on object 'Object Repository/BEP/Generic/BEPOutputEmail' (Root cause: com.kms.katalon.core.webui.exception.WebElementNotFoundException: Web element with id: 'Object Repository/BEP/Generic/BEPOutputEmail' located by 'By.xpath: //label[@for='BEPOutputEmail']' not found)

2018-04-17 18:02:21 - [MESSAGE][FAILED] - Unable to call Test Case with id 'Test Cases/BEP/Create_Approve_Reject/Create_BEP_EmailOutput' (Root cause: Call Test Case 'Test Cases/BEP/Create_Approve_Reject/Create_BEP_EmailOutput' failed)]]></system-out>
         <system-err><![CDATA[2018-04-17 17:58:26 - [TEST_CASE][FAILED] - Test Cases/BEP/TestCases/TC_CreateBEP_EmailOutput_SendEmail_CreateECR: Test Cases/BEP/TestCases/TC_CreateBEP_EmailOutput_SendEmail_CreateECR FAILED because (of) Unable to click on object 'Object Repository/BEP/Generic/BEPOutputEmail' (Root cause: com.kms.katalon.core.webui.exception.WebElementNotFoundException: Web element with id: 'Object Repository/BEP/Generic/BEPOutputEmail' located by 'By.xpath: //label[@for='BEPOutputEmail']' not found)]]></system-err>
      </testcase>
      <testcase name="Test Cases/BEP/TestCases/TC_CreateBEP_EmailOutput_SendEmail_NoECR" classname="Test Cases/BEP/TestCases/TC_CreateBEP_EmailOutput_SendEmail_NoECR" status="FAILED">
         <failure type="FAILED" message="Unable to click on object 'Object Repository/BEP/Generic/BEPOutputEmail' (Root cause: com.kms.katalon.core.webui.exception.WebElementNotFoundException: Web element with id: 'Object Repository/BEP/Generic/BEPOutputEmail' located by 'By.xpath: //label[@for='BEPOutputEmail']' not found)"/>
         <system-out><![CDATA[2018-04-17 18:02:21 - [TEST_CASE][FAILED] - Test Cases/BEP/TestCases/TC_CreateBEP_EmailOutput_SendEmail_NoECR: Test Cases/BEP/TestCases/TC_CreateBEP_EmailOutput_SendEmail_NoECR FAILED because (of) Unable to click on object 'Object Repository/BEP/Generic/BEPOutputEmail' (Root cause: com.kms.katalon.core.webui.exception.WebElementNotFoundException: Web element with id: 'Object Repository/BEP/Generic/BEPOutputEmail' located by 'By.xpath: //label[@for='BEPOutputEmail']' not found)

2018-04-17 18:02:21 - [TEST_STEP][FAILED] - callTestCase: Unable to call Test Case with id 'Test Cases/BEP/Create_Approve_Reject/Create_BEP_EmailOutput' (Root cause: Call Test Case 'Test Cases/BEP/Create_Approve_Reject/Create_BEP_EmailOutput' failed)

2018-04-17 18:02:21 - [TEST_CASE][FAILED] - Test Cases/BEP/Create_Approve_Reject/Create_BEP_EmailOutput: Test Cases/BEP/Create_Approve_Reject/Create_BEP_EmailOutput FAILED because (of) Unable to click on object 'Object Repository/BEP/Generic/BEPOutputEmail' (Root cause: com.kms.katalon.core.webui.exception.WebElementNotFoundException: Web element with id: 'Object Repository/BEP/Generic/BEPOutputEmail' located by 'By.xpath: //label[@for='BEPOutputEmail']' not found)

2018-04-17 18:02:21 - [TEST_STEP][PASSED] - com.helper.commonfunct.commonutilities.login: com.helper.commonfunct.commonutilities.login is PASSED

2018-04-17 18:02:21 - [MESSAGE][WARNING] - A browser is already opened. Closing browser and opening a new one

2018-04-17 18:02:27 - [MESSAGE][PASSED] - Browser is opened with url: ''

2018-04-17 18:02:31 - [MESSAGE][PASSED] - Navigate to 'https://vtcpdev.rpega.com:7688/tcpdev/PRServlet' successfully

2018-04-17 18:02:31 - [MESSAGE][PASSED] - Text 'hendj@pegasystems.com' is set on object 'Object Repository/Generic/input_UserIdentifier'

2018-04-17 18:02:32 - [MESSAGE][PASSED] - Text 'install' is set on object 'Object Repository/Generic/input_Password'

2018-04-17 18:02:37 - [MESSAGE][PASSED] - Keys '' sent to object: 'Object Repository/Generic/input_Password'

2018-04-17 18:02:37 - [MESSAGE][PASSED] - com.helper.commonfunct.commonutilities.login is PASSED

2018-04-17 18:02:37 - [TEST_STEP][FAILED] - com.helper.commonfunct.BEP_CommonMethod.Estimate: Unable to click on object 'Object Repository/BEP/Generic/BEPOutputEmail' (Root cause: com.kms.katalon.core.webui.exception.WebElementNotFoundException: Web element with id: 'Object Repository/BEP/Generic/BEPOutputEmail' located by 'By.xpath: //label[@for='BEPOutputEmail']' not found)

2018-04-17 18:02:38 - [MESSAGE][PASSED] - Current window maximized

2018-04-17 18:02:40 - [MESSAGE][PASSED] - Delayed 2 second(s)

2018-04-17 18:02:41 - [MESSAGE][PASSED] - Object: 'Object Repository/Generic/New' is clicked on

2018-04-17 18:02:45 - [MESSAGE][PASSED] - Delayed 4 second(s)

2018-04-17 18:02:45 - [MESSAGE][PASSED] - Object: 'Object Repository/BEP/Generic/EstimateLink' is clicked on

2018-04-17 18:02:49 - [MESSAGE][PASSED] - Delayed 4 second(s)

2018-04-17 18:02:49 - [MESSAGE][PASSED] - Object: 'Object Repository/ECR/Generic/WOTAB' is clicked on

2018-04-17 18:02:50 - [MESSAGE][PASSED] - Wait for page load successfully

2018-04-17 18:02:55 - [MESSAGE][PASSED] - Delayed 5 second(s)

2018-04-17 18:02:55 - [MESSAGE][WARNING] - Timeout '0' is invalid. Using default page load timeout: '30'

2018-04-17 18:03:09 - [MESSAGE][PASSED] - Object 'Object Repository/BEP/Generic/import' is visible

2018-04-17 18:03:10 - [MESSAGE][PASSED] - Object: 'Object Repository/BEP/Generic/import' is clicked on

2018-04-17 18:03:15 - [MESSAGE][PASSED] - Delayed 5 second(s)

2018-04-17 18:03:15 - [MESSAGE][PASSED] - File 'C:\Users\ranjs1\git\DAUIAutomation\Data Files\BEP\Estimate.xlsm' sent to object: 'Object Repository/Generic/FilePath'

2018-04-17 18:03:20 - [MESSAGE][PASSED] - Delayed 5 second(s)

2018-04-17 18:03:21 - [MESSAGE][PASSED] - Object: 'Object Repository/Generic/button_Submit' is clicked on

2018-04-17 18:03:31 - [MESSAGE][PASSED] - Delayed 10 second(s)

2018-04-17 18:03:32 - [MESSAGE][PASSED] - Text 'BOFA' is set on object 'Object Repository/Generic/ORG'

2018-04-17 18:03:39 - [MESSAGE][PASSED] - Delayed 7 second(s)

2018-04-17 18:03:39 - [MESSAGE][PASSED] - Keys '' sent to object: 'Object Repository/Generic/ORG'

2018-04-17 18:03:46 - [MESSAGE][PASSED] - Delayed 7 second(s)

2018-04-17 18:03:47 - [MESSAGE][PASSED] - Text 'BOFA' is set on object 'Object Repository/Generic/ACC'

2018-04-17 18:03:54 - [MESSAGE][PASSED] - Delayed 7 second(s)

2018-04-17 18:03:54 - [MESSAGE][PASSED] - Keys '' sent to object: 'Object Repository/Generic/ACC'

2018-04-17 18:03:59 - [MESSAGE][PASSED] - Delayed 5 second(s)

2018-04-17 18:04:03 - [MESSAGE][WARNING] - Text 'The engagement you entered doesn't match' is not present on page 

2018-04-17 18:04:35 - [MESSAGE][FAILED] - Unable to click on object 'Object Repository/BEP/Generic/BEPOutputEmail' (Root cause: com.kms.katalon.core.webui.exception.WebElementNotFoundException: Web element with id: 'Object Repository/BEP/Generic/BEPOutputEmail' located by 'By.xpath: //label[@for='BEPOutputEmail']' not found)
[[ATTACHMENT|C:\\Users\\ranjs1\\git\\DAUIAutomation\\Reports\\Estimate\\20180417_175157\\1523968474591.png]]

2018-04-17 18:04:35 - [MESSAGE][FAILED] - Unable to click on object 'Object Repository/BEP/Generic/BEPOutputEmail' (Root cause: com.kms.katalon.core.webui.exception.WebElementNotFoundException: Web element with id: 'Object Repository/BEP/Generic/BEPOutputEmail' located by 'By.xpath: //label[@for='BEPOutputEmail']' not found)

2018-04-17 18:04:35 - [MESSAGE][FAILED] - Unable to call Test Case with id 'Test Cases/BEP/Create_Approve_Reject/Create_BEP_EmailOutput' (Root cause: Call Test Case 'Test Cases/BEP/Create_Approve_Reject/Create_BEP_EmailOutput' failed)]]></system-out>
         <system-err><![CDATA[2018-04-17 18:02:21 - [TEST_CASE][FAILED] - Test Cases/BEP/TestCases/TC_CreateBEP_EmailOutput_SendEmail_NoECR: Test Cases/BEP/TestCases/TC_CreateBEP_EmailOutput_SendEmail_NoECR FAILED because (of) Unable to click on object 'Object Repository/BEP/Generic/BEPOutputEmail' (Root cause: com.kms.katalon.core.webui.exception.WebElementNotFoundException: Web element with id: 'Object Repository/BEP/Generic/BEPOutputEmail' located by 'By.xpath: //label[@for='BEPOutputEmail']' not found)]]></system-err>
      </testcase>
      <testcase name="Test Cases/BEP/TestCases/TC_CreateBEP_EmailOutput_SkipEmail_CreateECR" classname="Test Cases/BEP/TestCases/TC_CreateBEP_EmailOutput_SkipEmail_CreateECR" status="FAILED">
         <failure type="FAILED" message="Unable to click on object 'Object Repository/BEP/Generic/BEPOutputEmail' (Root cause: com.kms.katalon.core.webui.exception.WebElementNotFoundException: Web element with id: 'Object Repository/BEP/Generic/BEPOutputEmail' located by 'By.xpath: //label[@for='BEPOutputEmail']' not found)"/>
         <system-out><![CDATA[2018-04-17 18:04:35 - [TEST_CASE][FAILED] - Test Cases/BEP/TestCases/TC_CreateBEP_EmailOutput_SkipEmail_CreateECR: Test Cases/BEP/TestCases/TC_CreateBEP_EmailOutput_SkipEmail_CreateECR FAILED because (of) Unable to click on object 'Object Repository/BEP/Generic/BEPOutputEmail' (Root cause: com.kms.katalon.core.webui.exception.WebElementNotFoundException: Web element with id: 'Object Repository/BEP/Generic/BEPOutputEmail' located by 'By.xpath: //label[@for='BEPOutputEmail']' not found)

2018-04-17 18:04:36 - [TEST_STEP][FAILED] - callTestCase: Unable to call Test Case with id 'Test Cases/BEP/Create_Approve_Reject/Create_BEP_EmailOutput' (Root cause: Call Test Case 'Test Cases/BEP/Create_Approve_Reject/Create_BEP_EmailOutput' failed)

2018-04-17 18:04:36 - [TEST_CASE][FAILED] - Test Cases/BEP/Create_Approve_Reject/Create_BEP_EmailOutput: Test Cases/BEP/Create_Approve_Reject/Create_BEP_EmailOutput FAILED because (of) Unable to click on object 'Object Repository/BEP/Generic/BEPOutputEmail' (Root cause: com.kms.katalon.core.webui.exception.WebElementNotFoundException: Web element with id: 'Object Repository/BEP/Generic/BEPOutputEmail' located by 'By.xpath: //label[@for='BEPOutputEmail']' not found)

2018-04-17 18:04:36 - [TEST_STEP][PASSED] - com.helper.commonfunct.commonutilities.login: com.helper.commonfunct.commonutilities.login is PASSED

2018-04-17 18:04:36 - [MESSAGE][WARNING] - A browser is already opened. Closing browser and opening a new one

2018-04-17 18:04:42 - [MESSAGE][PASSED] - Browser is opened with url: ''

2018-04-17 18:04:44 - [MESSAGE][PASSED] - Navigate to 'https://vtcpdev.rpega.com:7688/tcpdev/PRServlet' successfully

2018-04-17 18:04:45 - [MESSAGE][PASSED] - Text 'hendj@pegasystems.com' is set on object 'Object Repository/Generic/input_UserIdentifier'

2018-04-17 18:04:45 - [MESSAGE][PASSED] - Text 'install' is set on object 'Object Repository/Generic/input_Password'

2018-04-17 18:04:51 - [MESSAGE][PASSED] - Keys '' sent to object: 'Object Repository/Generic/input_Password'

2018-04-17 18:04:51 - [MESSAGE][PASSED] - com.helper.commonfunct.commonutilities.login is PASSED

2018-04-17 18:04:51 - [TEST_STEP][FAILED] - com.helper.commonfunct.BEP_CommonMethod.Estimate: Unable to click on object 'Object Repository/BEP/Generic/BEPOutputEmail' (Root cause: com.kms.katalon.core.webui.exception.WebElementNotFoundException: Web element with id: 'Object Repository/BEP/Generic/BEPOutputEmail' located by 'By.xpath: //label[@for='BEPOutputEmail']' not found)

2018-04-17 18:04:52 - [MESSAGE][PASSED] - Current window maximized

2018-04-17 18:04:54 - [MESSAGE][PASSED] - Delayed 2 second(s)

2018-04-17 18:04:54 - [MESSAGE][PASSED] - Object: 'Object Repository/Generic/New' is clicked on

2018-04-17 18:04:58 - [MESSAGE][PASSED] - Delayed 4 second(s)

2018-04-17 18:04:59 - [MESSAGE][PASSED] - Object: 'Object Repository/BEP/Generic/EstimateLink' is clicked on

2018-04-17 18:05:03 - [MESSAGE][PASSED] - Delayed 4 second(s)

2018-04-17 18:05:03 - [MESSAGE][PASSED] - Object: 'Object Repository/ECR/Generic/WOTAB' is clicked on

2018-04-17 18:05:04 - [MESSAGE][PASSED] - Wait for page load successfully

2018-04-17 18:05:11 - [MESSAGE][PASSED] - Delayed 5 second(s)

2018-04-17 18:05:11 - [MESSAGE][WARNING] - Timeout '0' is invalid. Using default page load timeout: '30'

2018-04-17 18:05:11 - [MESSAGE][PASSED] - Object 'Object Repository/BEP/Generic/import' is visible

2018-04-17 18:05:12 - [MESSAGE][PASSED] - Object: 'Object Repository/BEP/Generic/import' is clicked on

2018-04-17 18:05:17 - [MESSAGE][PASSED] - Delayed 5 second(s)

2018-04-17 18:05:17 - [MESSAGE][PASSED] - File 'C:\Users\ranjs1\git\DAUIAutomation\Data Files\BEP\Estimate.xlsm' sent to object: 'Object Repository/Generic/FilePath'

2018-04-17 18:05:22 - [MESSAGE][PASSED] - Delayed 5 second(s)

2018-04-17 18:05:23 - [MESSAGE][PASSED] - Object: 'Object Repository/Generic/button_Submit' is clicked on

2018-04-17 18:05:33 - [MESSAGE][PASSED] - Delayed 10 second(s)

2018-04-17 18:05:34 - [MESSAGE][PASSED] - Text 'BOFA' is set on object 'Object Repository/Generic/ORG'

2018-04-17 18:05:41 - [MESSAGE][PASSED] - Delayed 7 second(s)

2018-04-17 18:05:41 - [MESSAGE][PASSED] - Keys '' sent to object: 'Object Repository/Generic/ORG'

2018-04-17 18:05:48 - [MESSAGE][PASSED] - Delayed 7 second(s)

2018-04-17 18:05:48 - [MESSAGE][PASSED] - Text 'BOFA' is set on object 'Object Repository/Generic/ACC'

2018-04-17 18:05:55 - [MESSAGE][PASSED] - Delayed 7 second(s)

2018-04-17 18:05:55 - [MESSAGE][PASSED] - Keys '' sent to object: 'Object Repository/Generic/ACC'

2018-04-17 18:06:00 - [MESSAGE][PASSED] - Delayed 5 second(s)

2018-04-17 18:06:03 - [MESSAGE][WARNING] - Text 'The engagement you entered doesn't match' is not present on page 

2018-04-17 18:06:36 - [MESSAGE][FAILED] - Unable to click on object 'Object Repository/BEP/Generic/BEPOutputEmail' (Root cause: com.kms.katalon.core.webui.exception.WebElementNotFoundException: Web element with id: 'Object Repository/BEP/Generic/BEPOutputEmail' located by 'By.xpath: //label[@for='BEPOutputEmail']' not found)
[[ATTACHMENT|C:\\Users\\ranjs1\\git\\DAUIAutomation\\Reports\\Estimate\\20180417_175157\\1523968595629.png]]

2018-04-17 18:06:36 - [MESSAGE][FAILED] - Unable to click on object 'Object Repository/BEP/Generic/BEPOutputEmail' (Root cause: com.kms.katalon.core.webui.exception.WebElementNotFoundException: Web element with id: 'Object Repository/BEP/Generic/BEPOutputEmail' located by 'By.xpath: //label[@for='BEPOutputEmail']' not found)

2018-04-17 18:06:36 - [MESSAGE][FAILED] - Unable to call Test Case with id 'Test Cases/BEP/Create_Approve_Reject/Create_BEP_EmailOutput' (Root cause: Call Test Case 'Test Cases/BEP/Create_Approve_Reject/Create_BEP_EmailOutput' failed)]]></system-out>
         <system-err><![CDATA[2018-04-17 18:04:35 - [TEST_CASE][FAILED] - Test Cases/BEP/TestCases/TC_CreateBEP_EmailOutput_SkipEmail_CreateECR: Test Cases/BEP/TestCases/TC_CreateBEP_EmailOutput_SkipEmail_CreateECR FAILED because (of) Unable to click on object 'Object Repository/BEP/Generic/BEPOutputEmail' (Root cause: com.kms.katalon.core.webui.exception.WebElementNotFoundException: Web element with id: 'Object Repository/BEP/Generic/BEPOutputEmail' located by 'By.xpath: //label[@for='BEPOutputEmail']' not found)]]></system-err>
      </testcase>
      <testcase name="Test Cases/BEP/TestCases/TC_CreateBEP_EmailOutput_SkipEmail_NOECR" classname="Test Cases/BEP/TestCases/TC_CreateBEP_EmailOutput_SkipEmail_NOECR" status="FAILED">
         <failure type="FAILED" message="Unable to set text 'BOFA' of object 'Object Repository/Generic/ACC' (Root cause: org.openqa.selenium.StaleElementReferenceException: stale element reference: element is not attached to the page document
  (Session info: chrome=65.0.3325.181)
  (Driver info: chromedriver=2.37.543627 (63642262d9fb93fb4ab52398be4286d844092a5e),platform=Windows NT 10.0.16299 x86_64) (WARNING: The server did not provide any stacktrace information)
Command duration or timeout: 559 milliseconds
For documentation on this error, please visit: http://seleniumhq.org/exceptions/stale_element_reference.html
Build info: version: '2.53.0', revision: '35ae25b', time: '2016-03-15 17:00:58'
System info: host: 'L23967WIN', ip: '10.150.105.41', os.name: 'Windows 10', os.arch: 'amd64', os.version: '10.0', java.version: '1.8.0_102'
Driver info: com.kms.katalon.selenium.driver.CChromeDriver
Capabilities [{applicationCacheEnabled=false, rotatable=false, mobileEmulationEnabled=false, networkConnectionEnabled=false, chrome={chromedriverVersion=2.37.543627 (63642262d9fb93fb4ab52398be4286d844092a5e), userDataDir=C:\Users\ranjs1\AppData\Local\Temp\scoped_dir1712_14973}, takesHeapSnapshot=true, pageLoadStrategy=normal, databaseEnabled=false, handlesAlerts=true, hasTouchScreen=false, version=65.0.3325.181, platform=XP, browserConnectionEnabled=false, nativeEvents=true, acceptSslCerts=false, acceptInsecureCerts=false, locationContextEnabled=true, webStorageEnabled=true, browserName=chrome, takesScreenshot=true, javascriptEnabled=true, cssSelectorsEnabled=true, setWindowRect=true, unexpectedAlertBehaviour=}]
Session ID: 16c0dc8358fc0b78ced8d9f6855b18c3)"/>
         <system-out><![CDATA[2018-04-17 18:06:36 - [TEST_CASE][FAILED] - Test Cases/BEP/TestCases/TC_CreateBEP_EmailOutput_SkipEmail_NOECR: Test Cases/BEP/TestCases/TC_CreateBEP_EmailOutput_SkipEmail_NOECR FAILED because (of) Unable to set text 'BOFA' of object 'Object Repository/Generic/ACC' (Root cause: org.openqa.selenium.StaleElementReferenceException: stale element reference: element is not attached to the page document
  (Session info: chrome=65.0.3325.181)
  (Driver info: chromedriver=2.37.543627 (63642262d9fb93fb4ab52398be4286d844092a5e),platform=Windows NT 10.0.16299 x86_64) (WARNING: The server did not provide any stacktrace information)
Command duration or timeout: 559 milliseconds
For documentation on this error, please visit: http://seleniumhq.org/exceptions/stale_element_reference.html
Build info: version: '2.53.0', revision: '35ae25b', time: '2016-03-15 17:00:58'
System info: host: 'L23967WIN', ip: '10.150.105.41', os.name: 'Windows 10', os.arch: 'amd64', os.version: '10.0', java.version: '1.8.0_102'
Driver info: com.kms.katalon.selenium.driver.CChromeDriver
Capabilities [{applicationCacheEnabled=false, rotatable=false, mobileEmulationEnabled=false, networkConnectionEnabled=false, chrome={chromedriverVersion=2.37.543627 (63642262d9fb93fb4ab52398be4286d844092a5e), userDataDir=C:\Users\ranjs1\AppData\Local\Temp\scoped_dir1712_14973}, takesHeapSnapshot=true, pageLoadStrategy=normal, databaseEnabled=false, handlesAlerts=true, hasTouchScreen=false, version=65.0.3325.181, platform=XP, browserConnectionEnabled=false, nativeEvents=true, acceptSslCerts=false, acceptInsecureCerts=false, locationContextEnabled=true, webStorageEnabled=true, browserName=chrome, takesScreenshot=true, javascriptEnabled=true, cssSelectorsEnabled=true, setWindowRect=true, unexpectedAlertBehaviour=}]
Session ID: 16c0dc8358fc0b78ced8d9f6855b18c3)

2018-04-17 18:06:36 - [TEST_STEP][FAILED] - callTestCase: Unable to call Test Case with id 'Test Cases/BEP/Create_Approve_Reject/Create_BEP_EmailOutput' (Root cause: Call Test Case 'Test Cases/BEP/Create_Approve_Reject/Create_BEP_EmailOutput' failed)

2018-04-17 18:06:36 - [TEST_CASE][FAILED] - Test Cases/BEP/Create_Approve_Reject/Create_BEP_EmailOutput: Test Cases/BEP/Create_Approve_Reject/Create_BEP_EmailOutput FAILED because (of) Unable to set text 'BOFA' of object 'Object Repository/Generic/ACC' (Root cause: org.openqa.selenium.StaleElementReferenceException: stale element reference: element is not attached to the page document
  (Session info: chrome=65.0.3325.181)
  (Driver info: chromedriver=2.37.543627 (63642262d9fb93fb4ab52398be4286d844092a5e),platform=Windows NT 10.0.16299 x86_64) (WARNING: The server did not provide any stacktrace information)
Command duration or timeout: 559 milliseconds
For documentation on this error, please visit: http://seleniumhq.org/exceptions/stale_element_reference.html
Build info: version: '2.53.0', revision: '35ae25b', time: '2016-03-15 17:00:58'
System info: host: 'L23967WIN', ip: '10.150.105.41', os.name: 'Windows 10', os.arch: 'amd64', os.version: '10.0', java.version: '1.8.0_102'
Driver info: com.kms.katalon.selenium.driver.CChromeDriver
Capabilities [{applicationCacheEnabled=false, rotatable=false, mobileEmulationEnabled=false, networkConnectionEnabled=false, chrome={chromedriverVersion=2.37.543627 (63642262d9fb93fb4ab52398be4286d844092a5e), userDataDir=C:\Users\ranjs1\AppData\Local\Temp\scoped_dir1712_14973}, takesHeapSnapshot=true, pageLoadStrategy=normal, databaseEnabled=false, handlesAlerts=true, hasTouchScreen=false, version=65.0.3325.181, platform=XP, browserConnectionEnabled=false, nativeEvents=true, acceptSslCerts=false, acceptInsecureCerts=false, locationContextEnabled=true, webStorageEnabled=true, browserName=chrome, takesScreenshot=true, javascriptEnabled=true, cssSelectorsEnabled=true, setWindowRect=true, unexpectedAlertBehaviour=}]
Session ID: 16c0dc8358fc0b78ced8d9f6855b18c3)

2018-04-17 18:06:37 - [TEST_STEP][PASSED] - com.helper.commonfunct.commonutilities.login: com.helper.commonfunct.commonutilities.login is PASSED

2018-04-17 18:06:37 - [MESSAGE][WARNING] - A browser is already opened. Closing browser and opening a new one

2018-04-17 18:06:43 - [MESSAGE][PASSED] - Browser is opened with url: ''

2018-04-17 18:06:47 - [MESSAGE][PASSED] - Navigate to 'https://vtcpdev.rpega.com:7688/tcpdev/PRServlet' successfully

2018-04-17 18:06:47 - [MESSAGE][PASSED] - Text 'hendj@pegasystems.com' is set on object 'Object Repository/Generic/input_UserIdentifier'

2018-04-17 18:06:48 - [MESSAGE][PASSED] - Text 'install' is set on object 'Object Repository/Generic/input_Password'

2018-04-17 18:06:53 - [MESSAGE][PASSED] - Keys '' sent to object: 'Object Repository/Generic/input_Password'

2018-04-17 18:06:53 - [MESSAGE][PASSED] - com.helper.commonfunct.commonutilities.login is PASSED

2018-04-17 18:06:53 - [TEST_STEP][FAILED] - com.helper.commonfunct.BEP_CommonMethod.Estimate: Unable to set text 'BOFA' of object 'Object Repository/Generic/ACC' (Root cause: org.openqa.selenium.StaleElementReferenceException: stale element reference: element is not attached to the page document
  (Session info: chrome=65.0.3325.181)
  (Driver info: chromedriver=2.37.543627 (63642262d9fb93fb4ab52398be4286d844092a5e),platform=Windows NT 10.0.16299 x86_64) (WARNING: The server did not provide any stacktrace information)
Command duration or timeout: 559 milliseconds
For documentation on this error, please visit: http://seleniumhq.org/exceptions/stale_element_reference.html
Build info: version: '2.53.0', revision: '35ae25b', time: '2016-03-15 17:00:58'
System info: host: 'L23967WIN', ip: '10.150.105.41', os.name: 'Windows 10', os.arch: 'amd64', os.version: '10.0', java.version: '1.8.0_102'
Driver info: com.kms.katalon.selenium.driver.CChromeDriver
Capabilities [{applicationCacheEnabled=false, rotatable=false, mobileEmulationEnabled=false, networkConnectionEnabled=false, chrome={chromedriverVersion=2.37.543627 (63642262d9fb93fb4ab52398be4286d844092a5e), userDataDir=C:\Users\ranjs1\AppData\Local\Temp\scoped_dir1712_14973}, takesHeapSnapshot=true, pageLoadStrategy=normal, databaseEnabled=false, handlesAlerts=true, hasTouchScreen=false, version=65.0.3325.181, platform=XP, browserConnectionEnabled=false, nativeEvents=true, acceptSslCerts=false, acceptInsecureCerts=false, locationContextEnabled=true, webStorageEnabled=true, browserName=chrome, takesScreenshot=true, javascriptEnabled=true, cssSelectorsEnabled=true, setWindowRect=true, unexpectedAlertBehaviour=}]
Session ID: 16c0dc8358fc0b78ced8d9f6855b18c3)

2018-04-17 18:06:54 - [MESSAGE][PASSED] - Current window maximized

2018-04-17 18:06:56 - [MESSAGE][PASSED] - Delayed 2 second(s)

2018-04-17 18:06:57 - [MESSAGE][PASSED] - Object: 'Object Repository/Generic/New' is clicked on

2018-04-17 18:07:01 - [MESSAGE][PASSED] - Delayed 4 second(s)

2018-04-17 18:07:03 - [MESSAGE][PASSED] - Object: 'Object Repository/BEP/Generic/EstimateLink' is clicked on

2018-04-17 18:07:07 - [MESSAGE][PASSED] - Delayed 4 second(s)

2018-04-17 18:07:07 - [MESSAGE][PASSED] - Object: 'Object Repository/ECR/Generic/WOTAB' is clicked on

2018-04-17 18:07:07 - [MESSAGE][PASSED] - Wait for page load successfully

2018-04-17 18:07:12 - [MESSAGE][PASSED] - Delayed 5 second(s)

2018-04-17 18:07:12 - [MESSAGE][WARNING] - Timeout '0' is invalid. Using default page load timeout: '30'

2018-04-17 18:07:12 - [MESSAGE][PASSED] - Object 'Object Repository/BEP/Generic/import' is visible

2018-04-17 18:07:13 - [MESSAGE][PASSED] - Object: 'Object Repository/BEP/Generic/import' is clicked on

2018-04-17 18:07:18 - [MESSAGE][PASSED] - Delayed 5 second(s)

2018-04-17 18:07:18 - [MESSAGE][PASSED] - File 'C:\Users\ranjs1\git\DAUIAutomation\Data Files\BEP\Estimate.xlsm' sent to object: 'Object Repository/Generic/FilePath'

2018-04-17 18:07:23 - [MESSAGE][PASSED] - Delayed 5 second(s)

2018-04-17 18:07:24 - [MESSAGE][PASSED] - Object: 'Object Repository/Generic/button_Submit' is clicked on

2018-04-17 18:07:34 - [MESSAGE][PASSED] - Delayed 10 second(s)

2018-04-17 18:07:35 - [MESSAGE][PASSED] - Text 'BOFA' is set on object 'Object Repository/Generic/ORG'

2018-04-17 18:07:42 - [MESSAGE][PASSED] - Delayed 7 second(s)

2018-04-17 18:07:42 - [MESSAGE][PASSED] - Keys '' sent to object: 'Object Repository/Generic/ORG'

2018-04-17 18:07:49 - [MESSAGE][PASSED] - Delayed 7 second(s)

2018-04-17 18:07:52 - [MESSAGE][FAILED] - Unable to set text 'BOFA' of object 'Object Repository/Generic/ACC' (Root cause: org.openqa.selenium.StaleElementReferenceException: stale element reference: element is not attached to the page document
  (Session info: chrome=65.0.3325.181)
  (Driver info: chromedriver=2.37.543627 (63642262d9fb93fb4ab52398be4286d844092a5e),platform=Windows NT 10.0.16299 x86_64) (WARNING: The server did not provide any stacktrace information)
Command duration or timeout: 559 milliseconds
For documentation on this error, please visit: http://seleniumhq.org/exceptions/stale_element_reference.html
Build info: version: '2.53.0', revision: '35ae25b', time: '2016-03-15 17:00:58'
System info: host: 'L23967WIN', ip: '10.150.105.41', os.name: 'Windows 10', os.arch: 'amd64', os.version: '10.0', java.version: '1.8.0_102'
Driver info: com.kms.katalon.selenium.driver.CChromeDriver
Capabilities [{applicationCacheEnabled=false, rotatable=false, mobileEmulationEnabled=false, networkConnectionEnabled=false, chrome={chromedriverVersion=2.37.543627 (63642262d9fb93fb4ab52398be4286d844092a5e), userDataDir=C:\Users\ranjs1\AppData\Local\Temp\scoped_dir1712_14973}, takesHeapSnapshot=true, pageLoadStrategy=normal, databaseEnabled=false, handlesAlerts=true, hasTouchScreen=false, version=65.0.3325.181, platform=XP, browserConnectionEnabled=false, nativeEvents=true, acceptSslCerts=false, acceptInsecureCerts=false, locationContextEnabled=true, webStorageEnabled=true, browserName=chrome, takesScreenshot=true, javascriptEnabled=true, cssSelectorsEnabled=true, setWindowRect=true, unexpectedAlertBehaviour=}]
Session ID: 16c0dc8358fc0b78ced8d9f6855b18c3)
[[ATTACHMENT|C:\\Users\\ranjs1\\git\\DAUIAutomation\\Reports\\Estimate\\20180417_175157\\1523968670803.png]]

2018-04-17 18:07:52 - [MESSAGE][FAILED] - Unable to set text 'BOFA' of object 'Object Repository/Generic/ACC' (Root cause: org.openqa.selenium.StaleElementReferenceException: stale element reference: element is not attached to the page document
  (Session info: chrome=65.0.3325.181)
  (Driver info: chromedriver=2.37.543627 (63642262d9fb93fb4ab52398be4286d844092a5e),platform=Windows NT 10.0.16299 x86_64) (WARNING: The server did not provide any stacktrace information)
Command duration or timeout: 559 milliseconds
For documentation on this error, please visit: http://seleniumhq.org/exceptions/stale_element_reference.html
Build info: version: '2.53.0', revision: '35ae25b', time: '2016-03-15 17:00:58'
System info: host: 'L23967WIN', ip: '10.150.105.41', os.name: 'Windows 10', os.arch: 'amd64', os.version: '10.0', java.version: '1.8.0_102'
Driver info: com.kms.katalon.selenium.driver.CChromeDriver
Capabilities [{applicationCacheEnabled=false, rotatable=false, mobileEmulationEnabled=false, networkConnectionEnabled=false, chrome={chromedriverVersion=2.37.543627 (63642262d9fb93fb4ab52398be4286d844092a5e), userDataDir=C:\Users\ranjs1\AppData\Local\Temp\scoped_dir1712_14973}, takesHeapSnapshot=true, pageLoadStrategy=normal, databaseEnabled=false, handlesAlerts=true, hasTouchScreen=false, version=65.0.3325.181, platform=XP, browserConnectionEnabled=false, nativeEvents=true, acceptSslCerts=false, acceptInsecureCerts=false, locationContextEnabled=true, webStorageEnabled=true, browserName=chrome, takesScreenshot=true, javascriptEnabled=true, cssSelectorsEnabled=true, setWindowRect=true, unexpectedAlertBehaviour=}]
Session ID: 16c0dc8358fc0b78ced8d9f6855b18c3)

2018-04-17 18:07:52 - [MESSAGE][FAILED] - Unable to call Test Case with id 'Test Cases/BEP/Create_Approve_Reject/Create_BEP_EmailOutput' (Root cause: Call Test Case 'Test Cases/BEP/Create_Approve_Reject/Create_BEP_EmailOutput' failed)]]></system-out>
         <system-err><![CDATA[2018-04-17 18:06:36 - [TEST_CASE][FAILED] - Test Cases/BEP/TestCases/TC_CreateBEP_EmailOutput_SkipEmail_NOECR: Test Cases/BEP/TestCases/TC_CreateBEP_EmailOutput_SkipEmail_NOECR FAILED because (of) Unable to set text 'BOFA' of object 'Object Repository/Generic/ACC' (Root cause: org.openqa.selenium.StaleElementReferenceException: stale element reference: element is not attached to the page document
  (Session info: chrome=65.0.3325.181)
  (Driver info: chromedriver=2.37.543627 (63642262d9fb93fb4ab52398be4286d844092a5e),platform=Windows NT 10.0.16299 x86_64) (WARNING: The server did not provide any stacktrace information)
Command duration or timeout: 559 milliseconds
For documentation on this error, please visit: http://seleniumhq.org/exceptions/stale_element_reference.html
Build info: version: '2.53.0', revision: '35ae25b', time: '2016-03-15 17:00:58'
System info: host: 'L23967WIN', ip: '10.150.105.41', os.name: 'Windows 10', os.arch: 'amd64', os.version: '10.0', java.version: '1.8.0_102'
Driver info: com.kms.katalon.selenium.driver.CChromeDriver
Capabilities [{applicationCacheEnabled=false, rotatable=false, mobileEmulationEnabled=false, networkConnectionEnabled=false, chrome={chromedriverVersion=2.37.543627 (63642262d9fb93fb4ab52398be4286d844092a5e), userDataDir=C:\Users\ranjs1\AppData\Local\Temp\scoped_dir1712_14973}, takesHeapSnapshot=true, pageLoadStrategy=normal, databaseEnabled=false, handlesAlerts=true, hasTouchScreen=false, version=65.0.3325.181, platform=XP, browserConnectionEnabled=false, nativeEvents=true, acceptSslCerts=false, acceptInsecureCerts=false, locationContextEnabled=true, webStorageEnabled=true, browserName=chrome, takesScreenshot=true, javascriptEnabled=true, cssSelectorsEnabled=true, setWindowRect=true, unexpectedAlertBehaviour=}]
Session ID: 16c0dc8358fc0b78ced8d9f6855b18c3)]]></system-err>
      </testcase>
      <testcase name="Test Cases/BEP/TestCases/TC_Withdraw" classname="Test Cases/BEP/TestCases/TC_Withdraw" status="FAILED">
         <failure type="FAILED" message="Unable to click on object 'Object Repository/BEP/Generic/EstimationMethod' (Root cause: org.openqa.selenium.WebDriverException: unknown error: Element &lt;select data-template=&quot;&quot; data-change=&quot;[[&amp;quot;refresh&amp;quot;, [&amp;quot;otherSection&amp;quot;,&amp;quot;ValueEstimationSection&amp;quot;, &amp;quot;&amp;quot;, &amp;quot;&amp;amp;=&amp;quot;, &amp;quot;&amp;quot;, &amp;quot;MarkDocAsMandatory,&amp;quot;,&amp;quot;:event&amp;quot;,&amp;quot;&amp;quot;,&amp;quot;pyWorkPage&amp;quot;],[&amp;quot;&amp;amp;&amp;quot;,[&amp;quot;OP&amp;quot;,[&amp;quot;$PpyWorkPage$ppyStatusWork&amp;quot;,&amp;quot;=&amp;quot;,&amp;quot;New&amp;quot;,&amp;quot;true&amp;quot;]]]]]&quot; data-keydown=&quot;[[&amp;quot;setItemFocus&amp;quot;,[&amp;quot;pyWorkPage.EstimationNotes&amp;quot;],,&amp;quot;enter&amp;quot;],[&amp;quot;setItemFocus&amp;quot;,[&amp;quot;pyWorkPage.EstimationNotes&amp;quot;],,&amp;quot;tab&amp;quot;]]&quot; data-test-id=&quot;201605230537590367524517&quot; data-ctl=&quot;[&amp;quot;Dropdown&amp;quot;]&quot; id=&quot;EstimationMethod&quot; class=&quot;standard&quot; style=&quot;width:100%&quot; name=&quot;$PpyWorkPage$pEstimationMethod&quot;>...&lt;/select> is not clickable at point (1386, 260). Other element would receive the click: &lt;div id=&quot;pega_ui_mask&quot; class=&quot;pega_ui_masking&quot; style=&quot;position: absolute; display: block; left: 2px; top: 170px; height: 629px; width: 1634px;&quot;>...&lt;/div>
  (Session info: chrome=65.0.3325.181)
  (Driver info: chromedriver=2.37.543627 (63642262d9fb93fb4ab52398be4286d844092a5e),platform=Windows NT 10.0.16299 x86_64) (WARNING: The server did not provide any stacktrace information)
Command duration or timeout: 96 milliseconds
Build info: version: '2.53.0', revision: '35ae25b', time: '2016-03-15 17:00:58'
System info: host: 'L23967WIN', ip: '10.150.105.41', os.name: 'Windows 10', os.arch: 'amd64', os.version: '10.0', java.version: '1.8.0_102'
Driver info: com.kms.katalon.selenium.driver.CChromeDriver
Capabilities [{applicationCacheEnabled=false, rotatable=false, mobileEmulationEnabled=false, networkConnectionEnabled=false, chrome={chromedriverVersion=2.37.543627 (63642262d9fb93fb4ab52398be4286d844092a5e), userDataDir=C:\Users\ranjs1\AppData\Local\Temp\scoped_dir4804_21560}, takesHeapSnapshot=true, pageLoadStrategy=normal, databaseEnabled=false, handlesAlerts=true, hasTouchScreen=false, version=65.0.3325.181, platform=XP, browserConnectionEnabled=false, nativeEvents=true, acceptSslCerts=false, acceptInsecureCerts=false, locationContextEnabled=true, webStorageEnabled=true, browserName=chrome, takesScreenshot=true, javascriptEnabled=true, cssSelectorsEnabled=true, setWindowRect=true, unexpectedAlertBehaviour=}]
Session ID: 1e51ee9f6977a53a1aabc13bf830c40e)"/>
         <system-out><![CDATA[2018-04-17 18:07:52 - [TEST_CASE][FAILED] - Test Cases/BEP/TestCases/TC_Withdraw: Test Cases/BEP/TestCases/TC_Withdraw FAILED because (of) Unable to click on object 'Object Repository/BEP/Generic/EstimationMethod' (Root cause: org.openqa.selenium.WebDriverException: unknown error: Element <select data-template="" data-change="[[&quot;refresh&quot;, [&quot;otherSection&quot;,&quot;ValueEstimationSection&quot;, &quot;&quot;, &quot;&amp;=&quot;, &quot;&quot;, &quot;MarkDocAsMandatory,&quot;,&quot;:event&quot;,&quot;&quot;,&quot;pyWorkPage&quot;],[&quot;&amp;&quot;,[&quot;OP&quot;,[&quot;$PpyWorkPage$ppyStatusWork&quot;,&quot;=&quot;,&quot;New&quot;,&quot;true&quot;]]]]]" data-keydown="[[&quot;setItemFocus&quot;,[&quot;pyWorkPage.EstimationNotes&quot;],,&quot;enter&quot;],[&quot;setItemFocus&quot;,[&quot;pyWorkPage.EstimationNotes&quot;],,&quot;tab&quot;]]" data-test-id="201605230537590367524517" data-ctl="[&quot;Dropdown&quot;]" id="EstimationMethod" class="standard" style="width:100%" name="$PpyWorkPage$pEstimationMethod">...</select> is not clickable at point (1386, 260). Other element would receive the click: <div id="pega_ui_mask" class="pega_ui_masking" style="position: absolute; display: block; left: 2px; top: 170px; height: 629px; width: 1634px;">...</div>
  (Session info: chrome=65.0.3325.181)
  (Driver info: chromedriver=2.37.543627 (63642262d9fb93fb4ab52398be4286d844092a5e),platform=Windows NT 10.0.16299 x86_64) (WARNING: The server did not provide any stacktrace information)
Command duration or timeout: 96 milliseconds
Build info: version: '2.53.0', revision: '35ae25b', time: '2016-03-15 17:00:58'
System info: host: 'L23967WIN', ip: '10.150.105.41', os.name: 'Windows 10', os.arch: 'amd64', os.version: '10.0', java.version: '1.8.0_102'
Driver info: com.kms.katalon.selenium.driver.CChromeDriver
Capabilities [{applicationCacheEnabled=false, rotatable=false, mobileEmulationEnabled=false, networkConnectionEnabled=false, chrome={chromedriverVersion=2.37.543627 (63642262d9fb93fb4ab52398be4286d844092a5e), userDataDir=C:\Users\ranjs1\AppData\Local\Temp\scoped_dir4804_21560}, takesHeapSnapshot=true, pageLoadStrategy=normal, databaseEnabled=false, handlesAlerts=true, hasTouchScreen=false, version=65.0.3325.181, platform=XP, browserConnectionEnabled=false, nativeEvents=true, acceptSslCerts=false, acceptInsecureCerts=false, locationContextEnabled=true, webStorageEnabled=true, browserName=chrome, takesScreenshot=true, javascriptEnabled=true, cssSelectorsEnabled=true, setWindowRect=true, unexpectedAlertBehaviour=}]
Session ID: 1e51ee9f6977a53a1aabc13bf830c40e)

2018-04-17 18:07:52 - [TEST_STEP][FAILED] - callTestCase: Unable to call Test Case with id 'Test Cases/BEP/Create_Approve_Reject/Create_BEP_NoOutput' (Root cause: Call Test Case 'Test Cases/BEP/Create_Approve_Reject/Create_BEP_NoOutput' failed)

2018-04-17 18:07:52 - [TEST_CASE][FAILED] - Test Cases/BEP/Create_Approve_Reject/Create_BEP_NoOutput: Test Cases/BEP/Create_Approve_Reject/Create_BEP_NoOutput FAILED because (of) Unable to click on object 'Object Repository/BEP/Generic/EstimationMethod' (Root cause: org.openqa.selenium.WebDriverException: unknown error: Element <select data-template="" data-change="[[&quot;refresh&quot;, [&quot;otherSection&quot;,&quot;ValueEstimationSection&quot;, &quot;&quot;, &quot;&amp;=&quot;, &quot;&quot;, &quot;MarkDocAsMandatory,&quot;,&quot;:event&quot;,&quot;&quot;,&quot;pyWorkPage&quot;],[&quot;&amp;&quot;,[&quot;OP&quot;,[&quot;$PpyWorkPage$ppyStatusWork&quot;,&quot;=&quot;,&quot;New&quot;,&quot;true&quot;]]]]]" data-keydown="[[&quot;setItemFocus&quot;,[&quot;pyWorkPage.EstimationNotes&quot;],,&quot;enter&quot;],[&quot;setItemFocus&quot;,[&quot;pyWorkPage.EstimationNotes&quot;],,&quot;tab&quot;]]" data-test-id="201605230537590367524517" data-ctl="[&quot;Dropdown&quot;]" id="EstimationMethod" class="standard" style="width:100%" name="$PpyWorkPage$pEstimationMethod">...</select> is not clickable at point (1386, 260). Other element would receive the click: <div id="pega_ui_mask" class="pega_ui_masking" style="position: absolute; display: block; left: 2px; top: 170px; height: 629px; width: 1634px;">...</div>
  (Session info: chrome=65.0.3325.181)
  (Driver info: chromedriver=2.37.543627 (63642262d9fb93fb4ab52398be4286d844092a5e),platform=Windows NT 10.0.16299 x86_64) (WARNING: The server did not provide any stacktrace information)
Command duration or timeout: 96 milliseconds
Build info: version: '2.53.0', revision: '35ae25b', time: '2016-03-15 17:00:58'
System info: host: 'L23967WIN', ip: '10.150.105.41', os.name: 'Windows 10', os.arch: 'amd64', os.version: '10.0', java.version: '1.8.0_102'
Driver info: com.kms.katalon.selenium.driver.CChromeDriver
Capabilities [{applicationCacheEnabled=false, rotatable=false, mobileEmulationEnabled=false, networkConnectionEnabled=false, chrome={chromedriverVersion=2.37.543627 (63642262d9fb93fb4ab52398be4286d844092a5e), userDataDir=C:\Users\ranjs1\AppData\Local\Temp\scoped_dir4804_21560}, takesHeapSnapshot=true, pageLoadStrategy=normal, databaseEnabled=false, handlesAlerts=true, hasTouchScreen=false, version=65.0.3325.181, platform=XP, browserConnectionEnabled=false, nativeEvents=true, acceptSslCerts=false, acceptInsecureCerts=false, locationContextEnabled=true, webStorageEnabled=true, browserName=chrome, takesScreenshot=true, javascriptEnabled=true, cssSelectorsEnabled=true, setWindowRect=true, unexpectedAlertBehaviour=}]
Session ID: 1e51ee9f6977a53a1aabc13bf830c40e)

2018-04-17 18:07:53 - [TEST_STEP][PASSED] - com.helper.commonfunct.commonutilities.login: com.helper.commonfunct.commonutilities.login is PASSED

2018-04-17 18:07:53 - [MESSAGE][WARNING] - A browser is already opened. Closing browser and opening a new one

2018-04-17 18:07:59 - [MESSAGE][PASSED] - Browser is opened with url: ''

2018-04-17 18:08:03 - [MESSAGE][PASSED] - Navigate to 'https://vtcpdev.rpega.com:7688/tcpdev/PRServlet' successfully

2018-04-17 18:08:04 - [MESSAGE][PASSED] - Text 'hendj@pegasystems.com' is set on object 'Object Repository/Generic/input_UserIdentifier'

2018-04-17 18:08:05 - [MESSAGE][PASSED] - Text 'install' is set on object 'Object Repository/Generic/input_Password'

2018-04-17 18:08:11 - [MESSAGE][PASSED] - Keys '' sent to object: 'Object Repository/Generic/input_Password'

2018-04-17 18:08:11 - [MESSAGE][PASSED] - com.helper.commonfunct.commonutilities.login is PASSED

2018-04-17 18:08:11 - [TEST_STEP][FAILED] - com.helper.commonfunct.BEP_CommonMethod.Estimate: Unable to click on object 'Object Repository/BEP/Generic/EstimationMethod' (Root cause: org.openqa.selenium.WebDriverException: unknown error: Element <select data-template="" data-change="[[&quot;refresh&quot;, [&quot;otherSection&quot;,&quot;ValueEstimationSection&quot;, &quot;&quot;, &quot;&amp;=&quot;, &quot;&quot;, &quot;MarkDocAsMandatory,&quot;,&quot;:event&quot;,&quot;&quot;,&quot;pyWorkPage&quot;],[&quot;&amp;&quot;,[&quot;OP&quot;,[&quot;$PpyWorkPage$ppyStatusWork&quot;,&quot;=&quot;,&quot;New&quot;,&quot;true&quot;]]]]]" data-keydown="[[&quot;setItemFocus&quot;,[&quot;pyWorkPage.EstimationNotes&quot;],,&quot;enter&quot;],[&quot;setItemFocus&quot;,[&quot;pyWorkPage.EstimationNotes&quot;],,&quot;tab&quot;]]" data-test-id="201605230537590367524517" data-ctl="[&quot;Dropdown&quot;]" id="EstimationMethod" class="standard" style="width:100%" name="$PpyWorkPage$pEstimationMethod">...</select> is not clickable at point (1386, 260). Other element would receive the click: <div id="pega_ui_mask" class="pega_ui_masking" style="position: absolute; display: block; left: 2px; top: 170px; height: 629px; width: 1634px;">...</div>
  (Session info: chrome=65.0.3325.181)
  (Driver info: chromedriver=2.37.543627 (63642262d9fb93fb4ab52398be4286d844092a5e),platform=Windows NT 10.0.16299 x86_64) (WARNING: The server did not provide any stacktrace information)
Command duration or timeout: 96 milliseconds
Build info: version: '2.53.0', revision: '35ae25b', time: '2016-03-15 17:00:58'
System info: host: 'L23967WIN', ip: '10.150.105.41', os.name: 'Windows 10', os.arch: 'amd64', os.version: '10.0', java.version: '1.8.0_102'
Driver info: com.kms.katalon.selenium.driver.CChromeDriver
Capabilities [{applicationCacheEnabled=false, rotatable=false, mobileEmulationEnabled=false, networkConnectionEnabled=false, chrome={chromedriverVersion=2.37.543627 (63642262d9fb93fb4ab52398be4286d844092a5e), userDataDir=C:\Users\ranjs1\AppData\Local\Temp\scoped_dir4804_21560}, takesHeapSnapshot=true, pageLoadStrategy=normal, databaseEnabled=false, handlesAlerts=true, hasTouchScreen=false, version=65.0.3325.181, platform=XP, browserConnectionEnabled=false, nativeEvents=true, acceptSslCerts=false, acceptInsecureCerts=false, locationContextEnabled=true, webStorageEnabled=true, browserName=chrome, takesScreenshot=true, javascriptEnabled=true, cssSelectorsEnabled=true, setWindowRect=true, unexpectedAlertBehaviour=}]
Session ID: 1e51ee9f6977a53a1aabc13bf830c40e)

2018-04-17 18:08:13 - [MESSAGE][PASSED] - Current window maximized

2018-04-17 18:08:15 - [MESSAGE][PASSED] - Delayed 2 second(s)

2018-04-17 18:08:16 - [MESSAGE][PASSED] - Object: 'Object Repository/Generic/New' is clicked on

2018-04-17 18:08:20 - [MESSAGE][PASSED] - Delayed 4 second(s)

2018-04-17 18:08:20 - [MESSAGE][PASSED] - Object: 'Object Repository/BEP/Generic/EstimateLink' is clicked on

2018-04-17 18:08:24 - [MESSAGE][PASSED] - Delayed 4 second(s)

2018-04-17 18:08:26 - [MESSAGE][PASSED] - Object: 'Object Repository/ECR/Generic/WOTAB' is clicked on

2018-04-17 18:08:26 - [MESSAGE][PASSED] - Wait for page load successfully

2018-04-17 18:08:31 - [MESSAGE][PASSED] - Delayed 5 second(s)

2018-04-17 18:08:31 - [MESSAGE][WARNING] - Timeout '0' is invalid. Using default page load timeout: '30'

2018-04-17 18:08:31 - [MESSAGE][PASSED] - Object 'Object Repository/BEP/Generic/import' is visible

2018-04-17 18:08:31 - [MESSAGE][PASSED] - Object: 'Object Repository/BEP/Generic/import' is clicked on

2018-04-17 18:08:36 - [MESSAGE][PASSED] - Delayed 5 second(s)

2018-04-17 18:08:37 - [MESSAGE][PASSED] - File 'C:\Users\ranjs1\git\DAUIAutomation\Data Files\BEP\Estimate.xlsm' sent to object: 'Object Repository/Generic/FilePath'

2018-04-17 18:08:42 - [MESSAGE][PASSED] - Delayed 5 second(s)

2018-04-17 18:08:43 - [MESSAGE][PASSED] - Object: 'Object Repository/Generic/button_Submit' is clicked on

2018-04-17 18:08:53 - [MESSAGE][PASSED] - Delayed 10 second(s)

2018-04-17 18:08:55 - [MESSAGE][PASSED] - Text 'BOFA' is set on object 'Object Repository/Generic/ORG'

2018-04-17 18:09:02 - [MESSAGE][PASSED] - Delayed 7 second(s)

2018-04-17 18:09:02 - [MESSAGE][PASSED] - Keys '' sent to object: 'Object Repository/Generic/ORG'

2018-04-17 18:09:09 - [MESSAGE][PASSED] - Delayed 7 second(s)

2018-04-17 18:09:10 - [MESSAGE][PASSED] - Text 'BOFA' is set on object 'Object Repository/Generic/ACC'

2018-04-17 18:09:17 - [MESSAGE][PASSED] - Delayed 7 second(s)

2018-04-17 18:09:17 - [MESSAGE][PASSED] - Keys '' sent to object: 'Object Repository/Generic/ACC'

2018-04-17 18:09:22 - [MESSAGE][PASSED] - Delayed 5 second(s)

2018-04-17 18:09:26 - [MESSAGE][PASSED] - Text 'The engagement you entered doesn't match' is present on page 

2018-04-17 18:09:27 - [MESSAGE][PASSED] - Text 'AUTOTEST1' is set on object 'Object Repository/Generic/ENG_DESC'

2018-04-17 18:09:32 - [MESSAGE][PASSED] - Delayed 5 second(s)

2018-04-17 18:09:33 - [MESSAGE][PASSED] - Object: 'Object Repository/BEP/Generic/MorethanOneRLSNO' is clicked on

2018-04-17 18:09:38 - [MESSAGE][PASSED] - Delayed 5 second(s)

2018-04-17 18:09:38 - [MESSAGE][PASSED] - All options with value 'PRD-87' are selected in object 'Object Repository/Generic/PlatformID' 

2018-04-17 18:09:43 - [MESSAGE][PASSED] - Delayed 5 second(s)

2018-04-17 18:09:43 - [MESSAGE][PASSED] - All options with value 'RLS-2699' are selected in object 'Object Repository/Generic/PlatformVersion' 

2018-04-17 18:09:48 - [MESSAGE][PASSED] - Delayed 5 second(s)

2018-04-17 18:09:48 - [MESSAGE][PASSED] - Object: 'Object Repository/Generic/PlatformTrue' is clicked on

2018-04-17 18:09:53 - [MESSAGE][PASSED] - Delayed 5 second(s)

2018-04-17 18:09:54 - [MESSAGE][PASSED] - All options with value 'hendj@pegasystems.com' are selected in object 'Object Repository/EngInfo/PL' 

2018-04-17 18:09:59 - [MESSAGE][PASSED] - Delayed 5 second(s)

2018-04-17 18:10:01 - [MESSAGE][PASSED] - Text 'PL Team Leader' is present on page 

2018-04-17 18:10:01 - [MESSAGE][PASSED] - All options with value 'higgr@pegasystems.com' are selected in object 'Object Repository/EngInfo/PLTL' 

2018-04-17 18:10:06 - [MESSAGE][PASSED] - Delayed 5 second(s)

2018-04-17 18:10:06 - [MESSAGE][PASSED] - All options with value 'langr1@pegasystems.com' are selected in object 'Object Repository/EngInfo/RD' 

2018-04-17 18:10:11 - [MESSAGE][PASSED] - Delayed 5 second(s)

2018-04-17 18:10:11 - [MESSAGE][PASSED] - All options with value 'panee@pegasystems.com' are selected in object 'Object Repository/EngInfo/RL' 

2018-04-17 18:10:16 - [MESSAGE][PASSED] - Delayed 5 second(s)

2018-04-17 18:10:16 - [MESSAGE][PASSED] - Scroll to object 'Object Repository/Generic/NEXT_BUTTON' successfully

2018-04-17 18:10:17 - [MESSAGE][PASSED] - Object: 'Object Repository/Generic/NEXT_BUTTON' is clicked on

2018-04-17 18:10:22 - [MESSAGE][PASSED] - Delayed 5 second(s)

2018-04-17 18:10:22 - [MESSAGE][PASSED] - Wait for page load successfully

2018-04-17 18:10:22 - [MESSAGE][PASSED] - Text '12' is set on object 'Object Repository/BEP/Generic/DurationLow'

2018-04-17 18:10:29 - [MESSAGE][PASSED] - Delayed 7 second(s)

2018-04-17 18:10:30 - [MESSAGE][PASSED] - Text '12' is set on object 'Object Repository/BEP/Generic/DurationHigh'

2018-04-17 18:10:37 - [MESSAGE][PASSED] - Delayed 7 second(s)

2018-04-17 18:10:37 - [MESSAGE][PASSED] - Text '12' is set on object 'Object Repository/BEP/Generic/PartnerHoursLow'

2018-04-17 18:10:42 - [MESSAGE][PASSED] - Delayed 5 second(s)

2018-04-17 18:10:42 - [MESSAGE][PASSED] - Text '12' is set on object 'Object Repository/BEP/Generic/PartnerHoursHigh'

2018-04-17 18:10:47 - [MESSAGE][PASSED] - Delayed 5 second(s)

2018-04-17 18:10:52 - [MESSAGE][PASSED] - Delayed 5 second(s)

2018-04-17 18:10:53 - [MESSAGE][FAILED] - Unable to click on object 'Object Repository/BEP/Generic/EstimationMethod' (Root cause: org.openqa.selenium.WebDriverException: unknown error: Element <select data-template="" data-change="[[&quot;refresh&quot;, [&quot;otherSection&quot;,&quot;ValueEstimationSection&quot;, &quot;&quot;, &quot;&amp;=&quot;, &quot;&quot;, &quot;MarkDocAsMandatory,&quot;,&quot;:event&quot;,&quot;&quot;,&quot;pyWorkPage&quot;],[&quot;&amp;&quot;,[&quot;OP&quot;,[&quot;$PpyWorkPage$ppyStatusWork&quot;,&quot;=&quot;,&quot;New&quot;,&quot;true&quot;]]]]]" data-keydown="[[&quot;setItemFocus&quot;,[&quot;pyWorkPage.EstimationNotes&quot;],,&quot;enter&quot;],[&quot;setItemFocus&quot;,[&quot;pyWorkPage.EstimationNotes&quot;],,&quot;tab&quot;]]" data-test-id="201605230537590367524517" data-ctl="[&quot;Dropdown&quot;]" id="EstimationMethod" class="standard" style="width:100%" name="$PpyWorkPage$pEstimationMethod">...</select> is not clickable at point (1386, 260). Other element would receive the click: <div id="pega_ui_mask" class="pega_ui_masking" style="position: absolute; display: block; left: 2px; top: 170px; height: 629px; width: 1634px;">...</div>
  (Session info: chrome=65.0.3325.181)
  (Driver info: chromedriver=2.37.543627 (63642262d9fb93fb4ab52398be4286d844092a5e),platform=Windows NT 10.0.16299 x86_64) (WARNING: The server did not provide any stacktrace information)
Command duration or timeout: 96 milliseconds
Build info: version: '2.53.0', revision: '35ae25b', time: '2016-03-15 17:00:58'
System info: host: 'L23967WIN', ip: '10.150.105.41', os.name: 'Windows 10', os.arch: 'amd64', os.version: '10.0', java.version: '1.8.0_102'
Driver info: com.kms.katalon.selenium.driver.CChromeDriver
Capabilities [{applicationCacheEnabled=false, rotatable=false, mobileEmulationEnabled=false, networkConnectionEnabled=false, chrome={chromedriverVersion=2.37.543627 (63642262d9fb93fb4ab52398be4286d844092a5e), userDataDir=C:\Users\ranjs1\AppData\Local\Temp\scoped_dir4804_21560}, takesHeapSnapshot=true, pageLoadStrategy=normal, databaseEnabled=false, handlesAlerts=true, hasTouchScreen=false, version=65.0.3325.181, platform=XP, browserConnectionEnabled=false, nativeEvents=true, acceptSslCerts=false, acceptInsecureCerts=false, locationContextEnabled=true, webStorageEnabled=true, browserName=chrome, takesScreenshot=true, javascriptEnabled=true, cssSelectorsEnabled=true, setWindowRect=true, unexpectedAlertBehaviour=}]
Session ID: 1e51ee9f6977a53a1aabc13bf830c40e)
[[ATTACHMENT|C:\\Users\\ranjs1\\git\\DAUIAutomation\\Reports\\Estimate\\20180417_175157\\1523968852880.png]]

2018-04-17 18:10:53 - [MESSAGE][FAILED] - Unable to click on object 'Object Repository/BEP/Generic/EstimationMethod' (Root cause: org.openqa.selenium.WebDriverException: unknown error: Element <select data-template="" data-change="[[&quot;refresh&quot;, [&quot;otherSection&quot;,&quot;ValueEstimationSection&quot;, &quot;&quot;, &quot;&amp;=&quot;, &quot;&quot;, &quot;MarkDocAsMandatory,&quot;,&quot;:event&quot;,&quot;&quot;,&quot;pyWorkPage&quot;],[&quot;&amp;&quot;,[&quot;OP&quot;,[&quot;$PpyWorkPage$ppyStatusWork&quot;,&quot;=&quot;,&quot;New&quot;,&quot;true&quot;]]]]]" data-keydown="[[&quot;setItemFocus&quot;,[&quot;pyWorkPage.EstimationNotes&quot;],,&quot;enter&quot;],[&quot;setItemFocus&quot;,[&quot;pyWorkPage.EstimationNotes&quot;],,&quot;tab&quot;]]" data-test-id="201605230537590367524517" data-ctl="[&quot;Dropdown&quot;]" id="EstimationMethod" class="standard" style="width:100%" name="$PpyWorkPage$pEstimationMethod">...</select> is not clickable at point (1386, 260). Other element would receive the click: <div id="pega_ui_mask" class="pega_ui_masking" style="position: absolute; display: block; left: 2px; top: 170px; height: 629px; width: 1634px;">...</div>
  (Session info: chrome=65.0.3325.181)
  (Driver info: chromedriver=2.37.543627 (63642262d9fb93fb4ab52398be4286d844092a5e),platform=Windows NT 10.0.16299 x86_64) (WARNING: The server did not provide any stacktrace information)
Command duration or timeout: 96 milliseconds
Build info: version: '2.53.0', revision: '35ae25b', time: '2016-03-15 17:00:58'
System info: host: 'L23967WIN', ip: '10.150.105.41', os.name: 'Windows 10', os.arch: 'amd64', os.version: '10.0', java.version: '1.8.0_102'
Driver info: com.kms.katalon.selenium.driver.CChromeDriver
Capabilities [{applicationCacheEnabled=false, rotatable=false, mobileEmulationEnabled=false, networkConnectionEnabled=false, chrome={chromedriverVersion=2.37.543627 (63642262d9fb93fb4ab52398be4286d844092a5e), userDataDir=C:\Users\ranjs1\AppData\Local\Temp\scoped_dir4804_21560}, takesHeapSnapshot=true, pageLoadStrategy=normal, databaseEnabled=false, handlesAlerts=true, hasTouchScreen=false, version=65.0.3325.181, platform=XP, browserConnectionEnabled=false, nativeEvents=true, acceptSslCerts=false, acceptInsecureCerts=false, locationContextEnabled=true, webStorageEnabled=true, browserName=chrome, takesScreenshot=true, javascriptEnabled=true, cssSelectorsEnabled=true, setWindowRect=true, unexpectedAlertBehaviour=}]
Session ID: 1e51ee9f6977a53a1aabc13bf830c40e)

2018-04-17 18:10:53 - [MESSAGE][FAILED] - Unable to call Test Case with id 'Test Cases/BEP/Create_Approve_Reject/Create_BEP_NoOutput' (Root cause: Call Test Case 'Test Cases/BEP/Create_Approve_Reject/Create_BEP_NoOutput' failed)]]></system-out>
         <system-err><![CDATA[2018-04-17 18:07:52 - [TEST_CASE][FAILED] - Test Cases/BEP/TestCases/TC_Withdraw: Test Cases/BEP/TestCases/TC_Withdraw FAILED because (of) Unable to click on object 'Object Repository/BEP/Generic/EstimationMethod' (Root cause: org.openqa.selenium.WebDriverException: unknown error: Element <select data-template="" data-change="[[&quot;refresh&quot;, [&quot;otherSection&quot;,&quot;ValueEstimationSection&quot;, &quot;&quot;, &quot;&amp;=&quot;, &quot;&quot;, &quot;MarkDocAsMandatory,&quot;,&quot;:event&quot;,&quot;&quot;,&quot;pyWorkPage&quot;],[&quot;&amp;&quot;,[&quot;OP&quot;,[&quot;$PpyWorkPage$ppyStatusWork&quot;,&quot;=&quot;,&quot;New&quot;,&quot;true&quot;]]]]]" data-keydown="[[&quot;setItemFocus&quot;,[&quot;pyWorkPage.EstimationNotes&quot;],,&quot;enter&quot;],[&quot;setItemFocus&quot;,[&quot;pyWorkPage.EstimationNotes&quot;],,&quot;tab&quot;]]" data-test-id="201605230537590367524517" data-ctl="[&quot;Dropdown&quot;]" id="EstimationMethod" class="standard" style="width:100%" name="$PpyWorkPage$pEstimationMethod">...</select> is not clickable at point (1386, 260). Other element would receive the click: <div id="pega_ui_mask" class="pega_ui_masking" style="position: absolute; display: block; left: 2px; top: 170px; height: 629px; width: 1634px;">...</div>
  (Session info: chrome=65.0.3325.181)
  (Driver info: chromedriver=2.37.543627 (63642262d9fb93fb4ab52398be4286d844092a5e),platform=Windows NT 10.0.16299 x86_64) (WARNING: The server did not provide any stacktrace information)
Command duration or timeout: 96 milliseconds
Build info: version: '2.53.0', revision: '35ae25b', time: '2016-03-15 17:00:58'
System info: host: 'L23967WIN', ip: '10.150.105.41', os.name: 'Windows 10', os.arch: 'amd64', os.version: '10.0', java.version: '1.8.0_102'
Driver info: com.kms.katalon.selenium.driver.CChromeDriver
Capabilities [{applicationCacheEnabled=false, rotatable=false, mobileEmulationEnabled=false, networkConnectionEnabled=false, chrome={chromedriverVersion=2.37.543627 (63642262d9fb93fb4ab52398be4286d844092a5e), userDataDir=C:\Users\ranjs1\AppData\Local\Temp\scoped_dir4804_21560}, takesHeapSnapshot=true, pageLoadStrategy=normal, databaseEnabled=false, handlesAlerts=true, hasTouchScreen=false, version=65.0.3325.181, platform=XP, browserConnectionEnabled=false, nativeEvents=true, acceptSslCerts=false, acceptInsecureCerts=false, locationContextEnabled=true, webStorageEnabled=true, browserName=chrome, takesScreenshot=true, javascriptEnabled=true, cssSelectorsEnabled=true, setWindowRect=true, unexpectedAlertBehaviour=}]
Session ID: 1e51ee9f6977a53a1aabc13bf830c40e)]]></system-err>
      </testcase>
      <testcase name="Test Cases/BEP/TestCases/TC_Create_BEP_EmailOutputMoreThanOneRLS" classname="Test Cases/BEP/TestCases/TC_Create_BEP_EmailOutputMoreThanOneRLS" status="FAILED">
         <failure type="FAILED" message="Unable to click on object 'Object Repository/BEP/Generic/BEPOutputEmail' (Root cause: com.kms.katalon.core.webui.exception.WebElementNotFoundException: Web element with id: 'Object Repository/BEP/Generic/BEPOutputEmail' located by 'By.xpath: //label[@for='BEPOutputEmail']' not found)"/>
         <system-out><![CDATA[2018-04-17 18:10:53 - [TEST_CASE][FAILED] - Test Cases/BEP/TestCases/TC_Create_BEP_EmailOutputMoreThanOneRLS: Test Cases/BEP/TestCases/TC_Create_BEP_EmailOutputMoreThanOneRLS FAILED because (of) Unable to click on object 'Object Repository/BEP/Generic/BEPOutputEmail' (Root cause: com.kms.katalon.core.webui.exception.WebElementNotFoundException: Web element with id: 'Object Repository/BEP/Generic/BEPOutputEmail' located by 'By.xpath: //label[@for='BEPOutputEmail']' not found)

2018-04-17 18:10:54 - [TEST_STEP][FAILED] - callTestCase: Unable to call Test Case with id 'Test Cases/BEP/Create_Approve_Reject/Create_BEP_EmailOutput' (Root cause: Call Test Case 'Test Cases/BEP/Create_Approve_Reject/Create_BEP_EmailOutput' failed)

2018-04-17 18:10:54 - [TEST_CASE][FAILED] - Test Cases/BEP/Create_Approve_Reject/Create_BEP_EmailOutput: Test Cases/BEP/Create_Approve_Reject/Create_BEP_EmailOutput FAILED because (of) Unable to click on object 'Object Repository/BEP/Generic/BEPOutputEmail' (Root cause: com.kms.katalon.core.webui.exception.WebElementNotFoundException: Web element with id: 'Object Repository/BEP/Generic/BEPOutputEmail' located by 'By.xpath: //label[@for='BEPOutputEmail']' not found)

2018-04-17 18:10:54 - [TEST_STEP][PASSED] - com.helper.commonfunct.commonutilities.login: com.helper.commonfunct.commonutilities.login is PASSED

2018-04-17 18:10:54 - [MESSAGE][WARNING] - A browser is already opened. Closing browser and opening a new one

2018-04-17 18:11:00 - [MESSAGE][PASSED] - Browser is opened with url: ''

2018-04-17 18:11:03 - [MESSAGE][PASSED] - Navigate to 'https://vtcpdev.rpega.com:7688/tcpdev/PRServlet' successfully

2018-04-17 18:11:04 - [MESSAGE][PASSED] - Text 'hendj@pegasystems.com' is set on object 'Object Repository/Generic/input_UserIdentifier'

2018-04-17 18:11:04 - [MESSAGE][PASSED] - Text 'install' is set on object 'Object Repository/Generic/input_Password'

2018-04-17 18:11:09 - [MESSAGE][PASSED] - Keys '' sent to object: 'Object Repository/Generic/input_Password'

2018-04-17 18:11:09 - [MESSAGE][PASSED] - com.helper.commonfunct.commonutilities.login is PASSED

2018-04-17 18:11:09 - [TEST_STEP][FAILED] - com.helper.commonfunct.BEP_CommonMethod.Estimate: Unable to click on object 'Object Repository/BEP/Generic/BEPOutputEmail' (Root cause: com.kms.katalon.core.webui.exception.WebElementNotFoundException: Web element with id: 'Object Repository/BEP/Generic/BEPOutputEmail' located by 'By.xpath: //label[@for='BEPOutputEmail']' not found)

2018-04-17 18:11:10 - [MESSAGE][PASSED] - Current window maximized

2018-04-17 18:11:12 - [MESSAGE][PASSED] - Delayed 2 second(s)

2018-04-17 18:11:13 - [MESSAGE][PASSED] - Object: 'Object Repository/Generic/New' is clicked on

2018-04-17 18:11:17 - [MESSAGE][PASSED] - Delayed 4 second(s)

2018-04-17 18:11:17 - [MESSAGE][PASSED] - Object: 'Object Repository/BEP/Generic/EstimateLink' is clicked on

2018-04-17 18:11:21 - [MESSAGE][PASSED] - Delayed 4 second(s)

2018-04-17 18:11:22 - [MESSAGE][PASSED] - Object: 'Object Repository/ECR/Generic/WOTAB' is clicked on

2018-04-17 18:11:22 - [MESSAGE][PASSED] - Wait for page load successfully

2018-04-17 18:11:27 - [MESSAGE][PASSED] - Delayed 5 second(s)

2018-04-17 18:11:27 - [MESSAGE][WARNING] - Timeout '0' is invalid. Using default page load timeout: '30'

2018-04-17 18:11:27 - [MESSAGE][PASSED] - Object 'Object Repository/BEP/Generic/import' is visible

2018-04-17 18:11:27 - [MESSAGE][PASSED] - Object: 'Object Repository/BEP/Generic/import' is clicked on

2018-04-17 18:11:32 - [MESSAGE][PASSED] - Delayed 5 second(s)

2018-04-17 18:11:32 - [MESSAGE][PASSED] - File 'C:\Users\ranjs1\git\DAUIAutomation\Data Files\BEP\Estimate.xlsm' sent to object: 'Object Repository/Generic/FilePath'

2018-04-17 18:11:37 - [MESSAGE][PASSED] - Delayed 5 second(s)

2018-04-17 18:11:38 - [MESSAGE][PASSED] - Object: 'Object Repository/Generic/button_Submit' is clicked on

2018-04-17 18:11:48 - [MESSAGE][PASSED] - Delayed 10 second(s)

2018-04-17 18:11:49 - [MESSAGE][PASSED] - Text 'BOFA' is set on object 'Object Repository/Generic/ORG'

2018-04-17 18:11:56 - [MESSAGE][PASSED] - Delayed 7 second(s)

2018-04-17 18:11:56 - [MESSAGE][PASSED] - Keys '' sent to object: 'Object Repository/Generic/ORG'

2018-04-17 18:12:03 - [MESSAGE][PASSED] - Delayed 7 second(s)

2018-04-17 18:12:03 - [MESSAGE][PASSED] - Text 'BOFA' is set on object 'Object Repository/Generic/ACC'

2018-04-17 18:12:10 - [MESSAGE][PASSED] - Delayed 7 second(s)

2018-04-17 18:12:11 - [MESSAGE][PASSED] - Keys '' sent to object: 'Object Repository/Generic/ACC'

2018-04-17 18:12:16 - [MESSAGE][PASSED] - Delayed 5 second(s)

2018-04-17 18:12:18 - [MESSAGE][PASSED] - Text 'The engagement you entered doesn't match' is present on page 

2018-04-17 18:12:18 - [MESSAGE][PASSED] - Text 'AUTOTEST1' is set on object 'Object Repository/Generic/ENG_DESC'

2018-04-17 18:12:23 - [MESSAGE][PASSED] - Delayed 5 second(s)

2018-04-17 18:12:24 - [MESSAGE][PASSED] - Object: 'Object Repository/BEP/Generic/MorethanOneRLSNO' is clicked on

2018-04-17 18:12:29 - [MESSAGE][PASSED] - Delayed 5 second(s)

2018-04-17 18:12:29 - [MESSAGE][PASSED] - All options with value 'PRD-87' are selected in object 'Object Repository/Generic/PlatformID' 

2018-04-17 18:12:34 - [MESSAGE][PASSED] - Delayed 5 second(s)

2018-04-17 18:12:34 - [MESSAGE][PASSED] - All options with value 'RLS-2699' are selected in object 'Object Repository/Generic/PlatformVersion' 

2018-04-17 18:12:39 - [MESSAGE][PASSED] - Delayed 5 second(s)

2018-04-17 18:12:40 - [MESSAGE][PASSED] - Object: 'Object Repository/Generic/PlatformTrue' is clicked on

2018-04-17 18:12:45 - [MESSAGE][PASSED] - Delayed 5 second(s)

2018-04-17 18:12:45 - [MESSAGE][PASSED] - All options with value 'hendj@pegasystems.com' are selected in object 'Object Repository/EngInfo/PL' 

2018-04-17 18:12:50 - [MESSAGE][PASSED] - Delayed 5 second(s)

2018-04-17 18:12:52 - [MESSAGE][PASSED] - Text 'PL Team Leader' is present on page 

2018-04-17 18:12:52 - [MESSAGE][PASSED] - All options with value 'higgr@pegasystems.com' are selected in object 'Object Repository/EngInfo/PLTL' 

2018-04-17 18:12:57 - [MESSAGE][PASSED] - Delayed 5 second(s)

2018-04-17 18:12:57 - [MESSAGE][PASSED] - All options with value 'langr1@pegasystems.com' are selected in object 'Object Repository/EngInfo/RD' 

2018-04-17 18:13:02 - [MESSAGE][PASSED] - Delayed 5 second(s)

2018-04-17 18:13:02 - [MESSAGE][PASSED] - All options with value 'panee@pegasystems.com' are selected in object 'Object Repository/EngInfo/RL' 

2018-04-17 18:13:07 - [MESSAGE][PASSED] - Delayed 5 second(s)

2018-04-17 18:13:07 - [MESSAGE][PASSED] - Scroll to object 'Object Repository/Generic/NEXT_BUTTON' successfully

2018-04-17 18:13:08 - [MESSAGE][PASSED] - Object: 'Object Repository/Generic/NEXT_BUTTON' is clicked on

2018-04-17 18:13:13 - [MESSAGE][PASSED] - Delayed 5 second(s)

2018-04-17 18:13:13 - [MESSAGE][PASSED] - Wait for page load successfully

2018-04-17 18:13:17 - [MESSAGE][PASSED] - Text '12' is set on object 'Object Repository/BEP/Generic/DurationLow'

2018-04-17 18:13:24 - [MESSAGE][PASSED] - Delayed 7 second(s)

2018-04-17 18:13:25 - [MESSAGE][PASSED] - Text '12' is set on object 'Object Repository/BEP/Generic/DurationHigh'

2018-04-17 18:13:32 - [MESSAGE][PASSED] - Delayed 7 second(s)

2018-04-17 18:13:32 - [MESSAGE][PASSED] - Text '12' is set on object 'Object Repository/BEP/Generic/PartnerHoursLow'

2018-04-17 18:13:37 - [MESSAGE][PASSED] - Delayed 5 second(s)

2018-04-17 18:13:38 - [MESSAGE][PASSED] - Text '12' is set on object 'Object Repository/BEP/Generic/PartnerHoursHigh'

2018-04-17 18:13:43 - [MESSAGE][PASSED] - Delayed 5 second(s)

2018-04-17 18:13:48 - [MESSAGE][PASSED] - Delayed 5 second(s)

2018-04-17 18:13:48 - [MESSAGE][PASSED] - Object: 'Object Repository/BEP/Generic/EstimationMethod' is clicked on

2018-04-17 18:13:53 - [MESSAGE][PASSED] - Delayed 5 second(s)

2018-04-17 18:13:53 - [MESSAGE][PASSED] - Keys 'BSW' sent to object: 'Object Repository/BEP/Generic/EstimationMethod'

2018-04-17 18:13:58 - [MESSAGE][PASSED] - Delayed 5 second(s)

2018-04-17 18:13:58 - [MESSAGE][PASSED] - Scroll to object 'Object Repository/Generic/NEXT_BUTTON' successfully

2018-04-17 18:13:59 - [MESSAGE][PASSED] - Object: 'Object Repository/Generic/NEXT_BUTTON' is clicked on

2018-04-17 18:14:04 - [MESSAGE][PASSED] - Delayed 5 second(s)

2018-04-17 18:14:35 - [MESSAGE][FAILED] - Unable to click on object 'Object Repository/BEP/Generic/BEPOutputEmail' (Root cause: com.kms.katalon.core.webui.exception.WebElementNotFoundException: Web element with id: 'Object Repository/BEP/Generic/BEPOutputEmail' located by 'By.xpath: //label[@for='BEPOutputEmail']' not found)
[[ATTACHMENT|C:\\Users\\ranjs1\\git\\DAUIAutomation\\Reports\\Estimate\\20180417_175157\\1523969075208.png]]

2018-04-17 18:14:35 - [MESSAGE][FAILED] - Unable to click on object 'Object Repository/BEP/Generic/BEPOutputEmail' (Root cause: com.kms.katalon.core.webui.exception.WebElementNotFoundException: Web element with id: 'Object Repository/BEP/Generic/BEPOutputEmail' located by 'By.xpath: //label[@for='BEPOutputEmail']' not found)

2018-04-17 18:14:35 - [MESSAGE][FAILED] - Unable to call Test Case with id 'Test Cases/BEP/Create_Approve_Reject/Create_BEP_EmailOutput' (Root cause: Call Test Case 'Test Cases/BEP/Create_Approve_Reject/Create_BEP_EmailOutput' failed)]]></system-out>
         <system-err><![CDATA[2018-04-17 18:10:53 - [TEST_CASE][FAILED] - Test Cases/BEP/TestCases/TC_Create_BEP_EmailOutputMoreThanOneRLS: Test Cases/BEP/TestCases/TC_Create_BEP_EmailOutputMoreThanOneRLS FAILED because (of) Unable to click on object 'Object Repository/BEP/Generic/BEPOutputEmail' (Root cause: com.kms.katalon.core.webui.exception.WebElementNotFoundException: Web element with id: 'Object Repository/BEP/Generic/BEPOutputEmail' located by 'By.xpath: //label[@for='BEPOutputEmail']' not found)]]></system-err>
      </testcase>
      <testcase name="Test Cases/BEP/Create_Approve_Reject/CreateBEP_Approve_DataDriven - Iteration 1" classname="Test Cases/BEP/Create_Approve_Reject/CreateBEP_Approve_DataDriven" status="ERROR">
         <error type="ERROR" message="Test Cases/BEP/Create_Approve_Reject/CreateBEP_Approve_DataDriven FAILED because (of) org.codehaus.groovy.runtime.InvokerInvocationException: java.io.FileNotFoundException: C:\Users\ranjs1\git\DAUIAutomation\Data Files\BEP\TestDataEstimate.xlsx (The process cannot access the file because it is being used by another process)"/>
         <system-out><![CDATA[2018-04-17 18:14:35 - [TEST_CASE][ERROR] - Test Cases/BEP/Create_Approve_Reject/CreateBEP_Approve_DataDriven - Iteration 1: Test Cases/BEP/Create_Approve_Reject/CreateBEP_Approve_DataDriven FAILED because (of) org.codehaus.groovy.runtime.InvokerInvocationException: java.io.FileNotFoundException: C:\Users\ranjs1\git\DAUIAutomation\Data Files\BEP\TestDataEstimate.xlsx (The process cannot access the file because it is being used by another process)

2018-04-17 18:14:37 - [TEST_STEP][PASSED] - com.helper.commonfunct.commonutilities.login: com.helper.commonfunct.commonutilities.login is PASSED

2018-04-17 18:14:37 - [MESSAGE][WARNING] - A browser is already opened. Closing browser and opening a new one

2018-04-17 18:14:43 - [MESSAGE][PASSED] - Browser is opened with url: ''

2018-04-17 18:14:46 - [MESSAGE][PASSED] - Navigate to 'https://vtcpdev.rpega.com:7688/tcpdev/PRServlet' successfully

2018-04-17 18:14:46 - [MESSAGE][PASSED] - Text 'shard@pegasystems.com' is set on object 'Object Repository/Generic/input_UserIdentifier'

2018-04-17 18:14:47 - [MESSAGE][PASSED] - Text 'install' is set on object 'Object Repository/Generic/input_Password'

2018-04-17 18:14:52 - [MESSAGE][PASSED] - Keys '' sent to object: 'Object Repository/Generic/input_Password'

2018-04-17 18:14:52 - [MESSAGE][PASSED] - com.helper.commonfunct.commonutilities.login is PASSED

2018-04-17 18:14:52 - [TEST_STEP][ERROR] - com.helper.commonfunct.BEP_CommonMethod.Estimate: java.io.FileNotFoundException: C:\Users\ranjs1\git\DAUIAutomation\Data Files\BEP\TestDataEstimate.xlsx (The process cannot access the file because it is being used by another process)

2018-04-17 18:14:54 - [MESSAGE][PASSED] - Current window maximized

2018-04-17 18:14:56 - [MESSAGE][PASSED] - Delayed 2 second(s)

2018-04-17 18:14:56 - [MESSAGE][PASSED] - Object: 'Object Repository/Generic/New' is clicked on

2018-04-17 18:15:00 - [MESSAGE][PASSED] - Delayed 4 second(s)

2018-04-17 18:15:01 - [MESSAGE][PASSED] - Object: 'Object Repository/BEP/Generic/EstimateLink' is clicked on

2018-04-17 18:15:05 - [MESSAGE][PASSED] - Delayed 4 second(s)

2018-04-17 18:15:05 - [MESSAGE][PASSED] - Object: 'Object Repository/ECR/Generic/WOTAB' is clicked on

2018-04-17 18:15:05 - [MESSAGE][PASSED] - Wait for page load successfully

2018-04-17 18:15:10 - [MESSAGE][PASSED] - Delayed 5 second(s)

2018-04-17 18:15:10 - [MESSAGE][WARNING] - Timeout '0' is invalid. Using default page load timeout: '30'

2018-04-17 18:15:21 - [MESSAGE][PASSED] - Object 'Object Repository/BEP/Generic/import' is visible

2018-04-17 18:15:21 - [MESSAGE][PASSED] - Object: 'Object Repository/BEP/Generic/import' is clicked on

2018-04-17 18:15:26 - [MESSAGE][PASSED] - Delayed 5 second(s)

2018-04-17 18:15:26 - [MESSAGE][PASSED] - File 'C:\Users\ranjs1\git\DAUIAutomation\Data Files\BEP\EU-UKNORD.xlsm' sent to object: 'Object Repository/Generic/FilePath'

2018-04-17 18:15:31 - [MESSAGE][PASSED] - Delayed 5 second(s)

2018-04-17 18:15:32 - [MESSAGE][PASSED] - Object: 'Object Repository/Generic/button_Submit' is clicked on

2018-04-17 18:15:42 - [MESSAGE][PASSED] - Delayed 10 second(s)

2018-04-17 18:15:43 - [MESSAGE][PASSED] - Text 'Adqura' is set on object 'Object Repository/Generic/ORG'

2018-04-17 18:15:50 - [MESSAGE][PASSED] - Delayed 7 second(s)

2018-04-17 18:15:50 - [MESSAGE][PASSED] - Keys '' sent to object: 'Object Repository/Generic/ORG'

2018-04-17 18:15:57 - [MESSAGE][PASSED] - Delayed 7 second(s)

2018-04-17 18:15:57 - [MESSAGE][PASSED] - Text 'Adqura' is set on object 'Object Repository/Generic/ACC'

2018-04-17 18:16:04 - [MESSAGE][PASSED] - Delayed 7 second(s)

2018-04-17 18:16:04 - [MESSAGE][PASSED] - Keys '' sent to object: 'Object Repository/Generic/ACC'

2018-04-17 18:16:09 - [MESSAGE][PASSED] - Delayed 5 second(s)

2018-04-17 18:16:13 - [MESSAGE][PASSED] - Text 'The engagement you entered doesn't match' is present on page 

2018-04-17 18:16:15 - [MESSAGE][PASSED] - Text 'AUTOTEST1' is set on object 'Object Repository/Generic/ENG_DESC'

2018-04-17 18:16:20 - [MESSAGE][PASSED] - Delayed 5 second(s)

2018-04-17 18:16:20 - [MESSAGE][PASSED] - Object: 'Object Repository/BEP/Generic/MorethanOneRLSNO' is clicked on

2018-04-17 18:16:25 - [MESSAGE][PASSED] - Delayed 5 second(s)

2018-04-17 18:16:25 - [MESSAGE][PASSED] - All options with value 'PRD-87' are selected in object 'Object Repository/Generic/PlatformID' 

2018-04-17 18:16:30 - [MESSAGE][PASSED] - Delayed 5 second(s)

2018-04-17 18:16:30 - [MESSAGE][PASSED] - All options with value 'RLS-2699' are selected in object 'Object Repository/Generic/PlatformVersion' 

2018-04-17 18:16:35 - [MESSAGE][PASSED] - Delayed 5 second(s)

2018-04-17 18:16:36 - [MESSAGE][PASSED] - Object: 'Object Repository/Generic/PlatformTrue' is clicked on

2018-04-17 18:16:41 - [MESSAGE][PASSED] - Delayed 5 second(s)

2018-04-17 18:16:41 - [MESSAGE][PASSED] - All options with value 'shard@pegasystems.com' are selected in object 'Object Repository/EngInfo/PL' 

2018-04-17 18:16:46 - [MESSAGE][PASSED] - Delayed 5 second(s)

2018-04-17 18:16:49 - [MESSAGE][WARNING] - Text 'PL Team Leader' is not present on page 

2018-04-17 18:16:54 - [MESSAGE][PASSED] - Delayed 5 second(s)

2018-04-17 18:16:54 - [MESSAGE][PASSED] - All options with value 'meack@pegasystems.com' are selected in object 'Object Repository/EngInfo/RD' 

2018-04-17 18:16:59 - [MESSAGE][PASSED] - Delayed 5 second(s)

2018-04-17 18:16:59 - [MESSAGE][PASSED] - All options with value 'stafc@pegasystems.com' are selected in object 'Object Repository/EngInfo/RL' 

2018-04-17 18:17:04 - [MESSAGE][PASSED] - Delayed 5 second(s)

2018-04-17 18:17:04 - [MESSAGE][PASSED] - Scroll to object 'Object Repository/Generic/NEXT_BUTTON' successfully

2018-04-17 18:17:05 - [MESSAGE][PASSED] - Object: 'Object Repository/Generic/NEXT_BUTTON' is clicked on

2018-04-17 18:17:10 - [MESSAGE][PASSED] - Delayed 5 second(s)

2018-04-17 18:17:10 - [MESSAGE][PASSED] - Wait for page load successfully

2018-04-17 18:17:10 - [MESSAGE][PASSED] - Text '12' is set on object 'Object Repository/BEP/Generic/DurationLow'

2018-04-17 18:17:17 - [MESSAGE][PASSED] - Delayed 7 second(s)

2018-04-17 18:17:17 - [MESSAGE][PASSED] - Text '12' is set on object 'Object Repository/BEP/Generic/DurationHigh'

2018-04-17 18:17:24 - [MESSAGE][PASSED] - Delayed 7 second(s)

2018-04-17 18:17:25 - [MESSAGE][PASSED] - Text '12' is set on object 'Object Repository/BEP/Generic/PartnerHoursLow'

2018-04-17 18:17:30 - [MESSAGE][PASSED] - Delayed 5 second(s)

2018-04-17 18:17:30 - [MESSAGE][PASSED] - Text '12' is set on object 'Object Repository/BEP/Generic/PartnerHoursHigh'

2018-04-17 18:17:35 - [MESSAGE][PASSED] - Delayed 5 second(s)

2018-04-17 18:17:40 - [MESSAGE][PASSED] - Delayed 5 second(s)

2018-04-17 18:17:40 - [MESSAGE][PASSED] - Object: 'Object Repository/BEP/Generic/EstimationMethod' is clicked on

2018-04-17 18:17:45 - [MESSAGE][PASSED] - Delayed 5 second(s)

2018-04-17 18:17:45 - [MESSAGE][PASSED] - Keys 'BSW' sent to object: 'Object Repository/BEP/Generic/EstimationMethod'

2018-04-17 18:17:50 - [MESSAGE][PASSED] - Delayed 5 second(s)

2018-04-17 18:17:51 - [MESSAGE][PASSED] - Scroll to object 'Object Repository/Generic/NEXT_BUTTON' successfully

2018-04-17 18:17:51 - [MESSAGE][PASSED] - Object: 'Object Repository/Generic/NEXT_BUTTON' is clicked on

2018-04-17 18:17:56 - [MESSAGE][PASSED] - Delayed 5 second(s)

2018-04-17 18:17:56 - [MESSAGE][PASSED] - Object: 'Object Repository/BEP/Generic/BEPoutput' is clicked on

2018-04-17 18:18:01 - [MESSAGE][PASSED] - Delayed 5 second(s)

2018-04-17 18:18:01 - [MESSAGE][PASSED] - All options with value 'RFP in process' are selected in object 'Object Repository/BEP/Generic/ReasonCode' 

2018-04-17 18:18:01 - [MESSAGE][PASSED] - Scroll to object 'Object Repository/Generic/NEXT_BUTTON' successfully

2018-04-17 18:18:02 - [MESSAGE][PASSED] - Object: 'Object Repository/Generic/NEXT_BUTTON' is clicked on

2018-04-17 18:18:04 - [MESSAGE][PASSED] - Scroll to object 'Object Repository/Generic/FINISH_BUTTON' successfully

2018-04-17 18:18:04 - [MESSAGE][PASSED] - Object: 'Object Repository/Generic/FINISH_BUTTON' is clicked on

2018-04-17 18:18:04 - [MESSAGE][PASSED] - Wait for page load successfully

2018-04-17 18:18:05 - [MESSAGE][PASSED] - Text of object 'Object Repository/Generic/WOID' is: 'BEP-17Apr2018-14'

2018-04-17 18:18:07 - [MESSAGE][ERROR] - java.io.FileNotFoundException: C:\Users\ranjs1\git\DAUIAutomation\Data Files\BEP\TestDataEstimate.xlsx (The process cannot access the file because it is being used by another process)]]></system-out>
         <system-err><![CDATA[2018-04-17 18:14:35 - [TEST_CASE][ERROR] - Test Cases/BEP/Create_Approve_Reject/CreateBEP_Approve_DataDriven - Iteration 1: Test Cases/BEP/Create_Approve_Reject/CreateBEP_Approve_DataDriven FAILED because (of) org.codehaus.groovy.runtime.InvokerInvocationException: java.io.FileNotFoundException: C:\Users\ranjs1\git\DAUIAutomation\Data Files\BEP\TestDataEstimate.xlsx (The process cannot access the file because it is being used by another process)]]></system-err>
      </testcase>
      <testcase name="Test Cases/BEP/Create_Approve_Reject/CreateBEP_Approve_DataDriven - Iteration 2" classname="Test Cases/BEP/Create_Approve_Reject/CreateBEP_Approve_DataDriven" status="ERROR">
         <error type="ERROR" message="Test Cases/BEP/Create_Approve_Reject/CreateBEP_Approve_DataDriven FAILED because (of) org.codehaus.groovy.runtime.InvokerInvocationException: java.io.FileNotFoundException: C:\Users\ranjs1\git\DAUIAutomation\Data Files\BEP\TestDataEstimate.xlsx (The process cannot access the file because it is being used by another process)"/>
         <system-out><![CDATA[2018-04-17 18:18:07 - [TEST_CASE][ERROR] - Test Cases/BEP/Create_Approve_Reject/CreateBEP_Approve_DataDriven - Iteration 2: Test Cases/BEP/Create_Approve_Reject/CreateBEP_Approve_DataDriven FAILED because (of) org.codehaus.groovy.runtime.InvokerInvocationException: java.io.FileNotFoundException: C:\Users\ranjs1\git\DAUIAutomation\Data Files\BEP\TestDataEstimate.xlsx (The process cannot access the file because it is being used by another process)

2018-04-17 18:18:08 - [TEST_STEP][PASSED] - com.helper.commonfunct.commonutilities.login: com.helper.commonfunct.commonutilities.login is PASSED

2018-04-17 18:18:08 - [MESSAGE][WARNING] - A browser is already opened. Closing browser and opening a new one

2018-04-17 18:18:12 - [MESSAGE][PASSED] - Browser is opened with url: ''

2018-04-17 18:18:24 - [MESSAGE][PASSED] - Navigate to 'https://vtcpdev.rpega.com:7688/tcpdev/PRServlet' successfully

2018-04-17 18:18:25 - [MESSAGE][PASSED] - Text 'guthm@pegasystems.com' is set on object 'Object Repository/Generic/input_UserIdentifier'

2018-04-17 18:18:25 - [MESSAGE][PASSED] - Text 'install' is set on object 'Object Repository/Generic/input_Password'

2018-04-17 18:18:30 - [MESSAGE][PASSED] - Keys '' sent to object: 'Object Repository/Generic/input_Password'

2018-04-17 18:18:30 - [MESSAGE][PASSED] - com.helper.commonfunct.commonutilities.login is PASSED

2018-04-17 18:18:30 - [TEST_STEP][ERROR] - com.helper.commonfunct.BEP_CommonMethod.Estimate: java.io.FileNotFoundException: C:\Users\ranjs1\git\DAUIAutomation\Data Files\BEP\TestDataEstimate.xlsx (The process cannot access the file because it is being used by another process)

2018-04-17 18:18:31 - [MESSAGE][PASSED] - Current window maximized

2018-04-17 18:18:33 - [MESSAGE][PASSED] - Delayed 2 second(s)

2018-04-17 18:18:34 - [MESSAGE][PASSED] - Object: 'Object Repository/Generic/New' is clicked on

2018-04-17 18:18:38 - [MESSAGE][PASSED] - Delayed 4 second(s)

2018-04-17 18:18:38 - [MESSAGE][PASSED] - Object: 'Object Repository/BEP/Generic/EstimateLink' is clicked on

2018-04-17 18:18:42 - [MESSAGE][PASSED] - Delayed 4 second(s)

2018-04-17 18:18:42 - [MESSAGE][PASSED] - Object: 'Object Repository/ECR/Generic/WOTAB' is clicked on

2018-04-17 18:18:42 - [MESSAGE][PASSED] - Wait for page load successfully

2018-04-17 18:18:47 - [MESSAGE][PASSED] - Delayed 5 second(s)

2018-04-17 18:18:47 - [MESSAGE][WARNING] - Timeout '0' is invalid. Using default page load timeout: '30'

2018-04-17 18:18:47 - [MESSAGE][PASSED] - Object 'Object Repository/BEP/Generic/import' is visible

2018-04-17 18:18:48 - [MESSAGE][PASSED] - Object: 'Object Repository/BEP/Generic/import' is clicked on

2018-04-17 18:18:53 - [MESSAGE][PASSED] - Delayed 5 second(s)

2018-04-17 18:18:53 - [MESSAGE][PASSED] - File 'C:\Users\ranjs1\git\DAUIAutomation\Data Files\BEP\EU-UKNORD.xlsm' sent to object: 'Object Repository/Generic/FilePath'

2018-04-17 18:18:58 - [MESSAGE][PASSED] - Delayed 5 second(s)

2018-04-17 18:18:59 - [MESSAGE][PASSED] - Object: 'Object Repository/Generic/button_Submit' is clicked on

2018-04-17 18:19:09 - [MESSAGE][PASSED] - Delayed 10 second(s)

2018-04-17 18:19:10 - [MESSAGE][PASSED] - Text 'AACORP' is set on object 'Object Repository/Generic/ORG'

2018-04-17 18:19:17 - [MESSAGE][PASSED] - Delayed 7 second(s)

2018-04-17 18:19:17 - [MESSAGE][PASSED] - Keys '' sent to object: 'Object Repository/Generic/ORG'

2018-04-17 18:19:24 - [MESSAGE][PASSED] - Delayed 7 second(s)

2018-04-17 18:19:25 - [MESSAGE][PASSED] - Text 'AACORP' is set on object 'Object Repository/Generic/ACC'

2018-04-17 18:19:32 - [MESSAGE][PASSED] - Delayed 7 second(s)

2018-04-17 18:19:32 - [MESSAGE][PASSED] - Keys '' sent to object: 'Object Repository/Generic/ACC'

2018-04-17 18:19:37 - [MESSAGE][PASSED] - Delayed 5 second(s)

2018-04-17 18:19:40 - [MESSAGE][PASSED] - Text 'The engagement you entered doesn't match' is present on page 

2018-04-17 18:19:41 - [MESSAGE][PASSED] - Text 'AUTOTEST1' is set on object 'Object Repository/Generic/ENG_DESC'

2018-04-17 18:19:46 - [MESSAGE][PASSED] - Delayed 5 second(s)

2018-04-17 18:19:46 - [MESSAGE][PASSED] - Object: 'Object Repository/BEP/Generic/MorethanOneRLSNO' is clicked on

2018-04-17 18:19:51 - [MESSAGE][PASSED] - Delayed 5 second(s)

2018-04-17 18:19:51 - [MESSAGE][PASSED] - All options with value 'PRD-87' are selected in object 'Object Repository/Generic/PlatformID' 

2018-04-17 18:19:56 - [MESSAGE][PASSED] - Delayed 5 second(s)

2018-04-17 18:19:56 - [MESSAGE][PASSED] - All options with value 'RLS-2699' are selected in object 'Object Repository/Generic/PlatformVersion' 

2018-04-17 18:20:01 - [MESSAGE][PASSED] - Delayed 5 second(s)

2018-04-17 18:20:02 - [MESSAGE][PASSED] - Object: 'Object Repository/Generic/PlatformTrue' is clicked on

2018-04-17 18:20:07 - [MESSAGE][PASSED] - Delayed 5 second(s)

2018-04-17 18:20:08 - [MESSAGE][PASSED] - All options with value 'guthm@pegasystems.com' are selected in object 'Object Repository/EngInfo/PL' 

2018-04-17 18:20:13 - [MESSAGE][PASSED] - Delayed 5 second(s)

2018-04-17 18:20:15 - [MESSAGE][WARNING] - Text 'PL Team Leader' is not present on page 

2018-04-17 18:20:20 - [MESSAGE][PASSED] - Delayed 5 second(s)

2018-04-17 18:20:20 - [MESSAGE][PASSED] - All options with value 'korna1@pegasystems.com' are selected in object 'Object Repository/EngInfo/RD' 

2018-04-17 18:20:25 - [MESSAGE][PASSED] - Delayed 5 second(s)

2018-04-17 18:20:25 - [MESSAGE][PASSED] - All options with value 'stafc@pegasystems.com' are selected in object 'Object Repository/EngInfo/RL' 

2018-04-17 18:20:30 - [MESSAGE][PASSED] - Delayed 5 second(s)

2018-04-17 18:20:30 - [MESSAGE][PASSED] - Scroll to object 'Object Repository/Generic/NEXT_BUTTON' successfully

2018-04-17 18:20:31 - [MESSAGE][PASSED] - Object: 'Object Repository/Generic/NEXT_BUTTON' is clicked on

2018-04-17 18:20:36 - [MESSAGE][PASSED] - Delayed 5 second(s)

2018-04-17 18:20:36 - [MESSAGE][PASSED] - Wait for page load successfully

2018-04-17 18:20:36 - [MESSAGE][PASSED] - Text '12' is set on object 'Object Repository/BEP/Generic/DurationLow'

2018-04-17 18:20:43 - [MESSAGE][PASSED] - Delayed 7 second(s)

2018-04-17 18:20:44 - [MESSAGE][PASSED] - Text '12' is set on object 'Object Repository/BEP/Generic/DurationHigh'

2018-04-17 18:20:51 - [MESSAGE][PASSED] - Delayed 7 second(s)

2018-04-17 18:20:51 - [MESSAGE][PASSED] - Text '12' is set on object 'Object Repository/BEP/Generic/PartnerHoursLow'

2018-04-17 18:20:56 - [MESSAGE][PASSED] - Delayed 5 second(s)

2018-04-17 18:20:57 - [MESSAGE][PASSED] - Text '12' is set on object 'Object Repository/BEP/Generic/PartnerHoursHigh'

2018-04-17 18:21:02 - [MESSAGE][PASSED] - Delayed 5 second(s)

2018-04-17 18:21:07 - [MESSAGE][PASSED] - Delayed 5 second(s)

2018-04-17 18:21:08 - [MESSAGE][PASSED] - Object: 'Object Repository/BEP/Generic/EstimationMethod' is clicked on

2018-04-17 18:21:13 - [MESSAGE][PASSED] - Delayed 5 second(s)

2018-04-17 18:21:13 - [MESSAGE][PASSED] - Keys 'BSW' sent to object: 'Object Repository/BEP/Generic/EstimationMethod'

2018-04-17 18:21:18 - [MESSAGE][PASSED] - Delayed 5 second(s)

2018-04-17 18:21:18 - [MESSAGE][PASSED] - Scroll to object 'Object Repository/Generic/NEXT_BUTTON' successfully

2018-04-17 18:21:19 - [MESSAGE][PASSED] - Object: 'Object Repository/Generic/NEXT_BUTTON' is clicked on

2018-04-17 18:21:24 - [MESSAGE][PASSED] - Delayed 5 second(s)

2018-04-17 18:21:24 - [MESSAGE][PASSED] - Object: 'Object Repository/BEP/Generic/BEPOutputEmail' is clicked on

2018-04-17 18:21:26 - [MESSAGE][PASSED] - Delayed 2 second(s)

2018-04-17 18:21:27 - [MESSAGE][PASSED] - Object: 'Object Repository/BEP/Generic/RECEIPIENT' is clicked on

2018-04-17 18:21:29 - [MESSAGE][PASSED] - Delayed 2 second(s)

2018-04-17 18:21:29 - [MESSAGE][PASSED] - Object: 'Object Repository/BEP/Generic/AddEmailID' is clicked on

2018-04-17 18:21:31 - [MESSAGE][PASSED] - Delayed 2 second(s)

2018-04-17 18:21:32 - [MESSAGE][PASSED] - Keys 'nagaveni.nipinale@in.pega.com' sent to object: 'Object Repository/BEP/Generic/MAILID_XPATH'

2018-04-17 18:21:34 - [MESSAGE][PASSED] - Delayed 2 second(s)

2018-04-17 18:21:35 - [MESSAGE][PASSED] - Object: 'Object Repository/BEP/Generic/modal_submit' is clicked on

2018-04-17 18:21:37 - [MESSAGE][PASSED] - Delayed 2 second(s)

2018-04-17 18:21:37 - [MESSAGE][PASSED] - Keys 'Test Automation' sent to object: 'Object Repository/BEP/Generic/Email_Subject'

2018-04-17 18:21:37 - [MESSAGE][PASSED] - Scroll to object 'Object Repository/Generic/NEXT_BUTTON' successfully

2018-04-17 18:21:37 - [MESSAGE][PASSED] - Object: 'Object Repository/Generic/NEXT_BUTTON' is clicked on

2018-04-17 18:21:40 - [MESSAGE][PASSED] - Scroll to object 'Object Repository/Generic/FINISH_BUTTON' successfully

2018-04-17 18:21:41 - [MESSAGE][PASSED] - Object: 'Object Repository/Generic/FINISH_BUTTON' is clicked on

2018-04-17 18:21:41 - [MESSAGE][PASSED] - Wait for page load successfully

2018-04-17 18:21:41 - [MESSAGE][PASSED] - Text of object 'Object Repository/Generic/WOID' is: 'BEP-17Apr2018-15'

2018-04-17 18:21:41 - [MESSAGE][ERROR] - java.io.FileNotFoundException: C:\Users\ranjs1\git\DAUIAutomation\Data Files\BEP\TestDataEstimate.xlsx (The process cannot access the file because it is being used by another process)]]></system-out>
         <system-err><![CDATA[2018-04-17 18:18:07 - [TEST_CASE][ERROR] - Test Cases/BEP/Create_Approve_Reject/CreateBEP_Approve_DataDriven - Iteration 2: Test Cases/BEP/Create_Approve_Reject/CreateBEP_Approve_DataDriven FAILED because (of) org.codehaus.groovy.runtime.InvokerInvocationException: java.io.FileNotFoundException: C:\Users\ranjs1\git\DAUIAutomation\Data Files\BEP\TestDataEstimate.xlsx (The process cannot access the file because it is being used by another process)]]></system-err>
      </testcase>
      <testcase name="Test Cases/BEP/Create_Approve_Reject/CreateBEP_Approve_DataDriven - Iteration 3" classname="Test Cases/BEP/Create_Approve_Reject/CreateBEP_Approve_DataDriven" status="FAILED">
         <failure type="FAILED" message="Test Cases/BEP/Create_Approve_Reject/CreateBEP_Approve_DataDriven FAILED because (of) Unable to select option by value 'McCoL@pegasystems.com' of object 'Object Repository/EngInfo/RL'  (Root cause: org.openqa.selenium.NoSuchElementException: Cannot locate option with value: McCoL@pegasystems.com
For documentation on this error, please visit: http://seleniumhq.org/exceptions/no_such_element.html
Build info: version: '2.53.0', revision: '35ae25b', time: '2016-03-15 17:00:58'
System info: host: 'L23967WIN', ip: '10.150.105.41', os.name: 'Windows 10', os.arch: 'amd64', os.version: '10.0', java.version: '1.8.0_102'
Driver info: driver.version: unknown)"/>
         <system-out><![CDATA[2018-04-17 18:21:41 - [TEST_CASE][FAILED] - Test Cases/BEP/Create_Approve_Reject/CreateBEP_Approve_DataDriven - Iteration 3: Test Cases/BEP/Create_Approve_Reject/CreateBEP_Approve_DataDriven FAILED because (of) Unable to select option by value 'McCoL@pegasystems.com' of object 'Object Repository/EngInfo/RL'  (Root cause: org.openqa.selenium.NoSuchElementException: Cannot locate option with value: McCoL@pegasystems.com
For documentation on this error, please visit: http://seleniumhq.org/exceptions/no_such_element.html
Build info: version: '2.53.0', revision: '35ae25b', time: '2016-03-15 17:00:58'
System info: host: 'L23967WIN', ip: '10.150.105.41', os.name: 'Windows 10', os.arch: 'amd64', os.version: '10.0', java.version: '1.8.0_102'
Driver info: driver.version: unknown)

2018-04-17 18:21:42 - [TEST_STEP][PASSED] - com.helper.commonfunct.commonutilities.login: com.helper.commonfunct.commonutilities.login is PASSED

2018-04-17 18:21:42 - [MESSAGE][WARNING] - A browser is already opened. Closing browser and opening a new one

2018-04-17 18:21:47 - [MESSAGE][PASSED] - Browser is opened with url: ''

2018-04-17 18:21:50 - [MESSAGE][PASSED] - Navigate to 'https://vtcpdev.rpega.com:7688/tcpdev/PRServlet' successfully

2018-04-17 18:21:51 - [MESSAGE][PASSED] - Text 'brads@pegasystems.com' is set on object 'Object Repository/Generic/input_UserIdentifier'

2018-04-17 18:21:52 - [MESSAGE][PASSED] - Text 'install' is set on object 'Object Repository/Generic/input_Password'

2018-04-17 18:21:56 - [MESSAGE][PASSED] - Keys '' sent to object: 'Object Repository/Generic/input_Password'

2018-04-17 18:21:56 - [MESSAGE][PASSED] - com.helper.commonfunct.commonutilities.login is PASSED

2018-04-17 18:21:56 - [TEST_STEP][FAILED] - com.helper.commonfunct.BEP_CommonMethod.Estimate: Unable to select option by value 'McCoL@pegasystems.com' of object 'Object Repository/EngInfo/RL'  (Root cause: org.openqa.selenium.NoSuchElementException: Cannot locate option with value: McCoL@pegasystems.com
For documentation on this error, please visit: http://seleniumhq.org/exceptions/no_such_element.html
Build info: version: '2.53.0', revision: '35ae25b', time: '2016-03-15 17:00:58'
System info: host: 'L23967WIN', ip: '10.150.105.41', os.name: 'Windows 10', os.arch: 'amd64', os.version: '10.0', java.version: '1.8.0_102'
Driver info: driver.version: unknown)

2018-04-17 18:21:57 - [MESSAGE][PASSED] - Current window maximized

2018-04-17 18:21:59 - [MESSAGE][PASSED] - Delayed 2 second(s)

2018-04-17 18:21:59 - [MESSAGE][PASSED] - Object: 'Object Repository/Generic/New' is clicked on

2018-04-17 18:22:03 - [MESSAGE][PASSED] - Delayed 4 second(s)

2018-04-17 18:22:04 - [MESSAGE][PASSED] - Object: 'Object Repository/BEP/Generic/EstimateLink' is clicked on

2018-04-17 18:22:08 - [MESSAGE][PASSED] - Delayed 4 second(s)

2018-04-17 18:22:08 - [MESSAGE][PASSED] - Object: 'Object Repository/ECR/Generic/WOTAB' is clicked on

2018-04-17 18:22:08 - [MESSAGE][PASSED] - Wait for page load successfully

2018-04-17 18:22:13 - [MESSAGE][PASSED] - Delayed 5 second(s)

2018-04-17 18:22:13 - [MESSAGE][WARNING] - Timeout '0' is invalid. Using default page load timeout: '30'

2018-04-17 18:22:13 - [MESSAGE][PASSED] - Object 'Object Repository/BEP/Generic/import' is visible

2018-04-17 18:22:14 - [MESSAGE][PASSED] - Object: 'Object Repository/BEP/Generic/import' is clicked on

2018-04-17 18:22:19 - [MESSAGE][PASSED] - Delayed 5 second(s)

2018-04-17 18:22:19 - [MESSAGE][PASSED] - File 'C:\Users\ranjs1\git\DAUIAutomation\Data Files\BEP\APAC_ANZ.xlsm' sent to object: 'Object Repository/Generic/FilePath'

2018-04-17 18:22:24 - [MESSAGE][PASSED] - Delayed 5 second(s)

2018-04-17 18:22:25 - [MESSAGE][PASSED] - Object: 'Object Repository/Generic/button_Submit' is clicked on

2018-04-17 18:22:35 - [MESSAGE][PASSED] - Delayed 10 second(s)

2018-04-17 18:22:35 - [MESSAGE][PASSED] - Text 'MGSVC' is set on object 'Object Repository/Generic/ORG'

2018-04-17 18:22:42 - [MESSAGE][PASSED] - Delayed 7 second(s)

2018-04-17 18:22:42 - [MESSAGE][PASSED] - Keys '' sent to object: 'Object Repository/Generic/ORG'

2018-04-17 18:22:49 - [MESSAGE][PASSED] - Delayed 7 second(s)

2018-04-17 18:22:50 - [MESSAGE][PASSED] - Text 'MGSAUS' is set on object 'Object Repository/Generic/ACC'

2018-04-17 18:22:57 - [MESSAGE][PASSED] - Delayed 7 second(s)

2018-04-17 18:22:57 - [MESSAGE][PASSED] - Keys '' sent to object: 'Object Repository/Generic/ACC'

2018-04-17 18:23:02 - [MESSAGE][PASSED] - Delayed 5 second(s)

2018-04-17 18:23:05 - [MESSAGE][PASSED] - Text 'The engagement you entered doesn't match' is present on page 

2018-04-17 18:23:05 - [MESSAGE][PASSED] - Text 'AUTOTEST1' is set on object 'Object Repository/Generic/ENG_DESC'

2018-04-17 18:23:10 - [MESSAGE][PASSED] - Delayed 5 second(s)

2018-04-17 18:23:11 - [MESSAGE][PASSED] - Object: 'Object Repository/BEP/Generic/MorethanOneRLSNO' is clicked on

2018-04-17 18:23:16 - [MESSAGE][PASSED] - Delayed 5 second(s)

2018-04-17 18:23:16 - [MESSAGE][PASSED] - All options with value 'PRD-87' are selected in object 'Object Repository/Generic/PlatformID' 

2018-04-17 18:23:21 - [MESSAGE][PASSED] - Delayed 5 second(s)

2018-04-17 18:23:21 - [MESSAGE][PASSED] - All options with value 'RLS-2699' are selected in object 'Object Repository/Generic/PlatformVersion' 

2018-04-17 18:23:26 - [MESSAGE][PASSED] - Delayed 5 second(s)

2018-04-17 18:23:27 - [MESSAGE][PASSED] - Object: 'Object Repository/Generic/PlatformTrue' is clicked on

2018-04-17 18:23:32 - [MESSAGE][PASSED] - Delayed 5 second(s)

2018-04-17 18:23:32 - [MESSAGE][PASSED] - All options with value 'brads@pegasystems.com' are selected in object 'Object Repository/EngInfo/PL' 

2018-04-17 18:23:37 - [MESSAGE][PASSED] - Delayed 5 second(s)

2018-04-17 18:23:40 - [MESSAGE][PASSED] - Text 'PL Team Leader' is present on page 

2018-04-17 18:23:41 - [MESSAGE][PASSED] - All options with value 'higgr@pegasystems.com' are selected in object 'Object Repository/EngInfo/PLTL' 

2018-04-17 18:23:46 - [MESSAGE][PASSED] - Delayed 5 second(s)

2018-04-17 18:23:46 - [MESSAGE][PASSED] - All options with value 'brads@pegasystems.com' are selected in object 'Object Repository/EngInfo/RD' 

2018-04-17 18:23:51 - [MESSAGE][PASSED] - Delayed 5 second(s)

2018-04-17 18:23:52 - [MESSAGE][FAILED] - Unable to select option by value 'McCoL@pegasystems.com' of object 'Object Repository/EngInfo/RL'  (Root cause: org.openqa.selenium.NoSuchElementException: Cannot locate option with value: McCoL@pegasystems.com
For documentation on this error, please visit: http://seleniumhq.org/exceptions/no_such_element.html
Build info: version: '2.53.0', revision: '35ae25b', time: '2016-03-15 17:00:58'
System info: host: 'L23967WIN', ip: '10.150.105.41', os.name: 'Windows 10', os.arch: 'amd64', os.version: '10.0', java.version: '1.8.0_102'
Driver info: driver.version: unknown)
[[ATTACHMENT|C:\\Users\\ranjs1\\git\\DAUIAutomation\\Reports\\Estimate\\20180417_175157\\1523969631456.png]]

2018-04-17 18:23:52 - [MESSAGE][FAILED] - Unable to select option by value 'McCoL@pegasystems.com' of object 'Object Repository/EngInfo/RL'  (Root cause: org.openqa.selenium.NoSuchElementException: Cannot locate option with value: McCoL@pegasystems.com
For documentation on this error, please visit: http://seleniumhq.org/exceptions/no_such_element.html
Build info: version: '2.53.0', revision: '35ae25b', time: '2016-03-15 17:00:58'
System info: host: 'L23967WIN', ip: '10.150.105.41', os.name: 'Windows 10', os.arch: 'amd64', os.version: '10.0', java.version: '1.8.0_102'
Driver info: driver.version: unknown)]]></system-out>
         <system-err><![CDATA[2018-04-17 18:21:41 - [TEST_CASE][FAILED] - Test Cases/BEP/Create_Approve_Reject/CreateBEP_Approve_DataDriven - Iteration 3: Test Cases/BEP/Create_Approve_Reject/CreateBEP_Approve_DataDriven FAILED because (of) Unable to select option by value 'McCoL@pegasystems.com' of object 'Object Repository/EngInfo/RL'  (Root cause: org.openqa.selenium.NoSuchElementException: Cannot locate option with value: McCoL@pegasystems.com
For documentation on this error, please visit: http://seleniumhq.org/exceptions/no_such_element.html
Build info: version: '2.53.0', revision: '35ae25b', time: '2016-03-15 17:00:58'
System info: host: 'L23967WIN', ip: '10.150.105.41', os.name: 'Windows 10', os.arch: 'amd64', os.version: '10.0', java.version: '1.8.0_102'
Driver info: driver.version: unknown)]]></system-err>
      </testcase>
      <testcase name="Test Cases/BEP/Create_Approve_Reject/CreateBEP_Approve_DataDriven - Iteration 4" classname="Test Cases/BEP/Create_Approve_Reject/CreateBEP_Approve_DataDriven" status="FAILED">
         <failure type="FAILED" message="Test Cases/BEP/Create_Approve_Reject/CreateBEP_Approve_DataDriven FAILED because (of) Unable to click on object 'Object Repository/BEP/Generic/BEPoutput' (Root cause: com.kms.katalon.core.webui.exception.WebElementNotFoundException: Web element with id: 'Object Repository/BEP/Generic/BEPoutput' located by 'By.xpath: //label[@for='BEPOutputNone']' not found)"/>
         <system-out><![CDATA[2018-04-17 18:23:52 - [TEST_CASE][FAILED] - Test Cases/BEP/Create_Approve_Reject/CreateBEP_Approve_DataDriven - Iteration 4: Test Cases/BEP/Create_Approve_Reject/CreateBEP_Approve_DataDriven FAILED because (of) Unable to click on object 'Object Repository/BEP/Generic/BEPoutput' (Root cause: com.kms.katalon.core.webui.exception.WebElementNotFoundException: Web element with id: 'Object Repository/BEP/Generic/BEPoutput' located by 'By.xpath: //label[@for='BEPOutputNone']' not found)

2018-04-17 18:23:52 - [TEST_STEP][PASSED] - com.helper.commonfunct.commonutilities.login: com.helper.commonfunct.commonutilities.login is PASSED

2018-04-17 18:23:52 - [MESSAGE][WARNING] - A browser is already opened. Closing browser and opening a new one

2018-04-17 18:23:56 - [MESSAGE][PASSED] - Browser is opened with url: ''

2018-04-17 18:23:59 - [MESSAGE][PASSED] - Navigate to 'https://vtcpdev.rpega.com:7688/tcpdev/PRServlet' successfully

2018-04-17 18:24:00 - [MESSAGE][PASSED] - Text 'langp1@pegasystems.com' is set on object 'Object Repository/Generic/input_UserIdentifier'

2018-04-17 18:24:00 - [MESSAGE][PASSED] - Text 'install' is set on object 'Object Repository/Generic/input_Password'

2018-04-17 18:24:05 - [MESSAGE][PASSED] - Keys '' sent to object: 'Object Repository/Generic/input_Password'

2018-04-17 18:24:05 - [MESSAGE][PASSED] - com.helper.commonfunct.commonutilities.login is PASSED

2018-04-17 18:24:05 - [TEST_STEP][FAILED] - com.helper.commonfunct.BEP_CommonMethod.Estimate: Unable to click on object 'Object Repository/BEP/Generic/BEPoutput' (Root cause: com.kms.katalon.core.webui.exception.WebElementNotFoundException: Web element with id: 'Object Repository/BEP/Generic/BEPoutput' located by 'By.xpath: //label[@for='BEPOutputNone']' not found)

2018-04-17 18:24:06 - [MESSAGE][PASSED] - Current window maximized

2018-04-17 18:24:08 - [MESSAGE][PASSED] - Delayed 2 second(s)

2018-04-17 18:24:09 - [MESSAGE][PASSED] - Object: 'Object Repository/Generic/New' is clicked on

2018-04-17 18:24:13 - [MESSAGE][PASSED] - Delayed 4 second(s)

2018-04-17 18:24:13 - [MESSAGE][PASSED] - Object: 'Object Repository/BEP/Generic/EstimateLink' is clicked on

2018-04-17 18:24:17 - [MESSAGE][PASSED] - Delayed 4 second(s)

2018-04-17 18:24:18 - [MESSAGE][PASSED] - Object: 'Object Repository/ECR/Generic/WOTAB' is clicked on

2018-04-17 18:24:18 - [MESSAGE][PASSED] - Wait for page load successfully

2018-04-17 18:24:23 - [MESSAGE][PASSED] - Delayed 5 second(s)

2018-04-17 18:24:23 - [MESSAGE][WARNING] - Timeout '0' is invalid. Using default page load timeout: '30'

2018-04-17 18:24:23 - [MESSAGE][PASSED] - Object 'Object Repository/BEP/Generic/import' is visible

2018-04-17 18:24:23 - [MESSAGE][PASSED] - Object: 'Object Repository/BEP/Generic/import' is clicked on

2018-04-17 18:24:28 - [MESSAGE][PASSED] - Delayed 5 second(s)

2018-04-17 18:24:29 - [MESSAGE][PASSED] - File 'C:\Users\ranjs1\git\DAUIAutomation\Data Files\BEP\EU_SEU.xlsm' sent to object: 'Object Repository/Generic/FilePath'

2018-04-17 18:24:34 - [MESSAGE][PASSED] - Delayed 5 second(s)

2018-04-17 18:24:35 - [MESSAGE][PASSED] - Object: 'Object Repository/Generic/button_Submit' is clicked on

2018-04-17 18:24:45 - [MESSAGE][PASSED] - Delayed 10 second(s)

2018-04-17 18:24:45 - [MESSAGE][PASSED] - Text 'SOPRA' is set on object 'Object Repository/Generic/ORG'

2018-04-17 18:24:52 - [MESSAGE][PASSED] - Delayed 7 second(s)

2018-04-17 18:24:52 - [MESSAGE][PASSED] - Keys '' sent to object: 'Object Repository/Generic/ORG'

2018-04-17 18:24:59 - [MESSAGE][PASSED] - Delayed 7 second(s)

2018-04-17 18:25:00 - [MESSAGE][PASSED] - Text 'SOPRA' is set on object 'Object Repository/Generic/ACC'

2018-04-17 18:25:07 - [MESSAGE][PASSED] - Delayed 7 second(s)

2018-04-17 18:25:07 - [MESSAGE][PASSED] - Keys '' sent to object: 'Object Repository/Generic/ACC'

2018-04-17 18:25:12 - [MESSAGE][PASSED] - Delayed 5 second(s)

2018-04-17 18:25:16 - [MESSAGE][WARNING] - Text 'The engagement you entered doesn't match' is not present on page 

2018-04-17 18:25:49 - [MESSAGE][FAILED] - Unable to click on object 'Object Repository/BEP/Generic/BEPoutput' (Root cause: com.kms.katalon.core.webui.exception.WebElementNotFoundException: Web element with id: 'Object Repository/BEP/Generic/BEPoutput' located by 'By.xpath: //label[@for='BEPOutputNone']' not found)
[[ATTACHMENT|C:\\Users\\ranjs1\\git\\DAUIAutomation\\Reports\\Estimate\\20180417_175157\\1523969748674.png]]

2018-04-17 18:25:49 - [MESSAGE][FAILED] - Unable to click on object 'Object Repository/BEP/Generic/BEPoutput' (Root cause: com.kms.katalon.core.webui.exception.WebElementNotFoundException: Web element with id: 'Object Repository/BEP/Generic/BEPoutput' located by 'By.xpath: //label[@for='BEPOutputNone']' not found)]]></system-out>
         <system-err><![CDATA[2018-04-17 18:23:52 - [TEST_CASE][FAILED] - Test Cases/BEP/Create_Approve_Reject/CreateBEP_Approve_DataDriven - Iteration 4: Test Cases/BEP/Create_Approve_Reject/CreateBEP_Approve_DataDriven FAILED because (of) Unable to click on object 'Object Repository/BEP/Generic/BEPoutput' (Root cause: com.kms.katalon.core.webui.exception.WebElementNotFoundException: Web element with id: 'Object Repository/BEP/Generic/BEPoutput' located by 'By.xpath: //label[@for='BEPOutputNone']' not found)]]></system-err>
      </testcase>
      <testcase name="Test Cases/BEP/Create_Approve_Reject/CreateBEP_Approve_DataDriven - Iteration 5" classname="Test Cases/BEP/Create_Approve_Reject/CreateBEP_Approve_DataDriven" status="ERROR">
         <error type="ERROR" message="Test Cases/BEP/Create_Approve_Reject/CreateBEP_Approve_DataDriven FAILED because (of) org.codehaus.groovy.runtime.InvokerInvocationException: java.io.FileNotFoundException: C:\Users\ranjs1\git\DAUIAutomation\Data Files\BEP\TestDataEstimate.xlsx (The process cannot access the file because it is being used by another process)"/>
         <system-out><![CDATA[2018-04-17 18:25:49 - [TEST_CASE][ERROR] - Test Cases/BEP/Create_Approve_Reject/CreateBEP_Approve_DataDriven - Iteration 5: Test Cases/BEP/Create_Approve_Reject/CreateBEP_Approve_DataDriven FAILED because (of) org.codehaus.groovy.runtime.InvokerInvocationException: java.io.FileNotFoundException: C:\Users\ranjs1\git\DAUIAutomation\Data Files\BEP\TestDataEstimate.xlsx (The process cannot access the file because it is being used by another process)

2018-04-17 18:25:49 - [TEST_STEP][PASSED] - com.helper.commonfunct.commonutilities.login: com.helper.commonfunct.commonutilities.login is PASSED

2018-04-17 18:25:50 - [MESSAGE][WARNING] - A browser is already opened. Closing browser and opening a new one

2018-04-17 18:25:55 - [MESSAGE][PASSED] - Browser is opened with url: ''

2018-04-17 18:25:58 - [MESSAGE][PASSED] - Navigate to 'https://vtcpdev.rpega.com:7688/tcpdev/PRServlet' successfully

2018-04-17 18:25:59 - [MESSAGE][PASSED] - Text 'debrj@pegasystems.com' is set on object 'Object Repository/Generic/input_UserIdentifier'

2018-04-17 18:25:59 - [MESSAGE][PASSED] - Text 'install' is set on object 'Object Repository/Generic/input_Password'

2018-04-17 18:26:04 - [MESSAGE][PASSED] - Keys '' sent to object: 'Object Repository/Generic/input_Password'

2018-04-17 18:26:04 - [MESSAGE][PASSED] - com.helper.commonfunct.commonutilities.login is PASSED

2018-04-17 18:26:04 - [TEST_STEP][ERROR] - com.helper.commonfunct.BEP_CommonMethod.Estimate: java.io.FileNotFoundException: C:\Users\ranjs1\git\DAUIAutomation\Data Files\BEP\TestDataEstimate.xlsx (The process cannot access the file because it is being used by another process)

2018-04-17 18:26:05 - [MESSAGE][PASSED] - Current window maximized

2018-04-17 18:26:07 - [MESSAGE][PASSED] - Delayed 2 second(s)

2018-04-17 18:26:08 - [MESSAGE][PASSED] - Object: 'Object Repository/Generic/New' is clicked on

2018-04-17 18:26:12 - [MESSAGE][PASSED] - Delayed 4 second(s)

2018-04-17 18:26:12 - [MESSAGE][PASSED] - Object: 'Object Repository/BEP/Generic/EstimateLink' is clicked on

2018-04-17 18:26:16 - [MESSAGE][PASSED] - Delayed 4 second(s)

2018-04-17 18:26:16 - [MESSAGE][PASSED] - Object: 'Object Repository/ECR/Generic/WOTAB' is clicked on

2018-04-17 18:26:16 - [MESSAGE][PASSED] - Wait for page load successfully

2018-04-17 18:26:21 - [MESSAGE][PASSED] - Delayed 5 second(s)

2018-04-17 18:26:21 - [MESSAGE][WARNING] - Timeout '0' is invalid. Using default page load timeout: '30'

2018-04-17 18:26:22 - [MESSAGE][PASSED] - Object 'Object Repository/BEP/Generic/import' is visible

2018-04-17 18:26:22 - [MESSAGE][PASSED] - Object: 'Object Repository/BEP/Generic/import' is clicked on

2018-04-17 18:26:27 - [MESSAGE][PASSED] - Delayed 5 second(s)

2018-04-17 18:26:27 - [MESSAGE][PASSED] - File 'C:\Users\ranjs1\git\DAUIAutomation\Data Files\BEP\EU_BEM.xlsm' sent to object: 'Object Repository/Generic/FilePath'

2018-04-17 18:26:32 - [MESSAGE][PASSED] - Delayed 5 second(s)

2018-04-17 18:26:33 - [MESSAGE][PASSED] - Object: 'Object Repository/Generic/button_Submit' is clicked on

2018-04-17 18:26:43 - [MESSAGE][PASSED] - Delayed 10 second(s)

2018-04-17 18:26:44 - [MESSAGE][PASSED] - Text 'PHLPSINTL' is set on object 'Object Repository/Generic/ORG'

2018-04-17 18:26:51 - [MESSAGE][PASSED] - Delayed 7 second(s)

2018-04-17 18:26:51 - [MESSAGE][PASSED] - Keys '' sent to object: 'Object Repository/Generic/ORG'

2018-04-17 18:26:58 - [MESSAGE][PASSED] - Delayed 7 second(s)

2018-04-17 18:26:59 - [MESSAGE][PASSED] - Text 'PHLPNL' is set on object 'Object Repository/Generic/ACC'

2018-04-17 18:27:06 - [MESSAGE][PASSED] - Delayed 7 second(s)

2018-04-17 18:27:07 - [MESSAGE][PASSED] - Keys '' sent to object: 'Object Repository/Generic/ACC'

2018-04-17 18:27:12 - [MESSAGE][PASSED] - Delayed 5 second(s)

2018-04-17 18:27:15 - [MESSAGE][PASSED] - Text 'The engagement you entered doesn't match' is present on page 

2018-04-17 18:27:16 - [MESSAGE][PASSED] - Text 'AUTOTEST1' is set on object 'Object Repository/Generic/ENG_DESC'

2018-04-17 18:27:21 - [MESSAGE][PASSED] - Delayed 5 second(s)

2018-04-17 18:27:21 - [MESSAGE][PASSED] - Object: 'Object Repository/BEP/Generic/MorethanOneRLSNO' is clicked on

2018-04-17 18:27:26 - [MESSAGE][PASSED] - Delayed 5 second(s)

2018-04-17 18:27:27 - [MESSAGE][PASSED] - All options with value 'PRD-87' are selected in object 'Object Repository/Generic/PlatformID' 

2018-04-17 18:27:32 - [MESSAGE][PASSED] - Delayed 5 second(s)

2018-04-17 18:27:32 - [MESSAGE][PASSED] - All options with value 'RLS-2699' are selected in object 'Object Repository/Generic/PlatformVersion' 

2018-04-17 18:27:37 - [MESSAGE][PASSED] - Delayed 5 second(s)

2018-04-17 18:27:37 - [MESSAGE][PASSED] - Object: 'Object Repository/Generic/PlatformTrue' is clicked on

2018-04-17 18:27:42 - [MESSAGE][PASSED] - Delayed 5 second(s)

2018-04-17 18:27:42 - [MESSAGE][PASSED] - All options with value 'debrj@pegasystems.com' are selected in object 'Object Repository/EngInfo/PL' 

2018-04-17 18:27:47 - [MESSAGE][PASSED] - Delayed 5 second(s)

2018-04-17 18:27:50 - [MESSAGE][WARNING] - Text 'PL Team Leader' is not present on page 

2018-04-17 18:27:55 - [MESSAGE][PASSED] - Delayed 5 second(s)

2018-04-17 18:27:56 - [MESSAGE][PASSED] - All options with value 'korna1@pegasystems.com' are selected in object 'Object Repository/EngInfo/RD' 

2018-04-17 18:28:01 - [MESSAGE][PASSED] - Delayed 5 second(s)

2018-04-17 18:28:01 - [MESSAGE][PASSED] - All options with value 'ellia@pegasystems.com' are selected in object 'Object Repository/EngInfo/RL' 

2018-04-17 18:28:06 - [MESSAGE][PASSED] - Delayed 5 second(s)

2018-04-17 18:28:06 - [MESSAGE][PASSED] - Scroll to object 'Object Repository/Generic/NEXT_BUTTON' successfully

2018-04-17 18:28:06 - [MESSAGE][PASSED] - Object: 'Object Repository/Generic/NEXT_BUTTON' is clicked on

2018-04-17 18:28:11 - [MESSAGE][PASSED] - Delayed 5 second(s)

2018-04-17 18:28:11 - [MESSAGE][PASSED] - Wait for page load successfully

2018-04-17 18:28:12 - [MESSAGE][PASSED] - Text '12' is set on object 'Object Repository/BEP/Generic/DurationLow'

2018-04-17 18:28:19 - [MESSAGE][PASSED] - Delayed 7 second(s)

2018-04-17 18:28:19 - [MESSAGE][PASSED] - Text '12' is set on object 'Object Repository/BEP/Generic/DurationHigh'

2018-04-17 18:28:26 - [MESSAGE][PASSED] - Delayed 7 second(s)

2018-04-17 18:28:27 - [MESSAGE][PASSED] - Text '12' is set on object 'Object Repository/BEP/Generic/PartnerHoursLow'

2018-04-17 18:28:32 - [MESSAGE][PASSED] - Delayed 5 second(s)

2018-04-17 18:28:32 - [MESSAGE][PASSED] - Text '12' is set on object 'Object Repository/BEP/Generic/PartnerHoursHigh'

2018-04-17 18:28:37 - [MESSAGE][PASSED] - Delayed 5 second(s)

2018-04-17 18:28:42 - [MESSAGE][PASSED] - Delayed 5 second(s)

2018-04-17 18:28:43 - [MESSAGE][PASSED] - Object: 'Object Repository/BEP/Generic/EstimationMethod' is clicked on

2018-04-17 18:28:48 - [MESSAGE][PASSED] - Delayed 5 second(s)

2018-04-17 18:28:48 - [MESSAGE][PASSED] - Keys 'BSW' sent to object: 'Object Repository/BEP/Generic/EstimationMethod'

2018-04-17 18:28:53 - [MESSAGE][PASSED] - Delayed 5 second(s)

2018-04-17 18:28:53 - [MESSAGE][PASSED] - Scroll to object 'Object Repository/Generic/NEXT_BUTTON' successfully

2018-04-17 18:28:55 - [MESSAGE][PASSED] - Object: 'Object Repository/Generic/NEXT_BUTTON' is clicked on

2018-04-17 18:29:00 - [MESSAGE][PASSED] - Delayed 5 second(s)

2018-04-17 18:29:00 - [MESSAGE][PASSED] - Object: 'Object Repository/BEP/Generic/BEPoutput' is clicked on

2018-04-17 18:29:05 - [MESSAGE][PASSED] - Delayed 5 second(s)

2018-04-17 18:29:05 - [MESSAGE][PASSED] - All options with value 'RFP in process' are selected in object 'Object Repository/BEP/Generic/ReasonCode' 

2018-04-17 18:29:05 - [MESSAGE][PASSED] - Scroll to object 'Object Repository/Generic/NEXT_BUTTON' successfully

2018-04-17 18:29:05 - [MESSAGE][PASSED] - Object: 'Object Repository/Generic/NEXT_BUTTON' is clicked on

2018-04-17 18:29:08 - [MESSAGE][PASSED] - Scroll to object 'Object Repository/Generic/FINISH_BUTTON' successfully

2018-04-17 18:29:09 - [MESSAGE][PASSED] - Object: 'Object Repository/Generic/FINISH_BUTTON' is clicked on

2018-04-17 18:29:09 - [MESSAGE][PASSED] - Wait for page load successfully

2018-04-17 18:29:09 - [MESSAGE][PASSED] - Text of object 'Object Repository/Generic/WOID' is: 'BEP-17Apr2018-18'

2018-04-17 18:29:09 - [MESSAGE][ERROR] - java.io.FileNotFoundException: C:\Users\ranjs1\git\DAUIAutomation\Data Files\BEP\TestDataEstimate.xlsx (The process cannot access the file because it is being used by another process)]]></system-out>
         <system-err><![CDATA[2018-04-17 18:25:49 - [TEST_CASE][ERROR] - Test Cases/BEP/Create_Approve_Reject/CreateBEP_Approve_DataDriven - Iteration 5: Test Cases/BEP/Create_Approve_Reject/CreateBEP_Approve_DataDriven FAILED because (of) org.codehaus.groovy.runtime.InvokerInvocationException: java.io.FileNotFoundException: C:\Users\ranjs1\git\DAUIAutomation\Data Files\BEP\TestDataEstimate.xlsx (The process cannot access the file because it is being used by another process)]]></system-err>
      </testcase>
      <testcase name="Test Cases/BEP/Create_Approve_Reject/CreateBEP_Approve_DataDriven - Iteration 6" classname="Test Cases/BEP/Create_Approve_Reject/CreateBEP_Approve_DataDriven" status="FAILED">
         <failure type="FAILED" message="Test Cases/BEP/Create_Approve_Reject/CreateBEP_Approve_DataDriven FAILED because (of) Unable to click on object 'Object Repository/Generic/New' (Root cause: com.kms.katalon.core.webui.exception.WebElementNotFoundException: Web element with id: 'Object Repository/Generic/New' located by 'By.xpath: //a[@class='menu-item-anchor menu-item-expand']' not found)"/>
         <system-out><![CDATA[2018-04-17 18:29:10 - [TEST_CASE][FAILED] - Test Cases/BEP/Create_Approve_Reject/CreateBEP_Approve_DataDriven - Iteration 6: Test Cases/BEP/Create_Approve_Reject/CreateBEP_Approve_DataDriven FAILED because (of) Unable to click on object 'Object Repository/Generic/New' (Root cause: com.kms.katalon.core.webui.exception.WebElementNotFoundException: Web element with id: 'Object Repository/Generic/New' located by 'By.xpath: //a[@class='menu-item-anchor menu-item-expand']' not found)

2018-04-17 18:29:10 - [TEST_STEP][PASSED] - com.helper.commonfunct.commonutilities.login: com.helper.commonfunct.commonutilities.login is PASSED

2018-04-17 18:29:10 - [MESSAGE][WARNING] - A browser is already opened. Closing browser and opening a new one

2018-04-17 18:29:15 - [MESSAGE][PASSED] - Browser is opened with url: ''

2018-04-17 18:29:18 - [MESSAGE][PASSED] - Navigate to 'https://vtcpdev.rpega.com:7688/tcpdev/PRServlet' successfully

2018-04-17 18:29:18 - [MESSAGE][PASSED] - Text '' is set on object 'Object Repository/Generic/input_UserIdentifier'

2018-04-17 18:29:18 - [MESSAGE][PASSED] - Text 'install' is set on object 'Object Repository/Generic/input_Password'

2018-04-17 18:29:19 - [MESSAGE][PASSED] - Keys '' sent to object: 'Object Repository/Generic/input_Password'

2018-04-17 18:29:19 - [MESSAGE][PASSED] - com.helper.commonfunct.commonutilities.login is PASSED

2018-04-17 18:29:19 - [TEST_STEP][FAILED] - com.helper.commonfunct.BEP_CommonMethod.Estimate: Unable to click on object 'Object Repository/Generic/New' (Root cause: com.kms.katalon.core.webui.exception.WebElementNotFoundException: Web element with id: 'Object Repository/Generic/New' located by 'By.xpath: //a[@class='menu-item-anchor menu-item-expand']' not found)

2018-04-17 18:29:20 - [MESSAGE][PASSED] - Current window maximized

2018-04-17 18:29:22 - [MESSAGE][PASSED] - Delayed 2 second(s)

2018-04-17 18:29:56 - [MESSAGE][FAILED] - Unable to click on object 'Object Repository/Generic/New' (Root cause: com.kms.katalon.core.webui.exception.WebElementNotFoundException: Web element with id: 'Object Repository/Generic/New' located by 'By.xpath: //a[@class='menu-item-anchor menu-item-expand']' not found)
[[ATTACHMENT|C:\\Users\\ranjs1\\git\\DAUIAutomation\\Reports\\Estimate\\20180417_175157\\1523969996002.png]]

2018-04-17 18:29:56 - [MESSAGE][FAILED] - Unable to click on object 'Object Repository/Generic/New' (Root cause: com.kms.katalon.core.webui.exception.WebElementNotFoundException: Web element with id: 'Object Repository/Generic/New' located by 'By.xpath: //a[@class='menu-item-anchor menu-item-expand']' not found)]]></system-out>
         <system-err><![CDATA[2018-04-17 18:29:10 - [TEST_CASE][FAILED] - Test Cases/BEP/Create_Approve_Reject/CreateBEP_Approve_DataDriven - Iteration 6: Test Cases/BEP/Create_Approve_Reject/CreateBEP_Approve_DataDriven FAILED because (of) Unable to click on object 'Object Repository/Generic/New' (Root cause: com.kms.katalon.core.webui.exception.WebElementNotFoundException: Web element with id: 'Object Repository/Generic/New' located by 'By.xpath: //a[@class='menu-item-anchor menu-item-expand']' not found)]]></system-err>
      </testcase>
      <system-out><![CDATA[2018-04-17 17:52:06 - [TEST_SUITE][FAILED] - Estimate: Test Cases/BEP/TestCases/TC_CreateBEP_All_Recall FAILED because (of) Unable to click on object 'Object Repository/BEP/Generic/BEPoutput' (Root cause: com.kms.katalon.core.webui.exception.WebElementNotFoundException: Web element with id: 'Object Repository/BEP/Generic/BEPoutput' located by 'By.xpath: //label[@for='BEPOutputNone']' not found)]]></system-out>
      <system-err><![CDATA[2018-04-17 17:52:06 - [TEST_SUITE][FAILED] - Estimate: Test Cases/BEP/TestCases/TC_CreateBEP_All_Recall FAILED because (of) Unable to click on object 'Object Repository/BEP/Generic/BEPoutput' (Root cause: com.kms.katalon.core.webui.exception.WebElementNotFoundException: Web element with id: 'Object Repository/BEP/Generic/BEPoutput' located by 'By.xpath: //label[@for='BEPOutputNone']' not found)]]></system-err>
   </testsuite>
</testsuites>
