<?xml version="1.0" encoding="UTF-8"?>
<testsuites name="Estimate" time="9515" tests="7" failures="4" errors="0">
   <testsuite name="Estimate" tests="7" failures="4" errors="0" time="9515" timestamp="2018-07-09 19:03:58" hostname="nipin - L22622WUS.rpega.com" id="Test Suites/Estimate">
      <properties>
         <property name="deviceName" value=""/>
         <property name="devicePlatform" value=""/>
         <property name="logFolder" value="C:\\DAUIAutomation\\Reports\\Estimate\\20180709_190354"/>
         <property name="logFiles" value="C:\\DAUIAutomation\\Reports\\Estimate\\20180709_190354\\execution0.log"/>
         <property name="attachments" value="C:\\DAUIAutomation\\Reports\\Estimate\\20180709_190354\\1531178255179.png, C:\\DAUIAutomation\\Reports\\Estimate\\20180709_190354\\1531178502025.png, C:\\DAUIAutomation\\Reports\\Estimate\\20180709_190354\\1531178753287.png, C:\\DAUIAutomation\\Reports\\Estimate\\20180709_190354\\1531178983306.png, C:\\DAUIAutomation\\Reports\\Estimate\\20180709_190354\\1531179043554.png, C:\\DAUIAutomation\\Reports\\Estimate\\20180709_190354\\1531179896366.png, C:\\DAUIAutomation\\Reports\\Estimate\\20180709_190354\\1531180142817.png, C:\\DAUIAutomation\\Reports\\Estimate\\20180709_190354\\1531180394199.png, C:\\DAUIAutomation\\Reports\\Estimate\\20180709_190354\\1531183609125.png, C:\\DAUIAutomation\\Reports\\Estimate\\20180709_190354\\1531184441529.png, C:\\DAUIAutomation\\Reports\\Estimate\\20180709_190354\\1531184501908.png, C:\\DAUIAutomation\\Reports\\Estimate\\20180709_190354\\1531185330319.png, C:\\DAUIAutomation\\Reports\\Estimate\\20180709_190354\\1531185579015.png, C:\\DAUIAutomation\\Reports\\Estimate\\20180709_190354\\1531185822138.png, C:\\DAUIAutomation\\Reports\\Estimate\\20180709_190354\\1531186068669.png, C:\\DAUIAutomation\\Reports\\Estimate\\20180709_190354\\1531186316971.png, C:\\DAUIAutomation\\Reports\\Estimate\\20180709_190354\\1531186559856.png, C:\\DAUIAutomation\\Reports\\Estimate\\20180709_190354\\1531186806019.png"/>
         <property name="hostName" value="nipin - L22622WUS.rpega.com"/>
         <property name="os" value="Windows 7 64bit"/>
         <property name="katalonVersion" value="5.4.2.1"/>
         <property name="browser" value="Chrome 67.0.3396.87"/>
         <property name="hostAddress" value="10.2.204.225"/>
         <property name="sessionId" value="037e226cc5deb330a4cfeaf1df723a9e"/>
         <property name="seleniumVersion" value="3.7.1"/>
         <property name="proxyInformation" value="ProxyInformation{proxyOption=NO_PROXY, proxyServerType=HTTP, password=, proxyServerAddress=, proxyServerPort=0}"/>
         <property name="platform" value="Windows 7"/>
      </properties>
      <testcase name="Test Cases/BEP/TestCases/TC_CreateBEP_EmailOutput_SkipEmail_NOECR" classname="Test Cases/BEP/TestCases/TC_CreateBEP_EmailOutput_SkipEmail_NOECR" status="PASSED">
         <system-out><![CDATA[2018-07-09 19:03:59 - [TEST_CASE][PASSED] - Test Cases/BEP/TestCases/TC_CreateBEP_EmailOutput_SkipEmail_NOECR: Test Cases/BEP/TestCases/TC_CreateBEP_EmailOutput_SkipEmail_NOECR

2018-07-09 19:04:00 - [TEST_STEP][PASSED] - callTestCase: Call Test Case 'Test Cases/BEP/Create_Approve_Reject/Create_BEP_EmailOutput' successfully

2018-07-09 19:04:00 - [TEST_CASE][PASSED] - Test Cases/BEP/Create_Approve_Reject/Create_BEP_EmailOutput: Test Cases/BEP/Create_Approve_Reject/Create_BEP_EmailOutput

2018-07-09 19:04:01 - [TEST_STEP][PASSED] - com.helper.commonfunct.commonutilities.login: com.helper.commonfunct.commonutilities.login is PASSED

2018-07-09 19:04:12 - [MESSAGE][PASSED] - Browser is opened with url: ''

2018-07-09 19:04:16 - [MESSAGE][PASSED] - Navigate to 'https://vdaqa.rpega.com:9030/daqa/PRServlet' successfully

2018-07-09 19:04:28 - [MESSAGE][PASSED] - Text 'hendj@pegasystems.com' is set on object 'Object Repository/Generic/input_UserIdentifier'

2018-07-09 19:04:41 - [MESSAGE][PASSED] - Text 'install' is set on object 'Object Repository/Generic/input_Password'

2018-07-09 19:04:49 - [MESSAGE][PASSED] - Keys 'ENTER + ' sent to object: 'Object Repository/Generic/input_Password'

2018-07-09 19:04:49 - [MESSAGE][PASSED] - com.helper.commonfunct.commonutilities.login is PASSED

2018-07-09 19:04:49 - [TEST_STEP][PASSED] - com.helper.commonfunct.BEP_CommonMethod.Estimate: com.helper.commonfunct.BEP_CommonMethod.Estimate is PASSED

2018-07-09 19:04:53 - [MESSAGE][PASSED] - Current window maximized

2018-07-09 19:04:55 - [MESSAGE][PASSED] - Delayed 2 second(s)

2018-07-09 19:05:01 - [MESSAGE][PASSED] - Object: 'Object Repository/Generic/New' is clicked on

2018-07-09 19:05:05 - [MESSAGE][PASSED] - Delayed 4 second(s)

2018-07-09 19:05:11 - [MESSAGE][PASSED] - Object: 'Object Repository/BEP/Generic/EstimateLink' is clicked on

2018-07-09 19:05:15 - [MESSAGE][PASSED] - Delayed 4 second(s)

2018-07-09 19:05:22 - [MESSAGE][PASSED] - Object: 'Object Repository/ECR/Generic/WOTAB' is clicked on

2018-07-09 19:05:25 - [MESSAGE][PASSED] - Wait for page load successfully

2018-07-09 19:05:36 - [MESSAGE][PASSED] - Delayed 5 second(s)

2018-07-09 19:06:10 - [MESSAGE][WARNING] - Object 'Object Repository/BEP/Generic/import' is not visible after 30 second(s)

2018-07-09 19:06:21 - [MESSAGE][PASSED] - Delayed 5 second(s)

2018-07-09 19:06:27 - [MESSAGE][PASSED] - File 'C:\DAUIAutomation\Data Files\BEP\Estimate.xlsm' sent to object: 'Object Repository/Generic/FilePath'

2018-07-09 19:06:32 - [MESSAGE][PASSED] - Delayed 5 second(s)

2018-07-09 19:06:38 - [MESSAGE][PASSED] - Object: 'Object Repository/Generic/button_Submit' is clicked on

2018-07-09 19:06:48 - [MESSAGE][PASSED] - Delayed 10 second(s)

2018-07-09 19:07:01 - [MESSAGE][PASSED] - Text 'BOFA' is set on object 'Object Repository/Generic/ORG'

2018-07-09 19:07:08 - [MESSAGE][PASSED] - Delayed 7 second(s)

2018-07-09 19:07:14 - [MESSAGE][PASSED] - Keys 'TAB + ' sent to object: 'Object Repository/Generic/ORG'

2018-07-09 19:07:21 - [MESSAGE][PASSED] - Delayed 7 second(s)

2018-07-09 19:07:33 - [MESSAGE][PASSED] - Text 'BOFA' is set on object 'Object Repository/Generic/ACC'

2018-07-09 19:07:40 - [MESSAGE][PASSED] - Delayed 7 second(s)

2018-07-09 19:07:46 - [MESSAGE][PASSED] - Keys 'TAB + ' sent to object: 'Object Repository/Generic/ACC'

2018-07-09 19:07:51 - [MESSAGE][PASSED] - Delayed 5 second(s)

2018-07-09 19:07:58 - [MESSAGE][PASSED] - Text 'The engagement you entered doesn't match' is present on page 

2018-07-09 19:08:11 - [MESSAGE][PASSED] - Text 'AUTOTEST1' is set on object 'Object Repository/Generic/ENG_DESC'

2018-07-09 19:08:16 - [MESSAGE][PASSED] - Delayed 5 second(s)

2018-07-09 19:08:27 - [MESSAGE][PASSED] - Delayed 5 second(s)

2018-07-09 19:08:51 - [MESSAGE][PASSED] - All options with value 'PRD-409' are selected in object 'Object Repository/Generic/PlatformID' 

2018-07-09 19:08:56 - [MESSAGE][PASSED] - Delayed 5 second(s)

2018-07-09 19:09:20 - [MESSAGE][PASSED] - All options with value 'RLS-3176' are selected in object 'Object Repository/Generic/PlatformVersion' 

2018-07-09 19:09:25 - [MESSAGE][PASSED] - Delayed 5 second(s)

2018-07-09 19:09:32 - [MESSAGE][PASSED] - Object: 'Object Repository/Generic/PlatformTrue' is clicked on

2018-07-09 19:09:37 - [MESSAGE][PASSED] - Delayed 5 second(s)

2018-07-09 19:09:58 - [MESSAGE][PASSED] - All options with value 'hendj@pegasystems.com' are selected in object 'Object Repository/EngInfo/PL' 

2018-07-09 19:10:03 - [MESSAGE][PASSED] - Delayed 5 second(s)

2018-07-09 19:10:10 - [MESSAGE][PASSED] - Text 'PL Team Leader' is present on page 

2018-07-09 19:10:31 - [MESSAGE][PASSED] - All options with value 'higgr@pegasystems.com' are selected in object 'Object Repository/EngInfo/PLTL' 

2018-07-09 19:10:36 - [MESSAGE][PASSED] - Delayed 5 second(s)

2018-07-09 19:11:00 - [MESSAGE][PASSED] - All options with value 'waink@pegasystems.com' are selected in object 'Object Repository/EngInfo/RD' 

2018-07-09 19:11:05 - [MESSAGE][PASSED] - Delayed 5 second(s)

2018-07-09 19:11:26 - [MESSAGE][PASSED] - All options with value 'panee@pegasystems.com' are selected in object 'Object Repository/EngInfo/RL' 

2018-07-09 19:11:31 - [MESSAGE][PASSED] - Delayed 5 second(s)

2018-07-09 19:11:37 - [MESSAGE][PASSED] - Scroll to object 'Object Repository/Generic/NEXT_BUTTON' successfully

2018-07-09 19:11:44 - [MESSAGE][PASSED] - Object: 'Object Repository/Generic/NEXT_BUTTON' is clicked on

2018-07-09 19:11:49 - [MESSAGE][PASSED] - Delayed 5 second(s)

2018-07-09 19:11:52 - [MESSAGE][PASSED] - Wait for page load successfully

2018-07-09 19:11:54 - [MESSAGE][PASSED] - Delayed 2 second(s)

2018-07-09 19:12:00 - [MESSAGE][PASSED] - Text of object 'Object Repository/BEP/Generic/DurationLow' is cleared

2018-07-09 19:12:02 - [MESSAGE][PASSED] - Delayed 2 second(s)

2018-07-09 19:12:14 - [MESSAGE][PASSED] - Text '15' is set on object 'Object Repository/BEP/Generic/DurationLow'

2018-07-09 19:12:16 - [MESSAGE][PASSED] - Delayed 2 second(s)

2018-07-09 19:12:22 - [MESSAGE][PASSED] - Text of object 'Object Repository/BEP/Generic/DurationHigh' is cleared

2018-07-09 19:12:24 - [MESSAGE][PASSED] - Delayed 2 second(s)

2018-07-09 19:12:36 - [MESSAGE][PASSED] - Text '15' is set on object 'Object Repository/BEP/Generic/DurationHigh'

2018-07-09 19:12:38 - [MESSAGE][PASSED] - Delayed 2 second(s)

2018-07-09 19:12:44 - [MESSAGE][PASSED] - Text of object 'Object Repository/BEP/Generic/PartnerHoursLow' is cleared

2018-07-09 19:12:46 - [MESSAGE][PASSED] - Delayed 2 second(s)

2018-07-09 19:12:58 - [MESSAGE][PASSED] - Text '15' is set on object 'Object Repository/BEP/Generic/PartnerHoursLow'

2018-07-09 19:13:00 - [MESSAGE][PASSED] - Delayed 2 second(s)

2018-07-09 19:13:06 - [MESSAGE][PASSED] - Text of object 'Object Repository/BEP/Generic/PartnerHoursHigh' is cleared

2018-07-09 19:13:08 - [MESSAGE][PASSED] - Delayed 2 second(s)

2018-07-09 19:13:21 - [MESSAGE][PASSED] - Text '15' is set on object 'Object Repository/BEP/Generic/PartnerHoursHigh'

2018-07-09 19:13:23 - [MESSAGE][PASSED] - Delayed 2 second(s)

2018-07-09 19:13:29 - [MESSAGE][PASSED] - Object: 'Object Repository/BEP/Generic/EstimationMethod' is clicked on

2018-07-09 19:13:34 - [MESSAGE][PASSED] - Delayed 5 second(s)

2018-07-09 19:13:40 - [MESSAGE][PASSED] - Keys 'BSW' sent to object: 'Object Repository/BEP/Generic/EstimationMethod'

2018-07-09 19:13:45 - [MESSAGE][PASSED] - Delayed 5 second(s)

2018-07-09 19:13:51 - [MESSAGE][PASSED] - Scroll to object 'Object Repository/Generic/NEXT_BUTTON' successfully

2018-07-09 19:13:57 - [MESSAGE][PASSED] - Object: 'Object Repository/Generic/NEXT_BUTTON' is clicked on

2018-07-09 19:14:02 - [MESSAGE][PASSED] - Delayed 5 second(s)

2018-07-09 19:14:08 - [MESSAGE][PASSED] - Object: 'Object Repository/BEP/Generic/BEPOutputEmail' is clicked on

2018-07-09 19:14:10 - [MESSAGE][PASSED] - Delayed 2 second(s)

2018-07-09 19:14:17 - [MESSAGE][PASSED] - Object: 'Object Repository/BEP/Generic/RECEIPIENT' is clicked on

2018-07-09 19:14:19 - [MESSAGE][PASSED] - Delayed 2 second(s)

2018-07-09 19:14:25 - [MESSAGE][PASSED] - Object: 'Object Repository/BEP/Generic/AddEmailID' is clicked on

2018-07-09 19:14:27 - [MESSAGE][PASSED] - Delayed 2 second(s)

2018-07-09 19:14:33 - [MESSAGE][PASSED] - Keys 'nagaveni.nipinale@in.pega.com' sent to object: 'Object Repository/BEP/Generic/MAILID_XPATH'

2018-07-09 19:14:35 - [MESSAGE][PASSED] - Delayed 2 second(s)

2018-07-09 19:14:41 - [MESSAGE][PASSED] - Object: 'Object Repository/BEP/Generic/modal_submit' is clicked on

2018-07-09 19:14:43 - [MESSAGE][PASSED] - Delayed 2 second(s)

2018-07-09 19:14:50 - [MESSAGE][PASSED] - Keys 'Test Automation' sent to object: 'Object Repository/BEP/Generic/Email_Subject'

2018-07-09 19:14:56 - [MESSAGE][PASSED] - Scroll to object 'Object Repository/Generic/NEXT_BUTTON' successfully

2018-07-09 19:15:02 - [MESSAGE][PASSED] - Object: 'Object Repository/Generic/NEXT_BUTTON' is clicked on

2018-07-09 19:15:08 - [MESSAGE][PASSED] - Scroll to object 'Object Repository/Generic/FINISH_BUTTON' successfully

2018-07-09 19:15:14 - [MESSAGE][PASSED] - Object: 'Object Repository/Generic/FINISH_BUTTON' is clicked on

2018-07-09 19:15:17 - [MESSAGE][PASSED] - Wait for page load successfully

2018-07-09 19:15:22 - [MESSAGE][PASSED] - Delayed 5 second(s)

2018-07-09 19:15:28 - [MESSAGE][PASSED] - Text of object 'Object Repository/Generic/WOID' is: 'BEP-09Jul2018-6'

2018-07-09 19:15:28 - [MESSAGE][PASSED] - com.helper.commonfunct.BEP_CommonMethod.Estimate is PASSED

2018-07-09 19:15:28 - [TEST_STEP][PASSED] - com.helper.commonfunct.commonutilities.searchStatus: com.helper.commonfunct.commonutilities.searchStatus is PASSED

2018-07-09 19:15:31 - [MESSAGE][PASSED] - Wait for page load successfully

2018-07-09 19:15:51 - [MESSAGE][PASSED] - Delayed 2 second(s)

2018-07-09 19:15:59 - [MESSAGE][PASSED] - Delayed 2 second(s)

2018-07-09 19:16:08 - [MESSAGE][PASSED] - com.helper.commonfunct.commonutilities.searchStatus is PASSED

2018-07-09 19:16:08 - [MESSAGE][PASSED] - Call Test Case 'Test Cases/BEP/Create_Approve_Reject/Create_BEP_EmailOutput' successfully

2018-07-09 19:16:08 - [TEST_STEP][PASSED] - Statement - SendEmail = false: null

2018-07-09 19:16:08 - [TEST_STEP][PASSED] - Statement - CreateECR = false: null

2018-07-09 19:16:08 - [TEST_STEP][PASSED] - callTestCase: Call Test Case 'Test Cases/BEP/Create_Approve_Reject/All_Approval_Reject' successfully

2018-07-09 19:16:08 - [TEST_CASE][PASSED] - Test Cases/BEP/Create_Approve_Reject/All_Approval_Reject: Test Cases/BEP/Create_Approve_Reject/All_Approval_Reject

2018-07-09 19:16:09 - [TEST_STEP][NOT_RUN] - com.helper.commonfunct.commonutilities.login: NOT_RUN: com.helper.commonfunct.commonutilities.login

2018-07-09 19:16:09 - [MESSAGE][NOT_RUN] - NOT_RUN: com.helper.commonfunct.commonutilities.login

2018-07-09 19:16:09 - [TEST_STEP][NOT_RUN] - com.helper.commonfunct.commonutilities.search: NOT_RUN: com.helper.commonfunct.commonutilities.search

2018-07-09 19:16:09 - [MESSAGE][NOT_RUN] - NOT_RUN: com.helper.commonfunct.commonutilities.search

2018-07-09 19:16:09 - [TEST_STEP][NOT_RUN] - switchToFrame: NOT_RUN: switchToFrame

2018-07-09 19:16:09 - [MESSAGE][NOT_RUN] - NOT_RUN: switchToFrame

2018-07-09 19:16:09 - [TEST_STEP][NOT_RUN] - com.helper.commonfunct.commonutilities.setprop: NOT_RUN: com.helper.commonfunct.commonutilities.setprop

2018-07-09 19:16:09 - [MESSAGE][NOT_RUN] - NOT_RUN: com.helper.commonfunct.commonutilities.setprop

2018-07-09 19:16:09 - [TEST_STEP][PASSED] - Statement - While (WOSTATUS.contains("PENDING") && AssignmentList.size() > 0): com.helper.commonfunct.commonutilities.searchStatus is PASSED

2018-07-09 19:16:09 - [TEST_STEP][PASSED] - Statement - Status = text: null

2018-07-09 19:16:12 - [TEST_STEP][PASSED] - Statement - println(Status): null

2018-07-09 19:16:12 - [TEST_STEP][PASSED] - Statement - If (Status == "Pending-RDApproval"): com.helper.commonfunct.BEP_CommonMethod.RDapprove is PASSED

2018-07-09 19:16:12 - [TEST_STEP][PASSED] - Statement - If (RDReject == false): com.helper.commonfunct.BEP_CommonMethod.RDapprove is PASSED

2018-07-09 19:16:12 - [TEST_STEP][PASSED] - Statement - If (RouteToRL == true): com.helper.commonfunct.BEP_CommonMethod.RDapprove is PASSED

2018-07-09 19:16:12 - [TEST_STEP][PASSED] - com.helper.commonfunct.commonutilities.login: com.helper.commonfunct.commonutilities.login is PASSED

2018-07-09 19:16:12 - [MESSAGE][WARNING] - A browser is already opened. Closing browser and opening a new one

2018-07-09 19:16:25 - [MESSAGE][PASSED] - Browser is opened with url: ''

2018-07-09 19:16:28 - [MESSAGE][PASSED] - Navigate to 'https://vdaqa.rpega.com:9030/daqa/PRServlet' successfully

2018-07-09 19:16:40 - [MESSAGE][PASSED] - Text 'waink@pegasystems.com' is set on object 'Object Repository/Generic/input_UserIdentifier'

2018-07-09 19:16:52 - [MESSAGE][PASSED] - Text 'install' is set on object 'Object Repository/Generic/input_Password'

2018-07-09 19:17:01 - [MESSAGE][PASSED] - Keys 'ENTER + ' sent to object: 'Object Repository/Generic/input_Password'

2018-07-09 19:17:01 - [MESSAGE][PASSED] - com.helper.commonfunct.commonutilities.login is PASSED

2018-07-09 19:17:01 - [TEST_STEP][PASSED] - com.helper.commonfunct.commonutilities.search: com.helper.commonfunct.commonutilities.search is PASSED

2018-07-09 19:17:05 - [MESSAGE][PASSED] - Current window maximized

2018-07-09 19:17:10 - [MESSAGE][PASSED] - Delayed 5 second(s)

2018-07-09 19:17:22 - [MESSAGE][PASSED] - Text 'BEP-09Jul2018-6' is set on object 'Object Repository/EngInfo/search'

2018-07-09 19:17:25 - [MESSAGE][PASSED] - Delayed 3 second(s)

2018-07-09 19:17:31 - [MESSAGE][PASSED] - Keys 'ENTER + ' sent to object: 'Object Repository/EngInfo/search'

2018-07-09 19:17:38 - [MESSAGE][WARNING] - No alert found after 3 second(s).
[[ATTACHMENT|C:\\DAUIAutomation\\Reports\\Estimate\\20180709_190354\\1531178255179.png]]

2018-07-09 19:17:41 - [MESSAGE][PASSED] - Wait for page load successfully

2018-07-09 19:17:41 - [MESSAGE][PASSED] - com.helper.commonfunct.commonutilities.search is PASSED

2018-07-09 19:17:41 - [TEST_STEP][PASSED] - com.helper.commonfunct.BEP_CommonMethod.RDapprove: com.helper.commonfunct.BEP_CommonMethod.RDapprove is PASSED

2018-07-09 19:17:46 - [MESSAGE][PASSED] - Delayed 5 second(s)

2018-07-09 19:18:02 - [MESSAGE][PASSED] - Delayed 7 second(s)

2018-07-09 19:18:10 - [MESSAGE][PASSED] - Delayed 5 second(s)

2018-07-09 19:18:16 - [MESSAGE][PASSED] - Wait for page load successfully

2018-07-09 19:18:19 - [MESSAGE][PASSED] - Wait for page load successfully

2018-07-09 19:18:22 - [MESSAGE][PASSED] - Wait for page load successfully

2018-07-09 19:18:35 - [MESSAGE][PASSED] - Scroll to object 'Object Repository/Generic/NEXT_BUTTON' successfully

2018-07-09 19:18:41 - [MESSAGE][PASSED] - Object: 'Object Repository/Generic/NEXT_BUTTON' is clicked on

2018-07-09 19:18:46 - [MESSAGE][PASSED] - Delayed 5 second(s)

2018-07-09 19:18:52 - [MESSAGE][PASSED] - Scroll to object 'Object Repository/BEP/Generic/RD_RLApprove' successfully

2018-07-09 19:18:58 - [MESSAGE][PASSED] - Object: 'Object Repository/BEP/Generic/RD_RLApprove' is clicked on

2018-07-09 19:19:03 - [MESSAGE][PASSED] - Delayed 5 second(s)

2018-07-09 19:19:15 - [MESSAGE][PASSED] - Text 'Software Testing' is set on object 'Object Repository/BEP/Generic/BEP_CASENOTES'

2018-07-09 19:19:20 - [MESSAGE][PASSED] - Delayed 5 second(s)

2018-07-09 19:19:26 - [MESSAGE][PASSED] - Scroll to object 'Object Repository/BEP/Generic/FINISH_ASSIGNMENT' successfully

2018-07-09 19:19:36 - [MESSAGE][PASSED] - Wait for page load successfully

2018-07-09 19:19:36 - [MESSAGE][PASSED] - com.helper.commonfunct.BEP_CommonMethod.RDapprove is PASSED

2018-07-09 19:19:36 - [TEST_STEP][PASSED] - com.helper.commonfunct.commonutilities.searchStatus: com.helper.commonfunct.commonutilities.searchStatus is PASSED

2018-07-09 19:19:39 - [MESSAGE][PASSED] - Wait for page load successfully

2018-07-09 19:19:59 - [MESSAGE][PASSED] - Delayed 2 second(s)

2018-07-09 19:20:07 - [MESSAGE][PASSED] - Delayed 2 second(s)

2018-07-09 19:20:16 - [MESSAGE][PASSED] - com.helper.commonfunct.commonutilities.searchStatus is PASSED

2018-07-09 19:20:16 - [TEST_STEP][PASSED] - Statement - Status = text: null

2018-07-09 19:20:19 - [TEST_STEP][PASSED] - Statement - println(Status): null

2018-07-09 19:20:19 - [TEST_STEP][PASSED] - Statement - If (Status == "Pending-RDApproval"): null

2018-07-09 19:20:19 - [TEST_STEP][PASSED] - Statement - Else If (Status == "Pending-RLApproval"): com.helper.commonfunct.BEP_CommonMethod.RLapprove is PASSED

2018-07-09 19:20:19 - [TEST_STEP][PASSED] - Statement - If (RLReject == false): com.helper.commonfunct.BEP_CommonMethod.RLapprove is PASSED

2018-07-09 19:20:19 - [TEST_STEP][PASSED] - com.helper.commonfunct.commonutilities.login: com.helper.commonfunct.commonutilities.login is PASSED

2018-07-09 19:20:19 - [MESSAGE][WARNING] - A browser is already opened. Closing browser and opening a new one

2018-07-09 19:20:32 - [MESSAGE][PASSED] - Browser is opened with url: ''

2018-07-09 19:20:35 - [MESSAGE][PASSED] - Navigate to 'https://vdaqa.rpega.com:9030/daqa/PRServlet' successfully

2018-07-09 19:20:47 - [MESSAGE][PASSED] - Text 'panee@pegasystems.com' is set on object 'Object Repository/Generic/input_UserIdentifier'

2018-07-09 19:20:59 - [MESSAGE][PASSED] - Text 'install' is set on object 'Object Repository/Generic/input_Password'

2018-07-09 19:21:08 - [MESSAGE][PASSED] - Keys 'ENTER + ' sent to object: 'Object Repository/Generic/input_Password'

2018-07-09 19:21:08 - [MESSAGE][PASSED] - com.helper.commonfunct.commonutilities.login is PASSED

2018-07-09 19:21:08 - [TEST_STEP][PASSED] - com.helper.commonfunct.commonutilities.search: com.helper.commonfunct.commonutilities.search is PASSED

2018-07-09 19:21:12 - [MESSAGE][PASSED] - Current window maximized

2018-07-09 19:21:17 - [MESSAGE][PASSED] - Delayed 5 second(s)

2018-07-09 19:21:29 - [MESSAGE][PASSED] - Text 'BEP-09Jul2018-6' is set on object 'Object Repository/EngInfo/search'

2018-07-09 19:21:32 - [MESSAGE][PASSED] - Delayed 3 second(s)

2018-07-09 19:21:38 - [MESSAGE][PASSED] - Keys 'ENTER + ' sent to object: 'Object Repository/EngInfo/search'

2018-07-09 19:21:45 - [MESSAGE][WARNING] - No alert found after 3 second(s).
[[ATTACHMENT|C:\\DAUIAutomation\\Reports\\Estimate\\20180709_190354\\1531178502025.png]]

2018-07-09 19:21:48 - [MESSAGE][PASSED] - Wait for page load successfully

2018-07-09 19:21:48 - [MESSAGE][PASSED] - com.helper.commonfunct.commonutilities.search is PASSED

2018-07-09 19:21:48 - [TEST_STEP][PASSED] - com.helper.commonfunct.BEP_CommonMethod.RLapprove: com.helper.commonfunct.BEP_CommonMethod.RLapprove is PASSED

2018-07-09 19:21:53 - [MESSAGE][PASSED] - Delayed 5 second(s)

2018-07-09 19:22:09 - [MESSAGE][PASSED] - Delayed 7 second(s)

2018-07-09 19:22:17 - [MESSAGE][PASSED] - Delayed 5 second(s)

2018-07-09 19:22:23 - [MESSAGE][PASSED] - Wait for page load successfully

2018-07-09 19:22:26 - [MESSAGE][PASSED] - Wait for page load successfully

2018-07-09 19:22:29 - [MESSAGE][PASSED] - Wait for page load successfully

2018-07-09 19:22:41 - [MESSAGE][PASSED] - Scroll to object 'Object Repository/Generic/NEXT_BUTTON' successfully

2018-07-09 19:22:48 - [MESSAGE][PASSED] - Object: 'Object Repository/Generic/NEXT_BUTTON' is clicked on

2018-07-09 19:22:53 - [MESSAGE][PASSED] - Delayed 5 second(s)

2018-07-09 19:22:53 - [MESSAGE][WARNING] - Timeout '0' is invalid. Using default page load timeout: '30'

2018-07-09 19:22:59 - [MESSAGE][PASSED] - Scroll to object 'Object Repository/BEP/Generic/RD_RLApprove' successfully

2018-07-09 19:23:05 - [MESSAGE][PASSED] - Object: 'Object Repository/BEP/Generic/RD_RLApprove' is clicked on

2018-07-09 19:23:10 - [MESSAGE][PASSED] - Delayed 5 second(s)

2018-07-09 19:23:22 - [MESSAGE][PASSED] - Text 'Software Testing' is set on object 'Object Repository/BEP/Generic/BEP_CASENOTES'

2018-07-09 19:23:27 - [MESSAGE][PASSED] - Delayed 5 second(s)

2018-07-09 19:23:27 - [MESSAGE][WARNING] - Timeout '0' is invalid. Using default page load timeout: '30'

2018-07-09 19:23:33 - [MESSAGE][PASSED] - Scroll to object 'Object Repository/BEP/Generic/FINISH_ASSIGNMENT' successfully

2018-07-09 19:23:44 - [MESSAGE][PASSED] - Delayed 5 second(s)

2018-07-09 19:23:47 - [MESSAGE][PASSED] - Wait for page load successfully

2018-07-09 19:23:47 - [MESSAGE][PASSED] - com.helper.commonfunct.BEP_CommonMethod.RLapprove is PASSED

2018-07-09 19:23:47 - [TEST_STEP][PASSED] - com.helper.commonfunct.commonutilities.searchStatus: com.helper.commonfunct.commonutilities.searchStatus is PASSED

2018-07-09 19:23:50 - [MESSAGE][PASSED] - Wait for page load successfully

2018-07-09 19:24:10 - [MESSAGE][PASSED] - Delayed 2 second(s)

2018-07-09 19:24:18 - [MESSAGE][PASSED] - Delayed 2 second(s)

2018-07-09 19:24:27 - [MESSAGE][PASSED] - com.helper.commonfunct.commonutilities.searchStatus is PASSED

2018-07-09 19:24:27 - [TEST_STEP][PASSED] - Statement - Status = text: null

2018-07-09 19:24:30 - [TEST_STEP][PASSED] - Statement - println(Status): null

2018-07-09 19:24:30 - [TEST_STEP][PASSED] - Statement - If (Status == "Pending-RDApproval"): null

2018-07-09 19:24:30 - [TEST_STEP][PASSED] - Statement - Else If (Status == "Pending-RLApproval"): null

2018-07-09 19:24:30 - [TEST_STEP][PASSED] - Statement - Else If (Status == "Pending-Update"): null

2018-07-09 19:24:30 - [TEST_STEP][PASSED] - Statement - Else If (Status == "Completed"): null

2018-07-09 19:24:30 - [TEST_STEP][PASSED] - Statement - Else If (Status == "Pending-Meeting"): null

2018-07-09 19:24:30 - [TEST_STEP][PASSED] - Statement - Else If (Status == "Pending-EmailCustomer"): com.helper.commonfunct.BEP_CommonMethod.SkipEmail is PASSED

2018-07-09 19:24:30 - [TEST_STEP][PASSED] - Statement - If (SendEmail == true): null

2018-07-09 19:24:30 - [TEST_STEP][PASSED] - Statement - Else: com.helper.commonfunct.BEP_CommonMethod.SkipEmail is PASSED

2018-07-09 19:24:30 - [TEST_STEP][PASSED] - com.helper.commonfunct.commonutilities.login: com.helper.commonfunct.commonutilities.login is PASSED

2018-07-09 19:24:30 - [MESSAGE][WARNING] - A browser is already opened. Closing browser and opening a new one

2018-07-09 19:24:43 - [MESSAGE][PASSED] - Browser is opened with url: ''

2018-07-09 19:24:46 - [MESSAGE][PASSED] - Navigate to 'https://vdaqa.rpega.com:9030/daqa/PRServlet' successfully

2018-07-09 19:24:59 - [MESSAGE][PASSED] - Text 'hendj@pegasystems.com' is set on object 'Object Repository/Generic/input_UserIdentifier'

2018-07-09 19:25:11 - [MESSAGE][PASSED] - Text 'install' is set on object 'Object Repository/Generic/input_Password'

2018-07-09 19:25:19 - [MESSAGE][PASSED] - Keys 'ENTER + ' sent to object: 'Object Repository/Generic/input_Password'

2018-07-09 19:25:19 - [MESSAGE][PASSED] - com.helper.commonfunct.commonutilities.login is PASSED

2018-07-09 19:25:19 - [TEST_STEP][PASSED] - com.helper.commonfunct.commonutilities.search: com.helper.commonfunct.commonutilities.search is PASSED

2018-07-09 19:25:23 - [MESSAGE][PASSED] - Current window maximized

2018-07-09 19:25:28 - [MESSAGE][PASSED] - Delayed 5 second(s)

2018-07-09 19:25:40 - [MESSAGE][PASSED] - Text 'BEP-09Jul2018-6' is set on object 'Object Repository/EngInfo/search'

2018-07-09 19:25:43 - [MESSAGE][PASSED] - Delayed 3 second(s)

2018-07-09 19:25:49 - [MESSAGE][PASSED] - Keys 'ENTER + ' sent to object: 'Object Repository/EngInfo/search'

2018-07-09 19:25:56 - [MESSAGE][WARNING] - No alert found after 3 second(s).
[[ATTACHMENT|C:\\DAUIAutomation\\Reports\\Estimate\\20180709_190354\\1531178753287.png]]

2018-07-09 19:25:59 - [MESSAGE][PASSED] - Wait for page load successfully

2018-07-09 19:25:59 - [MESSAGE][PASSED] - com.helper.commonfunct.commonutilities.search is PASSED

2018-07-09 19:25:59 - [TEST_STEP][PASSED] - com.helper.commonfunct.BEP_CommonMethod.SkipEmail: com.helper.commonfunct.BEP_CommonMethod.SkipEmail is PASSED

2018-07-09 19:26:04 - [MESSAGE][PASSED] - Delayed 5 second(s)

2018-07-09 19:26:20 - [MESSAGE][PASSED] - Delayed 7 second(s)

2018-07-09 19:26:28 - [MESSAGE][PASSED] - Delayed 5 second(s)

2018-07-09 19:26:34 - [MESSAGE][PASSED] - Wait for page load successfully

2018-07-09 19:26:37 - [MESSAGE][PASSED] - Wait for page load successfully

2018-07-09 19:26:40 - [MESSAGE][PASSED] - Wait for page load successfully

2018-07-09 19:26:49 - [MESSAGE][PASSED] - Delayed 2 second(s)

2018-07-09 19:26:55 - [MESSAGE][PASSED] - Object: 'Object Repository/BEP/Generic/SKIP_EMAIL_XPATH' is clicked on

2018-07-09 19:27:00 - [MESSAGE][PASSED] - Delayed 5 second(s)

2018-07-09 19:27:06 - [MESSAGE][PASSED] - Keys 'Software Testing' sent to object: 'Object Repository/BEP/Generic/DispositionReason'

2018-07-09 19:27:11 - [MESSAGE][PASSED] - Delayed 5 second(s)

2018-07-09 19:27:35 - [MESSAGE][PASSED] - All options with value 'RFP in process' are selected in object 'Object Repository/BEP/Generic/ReasonCode' 

2018-07-09 19:27:40 - [MESSAGE][PASSED] - Delayed 5 second(s)

2018-07-09 19:27:46 - [MESSAGE][PASSED] - Object: 'Object Repository/BEP/Generic/test' is clicked on

2018-07-09 19:27:51 - [MESSAGE][PASSED] - Delayed 5 second(s)

2018-07-09 19:27:57 - [MESSAGE][PASSED] - Object: 'Object Repository/BEP/Generic/Modal_OK' is clicked on

2018-07-09 19:28:02 - [MESSAGE][PASSED] - Delayed 5 second(s)

2018-07-09 19:28:02 - [MESSAGE][PASSED] - com.helper.commonfunct.BEP_CommonMethod.SkipEmail is PASSED

2018-07-09 19:28:02 - [TEST_STEP][PASSED] - com.helper.commonfunct.commonutilities.searchStatus: com.helper.commonfunct.commonutilities.searchStatus is PASSED

2018-07-09 19:28:05 - [MESSAGE][PASSED] - Wait for page load successfully

2018-07-09 19:28:21 - [MESSAGE][PASSED] - com.helper.commonfunct.commonutilities.searchStatus is PASSED

2018-07-09 19:28:21 - [MESSAGE][PASSED] - Call Test Case 'Test Cases/BEP/Create_Approve_Reject/All_Approval_Reject' successfully]]></system-out>
         <system-err><![CDATA[]]></system-err>
      </testcase>
      <testcase name="Test Cases/BEP/TestCases/TC_Withdraw" classname="Test Cases/BEP/TestCases/TC_Withdraw" status="FAILED">
         <failure type="FAILED" message="Unable to click on object 'Object Repository/BEP/Generic/withdraw_link' (Root cause: com.kms.katalon.core.webui.exception.WebElementNotFoundException: Web element with id: 'Object Repository/BEP/Generic/withdraw_link' located by 'By.xpath: //span[text()='Withdraw']' not found)"/>
         <system-out><![CDATA[2018-07-09 19:28:21 - [TEST_CASE][FAILED] - Test Cases/BEP/TestCases/TC_Withdraw: Test Cases/BEP/TestCases/TC_Withdraw FAILED because (of) Unable to click on object 'Object Repository/BEP/Generic/withdraw_link' (Root cause: com.kms.katalon.core.webui.exception.WebElementNotFoundException: Web element with id: 'Object Repository/BEP/Generic/withdraw_link' located by 'By.xpath: //span[text()='Withdraw']' not found)

2018-07-09 19:28:21 - [TEST_STEP][NOT_RUN] - callTestCase: NOT_RUN: callTestCase

2018-07-09 19:28:21 - [MESSAGE][NOT_RUN] - NOT_RUN: callTestCase

2018-07-09 19:28:21 - [TEST_STEP][PASSED] - com.helper.commonfunct.commonutilities.login: com.helper.commonfunct.commonutilities.login is PASSED

2018-07-09 19:28:21 - [MESSAGE][WARNING] - A browser is already opened. Closing browser and opening a new one

2018-07-09 19:28:34 - [MESSAGE][PASSED] - Browser is opened with url: ''

2018-07-09 19:28:37 - [MESSAGE][PASSED] - Navigate to 'https://vdaqa.rpega.com:9030/daqa/PRServlet' successfully

2018-07-09 19:28:49 - [MESSAGE][PASSED] - Text 'hendj@pegasystems.com' is set on object 'Object Repository/Generic/input_UserIdentifier'

2018-07-09 19:29:01 - [MESSAGE][PASSED] - Text 'install' is set on object 'Object Repository/Generic/input_Password'

2018-07-09 19:29:09 - [MESSAGE][PASSED] - Keys 'ENTER + ' sent to object: 'Object Repository/Generic/input_Password'

2018-07-09 19:29:09 - [MESSAGE][PASSED] - com.helper.commonfunct.commonutilities.login is PASSED

2018-07-09 19:29:09 - [TEST_STEP][PASSED] - Statement - WOID = "BEP-03May2018-18": null

2018-07-09 19:29:09 - [TEST_STEP][PASSED] - com.helper.commonfunct.commonutilities.search: com.helper.commonfunct.commonutilities.search is PASSED

2018-07-09 19:29:13 - [MESSAGE][PASSED] - Current window maximized

2018-07-09 19:29:18 - [MESSAGE][PASSED] - Delayed 5 second(s)

2018-07-09 19:29:30 - [MESSAGE][PASSED] - Text 'BEP-03May2018-18' is set on object 'Object Repository/EngInfo/search'

2018-07-09 19:29:33 - [MESSAGE][PASSED] - Delayed 3 second(s)

2018-07-09 19:29:39 - [MESSAGE][PASSED] - Keys 'ENTER + ' sent to object: 'Object Repository/EngInfo/search'

2018-07-09 19:29:46 - [MESSAGE][WARNING] - No alert found after 3 second(s).
[[ATTACHMENT|C:\\DAUIAutomation\\Reports\\Estimate\\20180709_190354\\1531178983306.png]]

2018-07-09 19:29:49 - [MESSAGE][PASSED] - Wait for page load successfully

2018-07-09 19:29:49 - [MESSAGE][PASSED] - com.helper.commonfunct.commonutilities.search is PASSED

2018-07-09 19:29:49 - [TEST_STEP][FAILED] - com.helper.commonfunct.BEP_CommonMethod.withdraw: Unable to click on object 'Object Repository/BEP/Generic/withdraw_link' (Root cause: com.kms.katalon.core.webui.exception.WebElementNotFoundException: Web element with id: 'Object Repository/BEP/Generic/withdraw_link' located by 'By.xpath: //span[text()='Withdraw']' not found)

2018-07-09 19:29:54 - [MESSAGE][PASSED] - Delayed 5 second(s)

2018-07-09 19:30:06 - [MESSAGE][PASSED] - Object: 'Object Repository/Generic/otherAction' is clicked on

2018-07-09 19:30:11 - [MESSAGE][PASSED] - Delayed 5 second(s)

2018-07-09 19:30:46 - [MESSAGE][FAILED] - Unable to click on object 'Object Repository/BEP/Generic/withdraw_link' (Root cause: com.kms.katalon.core.webui.exception.WebElementNotFoundException: Web element with id: 'Object Repository/BEP/Generic/withdraw_link' located by 'By.xpath: //span[text()='Withdraw']' not found)
[[ATTACHMENT|C:\\DAUIAutomation\\Reports\\Estimate\\20180709_190354\\1531179043554.png]]

2018-07-09 19:30:46 - [MESSAGE][FAILED] - Unable to click on object 'Object Repository/BEP/Generic/withdraw_link' (Root cause: com.kms.katalon.core.webui.exception.WebElementNotFoundException: Web element with id: 'Object Repository/BEP/Generic/withdraw_link' located by 'By.xpath: //span[text()='Withdraw']' not found)]]></system-out>
         <system-err><![CDATA[2018-07-09 19:28:21 - [TEST_CASE][FAILED] - Test Cases/BEP/TestCases/TC_Withdraw: Test Cases/BEP/TestCases/TC_Withdraw FAILED because (of) Unable to click on object 'Object Repository/BEP/Generic/withdraw_link' (Root cause: com.kms.katalon.core.webui.exception.WebElementNotFoundException: Web element with id: 'Object Repository/BEP/Generic/withdraw_link' located by 'By.xpath: //span[text()='Withdraw']' not found)]]></system-err>
      </testcase>
      <testcase name="Test Cases/BEP/TestCases/TC_Create_BEP_EmailOutputMoreThanOneRLS" classname="Test Cases/BEP/TestCases/TC_Create_BEP_EmailOutputMoreThanOneRLS" status="PASSED">
         <system-out><![CDATA[2018-07-09 19:30:46 - [TEST_CASE][PASSED] - Test Cases/BEP/TestCases/TC_Create_BEP_EmailOutputMoreThanOneRLS: Test Cases/BEP/TestCases/TC_Create_BEP_EmailOutputMoreThanOneRLS

2018-07-09 19:30:47 - [TEST_STEP][PASSED] - Statement - morethanOneRLS = true: null

2018-07-09 19:30:47 - [TEST_STEP][PASSED] - callTestCase: Call Test Case 'Test Cases/BEP/Create_Approve_Reject/Create_BEP_EmailOutput' successfully

2018-07-09 19:30:47 - [TEST_CASE][PASSED] - Test Cases/BEP/Create_Approve_Reject/Create_BEP_EmailOutput: Test Cases/BEP/Create_Approve_Reject/Create_BEP_EmailOutput

2018-07-09 19:30:47 - [TEST_STEP][PASSED] - com.helper.commonfunct.commonutilities.login: com.helper.commonfunct.commonutilities.login is PASSED

2018-07-09 19:30:47 - [MESSAGE][WARNING] - A browser is already opened. Closing browser and opening a new one

2018-07-09 19:30:59 - [MESSAGE][PASSED] - Browser is opened with url: ''

2018-07-09 19:31:03 - [MESSAGE][PASSED] - Navigate to 'https://vdaqa.rpega.com:9030/daqa/PRServlet' successfully

2018-07-09 19:31:15 - [MESSAGE][PASSED] - Text 'hendj@pegasystems.com' is set on object 'Object Repository/Generic/input_UserIdentifier'

2018-07-09 19:31:27 - [MESSAGE][PASSED] - Text 'install' is set on object 'Object Repository/Generic/input_Password'

2018-07-09 19:31:35 - [MESSAGE][PASSED] - Keys 'ENTER + ' sent to object: 'Object Repository/Generic/input_Password'

2018-07-09 19:31:35 - [MESSAGE][PASSED] - com.helper.commonfunct.commonutilities.login is PASSED

2018-07-09 19:31:35 - [TEST_STEP][PASSED] - com.helper.commonfunct.BEP_CommonMethod.Estimate: com.helper.commonfunct.BEP_CommonMethod.Estimate is PASSED

2018-07-09 19:31:39 - [MESSAGE][PASSED] - Current window maximized

2018-07-09 19:31:41 - [MESSAGE][PASSED] - Delayed 2 second(s)

2018-07-09 19:31:47 - [MESSAGE][PASSED] - Object: 'Object Repository/Generic/New' is clicked on

2018-07-09 19:31:51 - [MESSAGE][PASSED] - Delayed 4 second(s)

2018-07-09 19:31:58 - [MESSAGE][PASSED] - Object: 'Object Repository/BEP/Generic/EstimateLink' is clicked on

2018-07-09 19:32:02 - [MESSAGE][PASSED] - Delayed 4 second(s)

2018-07-09 19:32:08 - [MESSAGE][PASSED] - Object: 'Object Repository/ECR/Generic/WOTAB' is clicked on

2018-07-09 19:32:11 - [MESSAGE][PASSED] - Wait for page load successfully

2018-07-09 19:32:22 - [MESSAGE][PASSED] - Delayed 5 second(s)

2018-07-09 19:32:56 - [MESSAGE][WARNING] - Object 'Object Repository/BEP/Generic/import' is not visible after 30 second(s)

2018-07-09 19:33:07 - [MESSAGE][PASSED] - Delayed 5 second(s)

2018-07-09 19:33:13 - [MESSAGE][PASSED] - File 'C:\DAUIAutomation\Data Files\BEP\Estimate.xlsm' sent to object: 'Object Repository/Generic/FilePath'

2018-07-09 19:33:18 - [MESSAGE][PASSED] - Delayed 5 second(s)

2018-07-09 19:33:24 - [MESSAGE][PASSED] - Object: 'Object Repository/Generic/button_Submit' is clicked on

2018-07-09 19:33:34 - [MESSAGE][PASSED] - Delayed 10 second(s)

2018-07-09 19:33:47 - [MESSAGE][PASSED] - Text 'BOFA' is set on object 'Object Repository/Generic/ORG'

2018-07-09 19:33:54 - [MESSAGE][PASSED] - Delayed 7 second(s)

2018-07-09 19:34:00 - [MESSAGE][PASSED] - Keys 'TAB + ' sent to object: 'Object Repository/Generic/ORG'

2018-07-09 19:34:07 - [MESSAGE][PASSED] - Delayed 7 second(s)

2018-07-09 19:34:19 - [MESSAGE][PASSED] - Text 'BOFA' is set on object 'Object Repository/Generic/ACC'

2018-07-09 19:34:26 - [MESSAGE][PASSED] - Delayed 7 second(s)

2018-07-09 19:34:32 - [MESSAGE][PASSED] - Keys 'TAB + ' sent to object: 'Object Repository/Generic/ACC'

2018-07-09 19:34:37 - [MESSAGE][PASSED] - Delayed 5 second(s)

2018-07-09 19:34:44 - [MESSAGE][PASSED] - Text 'The engagement you entered doesn't match' is present on page 

2018-07-09 19:34:57 - [MESSAGE][PASSED] - Text 'AUTOTEST1' is set on object 'Object Repository/Generic/ENG_DESC'

2018-07-09 19:35:02 - [MESSAGE][PASSED] - Delayed 5 second(s)

2018-07-09 19:35:13 - [MESSAGE][PASSED] - Delayed 5 second(s)

2018-07-09 19:35:37 - [MESSAGE][PASSED] - All options with value 'PRD-409' are selected in object 'Object Repository/Generic/PlatformID' 

2018-07-09 19:35:42 - [MESSAGE][PASSED] - Delayed 5 second(s)

2018-07-09 19:36:06 - [MESSAGE][PASSED] - All options with value 'RLS-3176' are selected in object 'Object Repository/Generic/PlatformVersion' 

2018-07-09 19:36:11 - [MESSAGE][PASSED] - Delayed 5 second(s)

2018-07-09 19:36:17 - [MESSAGE][PASSED] - Object: 'Object Repository/Generic/PlatformTrue' is clicked on

2018-07-09 19:36:22 - [MESSAGE][PASSED] - Delayed 5 second(s)

2018-07-09 19:36:43 - [MESSAGE][PASSED] - All options with value 'hendj@pegasystems.com' are selected in object 'Object Repository/EngInfo/PL' 

2018-07-09 19:36:48 - [MESSAGE][PASSED] - Delayed 5 second(s)

2018-07-09 19:36:56 - [MESSAGE][PASSED] - Text 'PL Team Leader' is present on page 

2018-07-09 19:37:17 - [MESSAGE][PASSED] - All options with value 'higgr@pegasystems.com' are selected in object 'Object Repository/EngInfo/PLTL' 

2018-07-09 19:37:22 - [MESSAGE][PASSED] - Delayed 5 second(s)

2018-07-09 19:37:46 - [MESSAGE][PASSED] - All options with value 'waink@pegasystems.com' are selected in object 'Object Repository/EngInfo/RD' 

2018-07-09 19:37:51 - [MESSAGE][PASSED] - Delayed 5 second(s)

2018-07-09 19:38:12 - [MESSAGE][PASSED] - All options with value 'panee@pegasystems.com' are selected in object 'Object Repository/EngInfo/RL' 

2018-07-09 19:38:17 - [MESSAGE][PASSED] - Delayed 5 second(s)

2018-07-09 19:38:23 - [MESSAGE][PASSED] - Scroll to object 'Object Repository/Generic/NEXT_BUTTON' successfully

2018-07-09 19:38:29 - [MESSAGE][PASSED] - Object: 'Object Repository/Generic/NEXT_BUTTON' is clicked on

2018-07-09 19:38:34 - [MESSAGE][PASSED] - Delayed 5 second(s)

2018-07-09 19:38:37 - [MESSAGE][PASSED] - Wait for page load successfully

2018-07-09 19:38:39 - [MESSAGE][PASSED] - Delayed 2 second(s)

2018-07-09 19:38:45 - [MESSAGE][PASSED] - Text of object 'Object Repository/BEP/Generic/DurationLow' is cleared

2018-07-09 19:38:47 - [MESSAGE][PASSED] - Delayed 2 second(s)

2018-07-09 19:39:00 - [MESSAGE][PASSED] - Text '15' is set on object 'Object Repository/BEP/Generic/DurationLow'

2018-07-09 19:39:02 - [MESSAGE][PASSED] - Delayed 2 second(s)

2018-07-09 19:39:08 - [MESSAGE][PASSED] - Text of object 'Object Repository/BEP/Generic/DurationHigh' is cleared

2018-07-09 19:39:10 - [MESSAGE][PASSED] - Delayed 2 second(s)

2018-07-09 19:39:22 - [MESSAGE][PASSED] - Text '15' is set on object 'Object Repository/BEP/Generic/DurationHigh'

2018-07-09 19:39:24 - [MESSAGE][PASSED] - Delayed 2 second(s)

2018-07-09 19:39:30 - [MESSAGE][PASSED] - Text of object 'Object Repository/BEP/Generic/PartnerHoursLow' is cleared

2018-07-09 19:39:32 - [MESSAGE][PASSED] - Delayed 2 second(s)

2018-07-09 19:39:44 - [MESSAGE][PASSED] - Text '15' is set on object 'Object Repository/BEP/Generic/PartnerHoursLow'

2018-07-09 19:39:46 - [MESSAGE][PASSED] - Delayed 2 second(s)

2018-07-09 19:39:53 - [MESSAGE][PASSED] - Text of object 'Object Repository/BEP/Generic/PartnerHoursHigh' is cleared

2018-07-09 19:39:55 - [MESSAGE][PASSED] - Delayed 2 second(s)

2018-07-09 19:40:07 - [MESSAGE][PASSED] - Text '15' is set on object 'Object Repository/BEP/Generic/PartnerHoursHigh'

2018-07-09 19:40:09 - [MESSAGE][PASSED] - Delayed 2 second(s)

2018-07-09 19:40:15 - [MESSAGE][PASSED] - Text of object 'Object Repository/BEP/Generic/Phase1StartDate' is cleared

2018-07-09 19:40:17 - [MESSAGE][PASSED] - Delayed 2 second(s)

2018-07-09 19:40:29 - [MESSAGE][PASSED] - Text '07/11/2018' is set on object 'Object Repository/BEP/Generic/Phase1StartDate'

2018-07-09 19:40:31 - [MESSAGE][PASSED] - Delayed 2 second(s)

2018-07-09 19:40:38 - [MESSAGE][PASSED] - Object: 'Object Repository/BEP/Generic/EstimationMethod' is clicked on

2018-07-09 19:40:43 - [MESSAGE][PASSED] - Delayed 5 second(s)

2018-07-09 19:40:49 - [MESSAGE][PASSED] - Keys 'BSW' sent to object: 'Object Repository/BEP/Generic/EstimationMethod'

2018-07-09 19:40:54 - [MESSAGE][PASSED] - Delayed 5 second(s)

2018-07-09 19:41:00 - [MESSAGE][PASSED] - Scroll to object 'Object Repository/Generic/NEXT_BUTTON' successfully

2018-07-09 19:41:06 - [MESSAGE][PASSED] - Object: 'Object Repository/Generic/NEXT_BUTTON' is clicked on

2018-07-09 19:41:11 - [MESSAGE][PASSED] - Delayed 5 second(s)

2018-07-09 19:41:17 - [MESSAGE][PASSED] - Object: 'Object Repository/BEP/Generic/BEPOutputEmail' is clicked on

2018-07-09 19:41:19 - [MESSAGE][PASSED] - Delayed 2 second(s)

2018-07-09 19:41:25 - [MESSAGE][PASSED] - Object: 'Object Repository/BEP/Generic/RECEIPIENT' is clicked on

2018-07-09 19:41:27 - [MESSAGE][PASSED] - Delayed 2 second(s)

2018-07-09 19:41:34 - [MESSAGE][PASSED] - Object: 'Object Repository/BEP/Generic/AddEmailID' is clicked on

2018-07-09 19:41:36 - [MESSAGE][PASSED] - Delayed 2 second(s)

2018-07-09 19:41:42 - [MESSAGE][PASSED] - Keys 'nagaveni.nipinale@in.pega.com' sent to object: 'Object Repository/BEP/Generic/MAILID_XPATH'

2018-07-09 19:41:44 - [MESSAGE][PASSED] - Delayed 2 second(s)

2018-07-09 19:41:50 - [MESSAGE][PASSED] - Object: 'Object Repository/BEP/Generic/modal_submit' is clicked on

2018-07-09 19:41:52 - [MESSAGE][PASSED] - Delayed 2 second(s)

2018-07-09 19:41:58 - [MESSAGE][PASSED] - Keys 'Test Automation' sent to object: 'Object Repository/BEP/Generic/Email_Subject'

2018-07-09 19:42:04 - [MESSAGE][PASSED] - Scroll to object 'Object Repository/Generic/NEXT_BUTTON' successfully

2018-07-09 19:42:16 - [MESSAGE][PASSED] - Object: 'Object Repository/Generic/NEXT_BUTTON' is clicked on

2018-07-09 19:42:25 - [MESSAGE][PASSED] - Scroll to object 'Object Repository/Generic/FINISH_BUTTON' successfully

2018-07-09 19:42:36 - [MESSAGE][PASSED] - Object: 'Object Repository/Generic/FINISH_BUTTON' is clicked on

2018-07-09 19:42:39 - [MESSAGE][PASSED] - Wait for page load successfully

2018-07-09 19:42:44 - [MESSAGE][PASSED] - Delayed 5 second(s)

2018-07-09 19:42:50 - [MESSAGE][PASSED] - Text of object 'Object Repository/Generic/WOID' is: 'BEP-09Jul2018-7'

2018-07-09 19:42:50 - [MESSAGE][PASSED] - com.helper.commonfunct.BEP_CommonMethod.Estimate is PASSED

2018-07-09 19:42:50 - [TEST_STEP][PASSED] - com.helper.commonfunct.commonutilities.searchStatus: com.helper.commonfunct.commonutilities.searchStatus is PASSED

2018-07-09 19:42:53 - [MESSAGE][PASSED] - Wait for page load successfully

2018-07-09 19:43:14 - [MESSAGE][PASSED] - Delayed 2 second(s)

2018-07-09 19:43:22 - [MESSAGE][PASSED] - Delayed 2 second(s)

2018-07-09 19:43:31 - [MESSAGE][PASSED] - com.helper.commonfunct.commonutilities.searchStatus is PASSED

2018-07-09 19:43:31 - [MESSAGE][PASSED] - Call Test Case 'Test Cases/BEP/Create_Approve_Reject/Create_BEP_EmailOutput' successfully

2018-07-09 19:43:31 - [TEST_STEP][PASSED] - Statement - SendEmail = false: null

2018-07-09 19:43:31 - [TEST_STEP][PASSED] - Statement - CreateECR = true: null

2018-07-09 19:43:31 - [TEST_STEP][PASSED] - callTestCase: Call Test Case 'Test Cases/BEP/Create_Approve_Reject/All_Approval_Reject' successfully

2018-07-09 19:43:31 - [TEST_CASE][PASSED] - Test Cases/BEP/Create_Approve_Reject/All_Approval_Reject: Test Cases/BEP/Create_Approve_Reject/All_Approval_Reject

2018-07-09 19:43:31 - [TEST_STEP][NOT_RUN] - com.helper.commonfunct.commonutilities.login: NOT_RUN: com.helper.commonfunct.commonutilities.login

2018-07-09 19:43:31 - [MESSAGE][NOT_RUN] - NOT_RUN: com.helper.commonfunct.commonutilities.login

2018-07-09 19:43:31 - [TEST_STEP][NOT_RUN] - com.helper.commonfunct.commonutilities.search: NOT_RUN: com.helper.commonfunct.commonutilities.search

2018-07-09 19:43:31 - [MESSAGE][NOT_RUN] - NOT_RUN: com.helper.commonfunct.commonutilities.search

2018-07-09 19:43:31 - [TEST_STEP][NOT_RUN] - switchToFrame: NOT_RUN: switchToFrame

2018-07-09 19:43:31 - [MESSAGE][NOT_RUN] - NOT_RUN: switchToFrame

2018-07-09 19:43:31 - [TEST_STEP][NOT_RUN] - com.helper.commonfunct.commonutilities.setprop: NOT_RUN: com.helper.commonfunct.commonutilities.setprop

2018-07-09 19:43:31 - [MESSAGE][NOT_RUN] - NOT_RUN: com.helper.commonfunct.commonutilities.setprop

2018-07-09 19:43:31 - [TEST_STEP][PASSED] - Statement - While (WOSTATUS.contains("PENDING") && AssignmentList.size() > 0): com.helper.commonfunct.commonutilities.searchStatus is PASSED

2018-07-09 19:43:31 - [TEST_STEP][PASSED] - Statement - Status = text: null

2018-07-09 19:43:34 - [TEST_STEP][PASSED] - Statement - println(Status): null

2018-07-09 19:43:34 - [TEST_STEP][PASSED] - Statement - If (Status == "Pending-RDApproval"): com.helper.commonfunct.BEP_CommonMethod.RDapprove is PASSED

2018-07-09 19:43:34 - [TEST_STEP][PASSED] - Statement - If (RDReject == false): com.helper.commonfunct.BEP_CommonMethod.RDapprove is PASSED

2018-07-09 19:43:34 - [TEST_STEP][PASSED] - Statement - If (RouteToRL == true): com.helper.commonfunct.BEP_CommonMethod.RDapprove is PASSED

2018-07-09 19:43:34 - [TEST_STEP][PASSED] - com.helper.commonfunct.commonutilities.login: com.helper.commonfunct.commonutilities.login is PASSED

2018-07-09 19:43:34 - [MESSAGE][WARNING] - A browser is already opened. Closing browser and opening a new one

2018-07-09 19:43:47 - [MESSAGE][PASSED] - Browser is opened with url: ''

2018-07-09 19:43:50 - [MESSAGE][PASSED] - Navigate to 'https://vdaqa.rpega.com:9030/daqa/PRServlet' successfully

2018-07-09 19:44:02 - [MESSAGE][PASSED] - Text 'waink@pegasystems.com' is set on object 'Object Repository/Generic/input_UserIdentifier'

2018-07-09 19:44:14 - [MESSAGE][PASSED] - Text 'install' is set on object 'Object Repository/Generic/input_Password'

2018-07-09 19:44:22 - [MESSAGE][PASSED] - Keys 'ENTER + ' sent to object: 'Object Repository/Generic/input_Password'

2018-07-09 19:44:22 - [MESSAGE][PASSED] - com.helper.commonfunct.commonutilities.login is PASSED

2018-07-09 19:44:22 - [TEST_STEP][PASSED] - com.helper.commonfunct.commonutilities.search: com.helper.commonfunct.commonutilities.search is PASSED

2018-07-09 19:44:26 - [MESSAGE][PASSED] - Current window maximized

2018-07-09 19:44:31 - [MESSAGE][PASSED] - Delayed 5 second(s)

2018-07-09 19:44:43 - [MESSAGE][PASSED] - Text 'BEP-09Jul2018-7' is set on object 'Object Repository/EngInfo/search'

2018-07-09 19:44:46 - [MESSAGE][PASSED] - Delayed 3 second(s)

2018-07-09 19:44:52 - [MESSAGE][PASSED] - Keys 'ENTER + ' sent to object: 'Object Repository/EngInfo/search'

2018-07-09 19:44:59 - [MESSAGE][WARNING] - No alert found after 3 second(s).
[[ATTACHMENT|C:\\DAUIAutomation\\Reports\\Estimate\\20180709_190354\\1531179896366.png]]

2018-07-09 19:45:02 - [MESSAGE][PASSED] - Wait for page load successfully

2018-07-09 19:45:02 - [MESSAGE][PASSED] - com.helper.commonfunct.commonutilities.search is PASSED

2018-07-09 19:45:02 - [TEST_STEP][PASSED] - com.helper.commonfunct.BEP_CommonMethod.RDapprove: com.helper.commonfunct.BEP_CommonMethod.RDapprove is PASSED

2018-07-09 19:45:07 - [MESSAGE][PASSED] - Delayed 5 second(s)

2018-07-09 19:45:23 - [MESSAGE][PASSED] - Delayed 7 second(s)

2018-07-09 19:45:31 - [MESSAGE][PASSED] - Delayed 5 second(s)

2018-07-09 19:45:38 - [MESSAGE][PASSED] - Wait for page load successfully

2018-07-09 19:45:41 - [MESSAGE][PASSED] - Wait for page load successfully

2018-07-09 19:45:44 - [MESSAGE][PASSED] - Wait for page load successfully

2018-07-09 19:45:56 - [MESSAGE][PASSED] - Scroll to object 'Object Repository/Generic/NEXT_BUTTON' successfully

2018-07-09 19:46:02 - [MESSAGE][PASSED] - Object: 'Object Repository/Generic/NEXT_BUTTON' is clicked on

2018-07-09 19:46:07 - [MESSAGE][PASSED] - Delayed 5 second(s)

2018-07-09 19:46:13 - [MESSAGE][PASSED] - Scroll to object 'Object Repository/BEP/Generic/RD_RLApprove' successfully

2018-07-09 19:46:19 - [MESSAGE][PASSED] - Object: 'Object Repository/BEP/Generic/RD_RLApprove' is clicked on

2018-07-09 19:46:24 - [MESSAGE][PASSED] - Delayed 5 second(s)

2018-07-09 19:46:37 - [MESSAGE][PASSED] - Text 'Software Testing' is set on object 'Object Repository/BEP/Generic/BEP_CASENOTES'

2018-07-09 19:46:42 - [MESSAGE][PASSED] - Delayed 5 second(s)

2018-07-09 19:46:48 - [MESSAGE][PASSED] - Scroll to object 'Object Repository/BEP/Generic/FINISH_ASSIGNMENT' successfully

2018-07-09 19:46:57 - [MESSAGE][PASSED] - Wait for page load successfully

2018-07-09 19:46:57 - [MESSAGE][PASSED] - com.helper.commonfunct.BEP_CommonMethod.RDapprove is PASSED

2018-07-09 19:46:57 - [TEST_STEP][PASSED] - com.helper.commonfunct.commonutilities.searchStatus: com.helper.commonfunct.commonutilities.searchStatus is PASSED

2018-07-09 19:47:00 - [MESSAGE][PASSED] - Wait for page load successfully

2018-07-09 19:47:20 - [MESSAGE][PASSED] - Delayed 2 second(s)

2018-07-09 19:47:28 - [MESSAGE][PASSED] - Delayed 2 second(s)

2018-07-09 19:47:37 - [MESSAGE][PASSED] - com.helper.commonfunct.commonutilities.searchStatus is PASSED

2018-07-09 19:47:37 - [TEST_STEP][PASSED] - Statement - Status = text: null

2018-07-09 19:47:40 - [TEST_STEP][PASSED] - Statement - println(Status): null

2018-07-09 19:47:40 - [TEST_STEP][PASSED] - Statement - If (Status == "Pending-RDApproval"): null

2018-07-09 19:47:40 - [TEST_STEP][PASSED] - Statement - Else If (Status == "Pending-RLApproval"): com.helper.commonfunct.BEP_CommonMethod.RLapprove is PASSED

2018-07-09 19:47:40 - [TEST_STEP][PASSED] - Statement - If (RLReject == false): com.helper.commonfunct.BEP_CommonMethod.RLapprove is PASSED

2018-07-09 19:47:40 - [TEST_STEP][PASSED] - com.helper.commonfunct.commonutilities.login: com.helper.commonfunct.commonutilities.login is PASSED

2018-07-09 19:47:40 - [MESSAGE][WARNING] - A browser is already opened. Closing browser and opening a new one

2018-07-09 19:47:53 - [MESSAGE][PASSED] - Browser is opened with url: ''

2018-07-09 19:47:56 - [MESSAGE][PASSED] - Navigate to 'https://vdaqa.rpega.com:9030/daqa/PRServlet' successfully

2018-07-09 19:48:08 - [MESSAGE][PASSED] - Text 'panee@pegasystems.com' is set on object 'Object Repository/Generic/input_UserIdentifier'

2018-07-09 19:48:20 - [MESSAGE][PASSED] - Text 'install' is set on object 'Object Repository/Generic/input_Password'

2018-07-09 19:48:28 - [MESSAGE][PASSED] - Keys 'ENTER + ' sent to object: 'Object Repository/Generic/input_Password'

2018-07-09 19:48:28 - [MESSAGE][PASSED] - com.helper.commonfunct.commonutilities.login is PASSED

2018-07-09 19:48:28 - [TEST_STEP][PASSED] - com.helper.commonfunct.commonutilities.search: com.helper.commonfunct.commonutilities.search is PASSED

2018-07-09 19:48:32 - [MESSAGE][PASSED] - Current window maximized

2018-07-09 19:48:37 - [MESSAGE][PASSED] - Delayed 5 second(s)

2018-07-09 19:48:50 - [MESSAGE][PASSED] - Text 'BEP-09Jul2018-7' is set on object 'Object Repository/EngInfo/search'

2018-07-09 19:48:53 - [MESSAGE][PASSED] - Delayed 3 second(s)

2018-07-09 19:48:59 - [MESSAGE][PASSED] - Keys 'ENTER + ' sent to object: 'Object Repository/EngInfo/search'

2018-07-09 19:49:06 - [MESSAGE][WARNING] - No alert found after 3 second(s).
[[ATTACHMENT|C:\\DAUIAutomation\\Reports\\Estimate\\20180709_190354\\1531180142817.png]]

2018-07-09 19:49:09 - [MESSAGE][PASSED] - Wait for page load successfully

2018-07-09 19:49:09 - [MESSAGE][PASSED] - com.helper.commonfunct.commonutilities.search is PASSED

2018-07-09 19:49:09 - [TEST_STEP][PASSED] - com.helper.commonfunct.BEP_CommonMethod.RLapprove: com.helper.commonfunct.BEP_CommonMethod.RLapprove is PASSED

2018-07-09 19:49:14 - [MESSAGE][PASSED] - Delayed 5 second(s)

2018-07-09 19:49:30 - [MESSAGE][PASSED] - Delayed 7 second(s)

2018-07-09 19:49:38 - [MESSAGE][PASSED] - Delayed 5 second(s)

2018-07-09 19:49:44 - [MESSAGE][PASSED] - Wait for page load successfully

2018-07-09 19:49:47 - [MESSAGE][PASSED] - Wait for page load successfully

2018-07-09 19:49:50 - [MESSAGE][PASSED] - Wait for page load successfully

2018-07-09 19:50:02 - [MESSAGE][PASSED] - Scroll to object 'Object Repository/Generic/NEXT_BUTTON' successfully

2018-07-09 19:50:08 - [MESSAGE][PASSED] - Object: 'Object Repository/Generic/NEXT_BUTTON' is clicked on

2018-07-09 19:50:13 - [MESSAGE][PASSED] - Delayed 5 second(s)

2018-07-09 19:50:13 - [MESSAGE][WARNING] - Timeout '0' is invalid. Using default page load timeout: '30'

2018-07-09 19:50:19 - [MESSAGE][PASSED] - Scroll to object 'Object Repository/BEP/Generic/RD_RLApprove' successfully

2018-07-09 19:50:26 - [MESSAGE][PASSED] - Object: 'Object Repository/BEP/Generic/RD_RLApprove' is clicked on

2018-07-09 19:50:31 - [MESSAGE][PASSED] - Delayed 5 second(s)

2018-07-09 19:50:43 - [MESSAGE][PASSED] - Text 'Software Testing' is set on object 'Object Repository/BEP/Generic/BEP_CASENOTES'

2018-07-09 19:50:48 - [MESSAGE][PASSED] - Delayed 5 second(s)

2018-07-09 19:50:48 - [MESSAGE][WARNING] - Timeout '0' is invalid. Using default page load timeout: '30'

2018-07-09 19:50:54 - [MESSAGE][PASSED] - Scroll to object 'Object Repository/BEP/Generic/FINISH_ASSIGNMENT' successfully

2018-07-09 19:51:05 - [MESSAGE][PASSED] - Delayed 5 second(s)

2018-07-09 19:51:08 - [MESSAGE][PASSED] - Wait for page load successfully

2018-07-09 19:51:08 - [MESSAGE][PASSED] - com.helper.commonfunct.BEP_CommonMethod.RLapprove is PASSED

2018-07-09 19:51:08 - [TEST_STEP][PASSED] - com.helper.commonfunct.commonutilities.searchStatus: com.helper.commonfunct.commonutilities.searchStatus is PASSED

2018-07-09 19:51:11 - [MESSAGE][PASSED] - Wait for page load successfully

2018-07-09 19:51:31 - [MESSAGE][PASSED] - Delayed 2 second(s)

2018-07-09 19:51:39 - [MESSAGE][PASSED] - Delayed 2 second(s)

2018-07-09 19:51:48 - [MESSAGE][PASSED] - com.helper.commonfunct.commonutilities.searchStatus is PASSED

2018-07-09 19:51:48 - [TEST_STEP][PASSED] - Statement - Status = text: null

2018-07-09 19:51:51 - [TEST_STEP][PASSED] - Statement - println(Status): null

2018-07-09 19:51:51 - [TEST_STEP][PASSED] - Statement - If (Status == "Pending-RDApproval"): null

2018-07-09 19:51:51 - [TEST_STEP][PASSED] - Statement - Else If (Status == "Pending-RLApproval"): null

2018-07-09 19:51:51 - [TEST_STEP][PASSED] - Statement - Else If (Status == "Pending-Update"): null

2018-07-09 19:51:51 - [TEST_STEP][PASSED] - Statement - Else If (Status == "Completed"): null

2018-07-09 19:51:51 - [TEST_STEP][PASSED] - Statement - Else If (Status == "Pending-Meeting"): null

2018-07-09 19:51:51 - [TEST_STEP][PASSED] - Statement - Else If (Status == "Pending-EmailCustomer"): com.helper.commonfunct.BEP_CommonMethod.SkipEmail is PASSED

2018-07-09 19:51:51 - [TEST_STEP][PASSED] - Statement - If (SendEmail == true): null

2018-07-09 19:51:51 - [TEST_STEP][PASSED] - Statement - Else: com.helper.commonfunct.BEP_CommonMethod.SkipEmail is PASSED

2018-07-09 19:51:51 - [TEST_STEP][PASSED] - com.helper.commonfunct.commonutilities.login: com.helper.commonfunct.commonutilities.login is PASSED

2018-07-09 19:51:51 - [MESSAGE][WARNING] - A browser is already opened. Closing browser and opening a new one

2018-07-09 19:52:04 - [MESSAGE][PASSED] - Browser is opened with url: ''

2018-07-09 19:52:07 - [MESSAGE][PASSED] - Navigate to 'https://vdaqa.rpega.com:9030/daqa/PRServlet' successfully

2018-07-09 19:52:19 - [MESSAGE][PASSED] - Text 'hendj@pegasystems.com' is set on object 'Object Repository/Generic/input_UserIdentifier'

2018-07-09 19:52:31 - [MESSAGE][PASSED] - Text 'install' is set on object 'Object Repository/Generic/input_Password'

2018-07-09 19:52:40 - [MESSAGE][PASSED] - Keys 'ENTER + ' sent to object: 'Object Repository/Generic/input_Password'

2018-07-09 19:52:40 - [MESSAGE][PASSED] - com.helper.commonfunct.commonutilities.login is PASSED

2018-07-09 19:52:40 - [TEST_STEP][PASSED] - com.helper.commonfunct.commonutilities.search: com.helper.commonfunct.commonutilities.search is PASSED

2018-07-09 19:52:44 - [MESSAGE][PASSED] - Current window maximized

2018-07-09 19:52:49 - [MESSAGE][PASSED] - Delayed 5 second(s)

2018-07-09 19:53:01 - [MESSAGE][PASSED] - Text 'BEP-09Jul2018-7' is set on object 'Object Repository/EngInfo/search'

2018-07-09 19:53:04 - [MESSAGE][PASSED] - Delayed 3 second(s)

2018-07-09 19:53:10 - [MESSAGE][PASSED] - Keys 'ENTER + ' sent to object: 'Object Repository/EngInfo/search'

2018-07-09 19:53:17 - [MESSAGE][WARNING] - No alert found after 3 second(s).
[[ATTACHMENT|C:\\DAUIAutomation\\Reports\\Estimate\\20180709_190354\\1531180394199.png]]

2018-07-09 19:53:20 - [MESSAGE][PASSED] - Wait for page load successfully

2018-07-09 19:53:20 - [MESSAGE][PASSED] - com.helper.commonfunct.commonutilities.search is PASSED

2018-07-09 19:53:20 - [TEST_STEP][PASSED] - com.helper.commonfunct.BEP_CommonMethod.SkipEmail: com.helper.commonfunct.BEP_CommonMethod.SkipEmail is PASSED

2018-07-09 19:53:25 - [MESSAGE][PASSED] - Delayed 5 second(s)

2018-07-09 19:53:41 - [MESSAGE][PASSED] - Delayed 7 second(s)

2018-07-09 19:53:49 - [MESSAGE][PASSED] - Delayed 5 second(s)

2018-07-09 19:53:55 - [MESSAGE][PASSED] - Wait for page load successfully

2018-07-09 19:53:58 - [MESSAGE][PASSED] - Wait for page load successfully

2018-07-09 19:54:01 - [MESSAGE][PASSED] - Wait for page load successfully

2018-07-09 19:54:14 - [MESSAGE][PASSED] - Object: 'Object Repository/BEP/Generic/ECR_CHECKBOX' is clicked on

2018-07-09 19:54:16 - [MESSAGE][PASSED] - Delayed 2 second(s)

2018-07-09 19:54:22 - [MESSAGE][PASSED] - Object: 'Object Repository/BEP/Generic/SKIP_EMAIL_XPATH' is clicked on

2018-07-09 19:54:24 - [MESSAGE][PASSED] - Delayed 2 second(s)

2018-07-09 19:54:30 - [MESSAGE][PASSED] - Keys 'Software Testing' sent to object: 'Object Repository/BEP/Generic/DispositionReason'

2018-07-09 19:54:32 - [MESSAGE][PASSED] - Delayed 2 second(s)

2018-07-09 19:54:56 - [MESSAGE][PASSED] - All options with value 'RFP in process' are selected in object 'Object Repository/BEP/Generic/ReasonCode' 

2018-07-09 19:54:58 - [MESSAGE][PASSED] - Delayed 2 second(s)

2018-07-09 19:55:04 - [MESSAGE][PASSED] - Object: 'Object Repository/BEP/Generic/test' is clicked on

2018-07-09 19:55:06 - [MESSAGE][PASSED] - Delayed 2 second(s)

2018-07-09 19:55:12 - [MESSAGE][PASSED] - Object: 'Object Repository/BEP/Generic/Modal_OK' is clicked on

2018-07-09 19:55:17 - [MESSAGE][PASSED] - Delayed 5 second(s)

2018-07-09 19:55:17 - [MESSAGE][PASSED] - com.helper.commonfunct.BEP_CommonMethod.SkipEmail is PASSED

2018-07-09 19:55:17 - [TEST_STEP][PASSED] - com.helper.commonfunct.commonutilities.searchStatus: com.helper.commonfunct.commonutilities.searchStatus is PASSED

2018-07-09 19:55:20 - [MESSAGE][PASSED] - Wait for page load successfully

2018-07-09 19:55:36 - [MESSAGE][PASSED] - com.helper.commonfunct.commonutilities.searchStatus is PASSED

2018-07-09 19:55:36 - [MESSAGE][PASSED] - Call Test Case 'Test Cases/BEP/Create_Approve_Reject/All_Approval_Reject' successfully]]></system-out>
         <system-err><![CDATA[]]></system-err>
      </testcase>
      <testcase name="Test Cases/BEP/Create_Approve_Reject/CreateBEP_Approve_DataDriven" classname="Test Cases/BEP/Create_Approve_Reject/CreateBEP_Approve_DataDriven" status="PASSED">
         <system-out><![CDATA[2018-07-09 19:55:36 - [TEST_CASE][PASSED] - Test Cases/BEP/Create_Approve_Reject/CreateBEP_Approve_DataDriven: Test Cases/BEP/Create_Approve_Reject/CreateBEP_Approve_DataDriven

2018-07-09 19:55:36 - [TEST_STEP][PASSED] - com.helper.commonfunct.commonutilities.login: com.helper.commonfunct.commonutilities.login is PASSED

2018-07-09 19:55:36 - [MESSAGE][WARNING] - A browser is already opened. Closing browser and opening a new one

2018-07-09 19:55:49 - [MESSAGE][PASSED] - Browser is opened with url: ''

2018-07-09 19:55:52 - [MESSAGE][PASSED] - Navigate to 'https://vdaqa.rpega.com:9030/daqa/PRServlet' successfully

2018-07-09 19:56:04 - [MESSAGE][PASSED] - Text 'shard@pegasystems.com' is set on object 'Object Repository/Generic/input_UserIdentifier'

2018-07-09 19:56:17 - [MESSAGE][PASSED] - Text 'install' is set on object 'Object Repository/Generic/input_Password'

2018-07-09 19:56:25 - [MESSAGE][PASSED] - Keys 'ENTER + ' sent to object: 'Object Repository/Generic/input_Password'

2018-07-09 19:56:25 - [MESSAGE][PASSED] - com.helper.commonfunct.commonutilities.login is PASSED

2018-07-09 19:56:25 - [TEST_STEP][PASSED] - com.helper.commonfunct.BEP_CommonMethod.Estimate: com.helper.commonfunct.BEP_CommonMethod.Estimate is PASSED

2018-07-09 19:56:29 - [MESSAGE][PASSED] - Current window maximized

2018-07-09 19:56:31 - [MESSAGE][PASSED] - Delayed 2 second(s)

2018-07-09 19:56:37 - [MESSAGE][PASSED] - Object: 'Object Repository/Generic/New' is clicked on

2018-07-09 19:56:41 - [MESSAGE][PASSED] - Delayed 4 second(s)

2018-07-09 19:56:47 - [MESSAGE][PASSED] - Object: 'Object Repository/BEP/Generic/EstimateLink' is clicked on

2018-07-09 19:56:51 - [MESSAGE][PASSED] - Delayed 4 second(s)

2018-07-09 19:56:58 - [MESSAGE][PASSED] - Object: 'Object Repository/ECR/Generic/WOTAB' is clicked on

2018-07-09 19:57:01 - [MESSAGE][PASSED] - Wait for page load successfully

2018-07-09 19:57:12 - [MESSAGE][PASSED] - Delayed 5 second(s)

2018-07-09 19:57:46 - [MESSAGE][WARNING] - Object 'Object Repository/BEP/Generic/import' is not visible after 30 second(s)

2018-07-09 19:57:57 - [MESSAGE][PASSED] - Delayed 5 second(s)

2018-07-09 19:58:03 - [MESSAGE][PASSED] - File 'C:\DAUIAutomation\Data Files\BEP\EU-UKNORD.xlsm' sent to object: 'Object Repository/Generic/FilePath'

2018-07-09 19:58:08 - [MESSAGE][PASSED] - Delayed 5 second(s)

2018-07-09 19:58:14 - [MESSAGE][PASSED] - Object: 'Object Repository/Generic/button_Submit' is clicked on

2018-07-09 19:58:24 - [MESSAGE][PASSED] - Delayed 10 second(s)

2018-07-09 19:58:36 - [MESSAGE][PASSED] - Text 'Adqura' is set on object 'Object Repository/Generic/ORG'

2018-07-09 19:58:43 - [MESSAGE][PASSED] - Delayed 7 second(s)

2018-07-09 19:58:50 - [MESSAGE][PASSED] - Keys 'TAB + ' sent to object: 'Object Repository/Generic/ORG'

2018-07-09 19:58:57 - [MESSAGE][PASSED] - Delayed 7 second(s)

2018-07-09 19:59:09 - [MESSAGE][PASSED] - Text 'Adqura' is set on object 'Object Repository/Generic/ACC'

2018-07-09 19:59:16 - [MESSAGE][PASSED] - Delayed 7 second(s)

2018-07-09 19:59:22 - [MESSAGE][PASSED] - Keys 'TAB + ' sent to object: 'Object Repository/Generic/ACC'

2018-07-09 19:59:27 - [MESSAGE][PASSED] - Delayed 5 second(s)

2018-07-09 19:59:34 - [MESSAGE][PASSED] - Text 'The engagement you entered doesn't match' is present on page 

2018-07-09 19:59:46 - [MESSAGE][PASSED] - Text 'AUTOTEST1' is set on object 'Object Repository/Generic/ENG_DESC'

2018-07-09 19:59:51 - [MESSAGE][PASSED] - Delayed 5 second(s)

2018-07-09 20:00:03 - [MESSAGE][PASSED] - Delayed 5 second(s)

2018-07-09 20:00:27 - [MESSAGE][PASSED] - All options with value 'PRD-409' are selected in object 'Object Repository/Generic/PlatformID' 

2018-07-09 20:00:32 - [MESSAGE][PASSED] - Delayed 5 second(s)

2018-07-09 20:00:56 - [MESSAGE][PASSED] - All options with value 'RLS-3176' are selected in object 'Object Repository/Generic/PlatformVersion' 

2018-07-09 20:01:01 - [MESSAGE][PASSED] - Delayed 5 second(s)

2018-07-09 20:01:07 - [MESSAGE][PASSED] - Object: 'Object Repository/Generic/PlatformTrue' is clicked on

2018-07-09 20:01:12 - [MESSAGE][PASSED] - Delayed 5 second(s)

2018-07-09 20:01:33 - [MESSAGE][PASSED] - All options with value 'shard@pegasystems.com' are selected in object 'Object Repository/EngInfo/PL' 

2018-07-09 20:01:38 - [MESSAGE][PASSED] - Delayed 5 second(s)

2018-07-09 20:01:45 - [MESSAGE][WARNING] - Text 'PL Team Leader' is not present on page 

2018-07-09 20:01:50 - [MESSAGE][PASSED] - Delayed 5 second(s)

2018-07-09 20:02:15 - [MESSAGE][PASSED] - All options with value 'korna1@pegasystems.com' are selected in object 'Object Repository/EngInfo/RD' 

2018-07-09 20:02:20 - [MESSAGE][PASSED] - Delayed 5 second(s)

2018-07-09 20:02:44 - [MESSAGE][PASSED] - All options with value 'stafc@pegasystems.com' are selected in object 'Object Repository/EngInfo/RL' 

2018-07-09 20:02:49 - [MESSAGE][PASSED] - Delayed 5 second(s)

2018-07-09 20:02:55 - [MESSAGE][PASSED] - Scroll to object 'Object Repository/Generic/NEXT_BUTTON' successfully

2018-07-09 20:03:01 - [MESSAGE][PASSED] - Object: 'Object Repository/Generic/NEXT_BUTTON' is clicked on

2018-07-09 20:03:06 - [MESSAGE][PASSED] - Delayed 5 second(s)

2018-07-09 20:03:09 - [MESSAGE][PASSED] - Wait for page load successfully

2018-07-09 20:03:11 - [MESSAGE][PASSED] - Delayed 2 second(s)

2018-07-09 20:03:17 - [MESSAGE][PASSED] - Text of object 'Object Repository/BEP/Generic/DurationLow' is cleared

2018-07-09 20:03:19 - [MESSAGE][PASSED] - Delayed 2 second(s)

2018-07-09 20:03:31 - [MESSAGE][PASSED] - Text '15' is set on object 'Object Repository/BEP/Generic/DurationLow'

2018-07-09 20:03:33 - [MESSAGE][PASSED] - Delayed 2 second(s)

2018-07-09 20:03:40 - [MESSAGE][PASSED] - Text of object 'Object Repository/BEP/Generic/DurationHigh' is cleared

2018-07-09 20:03:42 - [MESSAGE][PASSED] - Delayed 2 second(s)

2018-07-09 20:03:54 - [MESSAGE][PASSED] - Text '15' is set on object 'Object Repository/BEP/Generic/DurationHigh'

2018-07-09 20:03:56 - [MESSAGE][PASSED] - Delayed 2 second(s)

2018-07-09 20:04:02 - [MESSAGE][PASSED] - Text of object 'Object Repository/BEP/Generic/PartnerHoursLow' is cleared

2018-07-09 20:04:04 - [MESSAGE][PASSED] - Delayed 2 second(s)

2018-07-09 20:04:16 - [MESSAGE][PASSED] - Text '15' is set on object 'Object Repository/BEP/Generic/PartnerHoursLow'

2018-07-09 20:04:18 - [MESSAGE][PASSED] - Delayed 2 second(s)

2018-07-09 20:04:24 - [MESSAGE][PASSED] - Text of object 'Object Repository/BEP/Generic/PartnerHoursHigh' is cleared

2018-07-09 20:04:26 - [MESSAGE][PASSED] - Delayed 2 second(s)

2018-07-09 20:04:38 - [MESSAGE][PASSED] - Text '15' is set on object 'Object Repository/BEP/Generic/PartnerHoursHigh'

2018-07-09 20:04:40 - [MESSAGE][PASSED] - Delayed 2 second(s)

2018-07-09 20:04:46 - [MESSAGE][PASSED] - Text of object 'Object Repository/BEP/Generic/Phase1StartDate' is cleared

2018-07-09 20:04:48 - [MESSAGE][PASSED] - Delayed 2 second(s)

2018-07-09 20:05:01 - [MESSAGE][PASSED] - Text '07/11/2018' is set on object 'Object Repository/BEP/Generic/Phase1StartDate'

2018-07-09 20:05:03 - [MESSAGE][PASSED] - Delayed 2 second(s)

2018-07-09 20:05:09 - [MESSAGE][PASSED] - Object: 'Object Repository/BEP/Generic/EstimationMethod' is clicked on

2018-07-09 20:05:14 - [MESSAGE][PASSED] - Delayed 5 second(s)

2018-07-09 20:05:20 - [MESSAGE][PASSED] - Keys 'BSW' sent to object: 'Object Repository/BEP/Generic/EstimationMethod'

2018-07-09 20:05:25 - [MESSAGE][PASSED] - Delayed 5 second(s)

2018-07-09 20:05:31 - [MESSAGE][PASSED] - Scroll to object 'Object Repository/Generic/NEXT_BUTTON' successfully

2018-07-09 20:05:37 - [MESSAGE][PASSED] - Object: 'Object Repository/Generic/NEXT_BUTTON' is clicked on

2018-07-09 20:05:42 - [MESSAGE][PASSED] - Delayed 5 second(s)

2018-07-09 20:05:48 - [MESSAGE][PASSED] - Object: 'Object Repository/BEP/Generic/BEPoutput' is clicked on

2018-07-09 20:05:53 - [MESSAGE][PASSED] - Delayed 5 second(s)

2018-07-09 20:06:18 - [MESSAGE][PASSED] - All options with value 'RFP in process' are selected in object 'Object Repository/BEP/Generic/ReasonCode' 

2018-07-09 20:06:24 - [MESSAGE][PASSED] - Scroll to object 'Object Repository/Generic/NEXT_BUTTON' successfully

2018-07-09 20:06:30 - [MESSAGE][PASSED] - Object: 'Object Repository/Generic/NEXT_BUTTON' is clicked on

2018-07-09 20:06:36 - [MESSAGE][PASSED] - Scroll to object 'Object Repository/Generic/FINISH_BUTTON' successfully

2018-07-09 20:06:42 - [MESSAGE][PASSED] - Object: 'Object Repository/Generic/FINISH_BUTTON' is clicked on

2018-07-09 20:06:45 - [MESSAGE][PASSED] - Wait for page load successfully

2018-07-09 20:06:50 - [MESSAGE][PASSED] - Delayed 5 second(s)

2018-07-09 20:06:56 - [MESSAGE][PASSED] - Text of object 'Object Repository/Generic/WOID' is: 'BEP-09Jul2018-8'

2018-07-09 20:06:58 - [MESSAGE][PASSED] - com.helper.commonfunct.BEP_CommonMethod.Estimate is PASSED

2018-07-09 20:06:58 - [TEST_STEP][PASSED] - Statement - While (WOSTATUS.contains("PENDING") && AssignmentList.size() > 0): null]]></system-out>
         <system-err><![CDATA[]]></system-err>
      </testcase>
      <testcase name="Test Cases/BEP/Create_Approve_Reject/CreateBEP_Approve_DataDriven" classname="Test Cases/BEP/Create_Approve_Reject/CreateBEP_Approve_DataDriven" status="PASSED">
         <system-out><![CDATA[2018-07-09 20:06:58 - [TEST_CASE][PASSED] - Test Cases/BEP/Create_Approve_Reject/CreateBEP_Approve_DataDriven: Test Cases/BEP/Create_Approve_Reject/CreateBEP_Approve_DataDriven

2018-07-09 20:06:58 - [TEST_STEP][PASSED] - com.helper.commonfunct.commonutilities.login: com.helper.commonfunct.commonutilities.login is PASSED

2018-07-09 20:06:58 - [MESSAGE][WARNING] - A browser is already opened. Closing browser and opening a new one

2018-07-09 20:07:11 - [MESSAGE][PASSED] - Browser is opened with url: ''

2018-07-09 20:07:14 - [MESSAGE][PASSED] - Navigate to 'https://vdaqa.rpega.com:9030/daqa/PRServlet' successfully

2018-07-09 20:07:27 - [MESSAGE][PASSED] - Text 'guthm@pegasystems.com' is set on object 'Object Repository/Generic/input_UserIdentifier'

2018-07-09 20:07:39 - [MESSAGE][PASSED] - Text 'install' is set on object 'Object Repository/Generic/input_Password'

2018-07-09 20:07:46 - [MESSAGE][PASSED] - Keys 'ENTER + ' sent to object: 'Object Repository/Generic/input_Password'

2018-07-09 20:07:46 - [MESSAGE][PASSED] - com.helper.commonfunct.commonutilities.login is PASSED

2018-07-09 20:07:46 - [TEST_STEP][PASSED] - com.helper.commonfunct.BEP_CommonMethod.Estimate: com.helper.commonfunct.BEP_CommonMethod.Estimate is PASSED

2018-07-09 20:07:51 - [MESSAGE][PASSED] - Current window maximized

2018-07-09 20:07:53 - [MESSAGE][PASSED] - Delayed 2 second(s)

2018-07-09 20:07:59 - [MESSAGE][PASSED] - Object: 'Object Repository/Generic/New' is clicked on

2018-07-09 20:08:03 - [MESSAGE][PASSED] - Delayed 4 second(s)

2018-07-09 20:08:09 - [MESSAGE][PASSED] - Object: 'Object Repository/BEP/Generic/EstimateLink' is clicked on

2018-07-09 20:08:13 - [MESSAGE][PASSED] - Delayed 4 second(s)

2018-07-09 20:08:19 - [MESSAGE][PASSED] - Object: 'Object Repository/ECR/Generic/WOTAB' is clicked on

2018-07-09 20:08:22 - [MESSAGE][PASSED] - Wait for page load successfully

2018-07-09 20:08:33 - [MESSAGE][PASSED] - Delayed 5 second(s)

2018-07-09 20:09:07 - [MESSAGE][WARNING] - Object 'Object Repository/BEP/Generic/import' is not visible after 30 second(s)

2018-07-09 20:09:18 - [MESSAGE][PASSED] - Delayed 5 second(s)

2018-07-09 20:09:24 - [MESSAGE][PASSED] - File 'C:\DAUIAutomation\Data Files\BEP\EU-UKNORD.xlsm' sent to object: 'Object Repository/Generic/FilePath'

2018-07-09 20:09:29 - [MESSAGE][PASSED] - Delayed 5 second(s)

2018-07-09 20:09:36 - [MESSAGE][PASSED] - Object: 'Object Repository/Generic/button_Submit' is clicked on

2018-07-09 20:09:46 - [MESSAGE][PASSED] - Delayed 10 second(s)

2018-07-09 20:09:58 - [MESSAGE][PASSED] - Text 'AACORP' is set on object 'Object Repository/Generic/ORG'

2018-07-09 20:10:05 - [MESSAGE][PASSED] - Delayed 7 second(s)

2018-07-09 20:10:11 - [MESSAGE][PASSED] - Keys 'TAB + ' sent to object: 'Object Repository/Generic/ORG'

2018-07-09 20:10:18 - [MESSAGE][PASSED] - Delayed 7 second(s)

2018-07-09 20:10:30 - [MESSAGE][PASSED] - Text 'AACORP' is set on object 'Object Repository/Generic/ACC'

2018-07-09 20:10:37 - [MESSAGE][PASSED] - Delayed 7 second(s)

2018-07-09 20:10:43 - [MESSAGE][PASSED] - Keys 'TAB + ' sent to object: 'Object Repository/Generic/ACC'

2018-07-09 20:10:48 - [MESSAGE][PASSED] - Delayed 5 second(s)

2018-07-09 20:10:56 - [MESSAGE][PASSED] - Text 'The engagement you entered doesn't match' is present on page 

2018-07-09 20:11:08 - [MESSAGE][PASSED] - Text 'AUTOTEST1' is set on object 'Object Repository/Generic/ENG_DESC'

2018-07-09 20:11:13 - [MESSAGE][PASSED] - Delayed 5 second(s)

2018-07-09 20:11:24 - [MESSAGE][PASSED] - Delayed 5 second(s)

2018-07-09 20:11:48 - [MESSAGE][PASSED] - All options with value 'PRD-409' are selected in object 'Object Repository/Generic/PlatformID' 

2018-07-09 20:11:53 - [MESSAGE][PASSED] - Delayed 5 second(s)

2018-07-09 20:12:18 - [MESSAGE][PASSED] - All options with value 'RLS-3176' are selected in object 'Object Repository/Generic/PlatformVersion' 

2018-07-09 20:12:23 - [MESSAGE][PASSED] - Delayed 5 second(s)

2018-07-09 20:12:29 - [MESSAGE][PASSED] - Object: 'Object Repository/Generic/PlatformTrue' is clicked on

2018-07-09 20:12:34 - [MESSAGE][PASSED] - Delayed 5 second(s)

2018-07-09 20:12:55 - [MESSAGE][PASSED] - All options with value 'guthm@pegasystems.com' are selected in object 'Object Repository/EngInfo/PL' 

2018-07-09 20:13:00 - [MESSAGE][PASSED] - Delayed 5 second(s)

2018-07-09 20:13:07 - [MESSAGE][WARNING] - Text 'PL Team Leader' is not present on page 

2018-07-09 20:13:12 - [MESSAGE][PASSED] - Delayed 5 second(s)

2018-07-09 20:13:36 - [MESSAGE][PASSED] - All options with value 'korna1@pegasystems.com' are selected in object 'Object Repository/EngInfo/RD' 

2018-07-09 20:13:41 - [MESSAGE][PASSED] - Delayed 5 second(s)

2018-07-09 20:14:05 - [MESSAGE][PASSED] - All options with value 'stafc@pegasystems.com' are selected in object 'Object Repository/EngInfo/RL' 

2018-07-09 20:14:10 - [MESSAGE][PASSED] - Delayed 5 second(s)

2018-07-09 20:14:16 - [MESSAGE][PASSED] - Scroll to object 'Object Repository/Generic/NEXT_BUTTON' successfully

2018-07-09 20:14:23 - [MESSAGE][PASSED] - Object: 'Object Repository/Generic/NEXT_BUTTON' is clicked on

2018-07-09 20:14:28 - [MESSAGE][PASSED] - Delayed 5 second(s)

2018-07-09 20:14:31 - [MESSAGE][PASSED] - Wait for page load successfully

2018-07-09 20:14:33 - [MESSAGE][PASSED] - Delayed 2 second(s)

2018-07-09 20:14:39 - [MESSAGE][PASSED] - Text of object 'Object Repository/BEP/Generic/DurationLow' is cleared

2018-07-09 20:14:41 - [MESSAGE][PASSED] - Delayed 2 second(s)

2018-07-09 20:14:53 - [MESSAGE][PASSED] - Text '15' is set on object 'Object Repository/BEP/Generic/DurationLow'

2018-07-09 20:14:55 - [MESSAGE][PASSED] - Delayed 2 second(s)

2018-07-09 20:15:01 - [MESSAGE][PASSED] - Text of object 'Object Repository/BEP/Generic/DurationHigh' is cleared

2018-07-09 20:15:03 - [MESSAGE][PASSED] - Delayed 2 second(s)

2018-07-09 20:15:15 - [MESSAGE][PASSED] - Text '15' is set on object 'Object Repository/BEP/Generic/DurationHigh'

2018-07-09 20:15:17 - [MESSAGE][PASSED] - Delayed 2 second(s)

2018-07-09 20:15:23 - [MESSAGE][PASSED] - Text of object 'Object Repository/BEP/Generic/PartnerHoursLow' is cleared

2018-07-09 20:15:25 - [MESSAGE][PASSED] - Delayed 2 second(s)

2018-07-09 20:15:37 - [MESSAGE][PASSED] - Text '15' is set on object 'Object Repository/BEP/Generic/PartnerHoursLow'

2018-07-09 20:15:39 - [MESSAGE][PASSED] - Delayed 2 second(s)

2018-07-09 20:15:45 - [MESSAGE][PASSED] - Text of object 'Object Repository/BEP/Generic/PartnerHoursHigh' is cleared

2018-07-09 20:15:47 - [MESSAGE][PASSED] - Delayed 2 second(s)

2018-07-09 20:16:00 - [MESSAGE][PASSED] - Text '15' is set on object 'Object Repository/BEP/Generic/PartnerHoursHigh'

2018-07-09 20:16:02 - [MESSAGE][PASSED] - Delayed 2 second(s)

2018-07-09 20:16:08 - [MESSAGE][PASSED] - Text of object 'Object Repository/BEP/Generic/Phase1StartDate' is cleared

2018-07-09 20:16:10 - [MESSAGE][PASSED] - Delayed 2 second(s)

2018-07-09 20:16:22 - [MESSAGE][PASSED] - Text '07/11/2018' is set on object 'Object Repository/BEP/Generic/Phase1StartDate'

2018-07-09 20:16:24 - [MESSAGE][PASSED] - Delayed 2 second(s)

2018-07-09 20:16:30 - [MESSAGE][PASSED] - Object: 'Object Repository/BEP/Generic/EstimationMethod' is clicked on

2018-07-09 20:16:35 - [MESSAGE][PASSED] - Delayed 5 second(s)

2018-07-09 20:16:41 - [MESSAGE][PASSED] - Keys 'BSW' sent to object: 'Object Repository/BEP/Generic/EstimationMethod'

2018-07-09 20:16:46 - [MESSAGE][PASSED] - Delayed 5 second(s)

2018-07-09 20:16:52 - [MESSAGE][PASSED] - Scroll to object 'Object Repository/Generic/NEXT_BUTTON' successfully

2018-07-09 20:16:59 - [MESSAGE][PASSED] - Object: 'Object Repository/Generic/NEXT_BUTTON' is clicked on

2018-07-09 20:17:04 - [MESSAGE][PASSED] - Delayed 5 second(s)

2018-07-09 20:17:10 - [MESSAGE][PASSED] - Object: 'Object Repository/BEP/Generic/BEPOutputEmail' is clicked on

2018-07-09 20:17:12 - [MESSAGE][PASSED] - Delayed 2 second(s)

2018-07-09 20:17:18 - [MESSAGE][PASSED] - Object: 'Object Repository/BEP/Generic/RECEIPIENT' is clicked on

2018-07-09 20:17:20 - [MESSAGE][PASSED] - Delayed 2 second(s)

2018-07-09 20:17:26 - [MESSAGE][PASSED] - Object: 'Object Repository/BEP/Generic/AddEmailID' is clicked on

2018-07-09 20:17:28 - [MESSAGE][PASSED] - Delayed 2 second(s)

2018-07-09 20:17:35 - [MESSAGE][PASSED] - Keys 'nagaveni.nipinale@in.pega.com' sent to object: 'Object Repository/BEP/Generic/MAILID_XPATH'

2018-07-09 20:17:37 - [MESSAGE][PASSED] - Delayed 2 second(s)

2018-07-09 20:17:43 - [MESSAGE][PASSED] - Object: 'Object Repository/BEP/Generic/modal_submit' is clicked on

2018-07-09 20:17:45 - [MESSAGE][PASSED] - Delayed 2 second(s)

2018-07-09 20:17:51 - [MESSAGE][PASSED] - Keys 'Test Automation' sent to object: 'Object Repository/BEP/Generic/Email_Subject'

2018-07-09 20:17:57 - [MESSAGE][PASSED] - Scroll to object 'Object Repository/Generic/NEXT_BUTTON' successfully

2018-07-09 20:18:03 - [MESSAGE][PASSED] - Object: 'Object Repository/Generic/NEXT_BUTTON' is clicked on

2018-07-09 20:18:09 - [MESSAGE][PASSED] - Scroll to object 'Object Repository/Generic/FINISH_BUTTON' successfully

2018-07-09 20:18:15 - [MESSAGE][PASSED] - Object: 'Object Repository/Generic/FINISH_BUTTON' is clicked on

2018-07-09 20:18:23 - [MESSAGE][PASSED] - Wait for page load successfully

2018-07-09 20:18:28 - [MESSAGE][PASSED] - Delayed 5 second(s)

2018-07-09 20:18:34 - [MESSAGE][PASSED] - Text of object 'Object Repository/Generic/WOID' is: 'BEP-09Jul2018-9'

2018-07-09 20:18:34 - [MESSAGE][PASSED] - com.helper.commonfunct.BEP_CommonMethod.Estimate is PASSED

2018-07-09 20:18:34 - [TEST_STEP][PASSED] - Statement - While (WOSTATUS.contains("PENDING") && AssignmentList.size() > 0): null]]></system-out>
         <system-err><![CDATA[]]></system-err>
      </testcase>
      <testcase name="Test Cases/BEP/Create_Approve_Reject/CreateBEP_Approve_DataDriven" classname="Test Cases/BEP/Create_Approve_Reject/CreateBEP_Approve_DataDriven" status="PASSED">
         <system-out><![CDATA[2018-07-09 20:18:34 - [TEST_CASE][PASSED] - Test Cases/BEP/Create_Approve_Reject/CreateBEP_Approve_DataDriven: Test Cases/BEP/Create_Approve_Reject/CreateBEP_Approve_DataDriven

2018-07-09 20:18:34 - [TEST_STEP][PASSED] - com.helper.commonfunct.commonutilities.login: com.helper.commonfunct.commonutilities.login is PASSED

2018-07-09 20:18:34 - [MESSAGE][WARNING] - A browser is already opened. Closing browser and opening a new one

2018-07-09 20:18:47 - [MESSAGE][PASSED] - Browser is opened with url: ''

2018-07-09 20:18:50 - [MESSAGE][PASSED] - Navigate to 'https://vdaqa.rpega.com:9030/daqa/PRServlet' successfully

2018-07-09 20:19:02 - [MESSAGE][PASSED] - Text 'brads@pegasystems.com' is set on object 'Object Repository/Generic/input_UserIdentifier'

2018-07-09 20:19:14 - [MESSAGE][PASSED] - Text 'install' is set on object 'Object Repository/Generic/input_Password'

2018-07-09 20:19:22 - [MESSAGE][PASSED] - Keys 'ENTER + ' sent to object: 'Object Repository/Generic/input_Password'

2018-07-09 20:19:22 - [MESSAGE][PASSED] - com.helper.commonfunct.commonutilities.login is PASSED

2018-07-09 20:19:22 - [TEST_STEP][PASSED] - com.helper.commonfunct.BEP_CommonMethod.Estimate: com.helper.commonfunct.BEP_CommonMethod.Estimate is PASSED

2018-07-09 20:19:26 - [MESSAGE][PASSED] - Current window maximized

2018-07-09 20:19:28 - [MESSAGE][PASSED] - Delayed 2 second(s)

2018-07-09 20:19:35 - [MESSAGE][PASSED] - Object: 'Object Repository/Generic/New' is clicked on

2018-07-09 20:19:39 - [MESSAGE][PASSED] - Delayed 4 second(s)

2018-07-09 20:19:45 - [MESSAGE][PASSED] - Object: 'Object Repository/BEP/Generic/EstimateLink' is clicked on

2018-07-09 20:19:49 - [MESSAGE][PASSED] - Delayed 4 second(s)

2018-07-09 20:19:55 - [MESSAGE][PASSED] - Object: 'Object Repository/ECR/Generic/WOTAB' is clicked on

2018-07-09 20:19:58 - [MESSAGE][PASSED] - Wait for page load successfully

2018-07-09 20:20:09 - [MESSAGE][PASSED] - Delayed 5 second(s)

2018-07-09 20:20:43 - [MESSAGE][WARNING] - Object 'Object Repository/BEP/Generic/import' is not visible after 30 second(s)

2018-07-09 20:20:54 - [MESSAGE][PASSED] - Delayed 5 second(s)

2018-07-09 20:21:00 - [MESSAGE][PASSED] - File 'C:\DAUIAutomation\Data Files\BEP\APAC_ANZ.xlsm' sent to object: 'Object Repository/Generic/FilePath'

2018-07-09 20:21:05 - [MESSAGE][PASSED] - Delayed 5 second(s)

2018-07-09 20:21:12 - [MESSAGE][PASSED] - Object: 'Object Repository/Generic/button_Submit' is clicked on

2018-07-09 20:21:22 - [MESSAGE][PASSED] - Delayed 10 second(s)

2018-07-09 20:21:34 - [MESSAGE][PASSED] - Text 'MGSVC' is set on object 'Object Repository/Generic/ORG'

2018-07-09 20:21:41 - [MESSAGE][PASSED] - Delayed 7 second(s)

2018-07-09 20:21:47 - [MESSAGE][PASSED] - Keys 'TAB + ' sent to object: 'Object Repository/Generic/ORG'

2018-07-09 20:21:54 - [MESSAGE][PASSED] - Delayed 7 second(s)

2018-07-09 20:22:06 - [MESSAGE][PASSED] - Text 'MGSAUS' is set on object 'Object Repository/Generic/ACC'

2018-07-09 20:22:13 - [MESSAGE][PASSED] - Delayed 7 second(s)

2018-07-09 20:22:19 - [MESSAGE][PASSED] - Keys 'TAB + ' sent to object: 'Object Repository/Generic/ACC'

2018-07-09 20:22:24 - [MESSAGE][PASSED] - Delayed 5 second(s)

2018-07-09 20:22:32 - [MESSAGE][PASSED] - Text 'The engagement you entered doesn't match' is present on page 

2018-07-09 20:22:44 - [MESSAGE][PASSED] - Text 'AUTOTEST1' is set on object 'Object Repository/Generic/ENG_DESC'

2018-07-09 20:22:49 - [MESSAGE][PASSED] - Delayed 5 second(s)

2018-07-09 20:23:00 - [MESSAGE][PASSED] - Delayed 5 second(s)

2018-07-09 20:23:21 - [MESSAGE][PASSED] - All options with value 'PRD-409' are selected in object 'Object Repository/Generic/PlatformID' 

2018-07-09 20:23:26 - [MESSAGE][PASSED] - Delayed 5 second(s)

2018-07-09 20:23:47 - [MESSAGE][PASSED] - All options with value 'RLS-3176' are selected in object 'Object Repository/Generic/PlatformVersion' 

2018-07-09 20:23:52 - [MESSAGE][PASSED] - Delayed 5 second(s)

2018-07-09 20:23:58 - [MESSAGE][PASSED] - Object: 'Object Repository/Generic/PlatformTrue' is clicked on

2018-07-09 20:24:03 - [MESSAGE][PASSED] - Delayed 5 second(s)

2018-07-09 20:24:24 - [MESSAGE][PASSED] - All options with value 'brads@pegasystems.com' are selected in object 'Object Repository/EngInfo/PL' 

2018-07-09 20:24:29 - [MESSAGE][PASSED] - Delayed 5 second(s)

2018-07-09 20:24:37 - [MESSAGE][WARNING] - Text 'PL Team Leader' is not present on page 

2018-07-09 20:24:42 - [MESSAGE][PASSED] - Delayed 5 second(s)

2018-07-09 20:25:03 - [MESSAGE][PASSED] - All options with value 'brads@pegasystems.com' are selected in object 'Object Repository/EngInfo/RD' 

2018-07-09 20:25:08 - [MESSAGE][PASSED] - Delayed 5 second(s)

2018-07-09 20:25:29 - [MESSAGE][PASSED] - All options with value 'kersa@pegasystems.com' are selected in object 'Object Repository/EngInfo/RL' 

2018-07-09 20:25:34 - [MESSAGE][PASSED] - Delayed 5 second(s)

2018-07-09 20:25:40 - [MESSAGE][PASSED] - Scroll to object 'Object Repository/Generic/NEXT_BUTTON' successfully

2018-07-09 20:25:46 - [MESSAGE][PASSED] - Object: 'Object Repository/Generic/NEXT_BUTTON' is clicked on

2018-07-09 20:25:51 - [MESSAGE][PASSED] - Delayed 5 second(s)

2018-07-09 20:25:54 - [MESSAGE][PASSED] - Wait for page load successfully

2018-07-09 20:25:56 - [MESSAGE][PASSED] - Delayed 2 second(s)

2018-07-09 20:26:02 - [MESSAGE][PASSED] - Text of object 'Object Repository/BEP/Generic/DurationLow' is cleared

2018-07-09 20:26:04 - [MESSAGE][PASSED] - Delayed 2 second(s)

2018-07-09 20:26:16 - [MESSAGE][PASSED] - Text '15' is set on object 'Object Repository/BEP/Generic/DurationLow'

2018-07-09 20:26:18 - [MESSAGE][PASSED] - Delayed 2 second(s)

2018-07-09 20:26:24 - [MESSAGE][PASSED] - Text of object 'Object Repository/BEP/Generic/DurationHigh' is cleared

2018-07-09 20:26:26 - [MESSAGE][PASSED] - Delayed 2 second(s)

2018-07-09 20:26:39 - [MESSAGE][PASSED] - Text '15' is set on object 'Object Repository/BEP/Generic/DurationHigh'

2018-07-09 20:26:41 - [MESSAGE][PASSED] - Delayed 2 second(s)

2018-07-09 20:26:47 - [MESSAGE][PASSED] - Text of object 'Object Repository/BEP/Generic/PartnerHoursLow' is cleared

2018-07-09 20:26:49 - [MESSAGE][PASSED] - Delayed 2 second(s)

2018-07-09 20:27:01 - [MESSAGE][PASSED] - Text '15' is set on object 'Object Repository/BEP/Generic/PartnerHoursLow'

2018-07-09 20:27:03 - [MESSAGE][PASSED] - Delayed 2 second(s)

2018-07-09 20:27:09 - [MESSAGE][PASSED] - Text of object 'Object Repository/BEP/Generic/PartnerHoursHigh' is cleared

2018-07-09 20:27:11 - [MESSAGE][PASSED] - Delayed 2 second(s)

2018-07-09 20:27:23 - [MESSAGE][PASSED] - Text '15' is set on object 'Object Repository/BEP/Generic/PartnerHoursHigh'

2018-07-09 20:27:25 - [MESSAGE][PASSED] - Delayed 2 second(s)

2018-07-09 20:27:31 - [MESSAGE][PASSED] - Text of object 'Object Repository/BEP/Generic/Phase1StartDate' is cleared

2018-07-09 20:27:33 - [MESSAGE][PASSED] - Delayed 2 second(s)

2018-07-09 20:27:45 - [MESSAGE][PASSED] - Text '07/11/2018' is set on object 'Object Repository/BEP/Generic/Phase1StartDate'

2018-07-09 20:27:47 - [MESSAGE][PASSED] - Delayed 2 second(s)

2018-07-09 20:27:54 - [MESSAGE][PASSED] - Object: 'Object Repository/BEP/Generic/EstimationMethod' is clicked on

2018-07-09 20:27:59 - [MESSAGE][PASSED] - Delayed 5 second(s)

2018-07-09 20:28:05 - [MESSAGE][PASSED] - Keys 'BSW' sent to object: 'Object Repository/BEP/Generic/EstimationMethod'

2018-07-09 20:28:10 - [MESSAGE][PASSED] - Delayed 5 second(s)

2018-07-09 20:28:16 - [MESSAGE][PASSED] - Scroll to object 'Object Repository/Generic/NEXT_BUTTON' successfully

2018-07-09 20:28:22 - [MESSAGE][PASSED] - Object: 'Object Repository/Generic/NEXT_BUTTON' is clicked on

2018-07-09 20:28:27 - [MESSAGE][PASSED] - Delayed 5 second(s)

2018-07-09 20:28:33 - [MESSAGE][PASSED] - Object: 'Object Repository/BEP/Generic/BEPoutput' is clicked on

2018-07-09 20:28:38 - [MESSAGE][PASSED] - Delayed 5 second(s)

2018-07-09 20:29:02 - [MESSAGE][PASSED] - All options with value 'RFP in process' are selected in object 'Object Repository/BEP/Generic/ReasonCode' 

2018-07-09 20:29:08 - [MESSAGE][PASSED] - Scroll to object 'Object Repository/Generic/NEXT_BUTTON' successfully

2018-07-09 20:29:15 - [MESSAGE][PASSED] - Object: 'Object Repository/Generic/NEXT_BUTTON' is clicked on

2018-07-09 20:29:21 - [MESSAGE][PASSED] - Scroll to object 'Object Repository/Generic/FINISH_BUTTON' successfully

2018-07-09 20:29:27 - [MESSAGE][PASSED] - Object: 'Object Repository/Generic/FINISH_BUTTON' is clicked on

2018-07-09 20:29:34 - [MESSAGE][PASSED] - Wait for page load successfully

2018-07-09 20:29:39 - [MESSAGE][PASSED] - Delayed 5 second(s)

2018-07-09 20:29:45 - [MESSAGE][PASSED] - Text of object 'Object Repository/Generic/WOID' is: 'BEP-09Jul2018-10'

2018-07-09 20:29:45 - [MESSAGE][PASSED] - com.helper.commonfunct.BEP_CommonMethod.Estimate is PASSED

2018-07-09 20:29:45 - [TEST_STEP][PASSED] - Statement - While (WOSTATUS.contains("PENDING") && AssignmentList.size() > 0): null]]></system-out>
         <system-err><![CDATA[]]></system-err>
      </testcase>
      <testcase name="Test Cases/BEP/Create_Approve_Reject/CreateBEP_Approve_DataDriven" classname="Test Cases/BEP/Create_Approve_Reject/CreateBEP_Approve_DataDriven" status="FAILED">
         <failure type="FAILED" message="Unable to scroll to object 'Object Repository/Generic/NEXT_BUTTON' (Root cause: org.openqa.selenium.UnhandledAlertException: unexpected alert open: {Alert text : Please correct flagged fields before submitting the form!}
  (Session info: chrome=67.0.3396.87)
  (Driver info: chromedriver=2.35.528161 (5b82f2d2aae0ca24b877009200ced9065a772e73),platform=Windows NT 6.1.7601 SP1 x86_64) (WARNING: The server did not provide any stacktrace information)
Command duration or timeout: 0 milliseconds: null
Build info: version: '3.7.1', revision: '8a0099a', time: '2017-11-06T21:07:36.161Z'
System info: host: 'L22622WUS', ip: '10.2.204.225', os.name: 'Windows 7', os.arch: 'amd64', os.version: '6.1', java.version: '1.8.0_102'
Driver info: com.kms.katalon.selenium.driver.CChromeDriver
Capabilities {acceptInsecureCerts: false, acceptSslCerts: false, applicationCacheEnabled: false, browserConnectionEnabled: false, browserName: chrome, chrome: {chromedriverVersion: 2.35.528161 (5b82f2d2aae0ca..., userDataDir: C:\Users\nipin\AppData\Loca...}, cssSelectorsEnabled: true, databaseEnabled: false, handlesAlerts: true, hasTouchScreen: false, javascriptEnabled: true, locationContextEnabled: true, mobileEmulationEnabled: false, nativeEvents: true, networkConnectionEnabled: false, pageLoadStrategy: normal, platform: XP, platformName: XP, rotatable: false, setWindowRect: true, takesHeapSnapshot: true, takesScreenshot: true, unexpectedAlertBehaviour: , unhandledPromptBehavior: , version: 67.0.3396.87, webStorageEnabled: true}
Session ID: 2e64930363261815c5e71f109d73f7b4
*** Element info: {Using=xpath, value=//button[@alt='Move to the next screen']})"/>
         <system-out><![CDATA[2018-07-09 20:29:45 - [TEST_CASE][FAILED] - Test Cases/BEP/Create_Approve_Reject/CreateBEP_Approve_DataDriven: Test Cases/BEP/Create_Approve_Reject/CreateBEP_Approve_DataDriven FAILED because (of) Unable to scroll to object 'Object Repository/Generic/NEXT_BUTTON' (Root cause: org.openqa.selenium.UnhandledAlertException: unexpected alert open: {Alert text : Please correct flagged fields before submitting the form!}
  (Session info: chrome=67.0.3396.87)
  (Driver info: chromedriver=2.35.528161 (5b82f2d2aae0ca24b877009200ced9065a772e73),platform=Windows NT 6.1.7601 SP1 x86_64) (WARNING: The server did not provide any stacktrace information)
Command duration or timeout: 0 milliseconds: null
Build info: version: '3.7.1', revision: '8a0099a', time: '2017-11-06T21:07:36.161Z'
System info: host: 'L22622WUS', ip: '10.2.204.225', os.name: 'Windows 7', os.arch: 'amd64', os.version: '6.1', java.version: '1.8.0_102'
Driver info: com.kms.katalon.selenium.driver.CChromeDriver
Capabilities {acceptInsecureCerts: false, acceptSslCerts: false, applicationCacheEnabled: false, browserConnectionEnabled: false, browserName: chrome, chrome: {chromedriverVersion: 2.35.528161 (5b82f2d2aae0ca..., userDataDir: C:\Users\nipin\AppData\Loca...}, cssSelectorsEnabled: true, databaseEnabled: false, handlesAlerts: true, hasTouchScreen: false, javascriptEnabled: true, locationContextEnabled: true, mobileEmulationEnabled: false, nativeEvents: true, networkConnectionEnabled: false, pageLoadStrategy: normal, platform: XP, platformName: XP, rotatable: false, setWindowRect: true, takesHeapSnapshot: true, takesScreenshot: true, unexpectedAlertBehaviour: , unhandledPromptBehavior: , version: 67.0.3396.87, webStorageEnabled: true}
Session ID: 2e64930363261815c5e71f109d73f7b4
*** Element info: {Using=xpath, value=//button[@alt='Move to the next screen']})

2018-07-09 20:29:45 - [TEST_STEP][PASSED] - com.helper.commonfunct.commonutilities.login: com.helper.commonfunct.commonutilities.login is PASSED

2018-07-09 20:29:45 - [MESSAGE][WARNING] - A browser is already opened. Closing browser and opening a new one

2018-07-09 20:29:58 - [MESSAGE][PASSED] - Browser is opened with url: ''

2018-07-09 20:30:01 - [MESSAGE][PASSED] - Navigate to 'https://vdaqa.rpega.com:9030/daqa/PRServlet' successfully

2018-07-09 20:30:14 - [MESSAGE][PASSED] - Text 'giudl@pegasystems.com' is set on object 'Object Repository/Generic/input_UserIdentifier'

2018-07-09 20:30:26 - [MESSAGE][PASSED] - Text 'install' is set on object 'Object Repository/Generic/input_Password'

2018-07-09 20:30:33 - [MESSAGE][PASSED] - Keys 'ENTER + ' sent to object: 'Object Repository/Generic/input_Password'

2018-07-09 20:30:33 - [MESSAGE][PASSED] - com.helper.commonfunct.commonutilities.login is PASSED

2018-07-09 20:30:33 - [TEST_STEP][FAILED] - com.helper.commonfunct.BEP_CommonMethod.Estimate: Unable to scroll to object 'Object Repository/Generic/NEXT_BUTTON' (Root cause: org.openqa.selenium.UnhandledAlertException: unexpected alert open: {Alert text : Please correct flagged fields before submitting the form!}
  (Session info: chrome=67.0.3396.87)
  (Driver info: chromedriver=2.35.528161 (5b82f2d2aae0ca24b877009200ced9065a772e73),platform=Windows NT 6.1.7601 SP1 x86_64) (WARNING: The server did not provide any stacktrace information)
Command duration or timeout: 0 milliseconds: null
Build info: version: '3.7.1', revision: '8a0099a', time: '2017-11-06T21:07:36.161Z'
System info: host: 'L22622WUS', ip: '10.2.204.225', os.name: 'Windows 7', os.arch: 'amd64', os.version: '6.1', java.version: '1.8.0_102'
Driver info: com.kms.katalon.selenium.driver.CChromeDriver
Capabilities {acceptInsecureCerts: false, acceptSslCerts: false, applicationCacheEnabled: false, browserConnectionEnabled: false, browserName: chrome, chrome: {chromedriverVersion: 2.35.528161 (5b82f2d2aae0ca..., userDataDir: C:\Users\nipin\AppData\Loca...}, cssSelectorsEnabled: true, databaseEnabled: false, handlesAlerts: true, hasTouchScreen: false, javascriptEnabled: true, locationContextEnabled: true, mobileEmulationEnabled: false, nativeEvents: true, networkConnectionEnabled: false, pageLoadStrategy: normal, platform: XP, platformName: XP, rotatable: false, setWindowRect: true, takesHeapSnapshot: true, takesScreenshot: true, unexpectedAlertBehaviour: , unhandledPromptBehavior: , version: 67.0.3396.87, webStorageEnabled: true}
Session ID: 2e64930363261815c5e71f109d73f7b4
*** Element info: {Using=xpath, value=//button[@alt='Move to the next screen']})

2018-07-09 20:30:38 - [MESSAGE][PASSED] - Current window maximized

2018-07-09 20:30:40 - [MESSAGE][PASSED] - Delayed 2 second(s)

2018-07-09 20:30:46 - [MESSAGE][PASSED] - Object: 'Object Repository/Generic/New' is clicked on

2018-07-09 20:30:50 - [MESSAGE][PASSED] - Delayed 4 second(s)

2018-07-09 20:30:56 - [MESSAGE][PASSED] - Object: 'Object Repository/BEP/Generic/EstimateLink' is clicked on

2018-07-09 20:31:00 - [MESSAGE][PASSED] - Delayed 4 second(s)

2018-07-09 20:31:06 - [MESSAGE][PASSED] - Object: 'Object Repository/ECR/Generic/WOTAB' is clicked on

2018-07-09 20:31:09 - [MESSAGE][PASSED] - Wait for page load successfully

2018-07-09 20:31:20 - [MESSAGE][PASSED] - Delayed 5 second(s)

2018-07-09 20:31:54 - [MESSAGE][WARNING] - Object 'Object Repository/BEP/Generic/import' is not visible after 30 second(s)

2018-07-09 20:32:05 - [MESSAGE][PASSED] - Delayed 5 second(s)

2018-07-09 20:32:11 - [MESSAGE][PASSED] - File 'C:\DAUIAutomation\Data Files\BEP\EU_SEU.xlsm' sent to object: 'Object Repository/Generic/FilePath'

2018-07-09 20:32:16 - [MESSAGE][PASSED] - Delayed 5 second(s)

2018-07-09 20:32:23 - [MESSAGE][PASSED] - Object: 'Object Repository/Generic/button_Submit' is clicked on

2018-07-09 20:32:33 - [MESSAGE][PASSED] - Delayed 10 second(s)

2018-07-09 20:32:45 - [MESSAGE][PASSED] - Text 'SOPRA' is set on object 'Object Repository/Generic/ORG'

2018-07-09 20:32:52 - [MESSAGE][PASSED] - Delayed 7 second(s)

2018-07-09 20:32:58 - [MESSAGE][PASSED] - Keys 'TAB + ' sent to object: 'Object Repository/Generic/ORG'

2018-07-09 20:33:05 - [MESSAGE][PASSED] - Delayed 7 second(s)

2018-07-09 20:33:17 - [MESSAGE][PASSED] - Text 'SOPRA' is set on object 'Object Repository/Generic/ACC'

2018-07-09 20:33:24 - [MESSAGE][PASSED] - Delayed 7 second(s)

2018-07-09 20:33:30 - [MESSAGE][PASSED] - Keys 'TAB + ' sent to object: 'Object Repository/Generic/ACC'

2018-07-09 20:33:35 - [MESSAGE][PASSED] - Delayed 5 second(s)

2018-07-09 20:33:43 - [MESSAGE][WARNING] - Text 'The engagement you entered doesn't match' is not present on page 

2018-07-09 20:33:49 - [MESSAGE][PASSED] - Scroll to object 'Object Repository/Generic/NEXT_BUTTON' successfully

2018-07-09 20:33:55 - [MESSAGE][PASSED] - Object: 'Object Repository/Generic/NEXT_BUTTON' is clicked on

2018-07-09 20:34:00 - [MESSAGE][PASSED] - Delayed 5 second(s)

2018-07-09 20:34:06 - [MESSAGE][WARNING] - Cannot take screenshot

2018-07-09 20:34:06 - [MESSAGE][FAILED] - Unable to scroll to object 'Object Repository/Generic/NEXT_BUTTON' (Root cause: org.openqa.selenium.UnhandledAlertException: unexpected alert open: {Alert text : Please correct flagged fields before submitting the form!}
  (Session info: chrome=67.0.3396.87)
  (Driver info: chromedriver=2.35.528161 (5b82f2d2aae0ca24b877009200ced9065a772e73),platform=Windows NT 6.1.7601 SP1 x86_64) (WARNING: The server did not provide any stacktrace information)
Command duration or timeout: 0 milliseconds: null
Build info: version: '3.7.1', revision: '8a0099a', time: '2017-11-06T21:07:36.161Z'
System info: host: 'L22622WUS', ip: '10.2.204.225', os.name: 'Windows 7', os.arch: 'amd64', os.version: '6.1', java.version: '1.8.0_102'
Driver info: com.kms.katalon.selenium.driver.CChromeDriver
Capabilities {acceptInsecureCerts: false, acceptSslCerts: false, applicationCacheEnabled: false, browserConnectionEnabled: false, browserName: chrome, chrome: {chromedriverVersion: 2.35.528161 (5b82f2d2aae0ca..., userDataDir: C:\Users\nipin\AppData\Loca...}, cssSelectorsEnabled: true, databaseEnabled: false, handlesAlerts: true, hasTouchScreen: false, javascriptEnabled: true, locationContextEnabled: true, mobileEmulationEnabled: false, nativeEvents: true, networkConnectionEnabled: false, pageLoadStrategy: normal, platform: XP, platformName: XP, rotatable: false, setWindowRect: true, takesHeapSnapshot: true, takesScreenshot: true, unexpectedAlertBehaviour: , unhandledPromptBehavior: , version: 67.0.3396.87, webStorageEnabled: true}
Session ID: 2e64930363261815c5e71f109d73f7b4
*** Element info: {Using=xpath, value=//button[@alt='Move to the next screen']})

2018-07-09 20:34:06 - [MESSAGE][FAILED] - Unable to scroll to object 'Object Repository/Generic/NEXT_BUTTON' (Root cause: org.openqa.selenium.UnhandledAlertException: unexpected alert open: {Alert text : Please correct flagged fields before submitting the form!}
  (Session info: chrome=67.0.3396.87)
  (Driver info: chromedriver=2.35.528161 (5b82f2d2aae0ca24b877009200ced9065a772e73),platform=Windows NT 6.1.7601 SP1 x86_64) (WARNING: The server did not provide any stacktrace information)
Command duration or timeout: 0 milliseconds: null
Build info: version: '3.7.1', revision: '8a0099a', time: '2017-11-06T21:07:36.161Z'
System info: host: 'L22622WUS', ip: '10.2.204.225', os.name: 'Windows 7', os.arch: 'amd64', os.version: '6.1', java.version: '1.8.0_102'
Driver info: com.kms.katalon.selenium.driver.CChromeDriver
Capabilities {acceptInsecureCerts: false, acceptSslCerts: false, applicationCacheEnabled: false, browserConnectionEnabled: false, browserName: chrome, chrome: {chromedriverVersion: 2.35.528161 (5b82f2d2aae0ca..., userDataDir: C:\Users\nipin\AppData\Loca...}, cssSelectorsEnabled: true, databaseEnabled: false, handlesAlerts: true, hasTouchScreen: false, javascriptEnabled: true, locationContextEnabled: true, mobileEmulationEnabled: false, nativeEvents: true, networkConnectionEnabled: false, pageLoadStrategy: normal, platform: XP, platformName: XP, rotatable: false, setWindowRect: true, takesHeapSnapshot: true, takesScreenshot: true, unexpectedAlertBehaviour: , unhandledPromptBehavior: , version: 67.0.3396.87, webStorageEnabled: true}
Session ID: 2e64930363261815c5e71f109d73f7b4
*** Element info: {Using=xpath, value=//button[@alt='Move to the next screen']})]]></system-out>
         <system-err><![CDATA[2018-07-09 20:29:45 - [TEST_CASE][FAILED] - Test Cases/BEP/Create_Approve_Reject/CreateBEP_Approve_DataDriven: Test Cases/BEP/Create_Approve_Reject/CreateBEP_Approve_DataDriven FAILED because (of) Unable to scroll to object 'Object Repository/Generic/NEXT_BUTTON' (Root cause: org.openqa.selenium.UnhandledAlertException: unexpected alert open: {Alert text : Please correct flagged fields before submitting the form!}
  (Session info: chrome=67.0.3396.87)
  (Driver info: chromedriver=2.35.528161 (5b82f2d2aae0ca24b877009200ced9065a772e73),platform=Windows NT 6.1.7601 SP1 x86_64) (WARNING: The server did not provide any stacktrace information)
Command duration or timeout: 0 milliseconds: null
Build info: version: '3.7.1', revision: '8a0099a', time: '2017-11-06T21:07:36.161Z'
System info: host: 'L22622WUS', ip: '10.2.204.225', os.name: 'Windows 7', os.arch: 'amd64', os.version: '6.1', java.version: '1.8.0_102'
Driver info: com.kms.katalon.selenium.driver.CChromeDriver
Capabilities {acceptInsecureCerts: false, acceptSslCerts: false, applicationCacheEnabled: false, browserConnectionEnabled: false, browserName: chrome, chrome: {chromedriverVersion: 2.35.528161 (5b82f2d2aae0ca..., userDataDir: C:\Users\nipin\AppData\Loca...}, cssSelectorsEnabled: true, databaseEnabled: false, handlesAlerts: true, hasTouchScreen: false, javascriptEnabled: true, locationContextEnabled: true, mobileEmulationEnabled: false, nativeEvents: true, networkConnectionEnabled: false, pageLoadStrategy: normal, platform: XP, platformName: XP, rotatable: false, setWindowRect: true, takesHeapSnapshot: true, takesScreenshot: true, unexpectedAlertBehaviour: , unhandledPromptBehavior: , version: 67.0.3396.87, webStorageEnabled: true}
Session ID: 2e64930363261815c5e71f109d73f7b4
*** Element info: {Using=xpath, value=//button[@alt='Move to the next screen']})]]></system-err>
      </testcase>
      <testcase name="Test Cases/BEP/Create_Approve_Reject/CreateBEP_Approve_DataDriven" classname="Test Cases/BEP/Create_Approve_Reject/CreateBEP_Approve_DataDriven" status="PASSED">
         <system-out><![CDATA[2018-07-09 20:34:06 - [TEST_CASE][PASSED] - Test Cases/BEP/Create_Approve_Reject/CreateBEP_Approve_DataDriven: Test Cases/BEP/Create_Approve_Reject/CreateBEP_Approve_DataDriven

2018-07-09 20:34:06 - [TEST_STEP][PASSED] - com.helper.commonfunct.commonutilities.login: com.helper.commonfunct.commonutilities.login is PASSED

2018-07-09 20:34:06 - [MESSAGE][WARNING] - A browser is already opened. Closing browser and opening a new one

2018-07-09 20:34:18 - [MESSAGE][PASSED] - Browser is opened with url: ''

2018-07-09 20:34:22 - [MESSAGE][PASSED] - Navigate to 'https://vdaqa.rpega.com:9030/daqa/PRServlet' successfully

2018-07-09 20:34:34 - [MESSAGE][PASSED] - Text 'debrj@pegasystems.com' is set on object 'Object Repository/Generic/input_UserIdentifier'

2018-07-09 20:34:46 - [MESSAGE][PASSED] - Text 'install' is set on object 'Object Repository/Generic/input_Password'

2018-07-09 20:34:54 - [MESSAGE][PASSED] - Keys 'ENTER + ' sent to object: 'Object Repository/Generic/input_Password'

2018-07-09 20:34:54 - [MESSAGE][PASSED] - com.helper.commonfunct.commonutilities.login is PASSED

2018-07-09 20:34:54 - [TEST_STEP][PASSED] - com.helper.commonfunct.BEP_CommonMethod.Estimate: com.helper.commonfunct.BEP_CommonMethod.Estimate is PASSED

2018-07-09 20:34:59 - [MESSAGE][PASSED] - Current window maximized

2018-07-09 20:35:01 - [MESSAGE][PASSED] - Delayed 2 second(s)

2018-07-09 20:35:07 - [MESSAGE][PASSED] - Object: 'Object Repository/Generic/New' is clicked on

2018-07-09 20:35:11 - [MESSAGE][PASSED] - Delayed 4 second(s)

2018-07-09 20:35:17 - [MESSAGE][PASSED] - Object: 'Object Repository/BEP/Generic/EstimateLink' is clicked on

2018-07-09 20:35:21 - [MESSAGE][PASSED] - Delayed 4 second(s)

2018-07-09 20:35:27 - [MESSAGE][PASSED] - Object: 'Object Repository/ECR/Generic/WOTAB' is clicked on

2018-07-09 20:35:30 - [MESSAGE][PASSED] - Wait for page load successfully

2018-07-09 20:35:41 - [MESSAGE][PASSED] - Delayed 5 second(s)

2018-07-09 20:36:15 - [MESSAGE][WARNING] - Object 'Object Repository/BEP/Generic/import' is not visible after 30 second(s)

2018-07-09 20:36:26 - [MESSAGE][PASSED] - Delayed 5 second(s)

2018-07-09 20:36:32 - [MESSAGE][PASSED] - File 'C:\DAUIAutomation\Data Files\BEP\EU_BEM.xlsm' sent to object: 'Object Repository/Generic/FilePath'

2018-07-09 20:36:37 - [MESSAGE][PASSED] - Delayed 5 second(s)

2018-07-09 20:36:44 - [MESSAGE][PASSED] - Object: 'Object Repository/Generic/button_Submit' is clicked on

2018-07-09 20:36:54 - [MESSAGE][PASSED] - Delayed 10 second(s)

2018-07-09 20:37:06 - [MESSAGE][PASSED] - Text 'PHLPSINTL' is set on object 'Object Repository/Generic/ORG'

2018-07-09 20:37:13 - [MESSAGE][PASSED] - Delayed 7 second(s)

2018-07-09 20:37:19 - [MESSAGE][PASSED] - Keys 'TAB + ' sent to object: 'Object Repository/Generic/ORG'

2018-07-09 20:37:26 - [MESSAGE][PASSED] - Delayed 7 second(s)

2018-07-09 20:37:38 - [MESSAGE][PASSED] - Text 'PHLPNL' is set on object 'Object Repository/Generic/ACC'

2018-07-09 20:37:45 - [MESSAGE][PASSED] - Delayed 7 second(s)

2018-07-09 20:37:51 - [MESSAGE][PASSED] - Keys 'TAB + ' sent to object: 'Object Repository/Generic/ACC'

2018-07-09 20:37:56 - [MESSAGE][PASSED] - Delayed 5 second(s)

2018-07-09 20:38:04 - [MESSAGE][PASSED] - Text 'The engagement you entered doesn't match' is present on page 

2018-07-09 20:38:16 - [MESSAGE][PASSED] - Text 'AUTOTEST1' is set on object 'Object Repository/Generic/ENG_DESC'

2018-07-09 20:38:21 - [MESSAGE][PASSED] - Delayed 5 second(s)

2018-07-09 20:38:32 - [MESSAGE][PASSED] - Delayed 5 second(s)

2018-07-09 20:38:56 - [MESSAGE][PASSED] - All options with value 'PRD-409' are selected in object 'Object Repository/Generic/PlatformID' 

2018-07-09 20:39:01 - [MESSAGE][PASSED] - Delayed 5 second(s)

2018-07-09 20:39:25 - [MESSAGE][PASSED] - All options with value 'RLS-3176' are selected in object 'Object Repository/Generic/PlatformVersion' 

2018-07-09 20:39:30 - [MESSAGE][PASSED] - Delayed 5 second(s)

2018-07-09 20:39:37 - [MESSAGE][PASSED] - Object: 'Object Repository/Generic/PlatformTrue' is clicked on

2018-07-09 20:39:42 - [MESSAGE][PASSED] - Delayed 5 second(s)

2018-07-09 20:40:03 - [MESSAGE][PASSED] - All options with value 'debrj@pegasystems.com' are selected in object 'Object Repository/EngInfo/PL' 

2018-07-09 20:40:08 - [MESSAGE][PASSED] - Delayed 5 second(s)

2018-07-09 20:40:15 - [MESSAGE][WARNING] - Text 'PL Team Leader' is not present on page 

2018-07-09 20:40:20 - [MESSAGE][PASSED] - Delayed 5 second(s)

2018-07-09 20:40:41 - [MESSAGE][PASSED] - All options with value 'korna1@pegasystems.com' are selected in object 'Object Repository/EngInfo/RD' 

2018-07-09 20:40:46 - [MESSAGE][PASSED] - Delayed 5 second(s)

2018-07-09 20:41:07 - [MESSAGE][PASSED] - All options with value 'kra_d@pegasystems.com' are selected in object 'Object Repository/EngInfo/RL' 

2018-07-09 20:41:12 - [MESSAGE][PASSED] - Delayed 5 second(s)

2018-07-09 20:41:18 - [MESSAGE][PASSED] - Scroll to object 'Object Repository/Generic/NEXT_BUTTON' successfully

2018-07-09 20:41:25 - [MESSAGE][PASSED] - Object: 'Object Repository/Generic/NEXT_BUTTON' is clicked on

2018-07-09 20:41:30 - [MESSAGE][PASSED] - Delayed 5 second(s)

2018-07-09 20:41:33 - [MESSAGE][PASSED] - Wait for page load successfully

2018-07-09 20:41:35 - [MESSAGE][PASSED] - Delayed 2 second(s)

2018-07-09 20:41:41 - [MESSAGE][PASSED] - Text of object 'Object Repository/BEP/Generic/DurationLow' is cleared

2018-07-09 20:41:43 - [MESSAGE][PASSED] - Delayed 2 second(s)

2018-07-09 20:41:55 - [MESSAGE][PASSED] - Text '15' is set on object 'Object Repository/BEP/Generic/DurationLow'

2018-07-09 20:41:57 - [MESSAGE][PASSED] - Delayed 2 second(s)

2018-07-09 20:42:03 - [MESSAGE][PASSED] - Text of object 'Object Repository/BEP/Generic/DurationHigh' is cleared

2018-07-09 20:42:05 - [MESSAGE][PASSED] - Delayed 2 second(s)

2018-07-09 20:42:17 - [MESSAGE][PASSED] - Text '15' is set on object 'Object Repository/BEP/Generic/DurationHigh'

2018-07-09 20:42:19 - [MESSAGE][PASSED] - Delayed 2 second(s)

2018-07-09 20:42:25 - [MESSAGE][PASSED] - Text of object 'Object Repository/BEP/Generic/PartnerHoursLow' is cleared

2018-07-09 20:42:27 - [MESSAGE][PASSED] - Delayed 2 second(s)

2018-07-09 20:42:40 - [MESSAGE][PASSED] - Text '15' is set on object 'Object Repository/BEP/Generic/PartnerHoursLow'

2018-07-09 20:42:42 - [MESSAGE][PASSED] - Delayed 2 second(s)

2018-07-09 20:42:48 - [MESSAGE][PASSED] - Text of object 'Object Repository/BEP/Generic/PartnerHoursHigh' is cleared

2018-07-09 20:42:50 - [MESSAGE][PASSED] - Delayed 2 second(s)

2018-07-09 20:43:02 - [MESSAGE][PASSED] - Text '15' is set on object 'Object Repository/BEP/Generic/PartnerHoursHigh'

2018-07-09 20:43:04 - [MESSAGE][PASSED] - Delayed 2 second(s)

2018-07-09 20:43:10 - [MESSAGE][PASSED] - Text of object 'Object Repository/BEP/Generic/Phase1StartDate' is cleared

2018-07-09 20:43:12 - [MESSAGE][PASSED] - Delayed 2 second(s)

2018-07-09 20:43:24 - [MESSAGE][PASSED] - Text '07/11/2018' is set on object 'Object Repository/BEP/Generic/Phase1StartDate'

2018-07-09 20:43:26 - [MESSAGE][PASSED] - Delayed 2 second(s)

2018-07-09 20:43:32 - [MESSAGE][PASSED] - Object: 'Object Repository/BEP/Generic/EstimationMethod' is clicked on

2018-07-09 20:43:37 - [MESSAGE][PASSED] - Delayed 5 second(s)

2018-07-09 20:43:44 - [MESSAGE][PASSED] - Keys 'BSW' sent to object: 'Object Repository/BEP/Generic/EstimationMethod'

2018-07-09 20:43:49 - [MESSAGE][PASSED] - Delayed 5 second(s)

2018-07-09 20:43:55 - [MESSAGE][PASSED] - Scroll to object 'Object Repository/Generic/NEXT_BUTTON' successfully

2018-07-09 20:44:01 - [MESSAGE][PASSED] - Object: 'Object Repository/Generic/NEXT_BUTTON' is clicked on

2018-07-09 20:44:06 - [MESSAGE][PASSED] - Delayed 5 second(s)

2018-07-09 20:44:12 - [MESSAGE][PASSED] - Object: 'Object Repository/BEP/Generic/BEPoutput' is clicked on

2018-07-09 20:44:17 - [MESSAGE][PASSED] - Delayed 5 second(s)

2018-07-09 20:44:41 - [MESSAGE][PASSED] - All options with value 'RFP in process' are selected in object 'Object Repository/BEP/Generic/ReasonCode' 

2018-07-09 20:44:47 - [MESSAGE][PASSED] - Scroll to object 'Object Repository/Generic/NEXT_BUTTON' successfully

2018-07-09 20:44:53 - [MESSAGE][PASSED] - Object: 'Object Repository/Generic/NEXT_BUTTON' is clicked on

2018-07-09 20:44:59 - [MESSAGE][PASSED] - Scroll to object 'Object Repository/Generic/FINISH_BUTTON' successfully

2018-07-09 20:45:06 - [MESSAGE][PASSED] - Object: 'Object Repository/Generic/FINISH_BUTTON' is clicked on

2018-07-09 20:45:12 - [MESSAGE][PASSED] - Wait for page load successfully

2018-07-09 20:45:17 - [MESSAGE][PASSED] - Delayed 5 second(s)

2018-07-09 20:45:23 - [MESSAGE][PASSED] - Text of object 'Object Repository/Generic/WOID' is: 'BEP-09Jul2018-12'

2018-07-09 20:45:24 - [MESSAGE][PASSED] - com.helper.commonfunct.BEP_CommonMethod.Estimate is PASSED

2018-07-09 20:45:24 - [TEST_STEP][PASSED] - Statement - While (WOSTATUS.contains("PENDING") && AssignmentList.size() > 0): null]]></system-out>
         <system-err><![CDATA[]]></system-err>
      </testcase>
      <testcase name="Test Cases/BEP/Create_Approve_Reject/CreateBEP_Approve_DataDriven" classname="Test Cases/BEP/Create_Approve_Reject/CreateBEP_Approve_DataDriven" status="FAILED">
         <failure type="FAILED" message="Unable to click on object 'Object Repository/Generic/New' (Root cause: com.kms.katalon.core.webui.exception.WebElementNotFoundException: Web element with id: 'Object Repository/Generic/New' located by 'By.xpath: //a[@class='menu-item-anchor menu-item-expand']' not found)"/>
         <system-out><![CDATA[2018-07-09 20:45:24 - [TEST_CASE][FAILED] - Test Cases/BEP/Create_Approve_Reject/CreateBEP_Approve_DataDriven: Test Cases/BEP/Create_Approve_Reject/CreateBEP_Approve_DataDriven FAILED because (of) Unable to click on object 'Object Repository/Generic/New' (Root cause: com.kms.katalon.core.webui.exception.WebElementNotFoundException: Web element with id: 'Object Repository/Generic/New' located by 'By.xpath: //a[@class='menu-item-anchor menu-item-expand']' not found)

2018-07-09 20:45:24 - [TEST_STEP][PASSED] - com.helper.commonfunct.commonutilities.login: com.helper.commonfunct.commonutilities.login is PASSED

2018-07-09 20:45:24 - [MESSAGE][WARNING] - A browser is already opened. Closing browser and opening a new one

2018-07-09 20:45:36 - [MESSAGE][PASSED] - Browser is opened with url: ''

2018-07-09 20:45:40 - [MESSAGE][PASSED] - Navigate to 'https://vdaqa.rpega.com:9030/daqa/PRServlet' successfully

2018-07-09 20:45:53 - [MESSAGE][PASSED] - Text '' is set on object 'Object Repository/Generic/input_UserIdentifier'

2018-07-09 20:46:05 - [MESSAGE][PASSED] - Text 'install' is set on object 'Object Repository/Generic/input_Password'

2018-07-09 20:46:11 - [MESSAGE][PASSED] - Keys 'ENTER + ' sent to object: 'Object Repository/Generic/input_Password'

2018-07-09 20:46:11 - [MESSAGE][PASSED] - com.helper.commonfunct.commonutilities.login is PASSED

2018-07-09 20:46:11 - [TEST_STEP][FAILED] - com.helper.commonfunct.BEP_CommonMethod.Estimate: Unable to click on object 'Object Repository/Generic/New' (Root cause: com.kms.katalon.core.webui.exception.WebElementNotFoundException: Web element with id: 'Object Repository/Generic/New' located by 'By.xpath: //a[@class='menu-item-anchor menu-item-expand']' not found)

2018-07-09 20:46:15 - [MESSAGE][PASSED] - Current window maximized

2018-07-09 20:46:17 - [MESSAGE][PASSED] - Delayed 2 second(s)

2018-07-09 20:46:52 - [MESSAGE][FAILED] - Unable to click on object 'Object Repository/Generic/New' (Root cause: com.kms.katalon.core.webui.exception.WebElementNotFoundException: Web element with id: 'Object Repository/Generic/New' located by 'By.xpath: //a[@class='menu-item-anchor menu-item-expand']' not found)
[[ATTACHMENT|C:\\DAUIAutomation\\Reports\\Estimate\\20180709_190354\\1531183609125.png]]

2018-07-09 20:46:52 - [MESSAGE][FAILED] - Unable to click on object 'Object Repository/Generic/New' (Root cause: com.kms.katalon.core.webui.exception.WebElementNotFoundException: Web element with id: 'Object Repository/Generic/New' located by 'By.xpath: //a[@class='menu-item-anchor menu-item-expand']' not found)]]></system-out>
         <system-err><![CDATA[2018-07-09 20:45:24 - [TEST_CASE][FAILED] - Test Cases/BEP/Create_Approve_Reject/CreateBEP_Approve_DataDriven: Test Cases/BEP/Create_Approve_Reject/CreateBEP_Approve_DataDriven FAILED because (of) Unable to click on object 'Object Repository/Generic/New' (Root cause: com.kms.katalon.core.webui.exception.WebElementNotFoundException: Web element with id: 'Object Repository/Generic/New' located by 'By.xpath: //a[@class='menu-item-anchor menu-item-expand']' not found)]]></system-err>
      </testcase>
      <testcase name="Test Cases/BEP/TestCases/TC_CreateBEP_All_Recall" classname="Test Cases/BEP/TestCases/TC_CreateBEP_All_Recall" status="FAILED">
         <failure type="FAILED" message="Unable to click on object 'Object Repository/BEP/Generic/recall' (Root cause: com.kms.katalon.core.webui.exception.WebElementNotFoundException: Web element with id: 'Object Repository/BEP/Generic/recall' located by 'By.xpath: //span[text()='Recall BEP']' not found)"/>
         <system-out><![CDATA[2018-07-09 20:46:52 - [TEST_CASE][FAILED] - Test Cases/BEP/TestCases/TC_CreateBEP_All_Recall: Test Cases/BEP/TestCases/TC_CreateBEP_All_Recall FAILED because (of) Unable to click on object 'Object Repository/BEP/Generic/recall' (Root cause: com.kms.katalon.core.webui.exception.WebElementNotFoundException: Web element with id: 'Object Repository/BEP/Generic/recall' located by 'By.xpath: //span[text()='Recall BEP']' not found)

2018-07-09 20:46:52 - [TEST_STEP][PASSED] - callTestCase: Call Test Case 'Test Cases/BEP/Create_Approve_Reject/Create_BEP_NoOutput' successfully

2018-07-09 20:46:52 - [TEST_CASE][PASSED] - Test Cases/BEP/Create_Approve_Reject/Create_BEP_NoOutput: Test Cases/BEP/Create_Approve_Reject/Create_BEP_NoOutput

2018-07-09 20:46:53 - [TEST_STEP][PASSED] - com.helper.commonfunct.commonutilities.login: com.helper.commonfunct.commonutilities.login is PASSED

2018-07-09 20:46:53 - [MESSAGE][WARNING] - A browser is already opened. Closing browser and opening a new one

2018-07-09 20:47:05 - [MESSAGE][PASSED] - Browser is opened with url: ''

2018-07-09 20:47:08 - [MESSAGE][PASSED] - Navigate to 'https://vdaqa.rpega.com:9030/daqa/PRServlet' successfully

2018-07-09 20:47:21 - [MESSAGE][PASSED] - Text 'hendj@pegasystems.com' is set on object 'Object Repository/Generic/input_UserIdentifier'

2018-07-09 20:47:33 - [MESSAGE][PASSED] - Text 'install' is set on object 'Object Repository/Generic/input_Password'

2018-07-09 20:47:41 - [MESSAGE][PASSED] - Keys 'ENTER + ' sent to object: 'Object Repository/Generic/input_Password'

2018-07-09 20:47:41 - [MESSAGE][PASSED] - com.helper.commonfunct.commonutilities.login is PASSED

2018-07-09 20:47:41 - [TEST_STEP][PASSED] - com.helper.commonfunct.BEP_CommonMethod.Estimate: com.helper.commonfunct.BEP_CommonMethod.Estimate is PASSED

2018-07-09 20:47:45 - [MESSAGE][PASSED] - Current window maximized

2018-07-09 20:47:47 - [MESSAGE][PASSED] - Delayed 2 second(s)

2018-07-09 20:47:54 - [MESSAGE][PASSED] - Object: 'Object Repository/Generic/New' is clicked on

2018-07-09 20:47:58 - [MESSAGE][PASSED] - Delayed 4 second(s)

2018-07-09 20:48:04 - [MESSAGE][PASSED] - Object: 'Object Repository/BEP/Generic/EstimateLink' is clicked on

2018-07-09 20:48:08 - [MESSAGE][PASSED] - Delayed 4 second(s)

2018-07-09 20:48:14 - [MESSAGE][PASSED] - Object: 'Object Repository/ECR/Generic/WOTAB' is clicked on

2018-07-09 20:48:17 - [MESSAGE][PASSED] - Wait for page load successfully

2018-07-09 20:48:28 - [MESSAGE][PASSED] - Delayed 5 second(s)

2018-07-09 20:49:02 - [MESSAGE][WARNING] - Object 'Object Repository/BEP/Generic/import' is not visible after 30 second(s)

2018-07-09 20:49:13 - [MESSAGE][PASSED] - Delayed 5 second(s)

2018-07-09 20:49:19 - [MESSAGE][PASSED] - File 'C:\DAUIAutomation\Data Files\BEP\Estimate.xlsm' sent to object: 'Object Repository/Generic/FilePath'

2018-07-09 20:49:24 - [MESSAGE][PASSED] - Delayed 5 second(s)

2018-07-09 20:49:31 - [MESSAGE][PASSED] - Object: 'Object Repository/Generic/button_Submit' is clicked on

2018-07-09 20:49:41 - [MESSAGE][PASSED] - Delayed 10 second(s)

2018-07-09 20:49:53 - [MESSAGE][PASSED] - Text 'BOFA' is set on object 'Object Repository/Generic/ORG'

2018-07-09 20:50:00 - [MESSAGE][PASSED] - Delayed 7 second(s)

2018-07-09 20:50:06 - [MESSAGE][PASSED] - Keys 'TAB + ' sent to object: 'Object Repository/Generic/ORG'

2018-07-09 20:50:13 - [MESSAGE][PASSED] - Delayed 7 second(s)

2018-07-09 20:50:25 - [MESSAGE][PASSED] - Text 'BOFA' is set on object 'Object Repository/Generic/ACC'

2018-07-09 20:50:32 - [MESSAGE][PASSED] - Delayed 7 second(s)

2018-07-09 20:50:38 - [MESSAGE][PASSED] - Keys 'TAB + ' sent to object: 'Object Repository/Generic/ACC'

2018-07-09 20:50:43 - [MESSAGE][PASSED] - Delayed 5 second(s)

2018-07-09 20:50:51 - [MESSAGE][PASSED] - Text 'The engagement you entered doesn't match' is present on page 

2018-07-09 20:51:03 - [MESSAGE][PASSED] - Text 'AUTOTEST1' is set on object 'Object Repository/Generic/ENG_DESC'

2018-07-09 20:51:08 - [MESSAGE][PASSED] - Delayed 5 second(s)

2018-07-09 20:51:19 - [MESSAGE][PASSED] - Delayed 5 second(s)

2018-07-09 20:51:43 - [MESSAGE][PASSED] - All options with value 'PRD-409' are selected in object 'Object Repository/Generic/PlatformID' 

2018-07-09 20:51:48 - [MESSAGE][PASSED] - Delayed 5 second(s)

2018-07-09 20:52:12 - [MESSAGE][PASSED] - All options with value 'RLS-3176' are selected in object 'Object Repository/Generic/PlatformVersion' 

2018-07-09 20:52:17 - [MESSAGE][PASSED] - Delayed 5 second(s)

2018-07-09 20:52:24 - [MESSAGE][PASSED] - Object: 'Object Repository/Generic/PlatformTrue' is clicked on

2018-07-09 20:52:29 - [MESSAGE][PASSED] - Delayed 5 second(s)

2018-07-09 20:52:50 - [MESSAGE][PASSED] - All options with value 'hendj@pegasystems.com' are selected in object 'Object Repository/EngInfo/PL' 

2018-07-09 20:52:55 - [MESSAGE][PASSED] - Delayed 5 second(s)

2018-07-09 20:53:02 - [MESSAGE][PASSED] - Text 'PL Team Leader' is present on page 

2018-07-09 20:53:23 - [MESSAGE][PASSED] - All options with value 'higgr@pegasystems.com' are selected in object 'Object Repository/EngInfo/PLTL' 

2018-07-09 20:53:28 - [MESSAGE][PASSED] - Delayed 5 second(s)

2018-07-09 20:53:52 - [MESSAGE][PASSED] - All options with value 'waink@pegasystems.com' are selected in object 'Object Repository/EngInfo/RD' 

2018-07-09 20:53:57 - [MESSAGE][PASSED] - Delayed 5 second(s)

2018-07-09 20:54:18 - [MESSAGE][PASSED] - All options with value 'panee@pegasystems.com' are selected in object 'Object Repository/EngInfo/RL' 

2018-07-09 20:54:23 - [MESSAGE][PASSED] - Delayed 5 second(s)

2018-07-09 20:54:29 - [MESSAGE][PASSED] - Scroll to object 'Object Repository/Generic/NEXT_BUTTON' successfully

2018-07-09 20:54:36 - [MESSAGE][PASSED] - Object: 'Object Repository/Generic/NEXT_BUTTON' is clicked on

2018-07-09 20:54:41 - [MESSAGE][PASSED] - Delayed 5 second(s)

2018-07-09 20:54:44 - [MESSAGE][PASSED] - Wait for page load successfully

2018-07-09 20:54:46 - [MESSAGE][PASSED] - Delayed 2 second(s)

2018-07-09 20:54:52 - [MESSAGE][PASSED] - Text of object 'Object Repository/BEP/Generic/DurationLow' is cleared

2018-07-09 20:54:54 - [MESSAGE][PASSED] - Delayed 2 second(s)

2018-07-09 20:55:06 - [MESSAGE][PASSED] - Text '15' is set on object 'Object Repository/BEP/Generic/DurationLow'

2018-07-09 20:55:08 - [MESSAGE][PASSED] - Delayed 2 second(s)

2018-07-09 20:55:14 - [MESSAGE][PASSED] - Text of object 'Object Repository/BEP/Generic/DurationHigh' is cleared

2018-07-09 20:55:16 - [MESSAGE][PASSED] - Delayed 2 second(s)

2018-07-09 20:55:28 - [MESSAGE][PASSED] - Text '15' is set on object 'Object Repository/BEP/Generic/DurationHigh'

2018-07-09 20:55:30 - [MESSAGE][PASSED] - Delayed 2 second(s)

2018-07-09 20:55:36 - [MESSAGE][PASSED] - Text of object 'Object Repository/BEP/Generic/PartnerHoursLow' is cleared

2018-07-09 20:55:38 - [MESSAGE][PASSED] - Delayed 2 second(s)

2018-07-09 20:55:50 - [MESSAGE][PASSED] - Text '15' is set on object 'Object Repository/BEP/Generic/PartnerHoursLow'

2018-07-09 20:55:52 - [MESSAGE][PASSED] - Delayed 2 second(s)

2018-07-09 20:55:58 - [MESSAGE][PASSED] - Text of object 'Object Repository/BEP/Generic/PartnerHoursHigh' is cleared

2018-07-09 20:56:00 - [MESSAGE][PASSED] - Delayed 2 second(s)

2018-07-09 20:56:13 - [MESSAGE][PASSED] - Text '15' is set on object 'Object Repository/BEP/Generic/PartnerHoursHigh'

2018-07-09 20:56:15 - [MESSAGE][PASSED] - Delayed 2 second(s)

2018-07-09 20:56:21 - [MESSAGE][PASSED] - Text of object 'Object Repository/BEP/Generic/Phase1StartDate' is cleared

2018-07-09 20:56:23 - [MESSAGE][PASSED] - Delayed 2 second(s)

2018-07-09 20:56:35 - [MESSAGE][PASSED] - Text '07/11/2018' is set on object 'Object Repository/BEP/Generic/Phase1StartDate'

2018-07-09 20:56:37 - [MESSAGE][PASSED] - Delayed 2 second(s)

2018-07-09 20:56:43 - [MESSAGE][PASSED] - Object: 'Object Repository/BEP/Generic/EstimationMethod' is clicked on

2018-07-09 20:56:48 - [MESSAGE][PASSED] - Delayed 5 second(s)

2018-07-09 20:56:54 - [MESSAGE][PASSED] - Keys 'BSW' sent to object: 'Object Repository/BEP/Generic/EstimationMethod'

2018-07-09 20:56:59 - [MESSAGE][PASSED] - Delayed 5 second(s)

2018-07-09 20:57:05 - [MESSAGE][PASSED] - Scroll to object 'Object Repository/Generic/NEXT_BUTTON' successfully

2018-07-09 20:57:12 - [MESSAGE][PASSED] - Object: 'Object Repository/Generic/NEXT_BUTTON' is clicked on

2018-07-09 20:57:17 - [MESSAGE][PASSED] - Delayed 5 second(s)

2018-07-09 20:57:23 - [MESSAGE][PASSED] - Object: 'Object Repository/BEP/Generic/BEPoutput' is clicked on

2018-07-09 20:57:28 - [MESSAGE][PASSED] - Delayed 5 second(s)

2018-07-09 20:57:52 - [MESSAGE][PASSED] - All options with value 'RFP in process' are selected in object 'Object Repository/BEP/Generic/ReasonCode' 

2018-07-09 20:57:58 - [MESSAGE][PASSED] - Scroll to object 'Object Repository/Generic/NEXT_BUTTON' successfully

2018-07-09 20:58:04 - [MESSAGE][PASSED] - Object: 'Object Repository/Generic/NEXT_BUTTON' is clicked on

2018-07-09 20:58:10 - [MESSAGE][PASSED] - Scroll to object 'Object Repository/Generic/FINISH_BUTTON' successfully

2018-07-09 20:58:16 - [MESSAGE][PASSED] - Object: 'Object Repository/Generic/FINISH_BUTTON' is clicked on

2018-07-09 20:58:23 - [MESSAGE][PASSED] - Wait for page load successfully

2018-07-09 20:58:28 - [MESSAGE][PASSED] - Delayed 5 second(s)

2018-07-09 20:58:34 - [MESSAGE][PASSED] - Text of object 'Object Repository/Generic/WOID' is: 'BEP-09Jul2018-13'

2018-07-09 20:58:34 - [MESSAGE][PASSED] - com.helper.commonfunct.BEP_CommonMethod.Estimate is PASSED

2018-07-09 20:58:34 - [TEST_STEP][PASSED] - com.helper.commonfunct.commonutilities.searchStatus: com.helper.commonfunct.commonutilities.searchStatus is PASSED

2018-07-09 20:58:37 - [MESSAGE][PASSED] - Wait for page load successfully

2018-07-09 20:58:57 - [MESSAGE][PASSED] - Delayed 2 second(s)

2018-07-09 20:59:06 - [MESSAGE][PASSED] - Delayed 2 second(s)

2018-07-09 20:59:15 - [MESSAGE][PASSED] - com.helper.commonfunct.commonutilities.searchStatus is PASSED

2018-07-09 20:59:15 - [MESSAGE][PASSED] - Call Test Case 'Test Cases/BEP/Create_Approve_Reject/Create_BEP_NoOutput' successfully

2018-07-09 20:59:15 - [TEST_STEP][PASSED] - com.helper.commonfunct.commonutilities.setprop: com.helper.commonfunct.commonutilities.setprop is PASSED

2018-07-09 20:59:15 - [MESSAGE][PASSED] - com.helper.commonfunct.commonutilities.setprop is PASSED

2018-07-09 20:59:15 - [TEST_STEP][FAILED] - callTestCase: Unable to call Test Case with id 'Test Cases/BEP/Create_Approve_Reject/All_Approval_Recall' (Root cause: Call Test Case 'Test Cases/BEP/Create_Approve_Reject/All_Approval_Recall' failed)

2018-07-09 20:59:15 - [TEST_CASE][FAILED] - Test Cases/BEP/Create_Approve_Reject/All_Approval_Recall: Test Cases/BEP/Create_Approve_Reject/All_Approval_Recall FAILED because (of) Unable to click on object 'Object Repository/BEP/Generic/recall' (Root cause: com.kms.katalon.core.webui.exception.WebElementNotFoundException: Web element with id: 'Object Repository/BEP/Generic/recall' located by 'By.xpath: //span[text()='Recall BEP']' not found)

2018-07-09 20:59:15 - [TEST_STEP][NOT_RUN] - com.helper.commonfunct.commonutilities.login: NOT_RUN: com.helper.commonfunct.commonutilities.login

2018-07-09 20:59:15 - [MESSAGE][NOT_RUN] - NOT_RUN: com.helper.commonfunct.commonutilities.login

2018-07-09 20:59:15 - [TEST_STEP][NOT_RUN] - com.helper.commonfunct.commonutilities.search: NOT_RUN: com.helper.commonfunct.commonutilities.search

2018-07-09 20:59:15 - [MESSAGE][NOT_RUN] - NOT_RUN: com.helper.commonfunct.commonutilities.search

2018-07-09 20:59:15 - [TEST_STEP][NOT_RUN] - switchToFrame: NOT_RUN: switchToFrame

2018-07-09 20:59:15 - [MESSAGE][NOT_RUN] - NOT_RUN: switchToFrame

2018-07-09 20:59:15 - [TEST_STEP][FAILED] - Statement - While (WOSTATUS.contains("PENDING") && AssignmentList.size() > 0): Unable to click on object 'Object Repository/BEP/Generic/recall' (Root cause: com.kms.katalon.core.webui.exception.WebElementNotFoundException: Web element with id: 'Object Repository/BEP/Generic/recall' located by 'By.xpath: //span[text()='Recall BEP']' not found)

2018-07-09 20:59:15 - [TEST_STEP][PASSED] - Statement - Status = text: null

2018-07-09 20:59:18 - [TEST_STEP][PASSED] - Statement - println(Status): null

2018-07-09 20:59:18 - [TEST_STEP][FAILED] - Statement - If (Status == "Pending-RDApproval"): Unable to click on object 'Object Repository/BEP/Generic/recall' (Root cause: com.kms.katalon.core.webui.exception.WebElementNotFoundException: Web element with id: 'Object Repository/BEP/Generic/recall' located by 'By.xpath: //span[text()='Recall BEP']' not found)

2018-07-09 20:59:18 - [TEST_STEP][PASSED] - Statement - If (RDRecall == false): null

2018-07-09 20:59:18 - [TEST_STEP][FAILED] - Statement - Else: Unable to click on object 'Object Repository/BEP/Generic/recall' (Root cause: com.kms.katalon.core.webui.exception.WebElementNotFoundException: Web element with id: 'Object Repository/BEP/Generic/recall' located by 'By.xpath: //span[text()='Recall BEP']' not found)

2018-07-09 20:59:18 - [TEST_STEP][PASSED] - com.helper.commonfunct.commonutilities.login: com.helper.commonfunct.commonutilities.login is PASSED

2018-07-09 20:59:18 - [MESSAGE][WARNING] - A browser is already opened. Closing browser and opening a new one

2018-07-09 20:59:31 - [MESSAGE][PASSED] - Browser is opened with url: ''

2018-07-09 20:59:34 - [MESSAGE][PASSED] - Navigate to 'https://vdaqa.rpega.com:9030/daqa/PRServlet' successfully

2018-07-09 20:59:46 - [MESSAGE][PASSED] - Text 'hendj@pegasystems.com' is set on object 'Object Repository/Generic/input_UserIdentifier'

2018-07-09 20:59:58 - [MESSAGE][PASSED] - Text 'install' is set on object 'Object Repository/Generic/input_Password'

2018-07-09 21:00:06 - [MESSAGE][PASSED] - Keys 'ENTER + ' sent to object: 'Object Repository/Generic/input_Password'

2018-07-09 21:00:06 - [MESSAGE][PASSED] - com.helper.commonfunct.commonutilities.login is PASSED

2018-07-09 21:00:06 - [TEST_STEP][PASSED] - com.helper.commonfunct.commonutilities.search: com.helper.commonfunct.commonutilities.search is PASSED

2018-07-09 21:00:10 - [MESSAGE][PASSED] - Current window maximized

2018-07-09 21:00:15 - [MESSAGE][PASSED] - Delayed 5 second(s)

2018-07-09 21:00:28 - [MESSAGE][PASSED] - Text 'BEP-09Jul2018-13' is set on object 'Object Repository/EngInfo/search'

2018-07-09 21:00:31 - [MESSAGE][PASSED] - Delayed 3 second(s)

2018-07-09 21:00:37 - [MESSAGE][PASSED] - Keys 'ENTER + ' sent to object: 'Object Repository/EngInfo/search'

2018-07-09 21:00:44 - [MESSAGE][WARNING] - No alert found after 3 second(s).
[[ATTACHMENT|C:\\DAUIAutomation\\Reports\\Estimate\\20180709_190354\\1531184441529.png]]

2018-07-09 21:00:47 - [MESSAGE][PASSED] - Wait for page load successfully

2018-07-09 21:00:47 - [MESSAGE][PASSED] - com.helper.commonfunct.commonutilities.search is PASSED

2018-07-09 21:00:47 - [TEST_STEP][FAILED] - com.helper.commonfunct.BEP_CommonMethod.recall: Unable to click on object 'Object Repository/BEP/Generic/recall' (Root cause: com.kms.katalon.core.webui.exception.WebElementNotFoundException: Web element with id: 'Object Repository/BEP/Generic/recall' located by 'By.xpath: //span[text()='Recall BEP']' not found)

2018-07-09 21:00:52 - [MESSAGE][PASSED] - Delayed 5 second(s)

2018-07-09 21:01:05 - [MESSAGE][PASSED] - Object: 'Object Repository/Generic/otherAction' is clicked on

2018-07-09 21:01:10 - [MESSAGE][PASSED] - Delayed 5 second(s)

2018-07-09 21:01:45 - [MESSAGE][FAILED] - Unable to click on object 'Object Repository/BEP/Generic/recall' (Root cause: com.kms.katalon.core.webui.exception.WebElementNotFoundException: Web element with id: 'Object Repository/BEP/Generic/recall' located by 'By.xpath: //span[text()='Recall BEP']' not found)
[[ATTACHMENT|C:\\DAUIAutomation\\Reports\\Estimate\\20180709_190354\\1531184501908.png]]

2018-07-09 21:01:45 - [MESSAGE][FAILED] - Unable to click on object 'Object Repository/BEP/Generic/recall' (Root cause: com.kms.katalon.core.webui.exception.WebElementNotFoundException: Web element with id: 'Object Repository/BEP/Generic/recall' located by 'By.xpath: //span[text()='Recall BEP']' not found)

2018-07-09 21:01:45 - [MESSAGE][FAILED] - Unable to call Test Case with id 'Test Cases/BEP/Create_Approve_Reject/All_Approval_Recall' (Root cause: Call Test Case 'Test Cases/BEP/Create_Approve_Reject/All_Approval_Recall' failed)]]></system-out>
         <system-err><![CDATA[2018-07-09 20:46:52 - [TEST_CASE][FAILED] - Test Cases/BEP/TestCases/TC_CreateBEP_All_Recall: Test Cases/BEP/TestCases/TC_CreateBEP_All_Recall FAILED because (of) Unable to click on object 'Object Repository/BEP/Generic/recall' (Root cause: com.kms.katalon.core.webui.exception.WebElementNotFoundException: Web element with id: 'Object Repository/BEP/Generic/recall' located by 'By.xpath: //span[text()='Recall BEP']' not found)]]></system-err>
      </testcase>
      <testcase name="Test Cases/BEP/TestCases/TC_CreateBEP_All_Reject" classname="Test Cases/BEP/TestCases/TC_CreateBEP_All_Reject" status="PASSED">
         <system-out><![CDATA[2018-07-09 21:01:45 - [TEST_CASE][PASSED] - Test Cases/BEP/TestCases/TC_CreateBEP_All_Reject: Test Cases/BEP/TestCases/TC_CreateBEP_All_Reject

2018-07-09 21:01:45 - [TEST_STEP][PASSED] - callTestCase: Call Test Case 'Test Cases/BEP/Create_Approve_Reject/Create_BEP_NoOutput' successfully

2018-07-09 21:01:45 - [TEST_CASE][PASSED] - Test Cases/BEP/Create_Approve_Reject/Create_BEP_NoOutput: Test Cases/BEP/Create_Approve_Reject/Create_BEP_NoOutput

2018-07-09 21:01:46 - [TEST_STEP][PASSED] - com.helper.commonfunct.commonutilities.login: com.helper.commonfunct.commonutilities.login is PASSED

2018-07-09 21:01:46 - [MESSAGE][WARNING] - A browser is already opened. Closing browser and opening a new one

2018-07-09 21:01:59 - [MESSAGE][PASSED] - Browser is opened with url: ''

2018-07-09 21:02:02 - [MESSAGE][PASSED] - Navigate to 'https://vdaqa.rpega.com:9030/daqa/PRServlet' successfully

2018-07-09 21:02:14 - [MESSAGE][PASSED] - Text 'hendj@pegasystems.com' is set on object 'Object Repository/Generic/input_UserIdentifier'

2018-07-09 21:02:26 - [MESSAGE][PASSED] - Text 'install' is set on object 'Object Repository/Generic/input_Password'

2018-07-09 21:02:35 - [MESSAGE][PASSED] - Keys 'ENTER + ' sent to object: 'Object Repository/Generic/input_Password'

2018-07-09 21:02:35 - [MESSAGE][PASSED] - com.helper.commonfunct.commonutilities.login is PASSED

2018-07-09 21:02:35 - [TEST_STEP][PASSED] - com.helper.commonfunct.BEP_CommonMethod.Estimate: com.helper.commonfunct.BEP_CommonMethod.Estimate is PASSED

2018-07-09 21:02:39 - [MESSAGE][PASSED] - Current window maximized

2018-07-09 21:02:41 - [MESSAGE][PASSED] - Delayed 2 second(s)

2018-07-09 21:02:47 - [MESSAGE][PASSED] - Object: 'Object Repository/Generic/New' is clicked on

2018-07-09 21:02:51 - [MESSAGE][PASSED] - Delayed 4 second(s)

2018-07-09 21:02:58 - [MESSAGE][PASSED] - Object: 'Object Repository/BEP/Generic/EstimateLink' is clicked on

2018-07-09 21:03:02 - [MESSAGE][PASSED] - Delayed 4 second(s)

2018-07-09 21:03:08 - [MESSAGE][PASSED] - Object: 'Object Repository/ECR/Generic/WOTAB' is clicked on

2018-07-09 21:03:11 - [MESSAGE][PASSED] - Wait for page load successfully

2018-07-09 21:03:22 - [MESSAGE][PASSED] - Delayed 5 second(s)

2018-07-09 21:03:56 - [MESSAGE][WARNING] - Object 'Object Repository/BEP/Generic/import' is not visible after 30 second(s)

2018-07-09 21:04:07 - [MESSAGE][PASSED] - Delayed 5 second(s)

2018-07-09 21:04:13 - [MESSAGE][PASSED] - File 'C:\DAUIAutomation\Data Files\BEP\Estimate.xlsm' sent to object: 'Object Repository/Generic/FilePath'

2018-07-09 21:04:18 - [MESSAGE][PASSED] - Delayed 5 second(s)

2018-07-09 21:04:24 - [MESSAGE][PASSED] - Object: 'Object Repository/Generic/button_Submit' is clicked on

2018-07-09 21:04:34 - [MESSAGE][PASSED] - Delayed 10 second(s)

2018-07-09 21:04:47 - [MESSAGE][PASSED] - Text 'BOFA' is set on object 'Object Repository/Generic/ORG'

2018-07-09 21:04:54 - [MESSAGE][PASSED] - Delayed 7 second(s)

2018-07-09 21:05:00 - [MESSAGE][PASSED] - Keys 'TAB + ' sent to object: 'Object Repository/Generic/ORG'

2018-07-09 21:05:07 - [MESSAGE][PASSED] - Delayed 7 second(s)

2018-07-09 21:05:19 - [MESSAGE][PASSED] - Text 'BOFA' is set on object 'Object Repository/Generic/ACC'

2018-07-09 21:05:26 - [MESSAGE][PASSED] - Delayed 7 second(s)

2018-07-09 21:05:32 - [MESSAGE][PASSED] - Keys 'TAB + ' sent to object: 'Object Repository/Generic/ACC'

2018-07-09 21:05:37 - [MESSAGE][PASSED] - Delayed 5 second(s)

2018-07-09 21:05:44 - [MESSAGE][PASSED] - Text 'The engagement you entered doesn't match' is present on page 

2018-07-09 21:05:57 - [MESSAGE][PASSED] - Text 'AUTOTEST1' is set on object 'Object Repository/Generic/ENG_DESC'

2018-07-09 21:06:02 - [MESSAGE][PASSED] - Delayed 5 second(s)

2018-07-09 21:06:13 - [MESSAGE][PASSED] - Delayed 5 second(s)

2018-07-09 21:06:37 - [MESSAGE][PASSED] - All options with value 'PRD-409' are selected in object 'Object Repository/Generic/PlatformID' 

2018-07-09 21:06:42 - [MESSAGE][PASSED] - Delayed 5 second(s)

2018-07-09 21:07:06 - [MESSAGE][PASSED] - All options with value 'RLS-3176' are selected in object 'Object Repository/Generic/PlatformVersion' 

2018-07-09 21:07:11 - [MESSAGE][PASSED] - Delayed 5 second(s)

2018-07-09 21:07:17 - [MESSAGE][PASSED] - Object: 'Object Repository/Generic/PlatformTrue' is clicked on

2018-07-09 21:07:22 - [MESSAGE][PASSED] - Delayed 5 second(s)

2018-07-09 21:07:43 - [MESSAGE][PASSED] - All options with value 'hendj@pegasystems.com' are selected in object 'Object Repository/EngInfo/PL' 

2018-07-09 21:07:48 - [MESSAGE][PASSED] - Delayed 5 second(s)

2018-07-09 21:07:56 - [MESSAGE][PASSED] - Text 'PL Team Leader' is present on page 

2018-07-09 21:08:17 - [MESSAGE][PASSED] - All options with value 'higgr@pegasystems.com' are selected in object 'Object Repository/EngInfo/PLTL' 

2018-07-09 21:08:22 - [MESSAGE][PASSED] - Delayed 5 second(s)

2018-07-09 21:08:46 - [MESSAGE][PASSED] - All options with value 'waink@pegasystems.com' are selected in object 'Object Repository/EngInfo/RD' 

2018-07-09 21:08:51 - [MESSAGE][PASSED] - Delayed 5 second(s)

2018-07-09 21:09:12 - [MESSAGE][PASSED] - All options with value 'panee@pegasystems.com' are selected in object 'Object Repository/EngInfo/RL' 

2018-07-09 21:09:17 - [MESSAGE][PASSED] - Delayed 5 second(s)

2018-07-09 21:09:23 - [MESSAGE][PASSED] - Scroll to object 'Object Repository/Generic/NEXT_BUTTON' successfully

2018-07-09 21:09:29 - [MESSAGE][PASSED] - Object: 'Object Repository/Generic/NEXT_BUTTON' is clicked on

2018-07-09 21:09:34 - [MESSAGE][PASSED] - Delayed 5 second(s)

2018-07-09 21:09:37 - [MESSAGE][PASSED] - Wait for page load successfully

2018-07-09 21:09:39 - [MESSAGE][PASSED] - Delayed 2 second(s)

2018-07-09 21:09:45 - [MESSAGE][PASSED] - Text of object 'Object Repository/BEP/Generic/DurationLow' is cleared

2018-07-09 21:09:47 - [MESSAGE][PASSED] - Delayed 2 second(s)

2018-07-09 21:10:00 - [MESSAGE][PASSED] - Text '15' is set on object 'Object Repository/BEP/Generic/DurationLow'

2018-07-09 21:10:02 - [MESSAGE][PASSED] - Delayed 2 second(s)

2018-07-09 21:10:08 - [MESSAGE][PASSED] - Text of object 'Object Repository/BEP/Generic/DurationHigh' is cleared

2018-07-09 21:10:10 - [MESSAGE][PASSED] - Delayed 2 second(s)

2018-07-09 21:10:22 - [MESSAGE][PASSED] - Text '15' is set on object 'Object Repository/BEP/Generic/DurationHigh'

2018-07-09 21:10:24 - [MESSAGE][PASSED] - Delayed 2 second(s)

2018-07-09 21:10:30 - [MESSAGE][PASSED] - Text of object 'Object Repository/BEP/Generic/PartnerHoursLow' is cleared

2018-07-09 21:10:32 - [MESSAGE][PASSED] - Delayed 2 second(s)

2018-07-09 21:10:44 - [MESSAGE][PASSED] - Text '15' is set on object 'Object Repository/BEP/Generic/PartnerHoursLow'

2018-07-09 21:10:46 - [MESSAGE][PASSED] - Delayed 2 second(s)

2018-07-09 21:10:52 - [MESSAGE][PASSED] - Text of object 'Object Repository/BEP/Generic/PartnerHoursHigh' is cleared

2018-07-09 21:10:54 - [MESSAGE][PASSED] - Delayed 2 second(s)

2018-07-09 21:11:06 - [MESSAGE][PASSED] - Text '15' is set on object 'Object Repository/BEP/Generic/PartnerHoursHigh'

2018-07-09 21:11:08 - [MESSAGE][PASSED] - Delayed 2 second(s)

2018-07-09 21:11:15 - [MESSAGE][PASSED] - Text of object 'Object Repository/BEP/Generic/Phase1StartDate' is cleared

2018-07-09 21:11:17 - [MESSAGE][PASSED] - Delayed 2 second(s)

2018-07-09 21:11:29 - [MESSAGE][PASSED] - Text '07/11/2018' is set on object 'Object Repository/BEP/Generic/Phase1StartDate'

2018-07-09 21:11:31 - [MESSAGE][PASSED] - Delayed 2 second(s)

2018-07-09 21:11:37 - [MESSAGE][PASSED] - Object: 'Object Repository/BEP/Generic/EstimationMethod' is clicked on

2018-07-09 21:11:42 - [MESSAGE][PASSED] - Delayed 5 second(s)

2018-07-09 21:11:48 - [MESSAGE][PASSED] - Keys 'BSW' sent to object: 'Object Repository/BEP/Generic/EstimationMethod'

2018-07-09 21:11:53 - [MESSAGE][PASSED] - Delayed 5 second(s)

2018-07-09 21:11:59 - [MESSAGE][PASSED] - Scroll to object 'Object Repository/Generic/NEXT_BUTTON' successfully

2018-07-09 21:12:05 - [MESSAGE][PASSED] - Object: 'Object Repository/Generic/NEXT_BUTTON' is clicked on

2018-07-09 21:12:10 - [MESSAGE][PASSED] - Delayed 5 second(s)

2018-07-09 21:12:17 - [MESSAGE][PASSED] - Object: 'Object Repository/BEP/Generic/BEPoutput' is clicked on

2018-07-09 21:12:22 - [MESSAGE][PASSED] - Delayed 5 second(s)

2018-07-09 21:12:46 - [MESSAGE][PASSED] - All options with value 'RFP in process' are selected in object 'Object Repository/BEP/Generic/ReasonCode' 

2018-07-09 21:12:52 - [MESSAGE][PASSED] - Scroll to object 'Object Repository/Generic/NEXT_BUTTON' successfully

2018-07-09 21:12:58 - [MESSAGE][PASSED] - Object: 'Object Repository/Generic/NEXT_BUTTON' is clicked on

2018-07-09 21:13:04 - [MESSAGE][PASSED] - Scroll to object 'Object Repository/Generic/FINISH_BUTTON' successfully

2018-07-09 21:13:10 - [MESSAGE][PASSED] - Object: 'Object Repository/Generic/FINISH_BUTTON' is clicked on

2018-07-09 21:13:13 - [MESSAGE][PASSED] - Wait for page load successfully

2018-07-09 21:13:18 - [MESSAGE][PASSED] - Delayed 5 second(s)

2018-07-09 21:13:24 - [MESSAGE][PASSED] - Text of object 'Object Repository/Generic/WOID' is: 'BEP-09Jul2018-14'

2018-07-09 21:13:24 - [MESSAGE][PASSED] - com.helper.commonfunct.BEP_CommonMethod.Estimate is PASSED

2018-07-09 21:13:24 - [TEST_STEP][PASSED] - com.helper.commonfunct.commonutilities.searchStatus: com.helper.commonfunct.commonutilities.searchStatus is PASSED

2018-07-09 21:13:27 - [MESSAGE][PASSED] - Wait for page load successfully

2018-07-09 21:13:47 - [MESSAGE][PASSED] - Delayed 2 second(s)

2018-07-09 21:13:55 - [MESSAGE][PASSED] - Delayed 2 second(s)

2018-07-09 21:14:05 - [MESSAGE][PASSED] - com.helper.commonfunct.commonutilities.searchStatus is PASSED

2018-07-09 21:14:05 - [MESSAGE][PASSED] - Call Test Case 'Test Cases/BEP/Create_Approve_Reject/Create_BEP_NoOutput' successfully

2018-07-09 21:14:05 - [TEST_STEP][PASSED] - com.helper.commonfunct.commonutilities.setprop: com.helper.commonfunct.commonutilities.setprop is PASSED

2018-07-09 21:14:05 - [MESSAGE][PASSED] - com.helper.commonfunct.commonutilities.setprop is PASSED

2018-07-09 21:14:05 - [TEST_STEP][PASSED] - callTestCase: Call Test Case 'Test Cases/BEP/Create_Approve_Reject/All_Approval_Reject' successfully

2018-07-09 21:14:05 - [TEST_CASE][PASSED] - Test Cases/BEP/Create_Approve_Reject/All_Approval_Reject: Test Cases/BEP/Create_Approve_Reject/All_Approval_Reject

2018-07-09 21:14:05 - [TEST_STEP][NOT_RUN] - com.helper.commonfunct.commonutilities.login: NOT_RUN: com.helper.commonfunct.commonutilities.login

2018-07-09 21:14:05 - [MESSAGE][NOT_RUN] - NOT_RUN: com.helper.commonfunct.commonutilities.login

2018-07-09 21:14:05 - [TEST_STEP][NOT_RUN] - com.helper.commonfunct.commonutilities.search: NOT_RUN: com.helper.commonfunct.commonutilities.search

2018-07-09 21:14:05 - [MESSAGE][NOT_RUN] - NOT_RUN: com.helper.commonfunct.commonutilities.search

2018-07-09 21:14:05 - [TEST_STEP][NOT_RUN] - switchToFrame: NOT_RUN: switchToFrame

2018-07-09 21:14:05 - [MESSAGE][NOT_RUN] - NOT_RUN: switchToFrame

2018-07-09 21:14:05 - [TEST_STEP][NOT_RUN] - com.helper.commonfunct.commonutilities.setprop: NOT_RUN: com.helper.commonfunct.commonutilities.setprop

2018-07-09 21:14:05 - [MESSAGE][NOT_RUN] - NOT_RUN: com.helper.commonfunct.commonutilities.setprop

2018-07-09 21:14:05 - [TEST_STEP][PASSED] - Statement - While (WOSTATUS.contains("PENDING") && AssignmentList.size() > 0): com.helper.commonfunct.commonutilities.searchStatus is PASSED

2018-07-09 21:14:05 - [TEST_STEP][PASSED] - Statement - Status = text: null

2018-07-09 21:14:08 - [TEST_STEP][PASSED] - Statement - println(Status): null

2018-07-09 21:14:08 - [TEST_STEP][PASSED] - Statement - If (Status == "Pending-RDApproval"): null

2018-07-09 21:14:08 - [TEST_STEP][PASSED] - Statement - If (RDReject == false): null

2018-07-09 21:14:08 - [TEST_STEP][PASSED] - Statement - Else: null

2018-07-09 21:14:08 - [TEST_STEP][PASSED] - com.helper.commonfunct.commonutilities.login: com.helper.commonfunct.commonutilities.login is PASSED

2018-07-09 21:14:08 - [MESSAGE][WARNING] - A browser is already opened. Closing browser and opening a new one

2018-07-09 21:14:20 - [MESSAGE][PASSED] - Browser is opened with url: ''

2018-07-09 21:14:24 - [MESSAGE][PASSED] - Navigate to 'https://vdaqa.rpega.com:9030/daqa/PRServlet' successfully

2018-07-09 21:14:36 - [MESSAGE][PASSED] - Text 'waink@pegasystems.com' is set on object 'Object Repository/Generic/input_UserIdentifier'

2018-07-09 21:14:48 - [MESSAGE][PASSED] - Text 'install' is set on object 'Object Repository/Generic/input_Password'

2018-07-09 21:14:56 - [MESSAGE][PASSED] - Keys 'ENTER + ' sent to object: 'Object Repository/Generic/input_Password'

2018-07-09 21:14:56 - [MESSAGE][PASSED] - com.helper.commonfunct.commonutilities.login is PASSED

2018-07-09 21:14:56 - [TEST_STEP][PASSED] - com.helper.commonfunct.commonutilities.search: com.helper.commonfunct.commonutilities.search is PASSED

2018-07-09 21:15:00 - [MESSAGE][PASSED] - Current window maximized

2018-07-09 21:15:05 - [MESSAGE][PASSED] - Delayed 5 second(s)

2018-07-09 21:15:17 - [MESSAGE][PASSED] - Text 'BEP-09Jul2018-14' is set on object 'Object Repository/EngInfo/search'

2018-07-09 21:15:20 - [MESSAGE][PASSED] - Delayed 3 second(s)

2018-07-09 21:15:26 - [MESSAGE][PASSED] - Keys 'ENTER + ' sent to object: 'Object Repository/EngInfo/search'

2018-07-09 21:15:33 - [MESSAGE][WARNING] - No alert found after 3 second(s).
[[ATTACHMENT|C:\\DAUIAutomation\\Reports\\Estimate\\20180709_190354\\1531185330319.png]]

2018-07-09 21:15:36 - [MESSAGE][PASSED] - Wait for page load successfully

2018-07-09 21:15:36 - [MESSAGE][PASSED] - com.helper.commonfunct.commonutilities.search is PASSED

2018-07-09 21:15:36 - [TEST_STEP][PASSED] - com.helper.commonfunct.BEP_CommonMethod.RDReject: com.helper.commonfunct.BEP_CommonMethod.RDReject is PASSED

2018-07-09 21:15:41 - [MESSAGE][PASSED] - Delayed 5 second(s)

2018-07-09 21:15:57 - [MESSAGE][PASSED] - Delayed 7 second(s)

2018-07-09 21:16:05 - [MESSAGE][PASSED] - Delayed 5 second(s)

2018-07-09 21:16:11 - [MESSAGE][PASSED] - Wait for page load successfully

2018-07-09 21:16:14 - [MESSAGE][PASSED] - Wait for page load successfully

2018-07-09 21:16:19 - [MESSAGE][PASSED] - Delayed 5 second(s)

2018-07-09 21:16:32 - [MESSAGE][PASSED] - Scroll to object 'Object Repository/Generic/NEXT_BUTTON' successfully

2018-07-09 21:16:38 - [MESSAGE][PASSED] - Object: 'Object Repository/Generic/NEXT_BUTTON' is clicked on

2018-07-09 21:16:43 - [MESSAGE][PASSED] - Delayed 5 second(s)

2018-07-09 21:16:43 - [MESSAGE][WARNING] - Timeout '0' is invalid. Using default page load timeout: '30'

2018-07-09 21:16:49 - [MESSAGE][PASSED] - Scroll to object 'Object Repository/BEP/Generic/RD_RL_REJECT' successfully

2018-07-09 21:16:55 - [MESSAGE][PASSED] - Object: 'Object Repository/BEP/Generic/RD_RL_REJECT' is clicked on

2018-07-09 21:17:00 - [MESSAGE][PASSED] - Delayed 5 second(s)

2018-07-09 21:17:12 - [MESSAGE][PASSED] - Text 'Software Testing' is set on object 'Object Repository/BEP/Generic/BEP_CASENOTES'

2018-07-09 21:17:17 - [MESSAGE][PASSED] - Delayed 5 second(s)

2018-07-09 21:17:17 - [MESSAGE][WARNING] - Timeout '0' is invalid. Using default page load timeout: '30'

2018-07-09 21:17:23 - [MESSAGE][PASSED] - Scroll to object 'Object Repository/BEP/Generic/FINISH_ASSIGNMENT' successfully

2018-07-09 21:17:32 - [MESSAGE][PASSED] - Wait for page load successfully

2018-07-09 21:17:32 - [MESSAGE][PASSED] - com.helper.commonfunct.BEP_CommonMethod.RDReject is PASSED

2018-07-09 21:17:32 - [TEST_STEP][PASSED] - Statement - RDReject = false: null

2018-07-09 21:17:32 - [TEST_STEP][PASSED] - Statement - print(RDReject): null

2018-07-09 21:17:32 - [TEST_STEP][PASSED] - com.helper.commonfunct.commonutilities.searchStatus: com.helper.commonfunct.commonutilities.searchStatus is PASSED

2018-07-09 21:17:35 - [MESSAGE][PASSED] - Wait for page load successfully

2018-07-09 21:17:55 - [MESSAGE][PASSED] - Delayed 2 second(s)

2018-07-09 21:18:04 - [MESSAGE][PASSED] - Delayed 2 second(s)

2018-07-09 21:18:13 - [MESSAGE][PASSED] - com.helper.commonfunct.commonutilities.searchStatus is PASSED

2018-07-09 21:18:13 - [TEST_STEP][PASSED] - Statement - Status = text: null

2018-07-09 21:18:16 - [TEST_STEP][PASSED] - Statement - println(Status): null

2018-07-09 21:18:16 - [TEST_STEP][PASSED] - Statement - If (Status == "Pending-RDApproval"): null

2018-07-09 21:18:16 - [TEST_STEP][PASSED] - Statement - Else If (Status == "Pending-RLApproval"): null

2018-07-09 21:18:16 - [TEST_STEP][PASSED] - Statement - Else If (Status == "Pending-Update"): com.helper.commonfunct.BEP_CommonMethod.Update is PASSED

2018-07-09 21:18:16 - [TEST_STEP][PASSED] - com.helper.commonfunct.commonutilities.login: com.helper.commonfunct.commonutilities.login is PASSED

2018-07-09 21:18:16 - [MESSAGE][WARNING] - A browser is already opened. Closing browser and opening a new one

2018-07-09 21:18:28 - [MESSAGE][PASSED] - Browser is opened with url: ''

2018-07-09 21:18:32 - [MESSAGE][PASSED] - Navigate to 'https://vdaqa.rpega.com:9030/daqa/PRServlet' successfully

2018-07-09 21:18:44 - [MESSAGE][PASSED] - Text 'hendj@pegasystems.com' is set on object 'Object Repository/Generic/input_UserIdentifier'

2018-07-09 21:18:56 - [MESSAGE][PASSED] - Text 'install' is set on object 'Object Repository/Generic/input_Password'

2018-07-09 21:19:05 - [MESSAGE][PASSED] - Keys 'ENTER + ' sent to object: 'Object Repository/Generic/input_Password'

2018-07-09 21:19:05 - [MESSAGE][PASSED] - com.helper.commonfunct.commonutilities.login is PASSED

2018-07-09 21:19:05 - [TEST_STEP][PASSED] - com.helper.commonfunct.commonutilities.search: com.helper.commonfunct.commonutilities.search is PASSED

2018-07-09 21:19:09 - [MESSAGE][PASSED] - Current window maximized

2018-07-09 21:19:14 - [MESSAGE][PASSED] - Delayed 5 second(s)

2018-07-09 21:19:26 - [MESSAGE][PASSED] - Text 'BEP-09Jul2018-14' is set on object 'Object Repository/EngInfo/search'

2018-07-09 21:19:29 - [MESSAGE][PASSED] - Delayed 3 second(s)

2018-07-09 21:19:35 - [MESSAGE][PASSED] - Keys 'ENTER + ' sent to object: 'Object Repository/EngInfo/search'

2018-07-09 21:19:42 - [MESSAGE][WARNING] - No alert found after 3 second(s).
[[ATTACHMENT|C:\\DAUIAutomation\\Reports\\Estimate\\20180709_190354\\1531185579015.png]]

2018-07-09 21:19:45 - [MESSAGE][PASSED] - Wait for page load successfully

2018-07-09 21:19:45 - [MESSAGE][PASSED] - com.helper.commonfunct.commonutilities.search is PASSED

2018-07-09 21:19:45 - [TEST_STEP][PASSED] - com.helper.commonfunct.BEP_CommonMethod.Update: com.helper.commonfunct.BEP_CommonMethod.Update is PASSED

2018-07-09 21:19:50 - [MESSAGE][PASSED] - Delayed 5 second(s)

2018-07-09 21:20:06 - [MESSAGE][PASSED] - Delayed 7 second(s)

2018-07-09 21:20:14 - [MESSAGE][PASSED] - Delayed 5 second(s)

2018-07-09 21:20:20 - [MESSAGE][PASSED] - Wait for page load successfully

2018-07-09 21:20:23 - [MESSAGE][PASSED] - Wait for page load successfully

2018-07-09 21:20:26 - [MESSAGE][PASSED] - Wait for page load successfully

2018-07-09 21:20:38 - [MESSAGE][PASSED] - Scroll to object 'Object Repository/Generic/NEXT_BUTTON' successfully

2018-07-09 21:20:45 - [MESSAGE][PASSED] - Object: 'Object Repository/Generic/NEXT_BUTTON' is clicked on

2018-07-09 21:20:50 - [MESSAGE][PASSED] - Delayed 5 second(s)

2018-07-09 21:20:56 - [MESSAGE][PASSED] - Object: 'Object Repository/Generic/NEXT_BUTTON' is clicked on

2018-07-09 21:21:08 - [MESSAGE][PASSED] - Text 'Software Testing' is set on object 'Object Repository/BEP/Generic/BEP_CASENOTES'

2018-07-09 21:21:13 - [MESSAGE][PASSED] - Delayed 5 second(s)

2018-07-09 21:21:19 - [MESSAGE][PASSED] - Object: 'Object Repository/Generic/NEXT_BUTTON' is clicked on

2018-07-09 21:21:19 - [MESSAGE][WARNING] - Timeout '0' is invalid. Using default page load timeout: '30'

2018-07-09 21:21:25 - [MESSAGE][PASSED] - Scroll to object 'Object Repository/BEP/Generic/FINISH_ASSIGNMENT' successfully

2018-07-09 21:21:36 - [MESSAGE][PASSED] - Delayed 5 second(s)

2018-07-09 21:21:36 - [MESSAGE][PASSED] - com.helper.commonfunct.BEP_CommonMethod.Update is PASSED

2018-07-09 21:21:36 - [TEST_STEP][PASSED] - com.helper.commonfunct.commonutilities.searchStatus: com.helper.commonfunct.commonutilities.searchStatus is PASSED

2018-07-09 21:21:39 - [MESSAGE][PASSED] - Wait for page load successfully

2018-07-09 21:21:59 - [MESSAGE][PASSED] - Delayed 2 second(s)

2018-07-09 21:22:07 - [MESSAGE][PASSED] - Delayed 2 second(s)

2018-07-09 21:22:16 - [MESSAGE][PASSED] - com.helper.commonfunct.commonutilities.searchStatus is PASSED

2018-07-09 21:22:16 - [TEST_STEP][PASSED] - Statement - Status = text: null

2018-07-09 21:22:19 - [TEST_STEP][PASSED] - Statement - println(Status): null

2018-07-09 21:22:19 - [TEST_STEP][PASSED] - Statement - If (Status == "Pending-RDApproval"): com.helper.commonfunct.BEP_CommonMethod.RDapprove is PASSED

2018-07-09 21:22:19 - [TEST_STEP][PASSED] - Statement - If (RDReject == false): com.helper.commonfunct.BEP_CommonMethod.RDapprove is PASSED

2018-07-09 21:22:19 - [TEST_STEP][PASSED] - Statement - If (RouteToRL == true): com.helper.commonfunct.BEP_CommonMethod.RDapprove is PASSED

2018-07-09 21:22:19 - [TEST_STEP][PASSED] - com.helper.commonfunct.commonutilities.login: com.helper.commonfunct.commonutilities.login is PASSED

2018-07-09 21:22:19 - [MESSAGE][WARNING] - A browser is already opened. Closing browser and opening a new one

2018-07-09 21:22:32 - [MESSAGE][PASSED] - Browser is opened with url: ''

2018-07-09 21:22:35 - [MESSAGE][PASSED] - Navigate to 'https://vdaqa.rpega.com:9030/daqa/PRServlet' successfully

2018-07-09 21:22:48 - [MESSAGE][PASSED] - Text 'waink@pegasystems.com' is set on object 'Object Repository/Generic/input_UserIdentifier'

2018-07-09 21:23:00 - [MESSAGE][PASSED] - Text 'install' is set on object 'Object Repository/Generic/input_Password'

2018-07-09 21:23:08 - [MESSAGE][PASSED] - Keys 'ENTER + ' sent to object: 'Object Repository/Generic/input_Password'

2018-07-09 21:23:08 - [MESSAGE][PASSED] - com.helper.commonfunct.commonutilities.login is PASSED

2018-07-09 21:23:08 - [TEST_STEP][PASSED] - com.helper.commonfunct.commonutilities.search: com.helper.commonfunct.commonutilities.search is PASSED

2018-07-09 21:23:12 - [MESSAGE][PASSED] - Current window maximized

2018-07-09 21:23:17 - [MESSAGE][PASSED] - Delayed 5 second(s)

2018-07-09 21:23:29 - [MESSAGE][PASSED] - Text 'BEP-09Jul2018-14' is set on object 'Object Repository/EngInfo/search'

2018-07-09 21:23:32 - [MESSAGE][PASSED] - Delayed 3 second(s)

2018-07-09 21:23:38 - [MESSAGE][PASSED] - Keys 'ENTER + ' sent to object: 'Object Repository/EngInfo/search'

2018-07-09 21:23:45 - [MESSAGE][WARNING] - No alert found after 3 second(s).
[[ATTACHMENT|C:\\DAUIAutomation\\Reports\\Estimate\\20180709_190354\\1531185822138.png]]

2018-07-09 21:23:48 - [MESSAGE][PASSED] - Wait for page load successfully

2018-07-09 21:23:48 - [MESSAGE][PASSED] - com.helper.commonfunct.commonutilities.search is PASSED

2018-07-09 21:23:48 - [TEST_STEP][PASSED] - com.helper.commonfunct.BEP_CommonMethod.RDapprove: com.helper.commonfunct.BEP_CommonMethod.RDapprove is PASSED

2018-07-09 21:23:53 - [MESSAGE][PASSED] - Delayed 5 second(s)

2018-07-09 21:24:09 - [MESSAGE][PASSED] - Delayed 7 second(s)

2018-07-09 21:24:17 - [MESSAGE][PASSED] - Delayed 5 second(s)

2018-07-09 21:24:23 - [MESSAGE][PASSED] - Wait for page load successfully

2018-07-09 21:24:26 - [MESSAGE][PASSED] - Wait for page load successfully

2018-07-09 21:24:29 - [MESSAGE][PASSED] - Wait for page load successfully

2018-07-09 21:24:41 - [MESSAGE][PASSED] - Scroll to object 'Object Repository/Generic/NEXT_BUTTON' successfully

2018-07-09 21:24:48 - [MESSAGE][PASSED] - Object: 'Object Repository/Generic/NEXT_BUTTON' is clicked on

2018-07-09 21:24:53 - [MESSAGE][PASSED] - Delayed 5 second(s)

2018-07-09 21:24:59 - [MESSAGE][PASSED] - Scroll to object 'Object Repository/BEP/Generic/RD_RLApprove' successfully

2018-07-09 21:25:05 - [MESSAGE][PASSED] - Object: 'Object Repository/BEP/Generic/RD_RLApprove' is clicked on

2018-07-09 21:25:10 - [MESSAGE][PASSED] - Delayed 5 second(s)

2018-07-09 21:25:22 - [MESSAGE][PASSED] - Text 'Software Testing' is set on object 'Object Repository/BEP/Generic/BEP_CASENOTES'

2018-07-09 21:25:27 - [MESSAGE][PASSED] - Delayed 5 second(s)

2018-07-09 21:25:33 - [MESSAGE][PASSED] - Scroll to object 'Object Repository/BEP/Generic/FINISH_ASSIGNMENT' successfully

2018-07-09 21:25:43 - [MESSAGE][PASSED] - Wait for page load successfully

2018-07-09 21:25:43 - [MESSAGE][PASSED] - com.helper.commonfunct.BEP_CommonMethod.RDapprove is PASSED

2018-07-09 21:25:43 - [TEST_STEP][PASSED] - com.helper.commonfunct.commonutilities.searchStatus: com.helper.commonfunct.commonutilities.searchStatus is PASSED

2018-07-09 21:25:46 - [MESSAGE][PASSED] - Wait for page load successfully

2018-07-09 21:26:06 - [MESSAGE][PASSED] - Delayed 2 second(s)

2018-07-09 21:26:14 - [MESSAGE][PASSED] - Delayed 2 second(s)

2018-07-09 21:26:23 - [MESSAGE][PASSED] - com.helper.commonfunct.commonutilities.searchStatus is PASSED

2018-07-09 21:26:23 - [TEST_STEP][PASSED] - Statement - Status = text: null

2018-07-09 21:26:26 - [TEST_STEP][PASSED] - Statement - println(Status): null

2018-07-09 21:26:26 - [TEST_STEP][PASSED] - Statement - If (Status == "Pending-RDApproval"): null

2018-07-09 21:26:26 - [TEST_STEP][PASSED] - Statement - Else If (Status == "Pending-RLApproval"): null

2018-07-09 21:26:26 - [TEST_STEP][PASSED] - Statement - If (RLReject == false): null

2018-07-09 21:26:26 - [TEST_STEP][PASSED] - Statement - Else: null

2018-07-09 21:26:26 - [TEST_STEP][PASSED] - com.helper.commonfunct.commonutilities.login: com.helper.commonfunct.commonutilities.login is PASSED

2018-07-09 21:26:26 - [MESSAGE][WARNING] - A browser is already opened. Closing browser and opening a new one

2018-07-09 21:26:38 - [MESSAGE][PASSED] - Browser is opened with url: ''

2018-07-09 21:26:42 - [MESSAGE][PASSED] - Navigate to 'https://vdaqa.rpega.com:9030/daqa/PRServlet' successfully

2018-07-09 21:26:54 - [MESSAGE][PASSED] - Text 'panee@pegasystems.com' is set on object 'Object Repository/Generic/input_UserIdentifier'

2018-07-09 21:27:06 - [MESSAGE][PASSED] - Text 'install' is set on object 'Object Repository/Generic/input_Password'

2018-07-09 21:27:14 - [MESSAGE][PASSED] - Keys 'ENTER + ' sent to object: 'Object Repository/Generic/input_Password'

2018-07-09 21:27:14 - [MESSAGE][PASSED] - com.helper.commonfunct.commonutilities.login is PASSED

2018-07-09 21:27:14 - [TEST_STEP][PASSED] - com.helper.commonfunct.commonutilities.search: com.helper.commonfunct.commonutilities.search is PASSED

2018-07-09 21:27:18 - [MESSAGE][PASSED] - Current window maximized

2018-07-09 21:27:23 - [MESSAGE][PASSED] - Delayed 5 second(s)

2018-07-09 21:27:35 - [MESSAGE][PASSED] - Text 'BEP-09Jul2018-14' is set on object 'Object Repository/EngInfo/search'

2018-07-09 21:27:38 - [MESSAGE][PASSED] - Delayed 3 second(s)

2018-07-09 21:27:45 - [MESSAGE][PASSED] - Keys 'ENTER + ' sent to object: 'Object Repository/EngInfo/search'

2018-07-09 21:27:52 - [MESSAGE][WARNING] - No alert found after 3 second(s).
[[ATTACHMENT|C:\\DAUIAutomation\\Reports\\Estimate\\20180709_190354\\1531186068669.png]]

2018-07-09 21:27:55 - [MESSAGE][PASSED] - Wait for page load successfully

2018-07-09 21:27:55 - [MESSAGE][PASSED] - com.helper.commonfunct.commonutilities.search is PASSED

2018-07-09 21:27:55 - [TEST_STEP][PASSED] - com.helper.commonfunct.BEP_CommonMethod.RLreject: com.helper.commonfunct.BEP_CommonMethod.RLreject is PASSED

2018-07-09 21:28:00 - [MESSAGE][PASSED] - Delayed 5 second(s)

2018-07-09 21:28:16 - [MESSAGE][PASSED] - Delayed 7 second(s)

2018-07-09 21:28:24 - [MESSAGE][PASSED] - Delayed 5 second(s)

2018-07-09 21:28:30 - [MESSAGE][PASSED] - Wait for page load successfully

2018-07-09 21:28:33 - [MESSAGE][PASSED] - Wait for page load successfully

2018-07-09 21:28:36 - [MESSAGE][PASSED] - Wait for page load successfully

2018-07-09 21:28:48 - [MESSAGE][PASSED] - Scroll to object 'Object Repository/Generic/NEXT_BUTTON' successfully

2018-07-09 21:28:54 - [MESSAGE][PASSED] - Object: 'Object Repository/Generic/NEXT_BUTTON' is clicked on

2018-07-09 21:28:59 - [MESSAGE][PASSED] - Delayed 5 second(s)

2018-07-09 21:28:59 - [MESSAGE][WARNING] - Timeout '0' is invalid. Using default page load timeout: '30'

2018-07-09 21:29:05 - [MESSAGE][PASSED] - Scroll to object 'Object Repository/BEP/Generic/RD_RL_REJECT' successfully

2018-07-09 21:29:11 - [MESSAGE][PASSED] - Object: 'Object Repository/BEP/Generic/RD_RL_REJECT' is clicked on

2018-07-09 21:29:16 - [MESSAGE][PASSED] - Delayed 5 second(s)

2018-07-09 21:29:29 - [MESSAGE][PASSED] - Text 'Software Testing' is set on object 'Object Repository/BEP/Generic/BEP_CASENOTES'

2018-07-09 21:29:34 - [MESSAGE][PASSED] - Delayed 5 second(s)

2018-07-09 21:29:34 - [MESSAGE][WARNING] - Timeout '0' is invalid. Using default page load timeout: '30'

2018-07-09 21:29:40 - [MESSAGE][PASSED] - Scroll to object 'Object Repository/BEP/Generic/FINISH_ASSIGNMENT' successfully

2018-07-09 21:29:51 - [MESSAGE][PASSED] - Delayed 5 second(s)

2018-07-09 21:29:51 - [MESSAGE][PASSED] - com.helper.commonfunct.BEP_CommonMethod.RLreject is PASSED

2018-07-09 21:29:51 - [TEST_STEP][PASSED] - Statement - RLReject = false: null

2018-07-09 21:29:51 - [TEST_STEP][PASSED] - Statement - print(RLReject): null

2018-07-09 21:29:51 - [TEST_STEP][PASSED] - com.helper.commonfunct.commonutilities.searchStatus: com.helper.commonfunct.commonutilities.searchStatus is PASSED

2018-07-09 21:29:54 - [MESSAGE][PASSED] - Wait for page load successfully

2018-07-09 21:30:14 - [MESSAGE][PASSED] - Delayed 2 second(s)

2018-07-09 21:30:22 - [MESSAGE][PASSED] - Delayed 2 second(s)

2018-07-09 21:30:31 - [MESSAGE][PASSED] - com.helper.commonfunct.commonutilities.searchStatus is PASSED

2018-07-09 21:30:31 - [TEST_STEP][PASSED] - Statement - Status = text: null

2018-07-09 21:30:34 - [TEST_STEP][PASSED] - Statement - println(Status): null

2018-07-09 21:30:34 - [TEST_STEP][PASSED] - Statement - If (Status == "Pending-RDApproval"): null

2018-07-09 21:30:34 - [TEST_STEP][PASSED] - Statement - Else If (Status == "Pending-RLApproval"): null

2018-07-09 21:30:34 - [TEST_STEP][PASSED] - Statement - Else If (Status == "Pending-Update"): com.helper.commonfunct.BEP_CommonMethod.Update is PASSED

2018-07-09 21:30:34 - [TEST_STEP][PASSED] - com.helper.commonfunct.commonutilities.login: com.helper.commonfunct.commonutilities.login is PASSED

2018-07-09 21:30:34 - [MESSAGE][WARNING] - A browser is already opened. Closing browser and opening a new one

2018-07-09 21:30:47 - [MESSAGE][PASSED] - Browser is opened with url: ''

2018-07-09 21:30:50 - [MESSAGE][PASSED] - Navigate to 'https://vdaqa.rpega.com:9030/daqa/PRServlet' successfully

2018-07-09 21:31:02 - [MESSAGE][PASSED] - Text 'hendj@pegasystems.com' is set on object 'Object Repository/Generic/input_UserIdentifier'

2018-07-09 21:31:14 - [MESSAGE][PASSED] - Text 'install' is set on object 'Object Repository/Generic/input_Password'

2018-07-09 21:31:22 - [MESSAGE][PASSED] - Keys 'ENTER + ' sent to object: 'Object Repository/Generic/input_Password'

2018-07-09 21:31:22 - [MESSAGE][PASSED] - com.helper.commonfunct.commonutilities.login is PASSED

2018-07-09 21:31:22 - [TEST_STEP][PASSED] - com.helper.commonfunct.commonutilities.search: com.helper.commonfunct.commonutilities.search is PASSED

2018-07-09 21:31:27 - [MESSAGE][PASSED] - Current window maximized

2018-07-09 21:31:32 - [MESSAGE][PASSED] - Delayed 5 second(s)

2018-07-09 21:31:44 - [MESSAGE][PASSED] - Text 'BEP-09Jul2018-14' is set on object 'Object Repository/EngInfo/search'

2018-07-09 21:31:47 - [MESSAGE][PASSED] - Delayed 3 second(s)

2018-07-09 21:31:53 - [MESSAGE][PASSED] - Keys 'ENTER + ' sent to object: 'Object Repository/EngInfo/search'

2018-07-09 21:32:00 - [MESSAGE][WARNING] - No alert found after 3 second(s).
[[ATTACHMENT|C:\\DAUIAutomation\\Reports\\Estimate\\20180709_190354\\1531186316971.png]]

2018-07-09 21:32:03 - [MESSAGE][PASSED] - Wait for page load successfully

2018-07-09 21:32:03 - [MESSAGE][PASSED] - com.helper.commonfunct.commonutilities.search is PASSED

2018-07-09 21:32:03 - [TEST_STEP][PASSED] - com.helper.commonfunct.BEP_CommonMethod.Update: com.helper.commonfunct.BEP_CommonMethod.Update is PASSED

2018-07-09 21:32:08 - [MESSAGE][PASSED] - Delayed 5 second(s)

2018-07-09 21:32:24 - [MESSAGE][PASSED] - Delayed 7 second(s)

2018-07-09 21:32:32 - [MESSAGE][PASSED] - Delayed 5 second(s)

2018-07-09 21:32:38 - [MESSAGE][PASSED] - Wait for page load successfully

2018-07-09 21:32:41 - [MESSAGE][PASSED] - Wait for page load successfully

2018-07-09 21:32:44 - [MESSAGE][PASSED] - Wait for page load successfully

2018-07-09 21:32:56 - [MESSAGE][PASSED] - Scroll to object 'Object Repository/Generic/NEXT_BUTTON' successfully

2018-07-09 21:33:02 - [MESSAGE][PASSED] - Object: 'Object Repository/Generic/NEXT_BUTTON' is clicked on

2018-07-09 21:33:07 - [MESSAGE][PASSED] - Delayed 5 second(s)

2018-07-09 21:33:14 - [MESSAGE][PASSED] - Object: 'Object Repository/Generic/NEXT_BUTTON' is clicked on

2018-07-09 21:33:26 - [MESSAGE][PASSED] - Text 'Software Testing' is set on object 'Object Repository/BEP/Generic/BEP_CASENOTES'

2018-07-09 21:33:31 - [MESSAGE][PASSED] - Delayed 5 second(s)

2018-07-09 21:33:37 - [MESSAGE][PASSED] - Object: 'Object Repository/Generic/NEXT_BUTTON' is clicked on

2018-07-09 21:33:37 - [MESSAGE][WARNING] - Timeout '0' is invalid. Using default page load timeout: '30'

2018-07-09 21:33:43 - [MESSAGE][PASSED] - Scroll to object 'Object Repository/BEP/Generic/FINISH_ASSIGNMENT' successfully

2018-07-09 21:33:54 - [MESSAGE][PASSED] - Delayed 5 second(s)

2018-07-09 21:33:54 - [MESSAGE][PASSED] - com.helper.commonfunct.BEP_CommonMethod.Update is PASSED

2018-07-09 21:33:54 - [TEST_STEP][PASSED] - com.helper.commonfunct.commonutilities.searchStatus: com.helper.commonfunct.commonutilities.searchStatus is PASSED

2018-07-09 21:33:57 - [MESSAGE][PASSED] - Wait for page load successfully

2018-07-09 21:34:17 - [MESSAGE][PASSED] - Delayed 2 second(s)

2018-07-09 21:34:25 - [MESSAGE][PASSED] - Delayed 2 second(s)

2018-07-09 21:34:34 - [MESSAGE][PASSED] - com.helper.commonfunct.commonutilities.searchStatus is PASSED

2018-07-09 21:34:34 - [TEST_STEP][PASSED] - Statement - Status = text: null

2018-07-09 21:34:37 - [TEST_STEP][PASSED] - Statement - println(Status): null

2018-07-09 21:34:37 - [TEST_STEP][PASSED] - Statement - If (Status == "Pending-RDApproval"): com.helper.commonfunct.BEP_CommonMethod.RDapprove is PASSED

2018-07-09 21:34:37 - [TEST_STEP][PASSED] - Statement - If (RDReject == false): com.helper.commonfunct.BEP_CommonMethod.RDapprove is PASSED

2018-07-09 21:34:37 - [TEST_STEP][PASSED] - Statement - If (RouteToRL == true): com.helper.commonfunct.BEP_CommonMethod.RDapprove is PASSED

2018-07-09 21:34:37 - [TEST_STEP][PASSED] - com.helper.commonfunct.commonutilities.login: com.helper.commonfunct.commonutilities.login is PASSED

2018-07-09 21:34:37 - [MESSAGE][WARNING] - A browser is already opened. Closing browser and opening a new one

2018-07-09 21:34:50 - [MESSAGE][PASSED] - Browser is opened with url: ''

2018-07-09 21:34:53 - [MESSAGE][PASSED] - Navigate to 'https://vdaqa.rpega.com:9030/daqa/PRServlet' successfully

2018-07-09 21:35:05 - [MESSAGE][PASSED] - Text 'waink@pegasystems.com' is set on object 'Object Repository/Generic/input_UserIdentifier'

2018-07-09 21:35:18 - [MESSAGE][PASSED] - Text 'install' is set on object 'Object Repository/Generic/input_Password'

2018-07-09 21:35:25 - [MESSAGE][PASSED] - Keys 'ENTER + ' sent to object: 'Object Repository/Generic/input_Password'

2018-07-09 21:35:25 - [MESSAGE][PASSED] - com.helper.commonfunct.commonutilities.login is PASSED

2018-07-09 21:35:25 - [TEST_STEP][PASSED] - com.helper.commonfunct.commonutilities.search: com.helper.commonfunct.commonutilities.search is PASSED

2018-07-09 21:35:30 - [MESSAGE][PASSED] - Current window maximized

2018-07-09 21:35:35 - [MESSAGE][PASSED] - Delayed 5 second(s)

2018-07-09 21:35:47 - [MESSAGE][PASSED] - Text 'BEP-09Jul2018-14' is set on object 'Object Repository/EngInfo/search'

2018-07-09 21:35:50 - [MESSAGE][PASSED] - Delayed 3 second(s)

2018-07-09 21:35:56 - [MESSAGE][PASSED] - Keys 'ENTER + ' sent to object: 'Object Repository/EngInfo/search'

2018-07-09 21:36:03 - [MESSAGE][WARNING] - No alert found after 3 second(s).
[[ATTACHMENT|C:\\DAUIAutomation\\Reports\\Estimate\\20180709_190354\\1531186559856.png]]

2018-07-09 21:36:06 - [MESSAGE][PASSED] - Wait for page load successfully

2018-07-09 21:36:06 - [MESSAGE][PASSED] - com.helper.commonfunct.commonutilities.search is PASSED

2018-07-09 21:36:06 - [TEST_STEP][PASSED] - com.helper.commonfunct.BEP_CommonMethod.RDapprove: com.helper.commonfunct.BEP_CommonMethod.RDapprove is PASSED

2018-07-09 21:36:11 - [MESSAGE][PASSED] - Delayed 5 second(s)

2018-07-09 21:36:27 - [MESSAGE][PASSED] - Delayed 7 second(s)

2018-07-09 21:36:35 - [MESSAGE][PASSED] - Delayed 5 second(s)

2018-07-09 21:36:41 - [MESSAGE][PASSED] - Wait for page load successfully

2018-07-09 21:36:44 - [MESSAGE][PASSED] - Wait for page load successfully

2018-07-09 21:36:47 - [MESSAGE][PASSED] - Wait for page load successfully

2018-07-09 21:36:59 - [MESSAGE][PASSED] - Scroll to object 'Object Repository/Generic/NEXT_BUTTON' successfully

2018-07-09 21:37:05 - [MESSAGE][PASSED] - Object: 'Object Repository/Generic/NEXT_BUTTON' is clicked on

2018-07-09 21:37:10 - [MESSAGE][PASSED] - Delayed 5 second(s)

2018-07-09 21:37:16 - [MESSAGE][PASSED] - Scroll to object 'Object Repository/BEP/Generic/RD_RLApprove' successfully

2018-07-09 21:37:23 - [MESSAGE][PASSED] - Object: 'Object Repository/BEP/Generic/RD_RLApprove' is clicked on

2018-07-09 21:37:28 - [MESSAGE][PASSED] - Delayed 5 second(s)

2018-07-09 21:37:40 - [MESSAGE][PASSED] - Text 'Software Testing' is set on object 'Object Repository/BEP/Generic/BEP_CASENOTES'

2018-07-09 21:37:45 - [MESSAGE][PASSED] - Delayed 5 second(s)

2018-07-09 21:37:51 - [MESSAGE][PASSED] - Scroll to object 'Object Repository/BEP/Generic/FINISH_ASSIGNMENT' successfully

2018-07-09 21:38:00 - [MESSAGE][PASSED] - Wait for page load successfully

2018-07-09 21:38:00 - [MESSAGE][PASSED] - com.helper.commonfunct.BEP_CommonMethod.RDapprove is PASSED

2018-07-09 21:38:00 - [TEST_STEP][PASSED] - com.helper.commonfunct.commonutilities.searchStatus: com.helper.commonfunct.commonutilities.searchStatus is PASSED

2018-07-09 21:38:03 - [MESSAGE][PASSED] - Wait for page load successfully

2018-07-09 21:38:23 - [MESSAGE][PASSED] - Delayed 2 second(s)

2018-07-09 21:38:31 - [MESSAGE][PASSED] - Delayed 2 second(s)

2018-07-09 21:38:40 - [MESSAGE][PASSED] - com.helper.commonfunct.commonutilities.searchStatus is PASSED

2018-07-09 21:38:40 - [TEST_STEP][PASSED] - Statement - Status = text: null

2018-07-09 21:38:43 - [TEST_STEP][PASSED] - Statement - println(Status): null

2018-07-09 21:38:43 - [TEST_STEP][PASSED] - Statement - If (Status == "Pending-RDApproval"): null

2018-07-09 21:38:43 - [TEST_STEP][PASSED] - Statement - Else If (Status == "Pending-RLApproval"): com.helper.commonfunct.BEP_CommonMethod.RLapprove is PASSED

2018-07-09 21:38:43 - [TEST_STEP][PASSED] - Statement - If (RLReject == false): com.helper.commonfunct.BEP_CommonMethod.RLapprove is PASSED

2018-07-09 21:38:43 - [TEST_STEP][PASSED] - com.helper.commonfunct.commonutilities.login: com.helper.commonfunct.commonutilities.login is PASSED

2018-07-09 21:38:43 - [MESSAGE][WARNING] - A browser is already opened. Closing browser and opening a new one

2018-07-09 21:38:56 - [MESSAGE][PASSED] - Browser is opened with url: ''

2018-07-09 21:38:59 - [MESSAGE][PASSED] - Navigate to 'https://vdaqa.rpega.com:9030/daqa/PRServlet' successfully

2018-07-09 21:39:11 - [MESSAGE][PASSED] - Text 'panee@pegasystems.com' is set on object 'Object Repository/Generic/input_UserIdentifier'

2018-07-09 21:39:24 - [MESSAGE][PASSED] - Text 'install' is set on object 'Object Repository/Generic/input_Password'

2018-07-09 21:39:31 - [MESSAGE][PASSED] - Keys 'ENTER + ' sent to object: 'Object Repository/Generic/input_Password'

2018-07-09 21:39:31 - [MESSAGE][PASSED] - com.helper.commonfunct.commonutilities.login is PASSED

2018-07-09 21:39:31 - [TEST_STEP][PASSED] - com.helper.commonfunct.commonutilities.search: com.helper.commonfunct.commonutilities.search is PASSED

2018-07-09 21:39:36 - [MESSAGE][PASSED] - Current window maximized

2018-07-09 21:39:41 - [MESSAGE][PASSED] - Delayed 5 second(s)

2018-07-09 21:39:53 - [MESSAGE][PASSED] - Text 'BEP-09Jul2018-14' is set on object 'Object Repository/EngInfo/search'

2018-07-09 21:39:56 - [MESSAGE][PASSED] - Delayed 3 second(s)

2018-07-09 21:40:02 - [MESSAGE][PASSED] - Keys 'ENTER + ' sent to object: 'Object Repository/EngInfo/search'

2018-07-09 21:40:09 - [MESSAGE][WARNING] - No alert found after 3 second(s).
[[ATTACHMENT|C:\\DAUIAutomation\\Reports\\Estimate\\20180709_190354\\1531186806019.png]]

2018-07-09 21:40:12 - [MESSAGE][PASSED] - Wait for page load successfully

2018-07-09 21:40:12 - [MESSAGE][PASSED] - com.helper.commonfunct.commonutilities.search is PASSED

2018-07-09 21:40:12 - [TEST_STEP][PASSED] - com.helper.commonfunct.BEP_CommonMethod.RLapprove: com.helper.commonfunct.BEP_CommonMethod.RLapprove is PASSED

2018-07-09 21:40:17 - [MESSAGE][PASSED] - Delayed 5 second(s)

2018-07-09 21:40:33 - [MESSAGE][PASSED] - Delayed 7 second(s)

2018-07-09 21:40:41 - [MESSAGE][PASSED] - Delayed 5 second(s)

2018-07-09 21:40:47 - [MESSAGE][PASSED] - Wait for page load successfully

2018-07-09 21:40:50 - [MESSAGE][PASSED] - Wait for page load successfully

2018-07-09 21:40:53 - [MESSAGE][PASSED] - Wait for page load successfully

2018-07-09 21:41:05 - [MESSAGE][PASSED] - Scroll to object 'Object Repository/Generic/NEXT_BUTTON' successfully

2018-07-09 21:41:12 - [MESSAGE][PASSED] - Object: 'Object Repository/Generic/NEXT_BUTTON' is clicked on

2018-07-09 21:41:17 - [MESSAGE][PASSED] - Delayed 5 second(s)

2018-07-09 21:41:17 - [MESSAGE][WARNING] - Timeout '0' is invalid. Using default page load timeout: '30'

2018-07-09 21:41:23 - [MESSAGE][PASSED] - Scroll to object 'Object Repository/BEP/Generic/RD_RLApprove' successfully

2018-07-09 21:41:29 - [MESSAGE][PASSED] - Object: 'Object Repository/BEP/Generic/RD_RLApprove' is clicked on

2018-07-09 21:41:34 - [MESSAGE][PASSED] - Delayed 5 second(s)

2018-07-09 21:41:46 - [MESSAGE][PASSED] - Text 'Software Testing' is set on object 'Object Repository/BEP/Generic/BEP_CASENOTES'

2018-07-09 21:41:51 - [MESSAGE][PASSED] - Delayed 5 second(s)

2018-07-09 21:41:51 - [MESSAGE][WARNING] - Timeout '0' is invalid. Using default page load timeout: '30'

2018-07-09 21:41:57 - [MESSAGE][PASSED] - Scroll to object 'Object Repository/BEP/Generic/FINISH_ASSIGNMENT' successfully

2018-07-09 21:42:08 - [MESSAGE][PASSED] - Delayed 5 second(s)

2018-07-09 21:42:11 - [MESSAGE][PASSED] - Wait for page load successfully

2018-07-09 21:42:11 - [MESSAGE][PASSED] - com.helper.commonfunct.BEP_CommonMethod.RLapprove is PASSED

2018-07-09 21:42:11 - [TEST_STEP][PASSED] - com.helper.commonfunct.commonutilities.searchStatus: com.helper.commonfunct.commonutilities.searchStatus is PASSED

2018-07-09 21:42:14 - [MESSAGE][PASSED] - Wait for page load successfully

2018-07-09 21:42:29 - [MESSAGE][PASSED] - com.helper.commonfunct.commonutilities.searchStatus is PASSED

2018-07-09 21:42:29 - [MESSAGE][PASSED] - Call Test Case 'Test Cases/BEP/Create_Approve_Reject/All_Approval_Reject' successfully]]></system-out>
         <system-err><![CDATA[]]></system-err>
      </testcase>
      <system-out><![CDATA[2018-07-09 19:03:58 - [TEST_SUITE][FAILED] - Estimate: Test Cases/BEP/TestCases/TC_Withdraw FAILED because (of) Unable to click on object 'Object Repository/BEP/Generic/withdraw_link' (Root cause: com.kms.katalon.core.webui.exception.WebElementNotFoundException: Web element with id: 'Object Repository/BEP/Generic/withdraw_link' located by 'By.xpath: //span[text()='Withdraw']' not found)]]></system-out>
      <system-err><![CDATA[2018-07-09 19:03:58 - [TEST_SUITE][FAILED] - Estimate: Test Cases/BEP/TestCases/TC_Withdraw FAILED because (of) Unable to click on object 'Object Repository/BEP/Generic/withdraw_link' (Root cause: com.kms.katalon.core.webui.exception.WebElementNotFoundException: Web element with id: 'Object Repository/BEP/Generic/withdraw_link' located by 'By.xpath: //span[text()='Withdraw']' not found)]]></system-err>
   </testsuite>
</testsuites>
