<?xml version="1.0" encoding="UTF-8"?>
<testsuites name="ECR" time="231194" tests="0" failures="0" errors="1">
   <testsuite name="ECR" tests="0" failures="0" errors="1" time="231194" timestamp="2018-07-06 15:25:28" hostname="nipin - L22622WUS.rpega.com" id="Test Suites/ECR">
      <properties>
         <property name="deviceName" value=""/>
         <property name="devicePlatform" value=""/>
         <property name="logFolder" value="C:\\DAUIAutomation\\Reports\\ECR\\20180706_152524"/>
         <property name="logFiles" value="C:\\DAUIAutomation\\Reports\\ECR\\20180706_152524\\execution0.log"/>
         <property name="attachments" value="C:\\DAUIAutomation\\Reports\\ECR\\20180706_152524\\1530905854034.png"/>
         <property name="hostName" value="nipin - L22622WUS.rpega.com"/>
         <property name="os" value="Windows 7 64bit"/>
         <property name="katalonVersion" value="5.4.2.1"/>
         <property name="browser" value="Chrome 67.0.3396.87"/>
         <property name="hostAddress" value="10.2.176.69"/>
         <property name="sessionId" value="c04fa0eab6e10190967eac0ac8c5273e"/>
         <property name="seleniumVersion" value="3.7.1"/>
         <property name="proxyInformation" value="ProxyInformation{proxyOption=NO_PROXY, proxyServerType=HTTP, password=, proxyServerAddress=, proxyServerPort=0}"/>
         <property name="platform" value="Windows 7"/>
      </properties>
      <testcase name="Test Cases/ECR/TestCases/ECR_Create_Approve_DataDriven" classname="Test Cases/ECR/TestCases/ECR_Create_Approve_DataDriven" status="ERROR">
         <error type="ERROR" message="Test Cases/ECR/TestCases/ECR_Create_Approve_DataDriven FAILED because (of) org.openqa.selenium.WebDriverException: chrome not reachable
  (Session info: chrome=67.0.3396.87)
  (Driver info: chromedriver=2.35.528161 (5b82f2d2aae0ca24b877009200ced9065a772e73),platform=Windows NT 6.1.7601 SP1 x86_64) (WARNING: The server did not provide any stacktrace information)
Command duration or timeout: 0 milliseconds
Build info: version: '3.7.1', revision: '8a0099a', time: '2017-11-06T21:07:36.161Z'
System info: host: 'L22622WUS', ip: '10.2.176.69', os.name: 'Windows 7', os.arch: 'amd64', os.version: '6.1', java.version: '1.8.0_102'
Driver info: com.kms.katalon.selenium.driver.CChromeDriver
Capabilities {acceptInsecureCerts: false, acceptSslCerts: false, applicationCacheEnabled: false, browserConnectionEnabled: false, browserName: chrome, chrome: {chromedriverVersion: 2.35.528161 (5b82f2d2aae0ca..., userDataDir: C:\Users\nipin\AppData\Loca...}, cssSelectorsEnabled: true, databaseEnabled: false, handlesAlerts: true, hasTouchScreen: false, javascriptEnabled: true, locationContextEnabled: true, mobileEmulationEnabled: false, nativeEvents: true, networkConnectionEnabled: false, pageLoadStrategy: normal, platform: XP, platformName: XP, rotatable: false, setWindowRect: true, takesHeapSnapshot: true, takesScreenshot: true, unexpectedAlertBehaviour: , unhandledPromptBehavior: , version: 67.0.3396.87, webStorageEnabled: true}
Session ID: c04fa0eab6e10190967eac0ac8c5273e
*** Element info: {Using=xpath, value=.//*[@data-test-id='20150313133904023045379']}"/>
         <system-out><![CDATA[2018-07-06 15:25:28 - [TEST_CASE][ERROR] - Test Cases/ECR/TestCases/ECR_Create_Approve_DataDriven: Test Cases/ECR/TestCases/ECR_Create_Approve_DataDriven FAILED because (of) org.openqa.selenium.WebDriverException: chrome not reachable
  (Session info: chrome=67.0.3396.87)
  (Driver info: chromedriver=2.35.528161 (5b82f2d2aae0ca24b877009200ced9065a772e73),platform=Windows NT 6.1.7601 SP1 x86_64) (WARNING: The server did not provide any stacktrace information)
Command duration or timeout: 0 milliseconds
Build info: version: '3.7.1', revision: '8a0099a', time: '2017-11-06T21:07:36.161Z'
System info: host: 'L22622WUS', ip: '10.2.176.69', os.name: 'Windows 7', os.arch: 'amd64', os.version: '6.1', java.version: '1.8.0_102'
Driver info: com.kms.katalon.selenium.driver.CChromeDriver
Capabilities {acceptInsecureCerts: false, acceptSslCerts: false, applicationCacheEnabled: false, browserConnectionEnabled: false, browserName: chrome, chrome: {chromedriverVersion: 2.35.528161 (5b82f2d2aae0ca..., userDataDir: C:\Users\nipin\AppData\Loca...}, cssSelectorsEnabled: true, databaseEnabled: false, handlesAlerts: true, hasTouchScreen: false, javascriptEnabled: true, locationContextEnabled: true, mobileEmulationEnabled: false, nativeEvents: true, networkConnectionEnabled: false, pageLoadStrategy: normal, platform: XP, platformName: XP, rotatable: false, setWindowRect: true, takesHeapSnapshot: true, takesScreenshot: true, unexpectedAlertBehaviour: , unhandledPromptBehavior: , version: 67.0.3396.87, webStorageEnabled: true}
Session ID: c04fa0eab6e10190967eac0ac8c5273e
*** Element info: {Using=xpath, value=.//*[@data-test-id='20150313133904023045379']}

2018-07-06 15:25:30 - [TEST_STEP][PASSED] - com.helper.commonfunct.commonutilities.login: com.helper.commonfunct.commonutilities.login is PASSED

2018-07-06 15:25:42 - [MESSAGE][PASSED] - Browser is opened with url: ''

2018-07-06 15:25:45 - [MESSAGE][PASSED] - Navigate to 'https://vdaqa.rpega.com:9030/daqa/PRServlet' successfully

2018-07-06 15:25:58 - [MESSAGE][PASSED] - Text 'pogoa@pegasystems.com' is set on object 'Object Repository/Generic/input_UserIdentifier'

2018-07-06 15:26:10 - [MESSAGE][PASSED] - Text 'install' is set on object 'Object Repository/Generic/input_Password'

2018-07-06 15:26:18 - [MESSAGE][PASSED] - Keys 'ENTER + ' sent to object: 'Object Repository/Generic/input_Password'

2018-07-06 15:26:18 - [MESSAGE][PASSED] - com.helper.commonfunct.commonutilities.login is PASSED

2018-07-06 15:26:18 - [TEST_STEP][PASSED] - com.helper.commonfunct.commonutilities.CreateECR: com.helper.commonfunct.commonutilities.CreateECR is PASSED

2018-07-06 15:26:22 - [MESSAGE][PASSED] - Current window maximized

2018-07-06 15:26:24 - [MESSAGE][PASSED] - Delayed 2 second(s)

2018-07-06 15:26:30 - [MESSAGE][PASSED] - Object: 'Object Repository/Generic/New' is clicked on

2018-07-06 15:26:34 - [MESSAGE][PASSED] - Delayed 4 second(s)

2018-07-06 15:26:41 - [MESSAGE][PASSED] - Object: 'Object Repository/Generic/span_Bid Process' is clicked on

2018-07-06 15:26:45 - [MESSAGE][PASSED] - Delayed 4 second(s)

2018-07-06 15:26:51 - [MESSAGE][PASSED] - Object: 'Object Repository/ECR/Generic/WOTAB' is clicked on

2018-07-06 15:26:53 - [MESSAGE][PASSED] - Delayed 2 second(s)

2018-07-06 15:27:03 - [MESSAGE][PASSED] - Delayed 4 second(s)

2018-07-06 15:27:09 - [MESSAGE][PASSED] - Object: 'Object Repository/ECR/Generic/BID_TYPE' is clicked on

2018-07-06 15:27:12 - [MESSAGE][PASSED] - Object 'Object Repository/Generic/button_Import' is present

2018-07-06 15:27:17 - [MESSAGE][PASSED] - Delayed 5 second(s)

2018-07-06 15:27:24 - [MESSAGE][PASSED] - Object: 'Object Repository/Generic/button_Import' is clicked on

2018-07-06 15:27:30 - [MESSAGE][PASSED] - File 'C:\DAUIAutomation\Data Files\ECR\PCR_2.xlsm' sent to object: 'Object Repository/Generic/FilePath'

2018-07-06 15:27:35 - [MESSAGE][PASSED] - Delayed 5 second(s)

2018-07-06 15:27:41 - [MESSAGE][PASSED] - Scroll to object 'Object Repository/Generic/button_Submit' successfully

2018-07-06 15:27:47 - [MESSAGE][PASSED] - Object: 'Object Repository/Generic/button_Submit' is clicked on

2018-07-06 15:27:52 - [MESSAGE][PASSED] - Delayed 5 second(s)

2018-07-06 15:27:54 - [MESSAGE][PASSED] - Delayed 2 second(s)

2018-07-06 15:28:06 - [MESSAGE][PASSED] - Text 'FFTHRDBANK' is set on object 'Object Repository/Generic/ORG'

2018-07-06 15:28:11 - [MESSAGE][PASSED] - Delayed 5 second(s)

2018-07-06 15:28:17 - [MESSAGE][PASSED] - Keys 'TAB + ' sent to object: 'Object Repository/Generic/ORG'

2018-07-06 15:28:22 - [MESSAGE][PASSED] - Delayed 5 second(s)

2018-07-06 15:28:35 - [MESSAGE][PASSED] - Text 'CHFTB' is set on object 'Object Repository/Generic/ACC'

2018-07-06 15:28:40 - [MESSAGE][PASSED] - Delayed 5 second(s)

2018-07-06 15:28:46 - [MESSAGE][PASSED] - Keys 'TAB + ' sent to object: 'Object Repository/Generic/ACC'

2018-07-06 15:28:53 - [MESSAGE][PASSED] - Delayed 7 second(s)

2018-07-06 15:28:56 - [MESSAGE][PASSED] - Wait for page load successfully

2018-07-06 15:29:02 - [MESSAGE][WARNING] - Text 'The engagement you entered doesn't match' is not present on page 

2018-07-06 15:29:07 - [MESSAGE][PASSED] - Delayed 5 second(s)

2018-07-06 15:29:15 - [MESSAGE][PASSED] - Delayed 2 second(s)

2018-07-06 15:29:21 - [MESSAGE][PASSED] - Text of object 'Object Repository/ECR/Generic/LedBy' is: 'Pega Led'

2018-07-06 15:29:23 - [MESSAGE][PASSED] - Delayed 2 second(s)

2018-07-06 15:29:29 - [MESSAGE][PASSED] - Text of object 'Object Repository/ECR/Generic/ProjectType' is: 'Full Implementation'

2018-07-06 15:29:31 - [MESSAGE][PASSED] - Delayed 2 second(s)

2018-07-06 15:29:38 - [MESSAGE][PASSED] - Text of object 'Object Repository/ECR/Generic/LicenceNew' is: 'No'

2018-07-06 15:29:50 - [MESSAGE][PASSED] - Text 'CO-12' is set on object 'Object Repository/EngInfo/COID'

2018-07-06 15:29:52 - [MESSAGE][PASSED] - Delayed 2 second(s)

2018-07-06 15:30:00 - [MESSAGE][PASSED] - Delayed 2 second(s)

2018-07-06 15:30:08 - [MESSAGE][PASSED] - Delayed 2 second(s)

2018-07-06 15:30:16 - [MESSAGE][PASSED] - Delayed 2 second(s)

2018-07-06 15:30:23 - [MESSAGE][PASSED] - Keys 'Cambridge' sent to object: 'Object Repository/ECR/Generic/Location'

2018-07-06 15:30:28 - [MESSAGE][PASSED] - Delayed 5 second(s)

2018-07-06 15:30:33 - [MESSAGE][PASSED] - Delayed 5 second(s)

2018-07-06 15:30:39 - [MESSAGE][PASSED] - Text of object 'Object Repository/Generic/WOID' is: 'ECR-06Jul2018-5'

2018-07-06 15:30:45 - [MESSAGE][PASSED] - Delayed 5 second(s)

2018-07-06 15:30:51 - [MESSAGE][PASSED] - Scroll to object 'Object Repository/Generic/NEXT_BUTTON' successfully

2018-07-06 15:30:58 - [MESSAGE][PASSED] - Object: 'Object Repository/Generic/NEXT_BUTTON' is clicked on

2018-07-06 15:31:01 - [MESSAGE][PASSED] - Wait for page load successfully

2018-07-06 15:31:04 - [MESSAGE][PASSED] - Object 'Object Repository/ECR/Meeting/ClinicMeeting' is present

2018-07-06 15:31:16 - [MESSAGE][PASSED] - Text '07/08/2018' is set on object 'Object Repository/EngInfo/MeetingDate'

2018-07-06 15:31:21 - [MESSAGE][PASSED] - Delayed 5 second(s)

2018-07-06 15:31:33 - [MESSAGE][PASSED] - Text 'Software Testing' is set on object 'Object Repository/EngInfo/instruction'

2018-07-06 15:31:38 - [MESSAGE][PASSED] - Delayed 5 second(s)

2018-07-06 15:31:50 - [MESSAGE][PASSED] - Text '' is set on object 'Object Repository/EngInfo/AE'

2018-07-06 15:32:03 - [MESSAGE][PASSED] - Text 'Nagaveni Nipinale' is set on object 'Object Repository/EngInfo/AE'

2018-07-06 15:32:09 - [MESSAGE][PASSED] - Keys 'DOWN + ' sent to object: 'Object Repository/EngInfo/AE'

2018-07-06 15:32:11 - [MESSAGE][PASSED] - Delayed 2 second(s)

2018-07-06 15:32:17 - [MESSAGE][PASSED] - Object: 'Object Repository/ECR/Meeting/SelectHighlighted' is clicked on

2018-07-06 15:32:22 - [MESSAGE][PASSED] - Delayed 5 second(s)

2018-07-06 15:32:28 - [MESSAGE][PASSED] - Object: 'Object Repository/EngInfo/IsPegaMarketingYes' is clicked on

2018-07-06 15:32:33 - [MESSAGE][PASSED] - Delayed 5 second(s)

2018-07-06 15:32:39 - [MESSAGE][PASSED] - Object: 'Object Repository/EngInfo/IsPegaMobileYes' is clicked on

2018-07-06 15:32:44 - [MESSAGE][PASSED] - Delayed 5 second(s)

2018-07-06 15:32:49 - [MESSAGE][PASSED] - Delayed 5 second(s)

2018-07-06 15:32:55 - [MESSAGE][PASSED] - Scroll to object 'Object Repository/Generic/NEXT_BUTTON' successfully

2018-07-06 15:33:02 - [MESSAGE][PASSED] - Object: 'Object Repository/Generic/NEXT_BUTTON' is clicked on

2018-07-06 15:33:07 - [MESSAGE][PASSED] - Delayed 5 second(s)

2018-07-06 15:33:13 - [MESSAGE][PASSED] - Scroll to object 'Object Repository/Generic/NEXT_BUTTON' successfully

2018-07-06 15:33:19 - [MESSAGE][PASSED] - Object: 'Object Repository/Generic/NEXT_BUTTON' is clicked on

2018-07-06 15:33:24 - [MESSAGE][PASSED] - Delayed 5 second(s)

2018-07-06 15:33:30 - [MESSAGE][PASSED] - Scroll to object 'Object Repository/Generic/FINISH_BUTTON' successfully

2018-07-06 15:33:36 - [MESSAGE][PASSED] - Object: 'Object Repository/Generic/FINISH_BUTTON' is clicked on

2018-07-06 15:33:41 - [MESSAGE][PASSED] - Delayed 5 second(s)

2018-07-06 15:33:47 - [MESSAGE][PASSED] - Object: 'Object Repository/EngInfo/Continue' is clicked on

2018-07-06 15:33:52 - [MESSAGE][PASSED] - Delayed 5 second(s)

2018-07-06 15:33:57 - [MESSAGE][PASSED] - Delayed 5 second(s)

2018-07-06 15:34:07 - [MESSAGE][PASSED] - Delayed 7 second(s)

2018-07-06 15:34:15 - [MESSAGE][PASSED] - Delayed 5 second(s)

2018-07-06 15:34:22 - [MESSAGE][PASSED] - Wait for page load successfully

2018-07-06 15:34:25 - [MESSAGE][PASSED] - Wait for page load successfully

2018-07-06 15:34:37 - [MESSAGE][PASSED] - Keys 'Software Testing' sent to object: 'Object Repository/ECR/Meeting/BSW_TEXT'

2018-07-06 15:34:42 - [MESSAGE][PASSED] - Delayed 5 second(s)

2018-07-06 15:35:05 - [MESSAGE][PASSED] - Keys 'Software Testing' sent to object: 'Object Repository/Approve-Reject/APPROVE_REJECT_NOTES'

2018-07-06 15:35:10 - [MESSAGE][PASSED] - Delayed 5 second(s)

2018-07-06 15:35:16 - [MESSAGE][PASSED] - Scroll to object 'Object Repository/Generic/SUBMIT' successfully

2018-07-06 15:35:27 - [MESSAGE][PASSED] - Delayed 5 second(s)

2018-07-06 15:35:27 - [MESSAGE][PASSED] - com.helper.commonfunct.commonutilities.CreateECR is PASSED

2018-07-06 15:35:27 - [TEST_STEP][PASSED] - com.helper.commonfunct.commonutilities.searchStatus: com.helper.commonfunct.commonutilities.searchStatus is PASSED

2018-07-06 15:35:30 - [MESSAGE][PASSED] - Wait for page load successfully

2018-07-06 15:35:50 - [MESSAGE][PASSED] - Delayed 2 second(s)

2018-07-06 15:35:58 - [MESSAGE][PASSED] - Delayed 2 second(s)

2018-07-06 15:36:07 - [MESSAGE][PASSED] - com.helper.commonfunct.commonutilities.searchStatus is PASSED

2018-07-06 15:36:07 - [TEST_STEP][ERROR] - Statement - While (WOSTATUS.contains("PENDING") && AssignmentList.size() > 0): chrome not reachable
  (Session info: chrome=67.0.3396.87)
  (Driver info: chromedriver=2.35.528161 (5b82f2d2aae0ca24b877009200ced9065a772e73),platform=Windows NT 6.1.7601 SP1 x86_64) (WARNING: The server did not provide any stacktrace information)
Command duration or timeout: 0 milliseconds
Build info: version: '3.7.1', revision: '8a0099a', time: '2017-11-06T21:07:36.161Z'
System info: host: 'L22622WUS', ip: '10.2.176.69', os.name: 'Windows 7', os.arch: 'amd64', os.version: '6.1', java.version: '1.8.0_102'
Driver info: com.kms.katalon.selenium.driver.CChromeDriver
Capabilities {acceptInsecureCerts: false, acceptSslCerts: false, applicationCacheEnabled: false, browserConnectionEnabled: false, browserName: chrome, chrome: {chromedriverVersion: 2.35.528161 (5b82f2d2aae0ca..., userDataDir: C:\Users\nipin\AppData\Loca...}, cssSelectorsEnabled: true, databaseEnabled: false, handlesAlerts: true, hasTouchScreen: false, javascriptEnabled: true, locationContextEnabled: true, mobileEmulationEnabled: false, nativeEvents: true, networkConnectionEnabled: false, pageLoadStrategy: normal, platform: XP, platformName: XP, rotatable: false, setWindowRect: true, takesHeapSnapshot: true, takesScreenshot: true, unexpectedAlertBehaviour: , unhandledPromptBehavior: , version: 67.0.3396.87, webStorageEnabled: true}
Session ID: c04fa0eab6e10190967eac0ac8c5273e
*** Element info: {Using=xpath, value=.//*[@data-test-id='20150313133904023045379']}

2018-07-06 15:36:07 - [TEST_STEP][PASSED] - Statement - Status = text: null

2018-07-06 15:36:10 - [TEST_STEP][PASSED] - Statement - println(Status): null

2018-07-06 15:36:10 - [TEST_STEP][PASSED] - Statement - If (Status == "Pending-RDApproval"): com.helper.commonfunct.commonutilities.approve is PASSED

2018-07-06 15:36:10 - [TEST_STEP][PASSED] - Statement - If (RDReject == false): com.helper.commonfunct.commonutilities.approve is PASSED

2018-07-06 15:36:10 - [TEST_STEP][PASSED] - Statement - If (Meeting == true): null

2018-07-06 15:36:10 - [TEST_STEP][PASSED] - Statement - Else: com.helper.commonfunct.commonutilities.approve is PASSED

2018-07-06 15:36:10 - [TEST_STEP][PASSED] - com.helper.commonfunct.commonutilities.login: com.helper.commonfunct.commonutilities.login is PASSED

2018-07-06 15:36:10 - [MESSAGE][WARNING] - A browser is already opened. Closing browser and opening a new one

2018-07-06 15:36:24 - [MESSAGE][PASSED] - Browser is opened with url: ''

2018-07-06 15:36:27 - [MESSAGE][PASSED] - Navigate to 'https://vdaqa.rpega.com:9030/daqa/PRServlet' successfully

2018-07-06 15:36:39 - [MESSAGE][PASSED] - Text 'martw@pegasystems.com' is set on object 'Object Repository/Generic/input_UserIdentifier'

2018-07-06 15:36:51 - [MESSAGE][PASSED] - Text 'install' is set on object 'Object Repository/Generic/input_Password'

2018-07-06 15:36:59 - [MESSAGE][PASSED] - Keys 'ENTER + ' sent to object: 'Object Repository/Generic/input_Password'

2018-07-06 15:36:59 - [MESSAGE][PASSED] - com.helper.commonfunct.commonutilities.login is PASSED

2018-07-06 15:36:59 - [TEST_STEP][PASSED] - com.helper.commonfunct.commonutilities.search: com.helper.commonfunct.commonutilities.search is PASSED

2018-07-06 15:37:04 - [MESSAGE][PASSED] - Current window maximized

2018-07-06 15:37:09 - [MESSAGE][PASSED] - Delayed 5 second(s)

2018-07-06 15:37:21 - [MESSAGE][PASSED] - Text 'ECR-06Jul2018-5' is set on object 'Object Repository/EngInfo/search'

2018-07-06 15:37:24 - [MESSAGE][PASSED] - Delayed 3 second(s)

2018-07-06 15:37:30 - [MESSAGE][PASSED] - Keys 'ENTER + ' sent to object: 'Object Repository/EngInfo/search'

2018-07-06 15:37:37 - [MESSAGE][WARNING] - No alert found after 3 second(s).
[[ATTACHMENT|C:\\DAUIAutomation\\Reports\\ECR\\20180706_152524\\1530905854034.png]]

2018-07-06 15:37:40 - [MESSAGE][PASSED] - Wait for page load successfully

2018-07-06 15:37:40 - [MESSAGE][PASSED] - com.helper.commonfunct.commonutilities.search is PASSED

2018-07-06 15:37:40 - [TEST_STEP][PASSED] - com.helper.commonfunct.commonutilities.approve: com.helper.commonfunct.commonutilities.approve is PASSED

2018-07-06 15:37:45 - [MESSAGE][PASSED] - Delayed 5 second(s)

2018-07-06 15:38:01 - [MESSAGE][PASSED] - Delayed 7 second(s)

2018-07-06 15:38:09 - [MESSAGE][PASSED] - Delayed 5 second(s)

2018-07-06 15:38:15 - [MESSAGE][PASSED] - Wait for page load successfully

2018-07-06 15:38:21 - [MESSAGE][PASSED] - Wait for page load successfully

2018-07-06 15:38:26 - [MESSAGE][PASSED] - Delayed 5 second(s)

2018-07-06 15:38:37 - [MESSAGE][PASSED] - Delayed 5 second(s)

2018-07-06 15:38:43 - [MESSAGE][PASSED] - Scroll to object 'Object Repository/Approve-Reject/APPROVE_BUTTON' successfully

2018-07-06 15:38:54 - [MESSAGE][PASSED] - Delayed 5 second(s)

2018-07-09 07:37:28 - [MESSAGE][PASSED] - Keys 'Software Testing' sent to object: 'Object Repository/Approve-Reject/APPROVE_REJECT_NOTES'

2018-07-09 07:37:33 - [MESSAGE][PASSED] - Delayed 5 second(s)

2018-07-09 07:37:39 - [MESSAGE][PASSED] - Scroll to object 'Object Repository/Generic/SUBMIT' successfully

2018-07-09 07:37:50 - [MESSAGE][PASSED] - Object: 'Object Repository/Generic/SUBMIT' is clicked on

2018-07-09 07:37:53 - [MESSAGE][PASSED] - Wait for page load successfully

2018-07-09 07:37:53 - [MESSAGE][PASSED] - com.helper.commonfunct.commonutilities.approve is PASSED

2018-07-09 07:37:54 - [TEST_STEP][ERROR] - com.helper.commonfunct.commonutilities.searchStatus: chrome not reachable
  (Session info: chrome=67.0.3396.87)
  (Driver info: chromedriver=2.35.528161 (5b82f2d2aae0ca24b877009200ced9065a772e73),platform=Windows NT 6.1.7601 SP1 x86_64) (WARNING: The server did not provide any stacktrace information)
Command duration or timeout: 0 milliseconds
Build info: version: '3.7.1', revision: '8a0099a', time: '2017-11-06T21:07:36.161Z'
System info: host: 'L22622WUS', ip: '10.2.176.69', os.name: 'Windows 7', os.arch: 'amd64', os.version: '6.1', java.version: '1.8.0_102'
Driver info: com.kms.katalon.selenium.driver.CChromeDriver
Capabilities {acceptInsecureCerts: false, acceptSslCerts: false, applicationCacheEnabled: false, browserConnectionEnabled: false, browserName: chrome, chrome: {chromedriverVersion: 2.35.528161 (5b82f2d2aae0ca..., userDataDir: C:\Users\nipin\AppData\Loca...}, cssSelectorsEnabled: true, databaseEnabled: false, handlesAlerts: true, hasTouchScreen: false, javascriptEnabled: true, locationContextEnabled: true, mobileEmulationEnabled: false, nativeEvents: true, networkConnectionEnabled: false, pageLoadStrategy: normal, platform: XP, platformName: XP, rotatable: false, setWindowRect: true, takesHeapSnapshot: true, takesScreenshot: true, unexpectedAlertBehaviour: , unhandledPromptBehavior: , version: 67.0.3396.87, webStorageEnabled: true}
Session ID: c04fa0eab6e10190967eac0ac8c5273e
*** Element info: {Using=xpath, value=.//*[@data-test-id='20150313133904023045379']}

2018-07-09 07:37:57 - [MESSAGE][PASSED] - Wait for page load successfully

2018-07-09 07:38:38 - [MESSAGE][ERROR] - chrome not reachable
  (Session info: chrome=67.0.3396.87)
  (Driver info: chromedriver=2.35.528161 (5b82f2d2aae0ca24b877009200ced9065a772e73),platform=Windows NT 6.1.7601 SP1 x86_64) (WARNING: The server did not provide any stacktrace information)
Command duration or timeout: 0 milliseconds
Build info: version: '3.7.1', revision: '8a0099a', time: '2017-11-06T21:07:36.161Z'
System info: host: 'L22622WUS', ip: '10.2.176.69', os.name: 'Windows 7', os.arch: 'amd64', os.version: '6.1', java.version: '1.8.0_102'
Driver info: com.kms.katalon.selenium.driver.CChromeDriver
Capabilities {acceptInsecureCerts: false, acceptSslCerts: false, applicationCacheEnabled: false, browserConnectionEnabled: false, browserName: chrome, chrome: {chromedriverVersion: 2.35.528161 (5b82f2d2aae0ca..., userDataDir: C:\Users\nipin\AppData\Loca...}, cssSelectorsEnabled: true, databaseEnabled: false, handlesAlerts: true, hasTouchScreen: false, javascriptEnabled: true, locationContextEnabled: true, mobileEmulationEnabled: false, nativeEvents: true, networkConnectionEnabled: false, pageLoadStrategy: normal, platform: XP, platformName: XP, rotatable: false, setWindowRect: true, takesHeapSnapshot: true, takesScreenshot: true, unexpectedAlertBehaviour: , unhandledPromptBehavior: , version: 67.0.3396.87, webStorageEnabled: true}
Session ID: c04fa0eab6e10190967eac0ac8c5273e
*** Element info: {Using=xpath, value=.//*[@data-test-id='20150313133904023045379']}]]></system-out>
         <system-err><![CDATA[2018-07-06 15:25:28 - [TEST_CASE][ERROR] - Test Cases/ECR/TestCases/ECR_Create_Approve_DataDriven: Test Cases/ECR/TestCases/ECR_Create_Approve_DataDriven FAILED because (of) org.openqa.selenium.WebDriverException: chrome not reachable
  (Session info: chrome=67.0.3396.87)
  (Driver info: chromedriver=2.35.528161 (5b82f2d2aae0ca24b877009200ced9065a772e73),platform=Windows NT 6.1.7601 SP1 x86_64) (WARNING: The server did not provide any stacktrace information)
Command duration or timeout: 0 milliseconds
Build info: version: '3.7.1', revision: '8a0099a', time: '2017-11-06T21:07:36.161Z'
System info: host: 'L22622WUS', ip: '10.2.176.69', os.name: 'Windows 7', os.arch: 'amd64', os.version: '6.1', java.version: '1.8.0_102'
Driver info: com.kms.katalon.selenium.driver.CChromeDriver
Capabilities {acceptInsecureCerts: false, acceptSslCerts: false, applicationCacheEnabled: false, browserConnectionEnabled: false, browserName: chrome, chrome: {chromedriverVersion: 2.35.528161 (5b82f2d2aae0ca..., userDataDir: C:\Users\nipin\AppData\Loca...}, cssSelectorsEnabled: true, databaseEnabled: false, handlesAlerts: true, hasTouchScreen: false, javascriptEnabled: true, locationContextEnabled: true, mobileEmulationEnabled: false, nativeEvents: true, networkConnectionEnabled: false, pageLoadStrategy: normal, platform: XP, platformName: XP, rotatable: false, setWindowRect: true, takesHeapSnapshot: true, takesScreenshot: true, unexpectedAlertBehaviour: , unhandledPromptBehavior: , version: 67.0.3396.87, webStorageEnabled: true}
Session ID: c04fa0eab6e10190967eac0ac8c5273e
*** Element info: {Using=xpath, value=.//*[@data-test-id='20150313133904023045379']}]]></system-err>
      </testcase>
      <system-out><![CDATA[2018-07-06 15:25:28 - [TEST_SUITE][ERROR] - ECR: Test Cases/ECR/TestCases/ECR_Create_Approve_DataDriven FAILED because (of) org.openqa.selenium.WebDriverException: chrome not reachable
  (Session info: chrome=67.0.3396.87)
  (Driver info: chromedriver=2.35.528161 (5b82f2d2aae0ca24b877009200ced9065a772e73),platform=Windows NT 6.1.7601 SP1 x86_64) (WARNING: The server did not provide any stacktrace information)
Command duration or timeout: 0 milliseconds
Build info: version: '3.7.1', revision: '8a0099a', time: '2017-11-06T21:07:36.161Z'
System info: host: 'L22622WUS', ip: '10.2.176.69', os.name: 'Windows 7', os.arch: 'amd64', os.version: '6.1', java.version: '1.8.0_102'
Driver info: com.kms.katalon.selenium.driver.CChromeDriver
Capabilities {acceptInsecureCerts: false, acceptSslCerts: false, applicationCacheEnabled: false, browserConnectionEnabled: false, browserName: chrome, chrome: {chromedriverVersion: 2.35.528161 (5b82f2d2aae0ca..., userDataDir: C:\Users\nipin\AppData\Loca...}, cssSelectorsEnabled: true, databaseEnabled: false, handlesAlerts: true, hasTouchScreen: false, javascriptEnabled: true, locationContextEnabled: true, mobileEmulationEnabled: false, nativeEvents: true, networkConnectionEnabled: false, pageLoadStrategy: normal, platform: XP, platformName: XP, rotatable: false, setWindowRect: true, takesHeapSnapshot: true, takesScreenshot: true, unexpectedAlertBehaviour: , unhandledPromptBehavior: , version: 67.0.3396.87, webStorageEnabled: true}
Session ID: c04fa0eab6e10190967eac0ac8c5273e
*** Element info: {Using=xpath, value=.//*[@data-test-id='20150313133904023045379']}]]></system-out>
      <system-err><![CDATA[2018-07-06 15:25:28 - [TEST_SUITE][ERROR] - ECR: Test Cases/ECR/TestCases/ECR_Create_Approve_DataDriven FAILED because (of) org.openqa.selenium.WebDriverException: chrome not reachable
  (Session info: chrome=67.0.3396.87)
  (Driver info: chromedriver=2.35.528161 (5b82f2d2aae0ca24b877009200ced9065a772e73),platform=Windows NT 6.1.7601 SP1 x86_64) (WARNING: The server did not provide any stacktrace information)
Command duration or timeout: 0 milliseconds
Build info: version: '3.7.1', revision: '8a0099a', time: '2017-11-06T21:07:36.161Z'
System info: host: 'L22622WUS', ip: '10.2.176.69', os.name: 'Windows 7', os.arch: 'amd64', os.version: '6.1', java.version: '1.8.0_102'
Driver info: com.kms.katalon.selenium.driver.CChromeDriver
Capabilities {acceptInsecureCerts: false, acceptSslCerts: false, applicationCacheEnabled: false, browserConnectionEnabled: false, browserName: chrome, chrome: {chromedriverVersion: 2.35.528161 (5b82f2d2aae0ca..., userDataDir: C:\Users\nipin\AppData\Loca...}, cssSelectorsEnabled: true, databaseEnabled: false, handlesAlerts: true, hasTouchScreen: false, javascriptEnabled: true, locationContextEnabled: true, mobileEmulationEnabled: false, nativeEvents: true, networkConnectionEnabled: false, pageLoadStrategy: normal, platform: XP, platformName: XP, rotatable: false, setWindowRect: true, takesHeapSnapshot: true, takesScreenshot: true, unexpectedAlertBehaviour: , unhandledPromptBehavior: , version: 67.0.3396.87, webStorageEnabled: true}
Session ID: c04fa0eab6e10190967eac0ac8c5273e
*** Element info: {Using=xpath, value=.//*[@data-test-id='20150313133904023045379']}]]></system-err>
   </testsuite>
</testsuites>
