<?xml version="1.0" encoding="UTF-8"?>
<testsuites name="Rate Card Regression Test" time="14" tests="0" failures="1" errors="0">
   <testsuite name="Rate Card Regression Test" tests="0" failures="1" errors="0" time="14" timestamp="2018-02-02 14:13:52" hostname="koras - L26563WIN.rpega.com" id="Test Suites/Rate Card Regression Test">
      <properties>
         <property name="deviceName" value=""/>
         <property name="devicePlatform" value=""/>
         <property name="logFolder" value="C:\\Users\\koras\\git\\DAUIAutomation\\Reports\\Rate Card Regression Test\\20180202_141349"/>
         <property name="logFiles" value="C:\\Users\\koras\\git\\DAUIAutomation\\Reports\\Rate Card Regression Test\\20180202_141349\\execution0.log"/>
         <property name="attachments" value="C:\\Users\\koras\\git\\DAUIAutomation\\Reports\\Rate Card Regression Test\\20180202_141349\\1517561043431.png"/>
         <property name="hostName" value="koras - L26563WIN.rpega.com"/>
         <property name="os" value="Windows 7 64bit"/>
         <property name="katalonVersion" value="4.8.0.2"/>
         <property name="browser" value="Chrome 63.0.3239.132"/>
         <property name="hostAddress" value="10.150.107.21"/>
         <property name="sessionId" value="2b637046e9cfd15ff5277ce55b310f66"/>
         <property name="seleniumVersion" value="2.53.0"/>
         <property name="proxyInformation" value="ProxyInformation{proxyOption=NO_PROXY, proxyServerType=HTTP, password=, proxyServerAddress=, proxyServerPort=0}"/>
         <property name="platform" value="Windows 7"/>
      </properties>
      <testcase name="Test Cases/Rate Card Automation Test Case 3" classname="Test Cases/Rate Card Automation Test Case 3" status="FAILED">
         <failure type="FAILED" message="Unable to set text (Root cause: java.lang.IllegalArgumentException: Object is null)"/>
         <system-out><![CDATA[2018-02-02 14:13:52 - [TEST_CASE][FAILED] - Test Cases/Rate Card Automation Test Case 3: Test Cases/Rate Card Automation Test Case 3 FAILED because (of) Unable to set text (Root cause: java.lang.IllegalArgumentException: Object is null)

2018-02-02 14:13:53 - [TEST_STEP][PASSED] - openBrowser: Browser is opened with url: ''

2018-02-02 14:13:59 - [MESSAGE][PASSED] - Browser is opened with url: ''

2018-02-02 14:13:59 - [TEST_STEP][PASSED] - navigateToUrl: Navigate to 'https://vtcpfusionqa.rpega.com:9030/tcpfusionqa/PRServlet/Gup3J0nj6hXUE1-3UpoBlgevKaEsZ-_D*/!STANDARD' successfully

2018-02-02 14:14:03 - [MESSAGE][PASSED] - Navigate to 'https://vtcpfusionqa.rpega.com:9030/tcpfusionqa/PRServlet/Gup3J0nj6hXUE1-3UpoBlgevKaEsZ-_D*/!STANDARD' successfully

2018-02-02 14:14:03 - [TEST_STEP][FAILED] - setText: Unable to set text (Root cause: java.lang.IllegalArgumentException: Object is null)

2018-02-02 14:14:03 - [MESSAGE][WARNING] - Test object with id 'Object Repository/Rate Card Automation Test Case 3 Obj Repo/Page_Pega 7/input_UserIdentifier' does not exist

2018-02-02 14:14:03 - [MESSAGE][WARNING] - Test object with id 'Object Repository/' does not exist

2018-02-02 14:14:04 - [MESSAGE][FAILED] - Unable to set text (Root cause: java.lang.IllegalArgumentException: Object is null)
[[ATTACHMENT|C:\\Users\\koras\\git\\DAUIAutomation\\Reports\\Rate Card Regression Test\\20180202_141349\\1517561043431.png]]]]></system-out>
         <system-err><![CDATA[2018-02-02 14:13:52 - [TEST_CASE][FAILED] - Test Cases/Rate Card Automation Test Case 3: Test Cases/Rate Card Automation Test Case 3 FAILED because (of) Unable to set text (Root cause: java.lang.IllegalArgumentException: Object is null)]]></system-err>
      </testcase>
      <system-out><![CDATA[2018-02-02 14:13:52 - [TEST_SUITE][FAILED] - Rate Card Regression Test: Test Cases/Rate Card Automation Test Case 3 FAILED because (of) Unable to set text (Root cause: java.lang.IllegalArgumentException: Object is null)]]></system-out>
      <system-err><![CDATA[2018-02-02 14:13:52 - [TEST_SUITE][FAILED] - Rate Card Regression Test: Test Cases/Rate Card Automation Test Case 3 FAILED because (of) Unable to set text (Root cause: java.lang.IllegalArgumentException: Object is null)]]></system-err>
   </testsuite>
</testsuites>
