<?xml version="1.0" encoding="UTF-8"?>
<testsuites name="ECR" time="511" tests="0" failures="1" errors="0">
   <testsuite name="ECR" tests="0" failures="1" errors="0" time="511" timestamp="2018-07-03 11:23:44" hostname="nipin - L22622WUS.rpega.com" id="Test Suites/ECR">
      <properties>
         <property name="deviceName" value=""/>
         <property name="devicePlatform" value=""/>
         <property name="logFolder" value="C:\\DAUIAutomation\\Reports\\ECR\\20180703_112338"/>
         <property name="logFiles" value="C:\\DAUIAutomation\\Reports\\ECR\\20180703_112338\\execution0.log"/>
         <property name="attachments" value="C:\\DAUIAutomation\\Reports\\ECR\\20180703_112338\\1530631926189.png"/>
         <property name="hostName" value="nipin - L22622WUS.rpega.com"/>
         <property name="os" value="Windows 7 64bit"/>
         <property name="katalonVersion" value="5.4.1.1"/>
         <property name="browser" value="Chrome 67.0.3396.87"/>
         <property name="hostAddress" value="10.2.176.65"/>
         <property name="sessionId" value="6a0b1693bdd06815978580586f794d7c"/>
         <property name="seleniumVersion" value="3.7.1"/>
         <property name="proxyInformation" value="ProxyInformation{proxyOption=NO_PROXY, proxyServerType=HTTP, password=, proxyServerAddress=, proxyServerPort=0}"/>
         <property name="platform" value="Windows 7"/>
      </properties>
      <testcase name="Test Cases/ECR/TestCases/ECR_Create_Approve_DataDriven" classname="Test Cases/ECR/TestCases/ECR_Create_Approve_DataDriven" status="FAILED">
         <failure type="FAILED" message="Unable to click on object 'Object Repository/EngInfo/isCloudInitiativeYes' (Root cause: com.kms.katalon.core.webui.exception.WebElementNotFoundException: Web element with id: 'Object Repository/EngInfo/isCloudInitiativeYes' located by 'By.xpath: //label[@for='IsCloudInitiativeNo']' not found)"/>
         <system-out><![CDATA[2018-07-03 11:23:44 - [TEST_CASE][FAILED] - Test Cases/ECR/TestCases/ECR_Create_Approve_DataDriven: Test Cases/ECR/TestCases/ECR_Create_Approve_DataDriven FAILED because (of) Unable to click on object 'Object Repository/EngInfo/isCloudInitiativeYes' (Root cause: com.kms.katalon.core.webui.exception.WebElementNotFoundException: Web element with id: 'Object Repository/EngInfo/isCloudInitiativeYes' located by 'By.xpath: //label[@for='IsCloudInitiativeNo']' not found)

2018-07-03 11:23:47 - [TEST_STEP][PASSED] - com.helper.commonfunct.commonutilities.login: com.helper.commonfunct.commonutilities.login is PASSED

2018-07-03 11:24:01 - [MESSAGE][PASSED] - Browser is opened with url: ''

2018-07-03 11:24:05 - [MESSAGE][PASSED] - Navigate to 'https://vdaqa.rpega.com:9030/daqa/PRServlet' successfully

2018-07-03 11:24:18 - [MESSAGE][PASSED] - Text 'pogoa@pegasystems.com' is set on object 'Object Repository/Generic/input_UserIdentifier'

2018-07-03 11:24:30 - [MESSAGE][PASSED] - Text 'install' is set on object 'Object Repository/Generic/input_Password'

2018-07-03 11:24:42 - [MESSAGE][PASSED] - Keys 'ENTER + ' sent to object: 'Object Repository/Generic/input_Password'

2018-07-03 11:24:42 - [MESSAGE][PASSED] - com.helper.commonfunct.commonutilities.login is PASSED

2018-07-03 11:24:42 - [TEST_STEP][FAILED] - com.helper.commonfunct.commonutilities.CreateECR: Unable to click on object 'Object Repository/EngInfo/isCloudInitiativeYes' (Root cause: com.kms.katalon.core.webui.exception.WebElementNotFoundException: Web element with id: 'Object Repository/EngInfo/isCloudInitiativeYes' located by 'By.xpath: //label[@for='IsCloudInitiativeNo']' not found)

2018-07-03 11:24:46 - [MESSAGE][PASSED] - Current window maximized

2018-07-03 11:24:48 - [MESSAGE][PASSED] - Delayed 2 second(s)

2018-07-03 11:24:55 - [MESSAGE][PASSED] - Object: 'Object Repository/Generic/New' is clicked on

2018-07-03 11:24:59 - [MESSAGE][PASSED] - Delayed 4 second(s)

2018-07-03 11:25:05 - [MESSAGE][PASSED] - Object: 'Object Repository/Generic/span_Bid Process' is clicked on

2018-07-03 11:25:09 - [MESSAGE][PASSED] - Delayed 4 second(s)

2018-07-03 11:25:15 - [MESSAGE][PASSED] - Object: 'Object Repository/ECR/Generic/WOTAB' is clicked on

2018-07-03 11:25:17 - [MESSAGE][PASSED] - Delayed 2 second(s)

2018-07-03 11:25:27 - [MESSAGE][PASSED] - Delayed 4 second(s)

2018-07-03 11:25:34 - [MESSAGE][PASSED] - Object: 'Object Repository/ECR/Generic/BID_TYPE' is clicked on

2018-07-03 11:25:37 - [MESSAGE][PASSED] - Object 'Object Repository/Generic/button_Import' is present

2018-07-03 11:25:42 - [MESSAGE][PASSED] - Delayed 5 second(s)

2018-07-03 11:25:48 - [MESSAGE][PASSED] - Object: 'Object Repository/Generic/button_Import' is clicked on

2018-07-03 11:25:54 - [MESSAGE][PASSED] - File 'C:\DAUIAutomation\Data Files\ECR\PCR_2.xlsm' sent to object: 'Object Repository/Generic/FilePath'

2018-07-03 11:25:59 - [MESSAGE][PASSED] - Delayed 5 second(s)

2018-07-03 11:26:05 - [MESSAGE][PASSED] - Scroll to object 'Object Repository/Generic/button_Submit' successfully

2018-07-03 11:26:12 - [MESSAGE][PASSED] - Object: 'Object Repository/Generic/button_Submit' is clicked on

2018-07-03 11:26:17 - [MESSAGE][PASSED] - Delayed 5 second(s)

2018-07-03 11:26:19 - [MESSAGE][PASSED] - Delayed 2 second(s)

2018-07-03 11:26:31 - [MESSAGE][PASSED] - Text 'FFTHRDBANK' is set on object 'Object Repository/Generic/ORG'

2018-07-03 11:26:36 - [MESSAGE][PASSED] - Delayed 5 second(s)

2018-07-03 11:26:42 - [MESSAGE][PASSED] - Keys 'TAB + ' sent to object: 'Object Repository/Generic/ORG'

2018-07-03 11:26:47 - [MESSAGE][PASSED] - Delayed 5 second(s)

2018-07-03 11:27:00 - [MESSAGE][PASSED] - Text 'CHFTB' is set on object 'Object Repository/Generic/ACC'

2018-07-03 11:27:05 - [MESSAGE][PASSED] - Delayed 5 second(s)

2018-07-03 11:27:11 - [MESSAGE][PASSED] - Keys 'TAB + ' sent to object: 'Object Repository/Generic/ACC'

2018-07-03 11:27:18 - [MESSAGE][PASSED] - Delayed 7 second(s)

2018-07-03 11:27:21 - [MESSAGE][PASSED] - Wait for page load successfully

2018-07-03 11:27:28 - [MESSAGE][WARNING] - Text 'The engagement you entered doesn't match' is not present on page 

2018-07-03 11:27:33 - [MESSAGE][PASSED] - Delayed 5 second(s)

2018-07-03 11:27:41 - [MESSAGE][PASSED] - Delayed 2 second(s)

2018-07-03 11:27:47 - [MESSAGE][PASSED] - Text of object 'Object Repository/ECR/Generic/LedBy' is: 'Pega Led'

2018-07-03 11:27:49 - [MESSAGE][PASSED] - Delayed 2 second(s)

2018-07-03 11:27:55 - [MESSAGE][PASSED] - Text of object 'Object Repository/ECR/Generic/ProjectType' is: 'Full Implementation'

2018-07-03 11:27:57 - [MESSAGE][PASSED] - Delayed 2 second(s)

2018-07-03 11:28:03 - [MESSAGE][PASSED] - Text of object 'Object Repository/ECR/Generic/LicenceNew' is: 'No'

2018-07-03 11:28:15 - [MESSAGE][PASSED] - Text 'CO-12' is set on object 'Object Repository/EngInfo/COID'

2018-07-03 11:28:17 - [MESSAGE][PASSED] - Delayed 2 second(s)

2018-07-03 11:28:26 - [MESSAGE][PASSED] - Delayed 2 second(s)

2018-07-03 11:28:34 - [MESSAGE][PASSED] - Delayed 2 second(s)

2018-07-03 11:28:42 - [MESSAGE][PASSED] - Delayed 2 second(s)

2018-07-03 11:28:48 - [MESSAGE][PASSED] - Keys 'Cambridge' sent to object: 'Object Repository/ECR/Generic/Location'

2018-07-03 11:28:53 - [MESSAGE][PASSED] - Delayed 5 second(s)

2018-07-03 11:28:58 - [MESSAGE][PASSED] - Delayed 5 second(s)

2018-07-03 11:29:04 - [MESSAGE][PASSED] - Text of object 'Object Repository/Generic/WOID' is: 'ECR-03Jul2018-5'

2018-07-03 11:29:11 - [MESSAGE][PASSED] - Delayed 5 second(s)

2018-07-03 11:29:17 - [MESSAGE][PASSED] - Scroll to object 'Object Repository/Generic/NEXT_BUTTON' successfully

2018-07-03 11:29:24 - [MESSAGE][PASSED] - Object: 'Object Repository/Generic/NEXT_BUTTON' is clicked on

2018-07-03 11:29:27 - [MESSAGE][PASSED] - Wait for page load successfully

2018-07-03 11:29:30 - [MESSAGE][PASSED] - Object 'Object Repository/ECR/Meeting/ClinicMeeting' is present

2018-07-03 11:29:42 - [MESSAGE][PASSED] - Text '07/05/2018' is set on object 'Object Repository/EngInfo/MeetingDate'

2018-07-03 11:29:47 - [MESSAGE][PASSED] - Delayed 5 second(s)

2018-07-03 11:30:00 - [MESSAGE][PASSED] - Text 'Software Testing' is set on object 'Object Repository/EngInfo/instruction'

2018-07-03 11:30:05 - [MESSAGE][PASSED] - Delayed 5 second(s)

2018-07-03 11:30:17 - [MESSAGE][PASSED] - Text '' is set on object 'Object Repository/EngInfo/AE'

2018-07-03 11:30:30 - [MESSAGE][PASSED] - Text 'Nagaveni Nipinale' is set on object 'Object Repository/EngInfo/AE'

2018-07-03 11:30:36 - [MESSAGE][PASSED] - Keys 'DOWN + ' sent to object: 'Object Repository/EngInfo/AE'

2018-07-03 11:30:38 - [MESSAGE][PASSED] - Delayed 2 second(s)

2018-07-03 11:30:44 - [MESSAGE][PASSED] - Object: 'Object Repository/ECR/Meeting/SelectHighlighted' is clicked on

2018-07-03 11:30:49 - [MESSAGE][PASSED] - Delayed 5 second(s)

2018-07-03 11:30:55 - [MESSAGE][PASSED] - Object: 'Object Repository/EngInfo/IsPegaMarketingYes' is clicked on

2018-07-03 11:31:00 - [MESSAGE][PASSED] - Delayed 5 second(s)

2018-07-03 11:31:07 - [MESSAGE][PASSED] - Object: 'Object Repository/EngInfo/IsPegaMobileYes' is clicked on

2018-07-03 11:31:12 - [MESSAGE][PASSED] - Delayed 5 second(s)

2018-07-03 11:31:17 - [MESSAGE][PASSED] - Delayed 5 second(s)

2018-07-03 11:31:23 - [MESSAGE][PASSED] - Scroll to object 'Object Repository/Generic/NEXT_BUTTON' successfully

2018-07-03 11:31:29 - [MESSAGE][PASSED] - Object: 'Object Repository/Generic/NEXT_BUTTON' is clicked on

2018-07-03 11:31:34 - [MESSAGE][PASSED] - Delayed 5 second(s)

2018-07-03 11:32:10 - [MESSAGE][FAILED] - Unable to click on object 'Object Repository/EngInfo/isCloudInitiativeYes' (Root cause: com.kms.katalon.core.webui.exception.WebElementNotFoundException: Web element with id: 'Object Repository/EngInfo/isCloudInitiativeYes' located by 'By.xpath: //label[@for='IsCloudInitiativeNo']' not found)
[[ATTACHMENT|C:\\DAUIAutomation\\Reports\\ECR\\20180703_112338\\1530631926189.png]]

2018-07-03 11:32:10 - [MESSAGE][FAILED] - Unable to click on object 'Object Repository/EngInfo/isCloudInitiativeYes' (Root cause: com.kms.katalon.core.webui.exception.WebElementNotFoundException: Web element with id: 'Object Repository/EngInfo/isCloudInitiativeYes' located by 'By.xpath: //label[@for='IsCloudInitiativeNo']' not found)]]></system-out>
         <system-err><![CDATA[2018-07-03 11:23:44 - [TEST_CASE][FAILED] - Test Cases/ECR/TestCases/ECR_Create_Approve_DataDriven: Test Cases/ECR/TestCases/ECR_Create_Approve_DataDriven FAILED because (of) Unable to click on object 'Object Repository/EngInfo/isCloudInitiativeYes' (Root cause: com.kms.katalon.core.webui.exception.WebElementNotFoundException: Web element with id: 'Object Repository/EngInfo/isCloudInitiativeYes' located by 'By.xpath: //label[@for='IsCloudInitiativeNo']' not found)]]></system-err>
      </testcase>
      <system-out><![CDATA[2018-07-03 11:23:44 - [TEST_SUITE][FAILED] - ECR: Test Cases/ECR/TestCases/ECR_Create_Approve_DataDriven FAILED because (of) Unable to click on object 'Object Repository/EngInfo/isCloudInitiativeYes' (Root cause: com.kms.katalon.core.webui.exception.WebElementNotFoundException: Web element with id: 'Object Repository/EngInfo/isCloudInitiativeYes' located by 'By.xpath: //label[@for='IsCloudInitiativeNo']' not found)]]></system-out>
      <system-err><![CDATA[2018-07-03 11:23:44 - [TEST_SUITE][FAILED] - ECR: Test Cases/ECR/TestCases/ECR_Create_Approve_DataDriven FAILED because (of) Unable to click on object 'Object Repository/EngInfo/isCloudInitiativeYes' (Root cause: com.kms.katalon.core.webui.exception.WebElementNotFoundException: Web element with id: 'Object Repository/EngInfo/isCloudInitiativeYes' located by 'By.xpath: //label[@for='IsCloudInitiativeNo']' not found)]]></system-err>
   </testsuite>
</testsuites>
